I1212 19:09:29.414121 25169 traceroute.cc:90] Internal recording disabled.
I1212 19:09:29.414176 25169 traceroute.cc:267] The target network is from 0.0.0.0 to 255.255.255.255.
I1212 19:09:34.301560 25169 blacklist.cc:24] Blacklist disabled.
I1212 19:09:34.359763 25169 blacklist.cc:53] 2315269 reserved addresses have been removed.
I1212 19:09:34.359812 25169 hitlist.cc:23] Load hitlist from file: list_0_8.txt
I1212 19:09:38.746196 25169 hitlist.cc:34] 15510524 load addresses from hitlist.
I1212 19:09:43.406951 25170 traceroute.cc:161] Temporary no metrics.
I1212 19:09:43.407088 25169 traceroute.cc:394] Start preprobing.
I1212 19:09:53.407228 25170 traceroute.cc:147] R: 0 S: 156.42k R:  7.97k PreP:   inf RmnP: 86.20 IfCnt: 0 FwIfCnt: 0
I1212 19:09:58.407457 25170 traceroute.cc:147] R: 0 S: 145.01k R:  7.12k PreP:   inf RmnP: 86.20 IfCnt: 0 FwIfCnt: 0
I1212 19:10:03.407955 25170 traceroute.cc:147] R: 0 S: 160.84k R:  8.28k PreP:   inf RmnP: 86.20 IfCnt: 0 FwIfCnt: 0
I1212 19:10:08.408164 25170 traceroute.cc:147] R: 0 S: 156.20k R:  8.01k PreP:   inf RmnP: 86.20 IfCnt: 0 FwIfCnt: 0
I1212 19:10:13.408373 25170 traceroute.cc:147] R: 0 S: 183.14k R:  9.28k PreP:   inf RmnP: 86.20 IfCnt: 0 FwIfCnt: 0
I1212 19:10:18.408746 25170 traceroute.cc:147] R: 0 S: 190.43k R: 10.20k PreP:   inf RmnP: 86.20 IfCnt: 0 FwIfCnt: 0
I1212 19:10:23.409001 25170 traceroute.cc:147] R: 0 S: 186.89k R: 10.14k PreP:   inf RmnP: 86.20 IfCnt: 0 FwIfCnt: 0
I1212 19:10:28.409308 25170 traceroute.cc:147] R: 0 S: 178.09k R:  9.79k PreP:   inf RmnP: 86.20 IfCnt: 0 FwIfCnt: 0
I1212 19:10:33.409510 25170 traceroute.cc:147] R: 0 S: 160.63k R:  8.85k PreP:   inf RmnP: 86.20 IfCnt: 0 FwIfCnt: 0
I1212 19:10:38.409844 25170 traceroute.cc:147] R: 0 S: 146.98k R:  7.62k PreP:   inf RmnP: 86.20 IfCnt: 0 FwIfCnt: 0
I1212 19:10:43.410059 25170 traceroute.cc:147] R: 0 S: 167.08k R:  8.66k PreP:   inf RmnP: 86.20 IfCnt: 0 FwIfCnt: 0
I1212 19:10:48.410290 25170 traceroute.cc:147] R: 0 S: 177.26k R:  9.09k PreP:   inf RmnP: 86.20 IfCnt: 0 FwIfCnt: 0
I1212 19:10:53.410506 25170 traceroute.cc:147] R: 0 S: 164.40k R:  8.82k PreP:   inf RmnP: 86.20 IfCnt: 0 FwIfCnt: 0
I1212 19:10:58.410704 25170 traceroute.cc:147] R: 0 S: 149.51k R:  8.24k PreP:   inf RmnP: 86.20 IfCnt: 0 FwIfCnt: 0
I1212 19:11:03.411072 25170 traceroute.cc:147] R: 0 S: 141.26k R:  7.76k PreP:   inf RmnP: 86.20 IfCnt: 0 FwIfCnt: 0
I1212 19:11:08.411335 25170 traceroute.cc:147] R: 0 S: 156.74k R:  8.23k PreP:   inf RmnP: 86.20 IfCnt: 0 FwIfCnt: 0
I1212 19:11:12.737350 25169 traceroute.cc:411] Preprobing finished (Took 89 seconds).
I1212 19:11:13.411599 25170 traceroute.cc:147] R: 0 S: 117.16k R:  6.58k PreP:   inf RmnP: 86.20 IfCnt: 0 FwIfCnt: 0
I1212 19:11:15.181740 25169 traceroute.cc:422] Preprobed: 2614724.
I1212 19:11:15.586844 25169 traceroute.cc:470] Start main probing.
I1212 19:11:18.411829 25170 traceroute.cc:147] R: 1 S: 3689348814739090.00k R: 3689348814741764.00k PreP: 18.08 RmnP: 86.20 IfCnt: 12617 FwIfCnt: 0
I1212 19:11:23.412058 25170 traceroute.cc:147] R: 1 S: 181.94k R: 15.77k PreP: 18.08 RmnP: 86.20 IfCnt: 37861 FwIfCnt: 3
I1212 19:11:28.412322 25170 traceroute.cc:147] R: 1 S: 181.76k R: 15.60k PreP: 18.08 RmnP: 86.20 IfCnt: 58174 FwIfCnt: 5
I1212 19:11:33.412596 25170 traceroute.cc:147] R: 1 S: 182.82k R: 16.17k PreP: 18.08 RmnP: 86.20 IfCnt: 76808 FwIfCnt: 6
I1212 19:11:38.413106 25170 traceroute.cc:147] R: 1 S: 187.88k R: 16.49k PreP: 18.08 RmnP: 86.20 IfCnt: 93370 FwIfCnt: 8
I1212 19:11:43.413369 25170 traceroute.cc:147] R: 1 S: 173.75k R: 15.46k PreP: 18.08 RmnP: 86.20 IfCnt: 107662 FwIfCnt: 10
I1212 19:11:48.413558 25170 traceroute.cc:147] R: 1 S: 164.01k R: 14.76k PreP: 18.08 RmnP: 86.20 IfCnt: 120416 FwIfCnt: 13
I1212 19:11:53.413795 25170 traceroute.cc:147] R: 1 S: 180.15k R: 16.03k PreP: 18.08 RmnP: 86.20 IfCnt: 133137 FwIfCnt: 15
I1212 19:11:58.414032 25170 traceroute.cc:147] R: 1 S: 176.31k R: 16.44k PreP: 18.08 RmnP: 86.20 IfCnt: 145578 FwIfCnt: 16
I1212 19:12:03.414265 25170 traceroute.cc:147] R: 1 S: 171.19k R: 16.16k PreP: 18.08 RmnP: 86.20 IfCnt: 157270 FwIfCnt: 17
I1212 19:12:08.414525 25170 traceroute.cc:147] R: 1 S: 174.14k R: 15.35k PreP: 18.08 RmnP: 86.20 IfCnt: 167479 FwIfCnt: 17
I1212 19:12:13.414875 25170 traceroute.cc:147] R: 1 S: 176.22k R: 15.74k PreP: 18.08 RmnP: 86.20 IfCnt: 177658 FwIfCnt: 17
I1212 19:12:18.415175 25170 traceroute.cc:147] R: 1 S: 150.05k R: 13.35k PreP: 18.08 RmnP: 86.20 IfCnt: 185763 FwIfCnt: 18
I1212 19:12:23.415372 25170 traceroute.cc:147] R: 1 S: 165.38k R: 15.10k PreP: 18.08 RmnP: 86.20 IfCnt: 194579 FwIfCnt: 20
I1212 19:12:28.415568 25170 traceroute.cc:147] R: 1 S: 201.48k R: 18.55k PreP: 18.08 RmnP: 86.20 IfCnt: 205038 FwIfCnt: 22
I1212 19:12:33.415789 25170 traceroute.cc:147] R: 1 S: 195.88k R: 17.88k PreP: 18.08 RmnP: 86.20 IfCnt: 214732 FwIfCnt: 24
I1212 19:12:38.415989 25170 traceroute.cc:147] R: 2 S: 187.43k R: 18.73k PreP: 18.08 RmnP: 86.20 IfCnt: 226532 FwIfCnt: 2573
I1212 19:12:43.416303 25170 traceroute.cc:147] R: 2 S: 180.93k R: 22.69k PreP: 18.08 RmnP: 86.20 IfCnt: 246971 FwIfCnt: 16099
I1212 19:12:48.416601 25170 traceroute.cc:147] R: 2 S: 175.63k R: 20.79k PreP: 18.08 RmnP: 86.19 IfCnt: 262824 FwIfCnt: 26581
I1212 19:12:53.417011 25170 traceroute.cc:147] R: 2 S: 171.62k R: 20.22k PreP: 18.08 RmnP: 86.19 IfCnt: 276728 FwIfCnt: 35637
I1212 19:12:58.417241 25170 traceroute.cc:147] R: 2 S: 182.85k R: 21.08k PreP: 18.08 RmnP: 86.19 IfCnt: 289987 FwIfCnt: 44382
I1212 19:13:03.417419 25170 traceroute.cc:147] R: 2 S: 175.77k R: 20.60k PreP: 18.08 RmnP: 86.18 IfCnt: 302272 FwIfCnt: 52408
I1212 19:13:08.417651 25170 traceroute.cc:147] R: 2 S: 176.29k R: 20.70k PreP: 18.08 RmnP: 86.18 IfCnt: 313921 FwIfCnt: 59944
I1212 19:13:13.417881 25170 traceroute.cc:147] R: 2 S: 184.20k R: 21.55k PreP: 18.08 RmnP: 86.18 IfCnt: 325226 FwIfCnt: 67235
I1212 19:13:18.418103 25170 traceroute.cc:147] R: 2 S: 176.44k R: 20.31k PreP: 18.08 RmnP: 86.18 IfCnt: 335419 FwIfCnt: 74025
I1212 19:13:23.418298 25170 traceroute.cc:147] R: 2 S: 184.14k R: 22.57k PreP: 18.08 RmnP: 86.17 IfCnt: 346189 FwIfCnt: 81077
I1212 19:13:28.418521 25170 traceroute.cc:147] R: 2 S: 176.73k R: 20.30k PreP: 18.08 RmnP: 86.17 IfCnt: 355422 FwIfCnt: 87123
I1212 19:13:33.418867 25170 traceroute.cc:147] R: 2 S: 202.32k R: 22.51k PreP: 18.08 RmnP: 86.17 IfCnt: 365132 FwIfCnt: 94033
I1212 19:13:38.419163 25170 traceroute.cc:147] R: 2 S: 175.05k R: 19.51k PreP: 18.08 RmnP: 86.17 IfCnt: 373353 FwIfCnt: 99965
I1212 19:13:43.419394 25170 traceroute.cc:147] R: 2 S: 188.75k R: 21.40k PreP: 18.08 RmnP: 86.16 IfCnt: 382117 FwIfCnt: 105770
I1212 19:13:48.419622 25170 traceroute.cc:147] R: 2 S: 181.93k R: 21.12k PreP: 18.08 RmnP: 86.16 IfCnt: 390550 FwIfCnt: 111372
I1212 19:13:53.419842 25170 traceroute.cc:147] R: 2 S: 172.11k R: 19.67k PreP: 18.08 RmnP: 86.16 IfCnt: 398070 FwIfCnt: 116668
I1212 19:13:58.420039 25170 traceroute.cc:147] R: 3 S: 179.98k R: 20.43k PreP: 18.08 RmnP: 86.15 IfCnt: 405846 FwIfCnt: 122037
I1212 19:14:03.420258 25170 traceroute.cc:147] R: 3 S: 179.84k R: 20.91k PreP: 18.08 RmnP: 86.10 IfCnt: 415887 FwIfCnt: 128378
I1212 19:14:08.420589 25170 traceroute.cc:147] R: 3 S: 181.10k R: 19.60k PreP: 18.08 RmnP: 86.06 IfCnt: 423873 FwIfCnt: 133972
I1212 19:14:13.420804 25170 traceroute.cc:147] R: 3 S: 186.16k R: 19.78k PreP: 18.08 RmnP: 86.01 IfCnt: 430950 FwIfCnt: 139290
I1212 19:14:18.421018 25170 traceroute.cc:147] R: 3 S: 177.19k R: 19.27k PreP: 18.08 RmnP: 85.96 IfCnt: 437290 FwIfCnt: 144198
I1212 19:14:23.421211 25170 traceroute.cc:147] R: 3 S: 180.85k R: 19.59k PreP: 18.08 RmnP: 85.91 IfCnt: 443457 FwIfCnt: 149066
I1212 19:14:28.421425 25170 traceroute.cc:147] R: 3 S: 166.43k R: 17.67k PreP: 18.08 RmnP: 85.86 IfCnt: 448727 FwIfCnt: 153240
I1212 19:14:33.421713 25170 traceroute.cc:147] R: 3 S: 170.59k R: 18.36k PreP: 18.08 RmnP: 85.81 IfCnt: 454239 FwIfCnt: 157379
I1212 19:14:38.421967 25170 traceroute.cc:147] R: 3 S: 192.29k R: 20.46k PreP: 18.08 RmnP: 85.75 IfCnt: 459908 FwIfCnt: 161825
I1212 19:14:43.422174 25170 traceroute.cc:147] R: 3 S: 188.89k R: 21.63k PreP: 18.08 RmnP: 85.68 IfCnt: 465386 FwIfCnt: 166352
I1212 19:14:48.422402 25170 traceroute.cc:147] R: 3 S: 173.88k R: 18.68k PreP: 18.08 RmnP: 85.63 IfCnt: 470188 FwIfCnt: 170192
I1212 19:14:53.422705 25170 traceroute.cc:147] R: 3 S: 170.51k R: 18.13k PreP: 18.08 RmnP: 85.58 IfCnt: 475227 FwIfCnt: 173863
I1212 19:14:58.423089 25170 traceroute.cc:147] R: 3 S: 163.79k R: 17.14k PreP: 18.08 RmnP: 85.53 IfCnt: 479353 FwIfCnt: 177339
I1212 19:15:03.423292 25170 traceroute.cc:147] R: 3 S: 166.16k R: 17.25k PreP: 18.08 RmnP: 85.48 IfCnt: 483313 FwIfCnt: 180893
I1212 19:15:08.423537 25170 traceroute.cc:147] R: 3 S: 154.39k R: 16.61k PreP: 18.08 RmnP: 85.43 IfCnt: 487070 FwIfCnt: 184072
I1212 19:15:13.423732 25170 traceroute.cc:147] R: 3 S: 173.22k R: 18.13k PreP: 18.08 RmnP: 85.37 IfCnt: 491457 FwIfCnt: 187696
I1212 19:15:18.423970 25170 traceroute.cc:147] R: 3 S: 172.01k R: 18.15k PreP: 18.08 RmnP: 85.32 IfCnt: 495564 FwIfCnt: 191242
I1212 19:15:23.424181 25170 traceroute.cc:147] R: 4 S: 160.54k R: 17.14k PreP: 18.08 RmnP: 85.27 IfCnt: 499867 FwIfCnt: 194315
I1212 19:15:28.424384 25170 traceroute.cc:147] R: 4 S: 169.53k R: 16.24k PreP: 18.08 RmnP: 85.21 IfCnt: 505135 FwIfCnt: 196476
I1212 19:15:33.424602 25170 traceroute.cc:147] R: 4 S: 166.78k R: 15.42k PreP: 18.08 RmnP: 85.16 IfCnt: 509407 FwIfCnt: 198332
I1212 19:15:38.424816 25170 traceroute.cc:147] R: 4 S: 164.14k R: 15.05k PreP: 18.08 RmnP: 85.11 IfCnt: 513269 FwIfCnt: 200139
I1212 19:15:43.425030 25170 traceroute.cc:147] R: 4 S: 187.06k R: 17.33k PreP: 18.08 RmnP: 85.05 IfCnt: 517359 FwIfCnt: 202146
I1212 19:15:48.425253 25170 traceroute.cc:147] R: 4 S: 193.28k R: 18.27k PreP: 18.08 RmnP: 85.00 IfCnt: 521426 FwIfCnt: 204245
I1212 19:15:53.425451 25170 traceroute.cc:147] R: 4 S: 182.05k R: 17.04k PreP: 18.08 RmnP: 84.94 IfCnt: 525321 FwIfCnt: 206059
I1212 19:15:58.425642 25170 traceroute.cc:147] R: 4 S: 201.41k R: 18.78k PreP: 18.08 RmnP: 84.88 IfCnt: 529335 FwIfCnt: 207924
I1212 19:16:03.425935 25170 traceroute.cc:147] R: 4 S: 170.08k R: 16.66k PreP: 18.08 RmnP: 84.82 IfCnt: 532677 FwIfCnt: 209719
I1212 19:16:08.426129 25170 traceroute.cc:147] R: 4 S: 172.41k R: 16.77k PreP: 18.08 RmnP: 84.77 IfCnt: 535799 FwIfCnt: 211394
I1212 19:16:13.426331 25170 traceroute.cc:147] R: 4 S: 190.32k R: 17.45k PreP: 18.08 RmnP: 84.71 IfCnt: 539009 FwIfCnt: 213189
I1212 19:16:18.426535 25170 traceroute.cc:147] R: 4 S: 172.75k R: 15.99k PreP: 18.08 RmnP: 84.66 IfCnt: 541860 FwIfCnt: 214747
I1212 19:16:23.426741 25170 traceroute.cc:147] R: 4 S: 174.27k R: 15.93k PreP: 18.08 RmnP: 84.61 IfCnt: 544566 FwIfCnt: 216331
I1212 19:16:28.426960 25170 traceroute.cc:147] R: 4 S: 163.90k R: 15.33k PreP: 18.08 RmnP: 84.56 IfCnt: 547301 FwIfCnt: 217794
I1212 19:16:33.427194 25170 traceroute.cc:147] R: 4 S: 159.59k R: 14.82k PreP: 18.08 RmnP: 84.51 IfCnt: 549879 FwIfCnt: 219345
I1212 19:16:38.427444 25170 traceroute.cc:147] R: 4 S: 176.39k R: 16.21k PreP: 18.08 RmnP: 84.46 IfCnt: 552683 FwIfCnt: 221049
I1212 19:16:43.427680 25170 traceroute.cc:147] R: 5 S: 169.09k R: 16.02k PreP: 18.08 RmnP: 84.41 IfCnt: 555300 FwIfCnt: 222714
I1212 19:16:48.427932 25170 traceroute.cc:147] R: 5 S: 196.39k R: 17.48k PreP: 18.08 RmnP: 84.35 IfCnt: 560805 FwIfCnt: 224318
I1212 19:16:53.428138 25170 traceroute.cc:147] R: 5 S: 202.21k R: 17.50k PreP: 18.08 RmnP: 84.30 IfCnt: 565112 FwIfCnt: 225855
I1212 19:16:58.428352 25170 traceroute.cc:147] R: 5 S: 177.95k R: 15.71k PreP: 18.08 RmnP: 84.26 IfCnt: 568863 FwIfCnt: 227153
I1212 19:17:03.428588 25170 traceroute.cc:147] R: 5 S: 189.86k R: 16.32k PreP: 18.08 RmnP: 84.21 IfCnt: 572239 FwIfCnt: 228490
I1212 19:17:08.428781 25170 traceroute.cc:147] R: 5 S: 187.08k R: 16.45k PreP: 18.08 RmnP: 84.15 IfCnt: 575457 FwIfCnt: 229864
I1212 19:17:13.428989 25170 traceroute.cc:147] R: 5 S: 169.02k R: 15.26k PreP: 18.08 RmnP: 84.11 IfCnt: 578629 FwIfCnt: 231028
I1212 19:17:18.429193 25170 traceroute.cc:147] R: 5 S: 181.93k R: 16.07k PreP: 18.08 RmnP: 84.06 IfCnt: 581694 FwIfCnt: 232256
I1212 19:17:23.429415 25170 traceroute.cc:147] R: 5 S: 166.54k R: 14.93k PreP: 18.08 RmnP: 84.01 IfCnt: 584429 FwIfCnt: 233398
I1212 19:17:28.429672 25170 traceroute.cc:147] R: 5 S: 175.26k R: 15.96k PreP: 18.08 RmnP: 83.97 IfCnt: 587095 FwIfCnt: 234604
I1212 19:17:33.429987 25170 traceroute.cc:147] R: 5 S: 181.36k R: 15.76k PreP: 18.08 RmnP: 83.92 IfCnt: 589673 FwIfCnt: 235723
I1212 19:17:38.430275 25170 traceroute.cc:147] R: 5 S: 162.73k R: 14.31k PreP: 18.08 RmnP: 83.88 IfCnt: 592058 FwIfCnt: 236643
I1212 19:17:43.430507 25170 traceroute.cc:147] R: 5 S: 174.77k R: 14.99k PreP: 18.08 RmnP: 83.83 IfCnt: 594458 FwIfCnt: 237657
I1212 19:17:48.430707 25170 traceroute.cc:147] R: 5 S: 157.29k R: 14.18k PreP: 18.08 RmnP: 83.79 IfCnt: 596552 FwIfCnt: 238501
I1212 19:17:53.430953 25170 traceroute.cc:147] R: 5 S: 185.79k R: 16.57k PreP: 18.08 RmnP: 83.74 IfCnt: 599073 FwIfCnt: 239660
I1212 19:17:58.431216 25170 traceroute.cc:147] R: 5 S: 201.87k R: 17.59k PreP: 18.08 RmnP: 83.69 IfCnt: 601958 FwIfCnt: 240887
I1212 19:18:03.431471 25170 traceroute.cc:147] R: 6 S: 193.79k R: 16.82k PreP: 18.08 RmnP: 83.65 IfCnt: 605897 FwIfCnt: 242050
I1212 19:18:08.431697 25170 traceroute.cc:147] R: 6 S: 192.85k R: 15.55k PreP: 18.08 RmnP: 83.62 IfCnt: 610143 FwIfCnt: 242954
I1212 19:18:13.432009 25170 traceroute.cc:147] R: 6 S: 187.04k R: 15.05k PreP: 18.08 RmnP: 83.58 IfCnt: 613460 FwIfCnt: 243842
I1212 19:18:18.432277 25170 traceroute.cc:147] R: 6 S: 179.08k R: 14.32k PreP: 18.08 RmnP: 83.55 IfCnt: 616364 FwIfCnt: 244696
I1212 19:18:23.432489 25170 traceroute.cc:147] R: 6 S: 185.60k R: 14.89k PreP: 18.08 RmnP: 83.51 IfCnt: 619260 FwIfCnt: 245503
I1212 19:18:28.432749 25170 traceroute.cc:147] R: 6 S: 180.20k R: 14.91k PreP: 18.08 RmnP: 83.48 IfCnt: 622177 FwIfCnt: 246375
I1212 19:18:33.432960 25170 traceroute.cc:147] R: 6 S: 174.64k R: 15.05k PreP: 18.08 RmnP: 83.45 IfCnt: 624986 FwIfCnt: 247085
I1212 19:18:38.433183 25170 traceroute.cc:147] R: 6 S: 152.70k R: 12.78k PreP: 18.08 RmnP: 83.42 IfCnt: 627313 FwIfCnt: 247734
I1212 19:18:43.433411 25170 traceroute.cc:147] R: 6 S: 165.99k R: 13.80k PreP: 18.08 RmnP: 83.39 IfCnt: 629673 FwIfCnt: 248417
I1212 19:18:48.433652 25170 traceroute.cc:147] R: 6 S: 156.77k R: 13.07k PreP: 18.08 RmnP: 83.36 IfCnt: 631649 FwIfCnt: 249090
I1212 19:18:53.433881 25170 traceroute.cc:147] R: 6 S: 155.67k R: 12.78k PreP: 18.08 RmnP: 83.33 IfCnt: 633677 FwIfCnt: 249675
I1212 19:18:58.434109 25170 traceroute.cc:147] R: 6 S: 183.40k R: 14.88k PreP: 18.08 RmnP: 83.29 IfCnt: 635886 FwIfCnt: 250331
I1212 19:19:03.434342 25170 traceroute.cc:147] R: 6 S: 193.15k R: 15.62k PreP: 18.08 RmnP: 83.26 IfCnt: 638168 FwIfCnt: 250978
I1212 19:19:08.434536 25170 traceroute.cc:147] R: 6 S: 187.01k R: 15.69k PreP: 18.08 RmnP: 83.22 IfCnt: 640342 FwIfCnt: 251642
I1212 19:19:13.434742 25170 traceroute.cc:147] R: 6 S: 191.95k R: 16.13k PreP: 18.08 RmnP: 83.18 IfCnt: 642786 FwIfCnt: 252362
I1212 19:19:18.435004 25170 traceroute.cc:147] R: 7 S: 187.34k R: 15.30k PreP: 18.08 RmnP: 82.87 IfCnt: 644917 FwIfCnt: 253071
I1212 19:19:23.435236 25170 traceroute.cc:147] R: 7 S: 181.06k R: 18.34k PreP: 18.08 RmnP: 80.97 IfCnt: 649766 FwIfCnt: 253738
I1212 19:19:28.435464 25170 traceroute.cc:147] R: 7 S: 191.88k R: 19.84k PreP: 18.08 RmnP: 78.94 IfCnt: 654419 FwIfCnt: 254282
I1212 19:19:33.435647 25170 traceroute.cc:147] R: 7 S: 181.11k R: 19.46k PreP: 18.08 RmnP: 76.99 IfCnt: 658196 FwIfCnt: 254786
I1212 19:19:38.435843 25170 traceroute.cc:147] R: 7 S: 172.17k R: 18.51k PreP: 18.08 RmnP: 75.10 IfCnt: 661728 FwIfCnt: 255242
I1212 19:19:43.436074 25170 traceroute.cc:147] R: 7 S: 158.74k R: 17.82k PreP: 18.08 RmnP: 73.35 IfCnt: 665015 FwIfCnt: 255618
I1212 19:19:48.436297 25170 traceroute.cc:147] R: 7 S: 179.13k R: 19.92k PreP: 18.08 RmnP: 71.28 IfCnt: 668236 FwIfCnt: 256057
I1212 19:19:53.436506 25170 traceroute.cc:147] R: 7 S: 165.66k R: 19.10k PreP: 18.08 RmnP: 69.37 IfCnt: 671041 FwIfCnt: 256485
I1212 19:19:58.436740 25170 traceroute.cc:147] R: 7 S: 166.99k R: 18.30k PreP: 18.08 RmnP: 67.52 IfCnt: 673591 FwIfCnt: 256899
I1212 19:20:03.437031 25170 traceroute.cc:147] R: 7 S: 188.74k R: 20.70k PreP: 18.08 RmnP: 65.45 IfCnt: 676572 FwIfCnt: 257328
I1212 19:20:08.437271 25170 traceroute.cc:147] R: 7 S: 204.44k R: 23.08k PreP: 18.08 RmnP: 63.12 IfCnt: 679563 FwIfCnt: 257793
I1212 19:20:13.437578 25170 traceroute.cc:147] R: 7 S: 193.41k R: 22.23k PreP: 18.08 RmnP: 60.97 IfCnt: 682431 FwIfCnt: 258236
I1212 19:20:18.437878 25170 traceroute.cc:147] R: 8 S: 195.40k R: 22.87k PreP: 18.08 RmnP: 60.14 IfCnt: 686806 FwIfCnt: 258648
I1212 19:20:23.438086 25170 traceroute.cc:147] R: 8 S: 192.99k R: 22.33k PreP: 18.08 RmnP: 59.56 IfCnt: 690787 FwIfCnt: 258993
I1212 19:20:28.438262 25170 traceroute.cc:147] R: 8 S: 187.12k R: 21.40k PreP: 18.08 RmnP: 58.98 IfCnt: 694001 FwIfCnt: 259325
I1212 19:20:33.438503 25170 traceroute.cc:147] R: 8 S: 173.44k R: 20.08k PreP: 18.08 RmnP: 58.42 IfCnt: 696803 FwIfCnt: 259627
I1212 19:20:38.438786 25170 traceroute.cc:147] R: 8 S: 172.08k R: 21.25k PreP: 18.08 RmnP: 57.87 IfCnt: 699548 FwIfCnt: 259934
I1212 19:20:43.441068 25170 traceroute.cc:147] R: 8 S: 182.29k R: 21.95k PreP: 18.08 RmnP: 57.25 IfCnt: 702138 FwIfCnt: 260230
I1212 19:20:48.441300 25170 traceroute.cc:147] R: 8 S: 189.26k R: 22.59k PreP: 18.08 RmnP: 56.63 IfCnt: 704587 FwIfCnt: 260538
I1212 19:20:53.441501 25170 traceroute.cc:147] R: 8 S: 172.77k R: 20.47k PreP: 18.08 RmnP: 56.07 IfCnt: 706609 FwIfCnt: 260811
I1212 19:20:58.441730 25170 traceroute.cc:147] R: 8 S: 179.83k R: 21.88k PreP: 18.08 RmnP: 55.46 IfCnt: 708844 FwIfCnt: 261079
I1212 19:21:03.441953 25170 traceroute.cc:147] R: 8 S: 181.61k R: 22.59k PreP: 18.08 RmnP: 54.85 IfCnt: 711099 FwIfCnt: 261326
I1212 19:21:08.442222 25170 traceroute.cc:147] R: 9 S: 166.59k R: 22.84k PreP: 18.08 RmnP: 54.25 IfCnt: 714053 FwIfCnt: 261561
I1212 19:21:13.442456 25170 traceroute.cc:147] R: 9 S: 177.23k R: 26.08k PreP: 18.08 RmnP: 53.62 IfCnt: 717269 FwIfCnt: 261759
I1212 19:21:18.442658 25170 traceroute.cc:147] R: 9 S: 188.22k R: 29.41k PreP: 18.08 RmnP: 52.97 IfCnt: 719834 FwIfCnt: 261974
I1212 19:21:23.442862 25170 traceroute.cc:147] R: 9 S: 183.24k R: 28.18k PreP: 18.08 RmnP: 52.29 IfCnt: 722198 FwIfCnt: 262171
I1212 19:21:28.443073 25170 traceroute.cc:147] R: 9 S: 191.61k R: 30.51k PreP: 18.08 RmnP: 51.57 IfCnt: 724387 FwIfCnt: 262374
I1212 19:21:33.443310 25170 traceroute.cc:147] R: 9 S: 178.69k R: 28.74k PreP: 18.08 RmnP: 50.90 IfCnt: 726287 FwIfCnt: 262588
I1212 19:21:38.443531 25170 traceroute.cc:147] R: 9 S: 186.06k R: 29.32k PreP: 18.08 RmnP: 50.22 IfCnt: 728107 FwIfCnt: 262776
I1212 19:21:43.443840 25170 traceroute.cc:147] R: 9 S: 183.03k R: 28.90k PreP: 18.08 RmnP: 49.51 IfCnt: 729747 FwIfCnt: 262990
I1212 19:21:48.444036 25170 traceroute.cc:147] R: 9 S: 148.21k R: 23.95k PreP: 18.08 RmnP: 48.94 IfCnt: 731159 FwIfCnt: 263139
I1212 19:21:53.444283 25170 traceroute.cc:147] R: 10 S: 167.59k R: 26.97k PreP: 18.08 RmnP: 48.17 IfCnt: 733062 FwIfCnt: 263322
I1212 19:21:58.444494 25170 traceroute.cc:147] R: 10 S: 166.46k R: 24.50k PreP: 18.08 RmnP: 47.36 IfCnt: 735083 FwIfCnt: 263457
I1212 19:22:03.444696 25170 traceroute.cc:147] R: 10 S: 163.96k R: 25.59k PreP: 18.08 RmnP: 46.57 IfCnt: 736646 FwIfCnt: 263591
I1212 19:22:08.444906 25170 traceroute.cc:147] R: 10 S: 158.03k R: 24.66k PreP: 18.08 RmnP: 45.76 IfCnt: 738121 FwIfCnt: 263723
I1212 19:22:13.445122 25170 traceroute.cc:147] R: 10 S: 176.79k R: 28.35k PreP: 18.08 RmnP: 44.86 IfCnt: 739551 FwIfCnt: 263877
I1212 19:22:18.445328 25170 traceroute.cc:147] R: 10 S: 174.51k R: 28.11k PreP: 18.08 RmnP: 43.96 IfCnt: 740831 FwIfCnt: 264028
I1212 19:22:23.445567 25170 traceroute.cc:147] R: 10 S: 165.20k R: 26.42k PreP: 18.08 RmnP: 43.12 IfCnt: 742004 FwIfCnt: 264163
I1212 19:22:28.445829 25170 traceroute.cc:147] R: 10 S: 170.18k R: 27.01k PreP: 18.08 RmnP: 42.23 IfCnt: 743116 FwIfCnt: 264309
I1212 19:22:33.446065 25170 traceroute.cc:147] R: 11 S: 175.51k R: 28.30k PreP: 18.08 RmnP: 41.36 IfCnt: 744380 FwIfCnt: 264442
I1212 19:22:38.446286 25170 traceroute.cc:147] R: 11 S: 182.82k R: 25.03k PreP: 18.08 RmnP: 40.47 IfCnt: 746201 FwIfCnt: 264570
I1212 19:22:43.446509 25170 traceroute.cc:147] R: 11 S: 189.30k R: 25.82k PreP: 18.08 RmnP: 39.51 IfCnt: 747643 FwIfCnt: 264673
I1212 19:22:48.446734 25170 traceroute.cc:147] R: 11 S: 176.43k R: 25.70k PreP: 18.08 RmnP: 38.58 IfCnt: 748976 FwIfCnt: 264788
I1212 19:22:53.446935 25170 traceroute.cc:147] R: 11 S: 173.17k R: 25.47k PreP: 18.08 RmnP: 37.66 IfCnt: 750058 FwIfCnt: 264901
I1212 19:22:58.447196 25170 traceroute.cc:147] R: 11 S: 168.84k R: 24.59k PreP: 18.08 RmnP: 36.79 IfCnt: 751035 FwIfCnt: 264992
I1212 19:23:03.447412 25170 traceroute.cc:147] R: 11 S: 177.49k R: 25.51k PreP: 18.08 RmnP: 35.86 IfCnt: 752051 FwIfCnt: 265080
I1212 19:23:08.447636 25170 traceroute.cc:147] R: 12 S: 168.97k R: 25.43k PreP: 18.08 RmnP: 35.10 IfCnt: 753115 FwIfCnt: 265187
I1212 19:23:13.447880 25170 traceroute.cc:147] R: 12 S: 167.97k R: 23.34k PreP: 18.08 RmnP: 34.42 IfCnt: 754159 FwIfCnt: 265277
I1212 19:23:18.448112 25170 traceroute.cc:147] R: 12 S: 181.45k R: 26.78k PreP: 18.08 RmnP: 33.64 IfCnt: 755111 FwIfCnt: 265349
I1212 19:23:23.448362 25170 traceroute.cc:147] R: 12 S: 205.35k R: 31.82k PreP: 18.08 RmnP: 32.71 IfCnt: 756043 FwIfCnt: 265453
I1212 19:23:28.448971 25170 traceroute.cc:147] R: 12 S: 191.37k R: 28.29k PreP: 18.08 RmnP: 31.87 IfCnt: 756825 FwIfCnt: 265548
I1212 19:23:33.449198 25170 traceroute.cc:147] R: 12 S: 178.02k R: 26.45k PreP: 18.08 RmnP: 31.09 IfCnt: 757500 FwIfCnt: 265626
I1212 19:23:38.449417 25170 traceroute.cc:147] R: 13 S: 177.89k R: 21.60k PreP: 18.08 RmnP: 30.31 IfCnt: 758341 FwIfCnt: 265700
I1212 19:23:43.449679 25170 traceroute.cc:147] R: 13 S: 188.74k R: 15.08k PreP: 18.08 RmnP: 29.45 IfCnt: 759082 FwIfCnt: 265765
I1212 19:23:48.451768 25170 traceroute.cc:147] R: 13 S: 164.38k R: 14.90k PreP: 18.08 RmnP: 28.66 IfCnt: 759769 FwIfCnt: 265824
I1212 19:23:53.452266 25170 traceroute.cc:147] R: 13 S: 179.85k R: 15.83k PreP: 18.08 RmnP: 27.86 IfCnt: 760342 FwIfCnt: 265880
I1212 19:23:58.452512 25170 traceroute.cc:147] R: 13 S: 191.76k R: 16.97k PreP: 18.08 RmnP: 26.96 IfCnt: 760953 FwIfCnt: 265945
I1212 19:24:03.452785 25170 traceroute.cc:147] R: 14 S: 174.24k R: 14.72k PreP: 18.08 RmnP: 26.59 IfCnt: 761315 FwIfCnt: 265997
I1212 19:24:08.453038 25170 traceroute.cc:147] R: 14 S: 182.17k R: 11.96k PreP: 18.08 RmnP: 26.23 IfCnt: 761508 FwIfCnt: 266043
I1212 19:24:13.453271 25170 traceroute.cc:147] R: 14 S: 163.02k R: 11.71k PreP: 18.08 RmnP: 25.87 IfCnt: 761684 FwIfCnt: 266089
I1212 19:24:18.453498 25170 traceroute.cc:147] R: 14 S: 149.94k R: 10.97k PreP: 18.08 RmnP: 25.58 IfCnt: 761797 FwIfCnt: 266122
I1212 19:24:23.453693 25170 traceroute.cc:147] R: 14 S: 165.72k R: 12.12k PreP: 18.08 RmnP: 25.20 IfCnt: 761940 FwIfCnt: 266172
I1212 19:24:28.453956 25170 traceroute.cc:147] R: 15 S: 201.74k R: 15.41k PreP: 18.08 RmnP: 24.87 IfCnt: 762031 FwIfCnt: 266228
I1212 19:24:33.454150 25170 traceroute.cc:147] R: 15 S: 205.12k R: 11.96k PreP: 18.08 RmnP: 24.53 IfCnt: 762067 FwIfCnt: 266259
I1212 19:24:38.454380 25170 traceroute.cc:147] R: 15 S: 200.44k R: 12.08k PreP: 18.08 RmnP: 24.19 IfCnt: 762089 FwIfCnt: 266302
I1212 19:24:43.454607 25170 traceroute.cc:147] R: 15 S: 185.08k R: 10.72k PreP: 18.08 RmnP: 23.84 IfCnt: 762120 FwIfCnt: 266321
I1212 19:24:48.454831 25170 traceroute.cc:147] R: 16 S: 167.70k R:  8.31k PreP: 18.08 RmnP: 23.61 IfCnt: 762145 FwIfCnt: 266350
I1212 19:24:53.455034 25170 traceroute.cc:147] R: 16 S: 179.83k R:  4.71k PreP: 18.08 RmnP: 23.41 IfCnt: 762166 FwIfCnt: 266375
I1212 19:24:58.455276 25170 traceroute.cc:147] R: 16 S: 193.02k R:  5.39k PreP: 18.08 RmnP: 23.21 IfCnt: 762187 FwIfCnt: 266424
I1212 19:25:03.455492 25170 traceroute.cc:147] R: 16 S: 167.95k R:  4.81k PreP: 18.08 RmnP: 23.04 IfCnt: 762201 FwIfCnt: 266453
I1212 19:25:08.455868 25170 traceroute.cc:147] R: 19 S: 204.76k R: 25.82k PreP: 18.08 RmnP:  0.34 IfCnt: 762249 FwIfCnt: 266576
I1212 19:25:13.456161 25170 traceroute.cc:147] R: 24 S: 29.66k R: 25.17k PreP: 18.08 RmnP:  0.09 IfCnt: 762342 FwIfCnt: 266706
I1212 19:25:18.456362 25170 traceroute.cc:147] R: 29 S:  4.76k R:  4.35k PreP: 18.08 RmnP:  0.01 IfCnt: 762361 FwIfCnt: 266715
I1212 19:25:23.456636 25170 traceroute.cc:147] R: 34 S:  0.22k R:  0.17k PreP: 18.08 RmnP:  0.00 IfCnt: 762361 FwIfCnt: 266719
I1212 19:25:24.206836 25169 traceroute.cc:535] Scan finished.
I1212 19:25:24.207427 25169 traceroute.cc:542] Main probing finished (Took 848 seconds).
I1212 19:25:25.207636 25169 traceroute.cc:631] Average Sending Rate:         173.35 Kpps
I1212 19:25:25.207737 25169 traceroute.cc:633] Average Receving Rate:        17.64 Kpps
I1212 19:25:25.207747 25169 traceroute.cc:635] Sent packets:                 163091546
I1212 19:25:25.207756 25169 traceroute.cc:637] Received packets:             16598867
I1212 19:25:25.207763 25169 traceroute.cc:639] Dropped responses:            106605
I1212 19:25:25.207772 25169 traceroute.cc:641] Checksum Mistatches:          7956
I1212 19:25:25.207778 25169 traceroute.cc:643] Distance Abnormalities:       98649
I1212 19:25:25.207787 25169 traceroute.cc:645] Sent probes:                  148629599
I1212 19:25:25.207793 25169 traceroute.cc:646] Sent preprobes:               14461947
I1212 19:25:25.207801 25169 traceroute.cc:648] Interfaces Forward-probing:   266719
I1212 19:25:25.207808 25169 traceroute.cc:650] Interfaces Backward-probing:  762361
I1212 19:25:25.547142 25169 traceroute.cc:655] Discovered Interfaces:        837672
I1212 19:25:25.547226 25169 main.cc:336] The program ends.
