I1212 18:56:35.719036 24984 traceroute.cc:90] Internal recording disabled.
I1212 18:56:35.719091 24984 traceroute.cc:267] The target network is from 0.0.0.0 to 255.255.255.255.
I1212 18:56:40.453152 24984 blacklist.cc:24] Blacklist disabled.
I1212 18:56:40.511440 24984 blacklist.cc:53] 2315269 reserved addresses have been removed.
I1212 18:56:40.511485 24984 hitlist.cc:23] Load hitlist from file: list_0_8.txt
I1212 18:56:44.448683 24984 hitlist.cc:34] 15510524 load addresses from hitlist.
I1212 18:56:48.606305 24985 traceroute.cc:161] Temporary no metrics.
I1212 18:56:48.606482 24984 traceroute.cc:394] Start preprobing.
I1212 18:56:58.606531 24985 traceroute.cc:147] R: 0 S: 185.69k R:  9.59k PreP:   inf RmnP: 86.20 IfCnt: 0 FwIfCnt: 0
I1212 18:57:03.606762 24985 traceroute.cc:147] R: 0 S: 176.52k R:  9.34k PreP:   inf RmnP: 86.20 IfCnt: 0 FwIfCnt: 0
I1212 18:57:08.607002 24985 traceroute.cc:147] R: 0 S: 211.31k R: 11.46k PreP:   inf RmnP: 86.20 IfCnt: 0 FwIfCnt: 0
I1212 18:57:13.607198 24985 traceroute.cc:147] R: 0 S: 207.98k R: 11.04k PreP:   inf RmnP: 86.20 IfCnt: 0 FwIfCnt: 0
I1212 18:57:18.607389 24985 traceroute.cc:147] R: 0 S: 200.67k R: 10.91k PreP:   inf RmnP: 86.20 IfCnt: 0 FwIfCnt: 0
I1212 18:57:23.607591 24985 traceroute.cc:147] R: 0 S: 192.97k R: 10.03k PreP:   inf RmnP: 86.20 IfCnt: 0 FwIfCnt: 0
I1212 18:57:28.607801 24985 traceroute.cc:147] R: 0 S: 194.45k R:  9.78k PreP:   inf RmnP: 86.20 IfCnt: 0 FwIfCnt: 0
I1212 18:57:33.608219 24985 traceroute.cc:147] R: 0 S: 170.55k R:  8.73k PreP:   inf RmnP: 86.20 IfCnt: 0 FwIfCnt: 0
I1212 18:57:38.608415 24985 traceroute.cc:147] R: 0 S: 193.66k R:  9.82k PreP:   inf RmnP: 86.20 IfCnt: 0 FwIfCnt: 0
I1212 18:57:43.608613 24985 traceroute.cc:147] R: 0 S: 191.45k R: 10.03k PreP:   inf RmnP: 86.20 IfCnt: 0 FwIfCnt: 0
I1212 18:57:48.608872 24985 traceroute.cc:147] R: 0 S: 190.85k R: 10.29k PreP:   inf RmnP: 86.20 IfCnt: 0 FwIfCnt: 0
I1212 18:57:53.609092 24985 traceroute.cc:147] R: 0 S: 189.54k R: 10.11k PreP:   inf RmnP: 86.20 IfCnt: 0 FwIfCnt: 0
I1212 18:57:58.609305 24985 traceroute.cc:147] R: 0 S: 185.61k R: 10.29k PreP:   inf RmnP: 86.20 IfCnt: 0 FwIfCnt: 0
I1212 18:58:03.609509 24985 traceroute.cc:147] R: 0 S: 188.62k R: 10.10k PreP:   inf RmnP: 86.20 IfCnt: 0 FwIfCnt: 0
I1212 18:58:05.571875 24984 traceroute.cc:411] Preprobing finished (Took 76 seconds).
I1212 18:58:07.599639 24984 traceroute.cc:422] Preprobed: 2615580.
I1212 18:58:07.962774 24984 traceroute.cc:470] Start main probing.
I1212 18:58:08.609831 24985 traceroute.cc:147] R: 1 S: 3689348814739042.50k R: 3689348814741760.00k PreP: 18.09 RmnP: 86.20 IfCnt: 0 FwIfCnt: 0
I1212 18:58:18.610148 24985 traceroute.cc:147] R: 1 S: 178.96k R: 60.73k PreP: 18.09 RmnP: 86.20 IfCnt: 62572 FwIfCnt: 4
I1212 18:58:23.610357 24985 traceroute.cc:147] R: 1 S: 174.69k R: 58.43k PreP: 18.09 RmnP: 86.20 IfCnt: 81858 FwIfCnt: 8
I1212 18:58:28.610560 24985 traceroute.cc:147] R: 1 S: 169.57k R: 57.55k PreP: 18.09 RmnP: 86.20 IfCnt: 98809 FwIfCnt: 9
I1212 18:58:33.610762 24985 traceroute.cc:147] R: 1 S: 175.97k R: 60.23k PreP: 18.09 RmnP: 86.20 IfCnt: 114590 FwIfCnt: 10
I1212 18:58:38.610954 24985 traceroute.cc:147] R: 1 S: 168.39k R: 57.37k PreP: 18.09 RmnP: 86.20 IfCnt: 128448 FwIfCnt: 11
I1212 18:58:43.611167 24985 traceroute.cc:147] R: 1 S: 167.25k R: 56.85k PreP: 18.09 RmnP: 86.20 IfCnt: 141283 FwIfCnt: 13
I1212 18:58:48.611359 24985 traceroute.cc:147] R: 1 S: 163.09k R: 53.13k PreP: 18.09 RmnP: 86.20 IfCnt: 152506 FwIfCnt: 15
I1212 18:58:53.611577 24985 traceroute.cc:147] R: 1 S: 163.47k R: 52.72k PreP: 18.09 RmnP: 86.20 IfCnt: 162490 FwIfCnt: 16
I1212 18:58:58.611802 24985 traceroute.cc:147] R: 1 S: 162.04k R: 52.96k PreP: 18.09 RmnP: 86.20 IfCnt: 172018 FwIfCnt: 16
I1212 18:59:03.612001 24985 traceroute.cc:147] R: 1 S: 139.95k R: 46.16k PreP: 18.09 RmnP: 86.20 IfCnt: 180026 FwIfCnt: 17
I1212 18:59:08.612200 24985 traceroute.cc:147] R: 1 S: 153.01k R: 49.84k PreP: 18.09 RmnP: 86.20 IfCnt: 188552 FwIfCnt: 18
I1212 18:59:13.612397 24985 traceroute.cc:147] R: 1 S: 155.18k R: 51.16k PreP: 18.09 RmnP: 86.20 IfCnt: 197080 FwIfCnt: 22
I1212 18:59:18.612659 24985 traceroute.cc:147] R: 1 S: 170.75k R: 57.60k PreP: 18.09 RmnP: 86.20 IfCnt: 206121 FwIfCnt: 24
I1212 18:59:23.612895 24985 traceroute.cc:147] R: 1 S: 181.50k R: 60.28k PreP: 18.09 RmnP: 86.20 IfCnt: 215233 FwIfCnt: 24
I1212 18:59:28.613096 24985 traceroute.cc:147] R: 1 S: 172.06k R: 57.93k PreP: 18.09 RmnP: 86.20 IfCnt: 223845 FwIfCnt: 26
I1212 18:59:33.613317 24985 traceroute.cc:147] R: 2 S: 178.09k R: 60.67k PreP: 18.09 RmnP: 86.20 IfCnt: 232479 FwIfCnt: 28
I1212 18:59:38.613524 24985 traceroute.cc:147] R: 2 S: 167.62k R: 61.99k PreP: 18.09 RmnP: 86.20 IfCnt: 249002 FwIfCnt: 23201
I1212 18:59:43.613737 24985 traceroute.cc:147] R: 2 S: 168.22k R: 63.81k PreP: 18.09 RmnP: 86.20 IfCnt: 264491 FwIfCnt: 42190
I1212 18:59:48.613994 24985 traceroute.cc:147] R: 2 S: 162.66k R: 60.82k PreP: 18.09 RmnP: 86.19 IfCnt: 277223 FwIfCnt: 56433
I1212 18:59:53.614208 24985 traceroute.cc:147] R: 2 S: 163.86k R: 61.74k PreP: 18.09 RmnP: 86.19 IfCnt: 289030 FwIfCnt: 68538
I1212 18:59:58.614409 24985 traceroute.cc:147] R: 2 S: 157.41k R: 59.68k PreP: 18.09 RmnP: 86.19 IfCnt: 299844 FwIfCnt: 78997
I1212 19:00:03.614611 24985 traceroute.cc:147] R: 2 S: 154.73k R: 58.30k PreP: 18.09 RmnP: 86.19 IfCnt: 309581 FwIfCnt: 88637
I1212 19:00:08.614847 24985 traceroute.cc:147] R: 2 S: 147.79k R: 55.57k PreP: 18.09 RmnP: 86.19 IfCnt: 318178 FwIfCnt: 97028
I1212 19:00:13.615041 24985 traceroute.cc:147] R: 2 S: 152.07k R: 57.56k PreP: 18.09 RmnP: 86.18 IfCnt: 326634 FwIfCnt: 105421
I1212 19:00:18.615254 24985 traceroute.cc:147] R: 2 S: 156.76k R: 56.23k PreP: 18.09 RmnP: 86.18 IfCnt: 334489 FwIfCnt: 112525
I1212 19:00:23.615447 24985 traceroute.cc:147] R: 2 S: 162.67k R: 58.05k PreP: 18.09 RmnP: 86.18 IfCnt: 342224 FwIfCnt: 119409
I1212 19:00:28.615653 24985 traceroute.cc:147] R: 2 S: 178.64k R: 63.31k PreP: 18.09 RmnP: 86.18 IfCnt: 349917 FwIfCnt: 126560
I1212 19:00:33.615855 24985 traceroute.cc:147] R: 2 S: 176.51k R: 63.80k PreP: 18.09 RmnP: 86.17 IfCnt: 357553 FwIfCnt: 133349
I1212 19:00:38.616063 24985 traceroute.cc:147] R: 2 S: 174.48k R: 62.83k PreP: 18.09 RmnP: 86.17 IfCnt: 365085 FwIfCnt: 139882
I1212 19:00:43.616271 24985 traceroute.cc:147] R: 2 S: 171.65k R: 62.66k PreP: 18.09 RmnP: 86.17 IfCnt: 372334 FwIfCnt: 146182
I1212 19:00:48.616495 24985 traceroute.cc:147] R: 2 S: 174.96k R: 64.72k PreP: 18.09 RmnP: 86.17 IfCnt: 379522 FwIfCnt: 152337
I1212 19:00:53.616689 24985 traceroute.cc:147] R: 2 S: 173.46k R: 63.60k PreP: 18.09 RmnP: 86.16 IfCnt: 386332 FwIfCnt: 158224
I1212 19:00:58.616884 24985 traceroute.cc:147] R: 2 S: 162.90k R: 61.61k PreP: 18.09 RmnP: 86.16 IfCnt: 392853 FwIfCnt: 163591
I1212 19:01:03.617058 24985 traceroute.cc:147] R: 3 S: 164.66k R: 62.75k PreP: 18.09 RmnP: 86.14 IfCnt: 399051 FwIfCnt: 168735
I1212 19:01:08.617282 24985 traceroute.cc:147] R: 3 S: 154.74k R: 50.54k PreP: 18.09 RmnP: 86.11 IfCnt: 405884 FwIfCnt: 182245
I1212 19:01:13.617472 24985 traceroute.cc:147] R: 3 S: 154.83k R: 49.26k PreP: 18.09 RmnP: 86.07 IfCnt: 411254 FwIfCnt: 191928
I1212 19:01:18.617673 24985 traceroute.cc:147] R: 3 S: 154.99k R: 47.86k PreP: 18.09 RmnP: 86.03 IfCnt: 415869 FwIfCnt: 200185
I1212 19:01:23.617908 24985 traceroute.cc:147] R: 3 S: 142.26k R: 43.89k PreP: 18.09 RmnP: 85.98 IfCnt: 420059 FwIfCnt: 207256
I1212 19:01:28.618124 24985 traceroute.cc:147] R: 3 S: 163.41k R: 51.01k PreP: 18.09 RmnP: 85.93 IfCnt: 424511 FwIfCnt: 215598
I1212 19:01:33.618363 24985 traceroute.cc:147] R: 3 S: 181.27k R: 55.86k PreP: 18.09 RmnP: 85.88 IfCnt: 429276 FwIfCnt: 223794
I1212 19:01:38.618569 24985 traceroute.cc:147] R: 3 S: 186.09k R: 57.42k PreP: 18.09 RmnP: 85.82 IfCnt: 433908 FwIfCnt: 231562
I1212 19:01:43.618773 24985 traceroute.cc:147] R: 3 S: 181.87k R: 55.02k PreP: 18.09 RmnP: 85.77 IfCnt: 437928 FwIfCnt: 238543
I1212 19:01:48.618989 24985 traceroute.cc:147] R: 3 S: 170.02k R: 50.20k PreP: 18.09 RmnP: 85.72 IfCnt: 441539 FwIfCnt: 244483
I1212 19:01:53.619294 24985 traceroute.cc:147] R: 3 S: 180.69k R: 51.74k PreP: 18.09 RmnP: 85.67 IfCnt: 445155 FwIfCnt: 250541
I1212 19:01:58.619500 24985 traceroute.cc:147] R: 3 S: 172.05k R: 50.93k PreP: 18.09 RmnP: 85.61 IfCnt: 448663 FwIfCnt: 256135
I1212 19:02:03.619724 24985 traceroute.cc:147] R: 3 S: 157.94k R: 46.55k PreP: 18.09 RmnP: 85.56 IfCnt: 451740 FwIfCnt: 261036
I1212 19:02:08.619925 24985 traceroute.cc:147] R: 3 S: 167.67k R: 49.46k PreP: 18.09 RmnP: 85.51 IfCnt: 455000 FwIfCnt: 266320
I1212 19:02:13.620363 24985 traceroute.cc:147] R: 3 S: 171.25k R: 51.09k PreP: 18.09 RmnP: 85.46 IfCnt: 458204 FwIfCnt: 271701
I1212 19:02:18.620592 24985 traceroute.cc:147] R: 3 S: 173.58k R: 52.05k PreP: 18.09 RmnP: 85.40 IfCnt: 461405 FwIfCnt: 276897
I1212 19:02:23.620780 24985 traceroute.cc:147] R: 3 S: 157.42k R: 48.50k PreP: 18.09 RmnP: 85.34 IfCnt: 464360 FwIfCnt: 281537
I1212 19:02:28.621013 24985 traceroute.cc:147] R: 3 S: 152.95k R: 47.91k PreP: 18.09 RmnP: 85.29 IfCnt: 467174 FwIfCnt: 285932
I1212 19:02:33.621233 24985 traceroute.cc:147] R: 4 S: 156.24k R: 45.35k PreP: 18.09 RmnP: 85.24 IfCnt: 469886 FwIfCnt: 292933
I1212 19:02:38.621435 24985 traceroute.cc:147] R: 4 S: 184.75k R: 48.34k PreP: 18.09 RmnP: 85.19 IfCnt: 472650 FwIfCnt: 301143
I1212 19:02:43.621665 24985 traceroute.cc:147] R: 4 S: 174.79k R: 45.44k PreP: 18.09 RmnP: 85.14 IfCnt: 474898 FwIfCnt: 307374
I1212 19:02:48.621856 24985 traceroute.cc:147] R: 4 S: 183.88k R: 47.86k PreP: 18.09 RmnP: 85.08 IfCnt: 477087 FwIfCnt: 313118
I1212 19:02:53.622069 24985 traceroute.cc:147] R: 4 S: 180.17k R: 47.32k PreP: 18.09 RmnP: 85.03 IfCnt: 479151 FwIfCnt: 318688
I1212 19:02:58.622320 24985 traceroute.cc:147] R: 4 S: 187.11k R: 48.79k PreP: 18.09 RmnP: 84.98 IfCnt: 481214 FwIfCnt: 324007
I1212 19:03:03.622493 24985 traceroute.cc:147] R: 4 S: 172.94k R: 45.54k PreP: 18.09 RmnP: 84.93 IfCnt: 483127 FwIfCnt: 328608
I1212 19:03:08.622694 24985 traceroute.cc:147] R: 4 S: 179.72k R: 46.48k PreP: 18.09 RmnP: 84.89 IfCnt: 484937 FwIfCnt: 332807
I1212 19:03:13.622876 24985 traceroute.cc:147] R: 4 S: 170.80k R: 42.82k PreP: 18.09 RmnP: 84.84 IfCnt: 486500 FwIfCnt: 336539
I1212 19:03:18.623106 24985 traceroute.cc:147] R: 4 S: 164.78k R: 41.56k PreP: 18.09 RmnP: 84.80 IfCnt: 487993 FwIfCnt: 340032
I1212 19:03:23.623276 24985 traceroute.cc:147] R: 4 S: 167.69k R: 42.69k PreP: 18.09 RmnP: 84.76 IfCnt: 489838 FwIfCnt: 343511
I1212 19:03:28.623458 24985 traceroute.cc:147] R: 4 S: 163.96k R: 41.69k PreP: 18.09 RmnP: 84.71 IfCnt: 491235 FwIfCnt: 346830
I1212 19:03:33.623687 24985 traceroute.cc:147] R: 4 S: 161.52k R: 41.18k PreP: 18.09 RmnP: 84.67 IfCnt: 492710 FwIfCnt: 350133
I1212 19:03:38.623914 24985 traceroute.cc:147] R: 4 S: 147.23k R: 38.05k PreP: 18.09 RmnP: 84.63 IfCnt: 493990 FwIfCnt: 353129
I1212 19:03:43.624161 24985 traceroute.cc:147] R: 4 S: 179.47k R: 46.37k PreP: 18.09 RmnP: 84.58 IfCnt: 495557 FwIfCnt: 356615
I1212 19:03:48.624359 24985 traceroute.cc:147] R: 4 S: 187.29k R: 49.59k PreP: 18.09 RmnP: 84.53 IfCnt: 497107 FwIfCnt: 360164
I1212 19:03:53.624594 24985 traceroute.cc:147] R: 5 S: 183.63k R: 48.64k PreP: 18.09 RmnP: 84.48 IfCnt: 498647 FwIfCnt: 363670
I1212 19:03:58.624806 24985 traceroute.cc:147] R: 5 S: 187.17k R: 35.90k PreP: 18.09 RmnP: 84.44 IfCnt: 500055 FwIfCnt: 369894
I1212 19:04:03.625025 24985 traceroute.cc:147] R: 5 S: 176.73k R: 33.42k PreP: 18.09 RmnP: 84.39 IfCnt: 501182 FwIfCnt: 374582
I1212 19:04:08.625224 24985 traceroute.cc:147] R: 5 S: 171.99k R: 32.87k PreP: 18.09 RmnP: 84.35 IfCnt: 502195 FwIfCnt: 378746
I1212 19:04:13.625442 24985 traceroute.cc:147] R: 5 S: 167.93k R: 33.06k PreP: 18.09 RmnP: 84.30 IfCnt: 503232 FwIfCnt: 382612
I1212 19:04:18.625653 24985 traceroute.cc:147] R: 5 S: 167.89k R: 32.41k PreP: 18.09 RmnP: 84.26 IfCnt: 504195 FwIfCnt: 386672
I1212 19:04:23.625931 24985 traceroute.cc:147] R: 5 S: 152.86k R: 28.82k PreP: 18.09 RmnP: 84.22 IfCnt: 505108 FwIfCnt: 390010
I1212 19:04:28.626142 24985 traceroute.cc:147] R: 5 S: 163.92k R: 31.53k PreP: 18.09 RmnP: 84.18 IfCnt: 506036 FwIfCnt: 393458
I1212 19:04:33.626360 24985 traceroute.cc:147] R: 5 S: 167.95k R: 30.47k PreP: 18.09 RmnP: 84.14 IfCnt: 506980 FwIfCnt: 397013
I1212 19:04:38.626618 24985 traceroute.cc:147] R: 5 S: 165.99k R: 29.90k PreP: 18.09 RmnP: 84.10 IfCnt: 507872 FwIfCnt: 400077
I1212 19:04:43.626848 24985 traceroute.cc:147] R: 5 S: 171.79k R: 31.82k PreP: 18.09 RmnP: 84.06 IfCnt: 508764 FwIfCnt: 402989
I1212 19:04:48.627043 24985 traceroute.cc:147] R: 5 S: 189.60k R: 34.55k PreP: 18.09 RmnP: 84.02 IfCnt: 509717 FwIfCnt: 406179
I1212 19:04:53.627310 24985 traceroute.cc:147] R: 5 S: 178.10k R: 33.13k PreP: 18.09 RmnP: 83.97 IfCnt: 510703 FwIfCnt: 409208
I1212 19:04:58.627552 24985 traceroute.cc:147] R: 5 S: 167.62k R: 31.31k PreP: 18.09 RmnP: 83.93 IfCnt: 511555 FwIfCnt: 412041
I1212 19:05:03.627755 24985 traceroute.cc:147] R: 5 S: 180.86k R: 33.30k PreP: 18.09 RmnP: 83.89 IfCnt: 512461 FwIfCnt: 415161
I1212 19:05:08.627964 24985 traceroute.cc:147] R: 5 S: 171.91k R: 33.02k PreP: 18.09 RmnP: 83.84 IfCnt: 513299 FwIfCnt: 417995
I1212 19:05:13.628172 24985 traceroute.cc:147] R: 6 S: 165.95k R: 32.86k PreP: 18.09 RmnP: 83.80 IfCnt: 514144 FwIfCnt: 420634
I1212 19:05:18.628360 24985 traceroute.cc:147] R: 6 S: 174.60k R: 29.05k PreP: 18.09 RmnP: 83.77 IfCnt: 514885 FwIfCnt: 424533
I1212 19:05:23.628547 24985 traceroute.cc:147] R: 6 S: 162.16k R: 24.70k PreP: 18.09 RmnP: 83.74 IfCnt: 515431 FwIfCnt: 428438
I1212 19:05:28.628751 24985 traceroute.cc:147] R: 6 S: 157.79k R: 23.03k PreP: 18.09 RmnP: 83.71 IfCnt: 515900 FwIfCnt: 431680
I1212 19:05:33.628974 24985 traceroute.cc:147] R: 6 S: 168.94k R: 25.84k PreP: 18.09 RmnP: 83.67 IfCnt: 516408 FwIfCnt: 435151
I1212 19:05:38.629187 24985 traceroute.cc:147] R: 6 S: 156.60k R: 23.99k PreP: 18.09 RmnP: 83.64 IfCnt: 516882 FwIfCnt: 438313
I1212 19:05:43.629416 24985 traceroute.cc:147] R: 6 S: 171.33k R: 25.62k PreP: 18.09 RmnP: 83.61 IfCnt: 517416 FwIfCnt: 441647
I1212 19:05:48.629633 24985 traceroute.cc:147] R: 6 S: 150.02k R: 22.62k PreP: 18.09 RmnP: 83.58 IfCnt: 517875 FwIfCnt: 444399
I1212 19:05:53.629837 24985 traceroute.cc:147] R: 6 S: 185.07k R: 27.84k PreP: 18.09 RmnP: 83.55 IfCnt: 518420 FwIfCnt: 447438
I1212 19:05:58.630059 24985 traceroute.cc:147] R: 6 S: 173.16k R: 25.62k PreP: 18.09 RmnP: 83.52 IfCnt: 518910 FwIfCnt: 450181
I1212 19:06:03.630306 24985 traceroute.cc:147] R: 6 S: 190.72k R: 27.50k PreP: 18.09 RmnP: 83.48 IfCnt: 519392 FwIfCnt: 453107
I1212 19:06:08.630546 24985 traceroute.cc:147] R: 6 S: 174.82k R: 25.76k PreP: 18.09 RmnP: 83.45 IfCnt: 520296 FwIfCnt: 455900
I1212 19:06:13.630807 24985 traceroute.cc:147] R: 6 S: 175.09k R: 26.05k PreP: 18.09 RmnP: 83.42 IfCnt: 520713 FwIfCnt: 458440
I1212 19:06:18.631031 24985 traceroute.cc:147] R: 6 S: 147.44k R: 22.30k PreP: 18.09 RmnP: 83.39 IfCnt: 521116 FwIfCnt: 460636
I1212 19:06:23.631230 24985 traceroute.cc:147] R: 6 S: 158.60k R: 24.13k PreP: 18.09 RmnP: 83.36 IfCnt: 521511 FwIfCnt: 462919
I1212 19:06:28.631443 24985 traceroute.cc:147] R: 6 S: 163.15k R: 25.04k PreP: 18.09 RmnP: 83.33 IfCnt: 521880 FwIfCnt: 465345
I1212 19:06:33.631659 24985 traceroute.cc:147] R: 6 S: 154.69k R: 24.67k PreP: 18.09 RmnP: 83.30 IfCnt: 522246 FwIfCnt: 467597
I1212 19:06:38.631918 24985 traceroute.cc:147] R: 7 S: 168.13k R: 27.57k PreP: 18.09 RmnP: 82.48 IfCnt: 522661 FwIfCnt: 469967
I1212 19:06:43.632150 24985 traceroute.cc:147] R: 7 S: 164.42k R: 27.62k PreP: 18.09 RmnP: 79.38 IfCnt: 523142 FwIfCnt: 474370
I1212 19:06:48.632351 24985 traceroute.cc:147] R: 7 S: 171.70k R: 28.03k PreP: 18.09 RmnP: 76.13 IfCnt: 523653 FwIfCnt: 478877
I1212 19:06:53.632555 24985 traceroute.cc:147] R: 7 S: 160.92k R: 27.62k PreP: 18.09 RmnP: 72.99 IfCnt: 524146 FwIfCnt: 483315
I1212 19:06:58.632751 24985 traceroute.cc:147] R: 7 S: 182.89k R: 30.79k PreP: 18.09 RmnP: 69.38 IfCnt: 524663 FwIfCnt: 487985
I1212 19:07:03.633010 24985 traceroute.cc:147] R: 7 S: 189.92k R: 31.76k PreP: 18.09 RmnP: 65.99 IfCnt: 525160 FwIfCnt: 492162
I1212 19:07:08.633244 24985 traceroute.cc:147] R: 7 S: 187.61k R: 29.86k PreP: 18.09 RmnP: 62.47 IfCnt: 525571 FwIfCnt: 496182
I1212 19:07:13.633492 24985 traceroute.cc:147] R: 7 S: 173.53k R: 28.98k PreP: 18.09 RmnP: 59.13 IfCnt: 525984 FwIfCnt: 499700
I1212 19:07:18.633697 24985 traceroute.cc:147] R: 7 S: 166.86k R: 26.85k PreP: 18.09 RmnP: 55.75 IfCnt: 526381 FwIfCnt: 502918
I1212 19:07:23.634040 24985 traceroute.cc:147] R: 7 S: 174.56k R: 28.61k PreP: 18.09 RmnP: 52.34 IfCnt: 526782 FwIfCnt: 506148
I1212 19:07:28.634320 24985 traceroute.cc:147] R: 8 S: 171.02k R: 29.54k PreP: 18.09 RmnP: 50.31 IfCnt: 527186 FwIfCnt: 509573
I1212 19:07:33.634560 24985 traceroute.cc:147] R: 8 S: 163.82k R: 18.61k PreP: 18.09 RmnP: 49.66 IfCnt: 527567 FwIfCnt: 513728
I1212 19:07:38.634799 24985 traceroute.cc:147] R: 8 S: 179.22k R: 20.55k PreP: 18.09 RmnP: 48.95 IfCnt: 527900 FwIfCnt: 517720
I1212 19:07:43.635195 24985 traceroute.cc:147] R: 8 S: 158.73k R: 18.75k PreP: 18.09 RmnP: 48.31 IfCnt: 528192 FwIfCnt: 521175
I1212 19:07:48.635459 24985 traceroute.cc:147] R: 8 S: 157.65k R: 18.87k PreP: 18.09 RmnP: 47.71 IfCnt: 528469 FwIfCnt: 524435
I1212 19:07:53.635661 24985 traceroute.cc:147] R: 8 S: 153.46k R: 16.47k PreP: 18.09 RmnP: 47.15 IfCnt: 528692 FwIfCnt: 527140
I1212 19:07:58.636067 24985 traceroute.cc:147] R: 8 S: 149.35k R: 16.62k PreP: 18.09 RmnP: 46.59 IfCnt: 528902 FwIfCnt: 529750
I1212 19:08:03.636304 24985 traceroute.cc:147] R: 8 S: 191.89k R: 21.15k PreP: 18.09 RmnP: 45.85 IfCnt: 529188 FwIfCnt: 532961
I1212 19:08:08.636536 24985 traceroute.cc:147] R: 8 S: 192.42k R: 21.40k PreP: 18.09 RmnP: 45.12 IfCnt: 529453 FwIfCnt: 536133
I1212 19:08:13.637042 24985 traceroute.cc:147] R: 9 S: 197.66k R: 26.25k PreP: 18.09 RmnP: 39.39 IfCnt: 529784 FwIfCnt: 540658
I1212 19:08:18.637334 24985 traceroute.cc:147] R: 9 S: 176.52k R: 31.16k PreP: 18.09 RmnP: 31.66 IfCnt: 530174 FwIfCnt: 547403
I1212 19:08:23.637584 24985 traceroute.cc:147] R: 9 S: 174.51k R: 31.05k PreP: 18.09 RmnP: 23.47 IfCnt: 530508 FwIfCnt: 553134
I1212 19:08:28.637814 24985 traceroute.cc:147] R: 10 S: 178.19k R: 31.98k PreP: 18.09 RmnP: 17.56 IfCnt: 530796 FwIfCnt: 558413
I1212 19:08:33.638007 24985 traceroute.cc:147] R: 10 S: 167.35k R: 25.67k PreP: 18.09 RmnP: 16.06 IfCnt: 531116 FwIfCnt: 563017
I1212 19:08:38.638550 24985 traceroute.cc:147] R: 10 S: 156.73k R: 22.55k PreP: 18.09 RmnP: 14.72 IfCnt: 531368 FwIfCnt: 566828
I1212 19:08:43.638758 24985 traceroute.cc:147] R: 11 S: 146.10k R: 20.70k PreP: 18.09 RmnP: 13.42 IfCnt: 531603 FwIfCnt: 569900
I1212 19:08:48.639016 24985 traceroute.cc:147] R: 11 S: 174.52k R: 25.00k PreP: 18.09 RmnP: 11.68 IfCnt: 531859 FwIfCnt: 573563
I1212 19:08:53.639256 24985 traceroute.cc:147] R: 12 S: 170.08k R: 24.17k PreP: 18.09 RmnP:  9.75 IfCnt: 532102 FwIfCnt: 576514
I1212 19:08:58.639475 24985 traceroute.cc:147] R: 12 S: 161.97k R: 23.44k PreP: 18.09 RmnP:  7.45 IfCnt: 532293 FwIfCnt: 579375
I1212 19:09:03.639685 24985 traceroute.cc:147] R: 13 S: 155.39k R: 24.20k PreP: 18.09 RmnP:  4.99 IfCnt: 532505 FwIfCnt: 581775
I1212 19:09:08.639997 24985 traceroute.cc:147] R: 15 S: 180.00k R: 35.27k PreP: 18.09 RmnP:  2.29 IfCnt: 532746 FwIfCnt: 584314
I1212 19:09:13.640296 24985 traceroute.cc:147] R: 20 S: 165.50k R: 53.84k PreP: 18.09 RmnP:  0.78 IfCnt: 533033 FwIfCnt: 586124
I1212 19:09:18.640648 24985 traceroute.cc:147] R: 25 S: 167.53k R: 112.86k PreP: 18.09 RmnP:  0.45 IfCnt: 533211 FwIfCnt: 586766
I1212 19:09:23.640884 24985 traceroute.cc:147] R: 30 S: 20.08k R: 17.54k PreP: 18.09 RmnP:  0.00 IfCnt: 533217 FwIfCnt: 586805
I1212 19:09:27.798424 24984 traceroute.cc:535] Scan finished.
I1212 19:09:27.799672 24984 traceroute.cc:542] Main probing finished (Took 679 seconds).
I1212 19:09:28.799970 24984 traceroute.cc:631] Average Sending Rate:         168.20 Kpps
I1212 19:09:28.800062 24984 traceroute.cc:633] Average Receving Rate:        37.71 Kpps
I1212 19:09:28.800082 24984 traceroute.cc:635] Sent packets:                 127698272
I1212 19:09:28.800091 24984 traceroute.cc:637] Received packets:             28627813
I1212 19:09:28.800101 24984 traceroute.cc:639] Dropped responses:            89550
I1212 19:09:28.800108 24984 traceroute.cc:641] Checksum Mistatches:          7317
I1212 19:09:28.800117 24984 traceroute.cc:643] Distance Abnormalities:       82233
I1212 19:09:28.800124 24984 traceroute.cc:645] Sent probes:                  113236325
I1212 19:09:28.800132 24984 traceroute.cc:646] Sent preprobes:               14461947
I1212 19:09:28.800159 24984 traceroute.cc:648] Interfaces Forward-probing:   586814
I1212 19:09:28.800168 24984 traceroute.cc:650] Interfaces Backward-probing:  533217
I1212 19:09:29.343011 24984 traceroute.cc:655] Discovered Interfaces:        847343
I1212 19:09:29.343091 24984 main.cc:336] The program ends.
