I1212 19:25:25.606222 25513 traceroute.cc:90] Internal recording disabled.
I1212 19:25:25.608893 25513 traceroute.cc:267] The target network is from 0.0.0.0 to 255.255.255.255.
I1212 19:25:30.442390 25513 blacklist.cc:24] Blacklist disabled.
I1212 19:25:30.501312 25513 blacklist.cc:53] 2315269 reserved addresses have been removed.
I1212 19:25:30.501363 25513 hitlist.cc:23] Load hitlist from file: list_0_8.txt
I1212 19:25:34.852798 25513 hitlist.cc:34] 15510524 load addresses from hitlist.
I1212 19:25:39.773576 25514 traceroute.cc:161] Temporary no metrics.
I1212 19:25:39.774004 25513 traceroute.cc:394] Start preprobing.
I1212 19:25:49.773805 25514 traceroute.cc:147] R: 0 S: 169.72k R:  9.38k PreP:   inf RmnP: 86.20 IfCnt: 0 FwIfCnt: 0
I1212 19:25:54.774101 25514 traceroute.cc:147] R: 0 S: 201.61k R: 10.61k PreP:   inf RmnP: 86.20 IfCnt: 0 FwIfCnt: 0
I1212 19:25:59.774310 25514 traceroute.cc:147] R: 0 S: 172.30k R:  9.01k PreP:   inf RmnP: 86.20 IfCnt: 0 FwIfCnt: 0
I1212 19:26:04.774538 25514 traceroute.cc:147] R: 0 S: 159.90k R:  8.41k PreP:   inf RmnP: 86.20 IfCnt: 0 FwIfCnt: 0
I1212 19:26:09.774757 25514 traceroute.cc:147] R: 0 S: 159.47k R:  8.23k PreP:   inf RmnP: 86.20 IfCnt: 0 FwIfCnt: 0
I1212 19:26:14.774951 25514 traceroute.cc:147] R: 0 S: 160.62k R:  8.91k PreP:   inf RmnP: 86.20 IfCnt: 0 FwIfCnt: 0
I1212 19:26:19.775192 25514 traceroute.cc:147] R: 0 S: 157.68k R:  8.67k PreP:   inf RmnP: 86.20 IfCnt: 0 FwIfCnt: 0
I1212 19:26:24.775394 25514 traceroute.cc:147] R: 0 S: 163.44k R:  8.80k PreP:   inf RmnP: 86.20 IfCnt: 0 FwIfCnt: 0
I1212 19:26:29.775646 25514 traceroute.cc:147] R: 0 S: 150.89k R:  8.20k PreP:   inf RmnP: 86.20 IfCnt: 0 FwIfCnt: 0
I1212 19:26:34.775882 25514 traceroute.cc:147] R: 0 S: 161.00k R:  8.27k PreP:   inf RmnP: 86.20 IfCnt: 0 FwIfCnt: 0
I1212 19:26:39.776124 25514 traceroute.cc:147] R: 0 S: 179.33k R:  8.91k PreP:   inf RmnP: 86.20 IfCnt: 0 FwIfCnt: 0
I1212 19:26:44.776333 25514 traceroute.cc:147] R: 0 S: 184.13k R:  9.29k PreP:   inf RmnP: 86.20 IfCnt: 0 FwIfCnt: 0
I1212 19:26:49.776712 25514 traceroute.cc:147] R: 0 S: 170.30k R:  8.86k PreP:   inf RmnP: 86.20 IfCnt: 0 FwIfCnt: 0
I1212 19:26:54.776908 25514 traceroute.cc:147] R: 0 S: 169.84k R:  8.85k PreP:   inf RmnP: 86.20 IfCnt: 0 FwIfCnt: 0
I1212 19:26:59.777140 25514 traceroute.cc:147] R: 0 S: 185.48k R:  9.71k PreP:   inf RmnP: 86.20 IfCnt: 0 FwIfCnt: 0
I1212 19:27:04.708036 25513 traceroute.cc:411] Preprobing finished (Took 84 seconds).
I1212 19:27:04.777405 25514 traceroute.cc:147] R: 0 S: 154.89k R:  8.79k PreP:   inf RmnP: 86.20 IfCnt: 0 FwIfCnt: 0
I1212 19:27:06.929358 25513 traceroute.cc:422] Preprobed: 2616272.
I1212 19:27:07.332516 25513 traceroute.cc:470] Start main probing.
I1212 19:27:09.777616 25514 traceroute.cc:147] R: 1 S: 3689348814739072.00k R: 3689348814741761.00k PreP: 18.09 RmnP: 86.20 IfCnt: 7417 FwIfCnt: 0
I1212 19:27:14.777814 25514 traceroute.cc:147] R: 1 S: 166.83k R: 11.87k PreP: 18.09 RmnP: 86.20 IfCnt: 28183 FwIfCnt: 0
I1212 19:27:19.778003 25514 traceroute.cc:147] R: 1 S: 161.01k R: 12.26k PreP: 18.09 RmnP: 86.20 IfCnt: 46271 FwIfCnt: 1
I1212 19:27:24.778214 25514 traceroute.cc:147] R: 1 S: 176.05k R: 12.61k PreP: 18.09 RmnP: 86.20 IfCnt: 62322 FwIfCnt: 1
I1212 19:27:29.778416 25514 traceroute.cc:147] R: 1 S: 146.77k R: 10.20k PreP: 18.09 RmnP: 86.20 IfCnt: 73947 FwIfCnt: 1
I1212 19:27:34.778614 25514 traceroute.cc:147] R: 1 S: 157.21k R: 10.90k PreP: 18.09 RmnP: 86.20 IfCnt: 85463 FwIfCnt: 1
I1212 19:27:39.778858 25514 traceroute.cc:147] R: 1 S: 153.54k R: 10.59k PreP: 18.09 RmnP: 86.20 IfCnt: 95771 FwIfCnt: 1
I1212 19:27:44.779069 25514 traceroute.cc:147] R: 1 S: 187.47k R: 13.75k PreP: 18.09 RmnP: 86.20 IfCnt: 108538 FwIfCnt: 5
I1212 19:27:49.779268 25514 traceroute.cc:147] R: 1 S: 174.26k R: 12.80k PreP: 18.09 RmnP: 86.20 IfCnt: 119592 FwIfCnt: 7
I1212 19:27:54.779484 25514 traceroute.cc:147] R: 1 S: 188.93k R: 13.58k PreP: 18.09 RmnP: 86.20 IfCnt: 131005 FwIfCnt: 8
I1212 19:27:59.779686 25514 traceroute.cc:147] R: 1 S: 186.06k R: 13.57k PreP: 18.09 RmnP: 86.20 IfCnt: 141697 FwIfCnt: 10
I1212 19:28:04.779942 25514 traceroute.cc:147] R: 1 S: 163.44k R: 11.13k PreP: 18.09 RmnP: 86.20 IfCnt: 149947 FwIfCnt: 11
I1212 19:28:09.780200 25514 traceroute.cc:147] R: 1 S: 150.21k R: 10.20k PreP: 18.09 RmnP: 86.20 IfCnt: 157261 FwIfCnt: 13
I1212 19:28:14.780406 25514 traceroute.cc:147] R: 1 S: 155.60k R: 10.59k PreP: 18.09 RmnP: 86.20 IfCnt: 164509 FwIfCnt: 14
I1212 19:28:19.780627 25514 traceroute.cc:147] R: 1 S: 176.64k R: 12.14k PreP: 18.09 RmnP: 86.20 IfCnt: 172470 FwIfCnt: 14
I1212 19:28:24.780838 25514 traceroute.cc:147] R: 1 S: 168.95k R: 11.92k PreP: 18.09 RmnP: 86.20 IfCnt: 180191 FwIfCnt: 17
I1212 19:28:29.781038 25514 traceroute.cc:147] R: 1 S: 163.54k R: 11.56k PreP: 18.09 RmnP: 86.20 IfCnt: 187278 FwIfCnt: 18
I1212 19:28:34.781373 25514 traceroute.cc:147] R: 2 S: 176.00k R: 13.08k PreP: 18.09 RmnP: 86.20 IfCnt: 195509 FwIfCnt: 683
I1212 19:28:39.781715 25514 traceroute.cc:147] R: 2 S: 148.82k R: 14.96k PreP: 18.09 RmnP: 86.19 IfCnt: 210676 FwIfCnt: 9088
I1212 19:28:44.781975 25514 traceroute.cc:147] R: 2 S: 152.81k R: 15.23k PreP: 18.09 RmnP: 86.17 IfCnt: 224419 FwIfCnt: 16507
I1212 19:28:49.782176 25514 traceroute.cc:147] R: 2 S: 181.44k R: 17.63k PreP: 18.09 RmnP: 86.16 IfCnt: 238606 FwIfCnt: 24815
I1212 19:28:54.782428 25514 traceroute.cc:147] R: 2 S: 199.55k R: 17.88k PreP: 18.09 RmnP: 86.14 IfCnt: 251800 FwIfCnt: 32479
I1212 19:28:59.782665 25514 traceroute.cc:147] R: 2 S: 182.48k R: 16.22k PreP: 18.09 RmnP: 86.12 IfCnt: 262677 FwIfCnt: 38928
I1212 19:29:04.782908 25514 traceroute.cc:147] R: 2 S: 183.80k R: 16.07k PreP: 18.09 RmnP: 86.10 IfCnt: 273022 FwIfCnt: 44965
I1212 19:29:09.783174 25514 traceroute.cc:147] R: 2 S: 177.03k R: 16.62k PreP: 18.09 RmnP: 86.08 IfCnt: 283055 FwIfCnt: 50952
I1212 19:29:14.783390 25514 traceroute.cc:147] R: 2 S: 163.59k R: 14.65k PreP: 18.09 RmnP: 86.07 IfCnt: 291567 FwIfCnt: 56154
I1212 19:29:19.783644 25514 traceroute.cc:147] R: 2 S: 177.68k R: 15.87k PreP: 18.09 RmnP: 86.05 IfCnt: 300661 FwIfCnt: 61652
I1212 19:29:24.783860 25514 traceroute.cc:147] R: 2 S: 184.17k R: 16.51k PreP: 18.09 RmnP: 86.03 IfCnt: 309378 FwIfCnt: 66898
I1212 19:29:29.784090 25514 traceroute.cc:147] R: 2 S: 171.56k R: 14.18k PreP: 18.09 RmnP: 86.01 IfCnt: 316689 FwIfCnt: 71135
I1212 19:29:34.784315 25514 traceroute.cc:147] R: 2 S: 167.80k R: 13.98k PreP: 18.09 RmnP: 85.99 IfCnt: 323684 FwIfCnt: 75170
I1212 19:29:39.784515 25514 traceroute.cc:147] R: 2 S: 159.18k R: 13.29k PreP: 18.09 RmnP: 85.97 IfCnt: 330141 FwIfCnt: 78975
I1212 19:29:44.784747 25514 traceroute.cc:147] R: 2 S: 154.22k R: 12.93k PreP: 18.09 RmnP: 85.95 IfCnt: 336263 FwIfCnt: 82579
I1212 19:29:49.785019 25514 traceroute.cc:147] R: 2 S: 153.38k R: 13.21k PreP: 18.09 RmnP: 85.94 IfCnt: 342374 FwIfCnt: 86100
I1212 19:29:54.785262 25514 traceroute.cc:147] R: 2 S: 168.35k R: 14.53k PreP: 18.09 RmnP: 85.92 IfCnt: 348711 FwIfCnt: 89775
I1212 19:29:59.785472 25514 traceroute.cc:147] R: 3 S: 188.55k R: 16.38k PreP: 18.09 RmnP: 85.88 IfCnt: 355787 FwIfCnt: 94008
I1212 19:30:04.785665 25514 traceroute.cc:147] R: 3 S: 186.80k R: 15.18k PreP: 18.09 RmnP: 85.82 IfCnt: 363199 FwIfCnt: 98648
I1212 19:30:09.785889 25514 traceroute.cc:147] R: 3 S: 171.42k R: 14.01k PreP: 18.09 RmnP: 85.77 IfCnt: 368824 FwIfCnt: 102821
I1212 19:30:14.786101 25514 traceroute.cc:147] R: 3 S: 168.69k R: 12.93k PreP: 18.09 RmnP: 85.72 IfCnt: 373594 FwIfCnt: 106523
I1212 19:30:19.786371 25514 traceroute.cc:147] R: 3 S: 173.03k R: 12.46k PreP: 18.09 RmnP: 85.66 IfCnt: 378069 FwIfCnt: 109937
I1212 19:30:24.786556 25514 traceroute.cc:147] R: 3 S: 181.80k R: 13.02k PreP: 18.09 RmnP: 85.60 IfCnt: 382599 FwIfCnt: 113434
I1212 19:30:29.786741 25514 traceroute.cc:147] R: 3 S: 190.46k R: 13.72k PreP: 18.09 RmnP: 85.54 IfCnt: 386886 FwIfCnt: 117100
I1212 19:30:34.786936 25514 traceroute.cc:147] R: 3 S: 177.72k R: 13.25k PreP: 18.09 RmnP: 85.48 IfCnt: 390843 FwIfCnt: 120463
I1212 19:30:39.787127 25514 traceroute.cc:147] R: 3 S: 173.15k R: 12.51k PreP: 18.09 RmnP: 85.42 IfCnt: 394694 FwIfCnt: 123680
I1212 19:30:44.787314 25514 traceroute.cc:147] R: 3 S: 172.95k R: 12.17k PreP: 18.09 RmnP: 85.36 IfCnt: 398164 FwIfCnt: 126814
I1212 19:30:49.787516 25514 traceroute.cc:147] R: 3 S: 163.09k R: 11.73k PreP: 18.09 RmnP: 85.31 IfCnt: 401436 FwIfCnt: 129569
I1212 19:30:54.787770 25514 traceroute.cc:147] R: 3 S: 181.00k R: 11.92k PreP: 18.09 RmnP: 85.25 IfCnt: 404664 FwIfCnt: 132308
I1212 19:30:59.787971 25514 traceroute.cc:147] R: 3 S: 202.83k R: 13.39k PreP: 18.09 RmnP: 85.19 IfCnt: 408415 FwIfCnt: 135354
I1212 19:31:04.788182 25514 traceroute.cc:147] R: 3 S: 206.38k R: 13.78k PreP: 18.09 RmnP: 85.12 IfCnt: 411894 FwIfCnt: 138452
I1212 19:31:09.788401 25514 traceroute.cc:147] R: 3 S: 204.26k R: 13.86k PreP: 18.09 RmnP: 85.05 IfCnt: 415426 FwIfCnt: 141426
I1212 19:31:14.788686 25514 traceroute.cc:147] R: 3 S: 209.92k R: 14.53k PreP: 18.09 RmnP: 84.97 IfCnt: 418989 FwIfCnt: 144412
I1212 19:31:19.788880 25514 traceroute.cc:147] R: 4 S: 201.21k R: 12.87k PreP: 18.09 RmnP: 84.91 IfCnt: 422302 FwIfCnt: 146917
I1212 19:31:24.789077 25514 traceroute.cc:147] R: 4 S: 196.78k R: 11.58k PreP: 18.09 RmnP: 84.84 IfCnt: 425377 FwIfCnt: 149156
I1212 19:31:29.789265 25514 traceroute.cc:147] R: 4 S: 188.42k R: 10.82k PreP: 18.09 RmnP: 84.78 IfCnt: 427930 FwIfCnt: 151198
I1212 19:31:34.789477 25514 traceroute.cc:147] R: 4 S: 192.72k R: 10.22k PreP: 18.09 RmnP: 84.73 IfCnt: 430251 FwIfCnt: 152996
I1212 19:31:39.789674 25514 traceroute.cc:147] R: 4 S: 175.10k R:  9.15k PreP: 18.09 RmnP: 84.68 IfCnt: 432158 FwIfCnt: 154608
I1212 19:31:44.789976 25514 traceroute.cc:147] R: 4 S: 192.88k R: 10.18k PreP: 18.09 RmnP: 84.62 IfCnt: 434181 FwIfCnt: 156452
I1212 19:31:49.790194 25514 traceroute.cc:147] R: 4 S: 177.67k R:  9.88k PreP: 18.09 RmnP: 84.57 IfCnt: 436110 FwIfCnt: 158044
I1212 19:31:54.790369 25514 traceroute.cc:147] R: 4 S: 173.52k R:  9.57k PreP: 18.09 RmnP: 84.52 IfCnt: 437875 FwIfCnt: 159615
I1212 19:31:59.790637 25514 traceroute.cc:147] R: 4 S: 170.28k R:  9.06k PreP: 18.09 RmnP: 84.47 IfCnt: 439554 FwIfCnt: 161144
I1212 19:32:04.791086 25514 traceroute.cc:147] R: 4 S: 201.79k R: 10.71k PreP: 18.09 RmnP: 84.42 IfCnt: 441432 FwIfCnt: 162885
I1212 19:32:09.791293 25514 traceroute.cc:147] R: 4 S: 212.59k R: 10.73k PreP: 18.09 RmnP: 84.36 IfCnt: 443247 FwIfCnt: 164550
I1212 19:32:14.791699 25514 traceroute.cc:147] R: 4 S: 204.56k R: 10.35k PreP: 18.09 RmnP: 84.31 IfCnt: 444939 FwIfCnt: 166102
I1212 19:32:19.791901 25514 traceroute.cc:147] R: 4 S: 195.10k R: 10.01k PreP: 18.09 RmnP: 84.26 IfCnt: 446547 FwIfCnt: 167556
I1212 19:32:24.792135 25514 traceroute.cc:147] R: 4 S: 193.71k R: 10.05k PreP: 18.09 RmnP: 84.21 IfCnt: 448150 FwIfCnt: 168997
I1212 19:32:29.792354 25514 traceroute.cc:147] R: 5 S: 197.39k R: 10.58k PreP: 18.09 RmnP: 84.16 IfCnt: 449720 FwIfCnt: 170360
I1212 19:32:34.792634 25514 traceroute.cc:147] R: 5 S: 198.05k R:  9.72k PreP: 18.09 RmnP: 84.11 IfCnt: 451315 FwIfCnt: 171780
I1212 19:32:39.792855 25514 traceroute.cc:147] R: 5 S: 177.40k R:  7.64k PreP: 18.09 RmnP: 84.07 IfCnt: 452588 FwIfCnt: 173046
I1212 19:32:44.793083 25514 traceroute.cc:147] R: 5 S: 186.44k R:  8.02k PreP: 18.09 RmnP: 84.02 IfCnt: 453846 FwIfCnt: 174314
I1212 19:32:49.793296 25514 traceroute.cc:147] R: 5 S: 198.87k R:  8.02k PreP: 18.09 RmnP: 83.98 IfCnt: 455057 FwIfCnt: 175527
I1212 19:32:54.793534 25514 traceroute.cc:147] R: 5 S: 185.39k R:  7.61k PreP: 18.09 RmnP: 83.94 IfCnt: 456084 FwIfCnt: 176648
I1212 19:32:59.793740 25514 traceroute.cc:147] R: 5 S: 193.10k R:  7.80k PreP: 18.09 RmnP: 83.89 IfCnt: 457111 FwIfCnt: 177732
I1212 19:33:04.793947 25514 traceroute.cc:147] R: 5 S: 181.76k R:  7.82k PreP: 18.09 RmnP: 83.85 IfCnt: 458161 FwIfCnt: 178796
I1212 19:33:09.794154 25514 traceroute.cc:147] R: 5 S: 191.14k R:  7.82k PreP: 18.09 RmnP: 83.81 IfCnt: 459212 FwIfCnt: 179839
I1212 19:33:14.794375 25514 traceroute.cc:147] R: 5 S: 198.89k R:  8.39k PreP: 18.09 RmnP: 83.76 IfCnt: 460281 FwIfCnt: 180995
I1212 19:33:19.794593 25514 traceroute.cc:147] R: 5 S: 210.93k R:  8.34k PreP: 18.09 RmnP: 83.72 IfCnt: 461333 FwIfCnt: 182009
I1212 19:33:24.794806 25514 traceroute.cc:147] R: 5 S: 204.96k R:  7.98k PreP: 18.09 RmnP: 83.67 IfCnt: 462265 FwIfCnt: 183022
I1212 19:33:29.795034 25514 traceroute.cc:147] R: 5 S: 204.68k R:  8.11k PreP: 18.09 RmnP: 83.63 IfCnt: 463219 FwIfCnt: 184068
I1212 19:33:34.795349 25514 traceroute.cc:147] R: 5 S: 204.21k R:  8.04k PreP: 18.09 RmnP: 83.58 IfCnt: 464120 FwIfCnt: 185079
I1212 19:33:39.795557 25514 traceroute.cc:147] R: 5 S: 197.78k R:  8.07k PreP: 18.09 RmnP: 83.54 IfCnt: 465046 FwIfCnt: 186051
I1212 19:33:44.795783 25514 traceroute.cc:147] R: 6 S: 192.30k R:  7.99k PreP: 18.09 RmnP: 83.50 IfCnt: 465899 FwIfCnt: 187025
I1212 19:33:49.796030 25514 traceroute.cc:147] R: 6 S: 202.21k R:  7.18k PreP: 18.09 RmnP: 83.47 IfCnt: 466704 FwIfCnt: 187881
I1212 19:33:54.796293 25514 traceroute.cc:147] R: 6 S: 199.36k R:  7.08k PreP: 18.09 RmnP: 83.44 IfCnt: 467457 FwIfCnt: 188669
I1212 19:33:59.796528 25514 traceroute.cc:147] R: 6 S: 191.72k R:  6.52k PreP: 18.09 RmnP: 83.41 IfCnt: 468150 FwIfCnt: 189387
I1212 19:34:04.796804 25514 traceroute.cc:147] R: 6 S: 179.78k R:  6.03k PreP: 18.09 RmnP: 83.38 IfCnt: 468755 FwIfCnt: 190075
I1212 19:34:09.796999 25514 traceroute.cc:147] R: 6 S: 175.44k R:  5.73k PreP: 18.09 RmnP: 83.35 IfCnt: 469306 FwIfCnt: 190715
I1212 19:34:14.797201 25514 traceroute.cc:147] R: 6 S: 204.35k R:  7.11k PreP: 18.09 RmnP: 83.32 IfCnt: 469964 FwIfCnt: 191499
I1212 19:34:19.797402 25514 traceroute.cc:147] R: 6 S: 215.07k R:  7.37k PreP: 18.09 RmnP: 83.28 IfCnt: 470619 FwIfCnt: 192264
I1212 19:34:24.797621 25514 traceroute.cc:147] R: 6 S: 199.45k R:  6.91k PreP: 18.09 RmnP: 83.25 IfCnt: 471251 FwIfCnt: 192969
I1212 19:34:29.797843 25514 traceroute.cc:147] R: 6 S: 202.48k R:  6.67k PreP: 18.09 RmnP: 83.22 IfCnt: 471847 FwIfCnt: 193576
I1212 19:34:34.798094 25514 traceroute.cc:147] R: 6 S: 208.20k R:  6.65k PreP: 18.09 RmnP: 83.19 IfCnt: 472448 FwIfCnt: 194188
I1212 19:34:39.798306 25514 traceroute.cc:147] R: 6 S: 190.84k R:  6.32k PreP: 18.09 RmnP: 83.16 IfCnt: 472948 FwIfCnt: 194816
I1212 19:34:44.798501 25514 traceroute.cc:147] R: 6 S: 193.25k R:  6.25k PreP: 18.09 RmnP: 83.13 IfCnt: 473507 FwIfCnt: 195391
I1212 19:34:49.798688 25514 traceroute.cc:147] R: 6 S: 187.12k R:  6.17k PreP: 18.09 RmnP: 83.10 IfCnt: 474037 FwIfCnt: 196005
I1212 19:34:54.798882 25514 traceroute.cc:147] R: 7 S: 179.59k R:  6.49k PreP: 18.09 RmnP: 82.86 IfCnt: 474469 FwIfCnt: 196553
I1212 19:34:59.799134 25514 traceroute.cc:147] R: 7 S: 189.15k R:  6.05k PreP: 18.09 RmnP: 82.16 IfCnt: 475079 FwIfCnt: 196984
I1212 19:35:04.799340 25514 traceroute.cc:147] R: 7 S: 200.06k R:  6.20k PreP: 18.09 RmnP: 81.41 IfCnt: 475682 FwIfCnt: 197444
I1212 19:35:09.799546 25514 traceroute.cc:147] R: 7 S: 182.04k R:  5.44k PreP: 18.09 RmnP: 80.78 IfCnt: 476185 FwIfCnt: 197815
I1212 19:35:14.799775 25514 traceroute.cc:147] R: 7 S: 181.24k R:  5.13k PreP: 18.09 RmnP: 80.15 IfCnt: 476624 FwIfCnt: 198160
I1212 19:35:19.799955 25514 traceroute.cc:147] R: 7 S: 180.66k R:  5.15k PreP: 18.09 RmnP: 79.49 IfCnt: 477038 FwIfCnt: 198515
I1212 19:35:24.800192 25514 traceroute.cc:147] R: 7 S: 208.22k R:  6.43k PreP: 18.09 RmnP: 78.72 IfCnt: 477504 FwIfCnt: 198957
I1212 19:35:29.800421 25514 traceroute.cc:147] R: 7 S: 198.69k R:  5.97k PreP: 18.09 RmnP: 77.99 IfCnt: 477941 FwIfCnt: 199358
I1212 19:35:34.800623 25514 traceroute.cc:147] R: 7 S: 196.93k R:  5.91k PreP: 18.09 RmnP: 77.29 IfCnt: 478376 FwIfCnt: 199718
I1212 19:35:39.800820 25514 traceroute.cc:147] R: 7 S: 205.57k R:  5.85k PreP: 18.09 RmnP: 76.58 IfCnt: 478830 FwIfCnt: 200109
I1212 19:35:44.801024 25514 traceroute.cc:147] R: 7 S: 192.05k R:  5.37k PreP: 18.09 RmnP: 75.90 IfCnt: 479201 FwIfCnt: 200448
I1212 19:35:49.801220 25514 traceroute.cc:147] R: 7 S: 183.75k R:  5.40k PreP: 18.09 RmnP: 75.26 IfCnt: 479609 FwIfCnt: 200755
I1212 19:35:54.801437 25514 traceroute.cc:147] R: 7 S: 197.68k R:  5.84k PreP: 18.09 RmnP: 74.54 IfCnt: 480002 FwIfCnt: 201085
I1212 19:35:59.801645 25514 traceroute.cc:147] R: 8 S: 165.34k R:  5.34k PreP: 18.09 RmnP: 74.10 IfCnt: 480293 FwIfCnt: 201388
I1212 19:36:04.801842 25514 traceroute.cc:147] R: 8 S: 189.56k R:  5.51k PreP: 18.09 RmnP: 74.01 IfCnt: 480712 FwIfCnt: 201658
I1212 19:36:09.802042 25514 traceroute.cc:147] R: 8 S: 190.92k R:  5.53k PreP: 18.09 RmnP: 73.91 IfCnt: 481079 FwIfCnt: 201865
I1212 19:36:14.802263 25514 traceroute.cc:147] R: 8 S: 183.81k R:  5.14k PreP: 18.09 RmnP: 73.82 IfCnt: 481402 FwIfCnt: 202084
I1212 19:36:19.802453 25514 traceroute.cc:147] R: 8 S: 175.20k R:  4.70k PreP: 18.09 RmnP: 73.73 IfCnt: 481665 FwIfCnt: 202265
I1212 19:36:24.802655 25514 traceroute.cc:147] R: 8 S: 182.01k R:  4.86k PreP: 18.09 RmnP: 73.64 IfCnt: 481915 FwIfCnt: 202446
I1212 19:36:29.802855 25514 traceroute.cc:147] R: 8 S: 214.89k R:  6.08k PreP: 18.09 RmnP: 73.53 IfCnt: 482209 FwIfCnt: 202681
I1212 19:36:34.803048 25514 traceroute.cc:147] R: 8 S: 208.45k R:  5.83k PreP: 18.09 RmnP: 73.42 IfCnt: 482474 FwIfCnt: 202951
I1212 19:36:39.803254 25514 traceroute.cc:147] R: 8 S: 208.46k R:  5.78k PreP: 18.09 RmnP: 73.32 IfCnt: 482744 FwIfCnt: 203175
I1212 19:36:44.803462 25514 traceroute.cc:147] R: 8 S: 210.72k R:  5.52k PreP: 18.09 RmnP: 73.23 IfCnt: 483006 FwIfCnt: 203389
I1212 19:36:49.803664 25514 traceroute.cc:147] R: 8 S: 194.46k R:  5.20k PreP: 18.09 RmnP: 73.13 IfCnt: 483236 FwIfCnt: 203591
I1212 19:36:54.803876 25514 traceroute.cc:147] R: 8 S: 180.82k R:  4.77k PreP: 18.09 RmnP: 73.04 IfCnt: 483455 FwIfCnt: 203764
I1212 19:36:59.804100 25514 traceroute.cc:147] R: 8 S: 187.19k R:  5.04k PreP: 18.09 RmnP: 72.94 IfCnt: 483696 FwIfCnt: 203951
I1212 19:37:04.804335 25514 traceroute.cc:147] R: 9 S: 182.74k R:  5.20k PreP: 18.09 RmnP: 72.86 IfCnt: 483916 FwIfCnt: 204127
I1212 19:37:09.804566 25514 traceroute.cc:147] R: 9 S: 172.06k R:  4.29k PreP: 18.09 RmnP: 72.79 IfCnt: 484118 FwIfCnt: 204242
I1212 19:37:14.804790 25514 traceroute.cc:147] R: 9 S: 178.49k R:  4.58k PreP: 18.09 RmnP: 72.70 IfCnt: 484318 FwIfCnt: 204357
I1212 19:37:19.804992 25514 traceroute.cc:147] R: 9 S: 183.45k R:  4.46k PreP: 18.09 RmnP: 72.63 IfCnt: 484509 FwIfCnt: 204483
I1212 19:37:24.805215 25514 traceroute.cc:147] R: 9 S: 183.72k R:  4.31k PreP: 18.09 RmnP: 72.55 IfCnt: 484656 FwIfCnt: 204586
I1212 19:37:29.805526 25514 traceroute.cc:147] R: 9 S: 175.19k R:  4.15k PreP: 18.09 RmnP: 72.48 IfCnt: 484788 FwIfCnt: 204677
I1212 19:37:34.805742 25514 traceroute.cc:147] R: 9 S: 207.96k R:  5.16k PreP: 18.09 RmnP: 72.38 IfCnt: 484990 FwIfCnt: 204823
I1212 19:37:39.805945 25514 traceroute.cc:147] R: 9 S: 208.71k R:  5.15k PreP: 18.09 RmnP: 72.29 IfCnt: 485161 FwIfCnt: 204966
I1212 19:37:44.806143 25514 traceroute.cc:147] R: 9 S: 207.18k R:  4.96k PreP: 18.09 RmnP: 72.19 IfCnt: 485322 FwIfCnt: 205093
I1212 19:37:49.806355 25514 traceroute.cc:147] R: 9 S: 200.21k R:  4.54k PreP: 18.09 RmnP: 72.12 IfCnt: 485463 FwIfCnt: 205194
I1212 19:37:54.806555 25514 traceroute.cc:147] R: 9 S: 209.65k R:  4.93k PreP: 18.09 RmnP: 72.02 IfCnt: 485618 FwIfCnt: 205333
I1212 19:37:59.806741 25514 traceroute.cc:147] R: 9 S: 194.86k R:  4.57k PreP: 18.09 RmnP: 71.94 IfCnt: 485745 FwIfCnt: 205435
I1212 19:38:04.806972 25514 traceroute.cc:147] R: 10 S: 192.86k R:  4.94k PreP: 18.09 RmnP: 71.86 IfCnt: 485871 FwIfCnt: 205551
I1212 19:38:09.807197 25514 traceroute.cc:147] R: 10 S: 196.72k R:  4.90k PreP: 18.09 RmnP: 71.80 IfCnt: 486082 FwIfCnt: 205669
I1212 19:38:14.807386 25514 traceroute.cc:147] R: 10 S: 195.84k R:  4.75k PreP: 18.09 RmnP: 71.74 IfCnt: 486238 FwIfCnt: 205741
I1212 19:38:19.807582 25514 traceroute.cc:147] R: 10 S: 196.00k R:  4.51k PreP: 18.09 RmnP: 71.68 IfCnt: 486378 FwIfCnt: 205827
I1212 19:38:24.807852 25514 traceroute.cc:147] R: 10 S: 184.60k R:  4.10k PreP: 18.09 RmnP: 71.63 IfCnt: 486505 FwIfCnt: 205886
I1212 19:38:29.808073 25514 traceroute.cc:147] R: 10 S: 189.81k R:  4.18k PreP: 18.09 RmnP: 71.57 IfCnt: 486602 FwIfCnt: 205965
I1212 19:38:34.808270 25514 traceroute.cc:147] R: 10 S: 186.68k R:  4.35k PreP: 18.09 RmnP: 71.52 IfCnt: 486722 FwIfCnt: 206054
I1212 19:38:39.808495 25514 traceroute.cc:147] R: 10 S: 223.61k R:  5.16k PreP: 18.09 RmnP: 71.45 IfCnt: 486858 FwIfCnt: 206159
I1212 19:38:44.808714 25514 traceroute.cc:147] R: 10 S: 217.00k R:  4.99k PreP: 18.09 RmnP: 71.39 IfCnt: 486964 FwIfCnt: 206239
I1212 19:38:49.808905 25514 traceroute.cc:147] R: 10 S: 220.07k R:  4.83k PreP: 18.09 RmnP: 71.32 IfCnt: 487073 FwIfCnt: 206325
I1212 19:38:54.809126 25514 traceroute.cc:147] R: 10 S: 199.30k R:  4.56k PreP: 18.09 RmnP: 71.27 IfCnt: 487178 FwIfCnt: 206430
I1212 19:38:59.809316 25514 traceroute.cc:147] R: 10 S: 207.75k R:  4.76k PreP: 18.09 RmnP: 71.20 IfCnt: 487284 FwIfCnt: 206492
I1212 19:39:04.809501 25514 traceroute.cc:147] R: 11 S: 168.45k R:  4.18k PreP: 18.09 RmnP: 71.15 IfCnt: 487357 FwIfCnt: 206565
I1212 19:39:09.809697 25514 traceroute.cc:147] R: 11 S: 174.98k R:  4.48k PreP: 18.09 RmnP: 71.11 IfCnt: 487498 FwIfCnt: 206632
I1212 19:39:14.809952 25514 traceroute.cc:147] R: 11 S: 191.17k R:  4.89k PreP: 18.09 RmnP: 71.06 IfCnt: 487626 FwIfCnt: 206682
I1212 19:39:19.810153 25514 traceroute.cc:147] R: 11 S: 176.91k R:  4.48k PreP: 18.09 RmnP: 71.01 IfCnt: 487772 FwIfCnt: 206721
I1212 19:39:24.810338 25514 traceroute.cc:147] R: 11 S: 176.02k R:  4.16k PreP: 18.09 RmnP: 70.97 IfCnt: 487869 FwIfCnt: 206768
I1212 19:39:29.810542 25514 traceroute.cc:147] R: 11 S: 166.61k R:  3.91k PreP: 18.09 RmnP: 70.93 IfCnt: 487962 FwIfCnt: 206807
I1212 19:39:34.810724 25514 traceroute.cc:147] R: 11 S: 178.27k R:  4.52k PreP: 18.09 RmnP: 70.88 IfCnt: 488064 FwIfCnt: 206854
I1212 19:39:39.810963 25514 traceroute.cc:147] R: 11 S: 169.68k R:  4.12k PreP: 18.09 RmnP: 70.84 IfCnt: 488159 FwIfCnt: 206897
I1212 19:39:44.811175 25514 traceroute.cc:147] R: 11 S: 210.04k R:  5.08k PreP: 18.09 RmnP: 70.78 IfCnt: 488276 FwIfCnt: 206947
I1212 19:39:49.811369 25514 traceroute.cc:147] R: 11 S: 198.25k R:  4.62k PreP: 18.09 RmnP: 70.73 IfCnt: 488374 FwIfCnt: 207004
I1212 19:39:54.811578 25514 traceroute.cc:147] R: 11 S: 200.84k R:  4.64k PreP: 18.09 RmnP: 70.68 IfCnt: 488461 FwIfCnt: 207053
I1212 19:39:59.811772 25514 traceroute.cc:147] R: 11 S: 192.48k R:  4.61k PreP: 18.09 RmnP: 70.62 IfCnt: 488551 FwIfCnt: 207111
I1212 19:40:04.811966 25514 traceroute.cc:147] R: 11 S: 202.94k R:  4.71k PreP: 18.09 RmnP: 70.57 IfCnt: 488655 FwIfCnt: 207160
I1212 19:40:09.812196 25514 traceroute.cc:147] R: 12 S: 184.73k R:  4.78k PreP: 18.09 RmnP: 70.52 IfCnt: 488735 FwIfCnt: 207214
I1212 19:40:14.812379 25514 traceroute.cc:147] R: 12 S: 180.80k R:  3.85k PreP: 18.09 RmnP: 70.46 IfCnt: 488915 FwIfCnt: 207250
I1212 19:40:19.812577 25514 traceroute.cc:147] R: 12 S: 198.47k R:  4.09k PreP: 18.09 RmnP: 70.42 IfCnt: 489100 FwIfCnt: 207285
I1212 19:40:24.812762 25514 traceroute.cc:147] R: 12 S: 183.27k R:  3.70k PreP: 18.09 RmnP: 70.37 IfCnt: 489202 FwIfCnt: 207325
I1212 19:40:29.812971 25514 traceroute.cc:147] R: 12 S: 158.36k R:  3.06k PreP: 18.09 RmnP: 70.33 IfCnt: 489316 FwIfCnt: 207354
I1212 19:40:34.813159 25514 traceroute.cc:147] R: 12 S: 186.72k R:  3.70k PreP: 18.09 RmnP: 70.28 IfCnt: 489436 FwIfCnt: 207381
I1212 19:40:39.813349 25514 traceroute.cc:147] R: 12 S: 172.72k R:  3.53k PreP: 18.09 RmnP: 70.23 IfCnt: 489540 FwIfCnt: 207404
I1212 19:40:44.813527 25514 traceroute.cc:147] R: 12 S: 163.55k R:  3.41k PreP: 18.09 RmnP: 70.19 IfCnt: 489651 FwIfCnt: 207442
I1212 19:40:49.813705 25514 traceroute.cc:147] R: 12 S: 194.23k R:  3.82k PreP: 18.09 RmnP: 70.15 IfCnt: 489772 FwIfCnt: 207483
I1212 19:40:54.813925 25514 traceroute.cc:147] R: 12 S: 200.78k R:  3.88k PreP: 18.09 RmnP: 70.09 IfCnt: 489871 FwIfCnt: 207515
I1212 19:40:59.814102 25514 traceroute.cc:147] R: 12 S: 208.20k R:  3.87k PreP: 18.09 RmnP: 70.05 IfCnt: 489999 FwIfCnt: 207547
I1212 19:41:04.814307 25514 traceroute.cc:147] R: 12 S: 194.22k R:  3.79k PreP: 18.09 RmnP: 69.99 IfCnt: 490083 FwIfCnt: 207584
I1212 19:41:09.814494 25514 traceroute.cc:147] R: 12 S: 206.01k R:  4.01k PreP: 18.09 RmnP: 69.94 IfCnt: 490185 FwIfCnt: 207617
I1212 19:41:14.814702 25514 traceroute.cc:147] R: 13 S: 200.00k R:  4.30k PreP: 18.09 RmnP: 69.91 IfCnt: 490377 FwIfCnt: 207655
I1212 19:41:19.814898 25514 traceroute.cc:147] R: 13 S: 203.48k R:  4.39k PreP: 18.09 RmnP: 69.89 IfCnt: 490676 FwIfCnt: 207687
I1212 19:41:24.815080 25514 traceroute.cc:147] R: 13 S: 197.31k R:  4.09k PreP: 18.09 RmnP: 69.87 IfCnt: 490939 FwIfCnt: 207707
I1212 19:41:29.815263 25514 traceroute.cc:147] R: 13 S: 201.36k R:  3.97k PreP: 18.09 RmnP: 69.84 IfCnt: 491138 FwIfCnt: 207727
I1212 19:41:34.815513 25514 traceroute.cc:147] R: 13 S: 181.87k R:  3.64k PreP: 18.09 RmnP: 69.82 IfCnt: 491325 FwIfCnt: 207744
I1212 19:41:39.815701 25514 traceroute.cc:147] R: 13 S: 181.95k R:  3.79k PreP: 18.09 RmnP: 69.80 IfCnt: 491516 FwIfCnt: 207768
I1212 19:41:44.815898 25514 traceroute.cc:147] R: 13 S: 186.71k R:  3.81k PreP: 18.09 RmnP: 69.78 IfCnt: 491704 FwIfCnt: 207789
I1212 19:41:49.816097 25514 traceroute.cc:147] R: 13 S: 185.99k R:  3.78k PreP: 18.09 RmnP: 69.75 IfCnt: 491867 FwIfCnt: 207813
I1212 19:41:54.816283 25514 traceroute.cc:147] R: 13 S: 198.69k R:  3.81k PreP: 18.09 RmnP: 69.73 IfCnt: 492033 FwIfCnt: 207838
I1212 19:41:59.816465 25514 traceroute.cc:147] R: 13 S: 209.50k R:  4.04k PreP: 18.09 RmnP: 69.70 IfCnt: 492209 FwIfCnt: 207859
I1212 19:42:04.816665 25514 traceroute.cc:147] R: 13 S: 194.76k R:  3.76k PreP: 18.09 RmnP: 69.68 IfCnt: 492351 FwIfCnt: 207881
I1212 19:42:09.816848 25514 traceroute.cc:147] R: 13 S: 197.16k R:  4.03k PreP: 18.09 RmnP: 69.66 IfCnt: 492507 FwIfCnt: 207902
I1212 19:42:14.817042 25514 traceroute.cc:147] R: 14 S: 200.35k R:  4.33k PreP: 18.09 RmnP: 69.64 IfCnt: 492792 FwIfCnt: 207927
I1212 19:42:19.817243 25514 traceroute.cc:147] R: 14 S: 208.39k R:  4.39k PreP: 18.09 RmnP: 69.62 IfCnt: 493230 FwIfCnt: 207940
I1212 19:42:24.817445 25514 traceroute.cc:147] R: 14 S: 202.56k R:  4.14k PreP: 18.09 RmnP: 69.60 IfCnt: 493578 FwIfCnt: 207970
I1212 19:42:29.817668 25514 traceroute.cc:147] R: 14 S: 205.23k R:  3.96k PreP: 18.09 RmnP: 69.58 IfCnt: 493852 FwIfCnt: 207983
I1212 19:42:34.817840 25514 traceroute.cc:147] R: 14 S: 181.81k R:  3.62k PreP: 18.09 RmnP: 69.56 IfCnt: 494094 FwIfCnt: 207995
I1212 19:42:39.818038 25514 traceroute.cc:147] R: 14 S: 196.65k R:  4.03k PreP: 18.09 RmnP: 69.54 IfCnt: 494396 FwIfCnt: 208014
I1212 19:42:44.818245 25514 traceroute.cc:147] R: 14 S: 188.29k R:  3.79k PreP: 18.09 RmnP: 69.53 IfCnt: 494619 FwIfCnt: 208037
I1212 19:42:49.818418 25514 traceroute.cc:147] R: 14 S: 201.00k R:  4.02k PreP: 18.09 RmnP: 69.50 IfCnt: 494885 FwIfCnt: 208050
I1212 19:42:54.818598 25514 traceroute.cc:147] R: 14 S: 171.28k R:  3.26k PreP: 18.09 RmnP: 69.49 IfCnt: 495081 FwIfCnt: 208059
I1212 19:42:59.818776 25514 traceroute.cc:147] R: 14 S: 186.64k R:  3.53k PreP: 18.09 RmnP: 69.47 IfCnt: 495257 FwIfCnt: 208075
I1212 19:43:04.818972 25514 traceroute.cc:147] R: 14 S: 214.55k R:  4.13k PreP: 18.09 RmnP: 69.45 IfCnt: 495507 FwIfCnt: 208088
I1212 19:43:09.819146 25514 traceroute.cc:147] R: 15 S: 203.92k R:  4.18k PreP: 18.09 RmnP: 69.43 IfCnt: 495725 FwIfCnt: 208104
I1212 19:43:14.819339 25514 traceroute.cc:147] R: 15 S: 207.87k R:  4.63k PreP: 18.09 RmnP: 69.41 IfCnt: 496272 FwIfCnt: 208116
I1212 19:43:19.819551 25514 traceroute.cc:147] R: 15 S: 200.74k R:  4.59k PreP: 18.09 RmnP: 69.39 IfCnt: 497005 FwIfCnt: 208123
I1212 19:43:24.819761 25514 traceroute.cc:147] R: 15 S: 195.10k R:  4.30k PreP: 18.09 RmnP: 69.37 IfCnt: 497542 FwIfCnt: 208138
I1212 19:43:29.819943 25514 traceroute.cc:147] R: 15 S: 187.69k R:  3.84k PreP: 18.09 RmnP: 69.35 IfCnt: 498027 FwIfCnt: 208147
I1212 19:43:34.820123 25514 traceroute.cc:147] R: 15 S: 178.07k R:  3.77k PreP: 18.09 RmnP: 69.33 IfCnt: 498455 FwIfCnt: 208154
I1212 19:43:39.820309 25514 traceroute.cc:147] R: 15 S: 187.70k R:  4.15k PreP: 18.09 RmnP: 69.31 IfCnt: 498942 FwIfCnt: 208169
I1212 19:43:44.820511 25514 traceroute.cc:147] R: 15 S: 179.30k R:  3.87k PreP: 18.09 RmnP: 69.30 IfCnt: 499378 FwIfCnt: 208181
I1212 19:43:49.820698 25514 traceroute.cc:147] R: 15 S: 201.31k R:  4.29k PreP: 18.09 RmnP: 69.28 IfCnt: 499825 FwIfCnt: 208196
I1212 19:43:54.820881 25514 traceroute.cc:147] R: 15 S: 179.65k R:  3.69k PreP: 18.09 RmnP: 69.26 IfCnt: 500177 FwIfCnt: 208203
I1212 19:43:59.821067 25514 traceroute.cc:147] R: 15 S: 183.35k R:  3.73k PreP: 18.09 RmnP: 69.24 IfCnt: 500552 FwIfCnt: 208217
I1212 19:44:04.821254 25514 traceroute.cc:147] R: 15 S: 206.49k R:  4.17k PreP: 18.09 RmnP: 69.22 IfCnt: 500959 FwIfCnt: 208228
I1212 19:44:09.821614 25514 traceroute.cc:147] R: 16 S: 210.41k R:  4.58k PreP: 18.09 RmnP: 69.20 IfCnt: 501357 FwIfCnt: 208234
I1212 19:44:14.821832 25514 traceroute.cc:147] R: 16 S: 208.35k R:  4.91k PreP: 18.09 RmnP: 69.18 IfCnt: 502210 FwIfCnt: 208247
I1212 19:44:19.822065 25514 traceroute.cc:147] R: 16 S: 195.02k R:  4.87k PreP: 18.09 RmnP: 69.15 IfCnt: 503219 FwIfCnt: 208259
I1212 19:44:24.822253 25514 traceroute.cc:147] R: 16 S: 210.02k R:  4.79k PreP: 18.09 RmnP: 69.13 IfCnt: 504077 FwIfCnt: 208266
I1212 19:44:29.822453 25514 traceroute.cc:147] R: 16 S: 212.64k R:  4.65k PreP: 18.09 RmnP: 69.10 IfCnt: 504883 FwIfCnt: 208275
I1212 19:44:34.822630 25514 traceroute.cc:147] R: 16 S: 188.58k R:  4.42k PreP: 18.09 RmnP: 69.08 IfCnt: 505578 FwIfCnt: 208280
I1212 19:44:39.822830 25514 traceroute.cc:147] R: 16 S: 160.92k R:  3.76k PreP: 18.09 RmnP: 69.06 IfCnt: 506138 FwIfCnt: 208287
I1212 19:44:44.823035 25514 traceroute.cc:147] R: 16 S: 170.06k R:  3.91k PreP: 18.09 RmnP: 69.04 IfCnt: 506720 FwIfCnt: 208295
I1212 19:44:49.823259 25514 traceroute.cc:147] R: 16 S: 166.10k R:  3.92k PreP: 18.09 RmnP: 69.02 IfCnt: 507247 FwIfCnt: 208303
I1212 19:44:54.823457 25514 traceroute.cc:147] R: 16 S: 187.38k R:  4.09k PreP: 18.09 RmnP: 69.00 IfCnt: 507783 FwIfCnt: 208311
I1212 19:44:59.823657 25514 traceroute.cc:147] R: 16 S: 173.26k R:  3.76k PreP: 18.09 RmnP: 68.98 IfCnt: 508290 FwIfCnt: 208315
I1212 19:45:04.823844 25514 traceroute.cc:147] R: 16 S: 162.92k R:  3.61k PreP: 18.09 RmnP: 68.96 IfCnt: 508704 FwIfCnt: 208327
I1212 19:45:09.824046 25514 traceroute.cc:147] R: 16 S: 165.48k R:  3.66k PreP: 18.09 RmnP: 68.94 IfCnt: 509168 FwIfCnt: 208333
I1212 19:45:14.824265 25514 traceroute.cc:147] R: 17 S: 205.58k R:  5.10k PreP: 18.09 RmnP: 68.92 IfCnt: 509804 FwIfCnt: 208342
I1212 19:45:19.824491 25514 traceroute.cc:147] R: 17 S: 213.93k R:  6.72k PreP: 18.09 RmnP: 68.88 IfCnt: 512066 FwIfCnt: 208348
I1212 19:45:24.824674 25514 traceroute.cc:147] R: 17 S: 215.87k R:  6.73k PreP: 18.09 RmnP: 68.84 IfCnt: 513907 FwIfCnt: 208352
I1212 19:45:29.824868 25514 traceroute.cc:147] R: 17 S: 207.90k R:  6.13k PreP: 18.09 RmnP: 68.81 IfCnt: 515525 FwIfCnt: 208362
I1212 19:45:34.825085 25514 traceroute.cc:147] R: 17 S: 187.34k R:  5.55k PreP: 18.09 RmnP: 68.77 IfCnt: 516853 FwIfCnt: 208371
I1212 19:45:39.825265 25514 traceroute.cc:147] R: 17 S: 173.55k R:  5.28k PreP: 18.09 RmnP: 68.74 IfCnt: 518032 FwIfCnt: 208377
I1212 19:45:44.825475 25514 traceroute.cc:147] R: 17 S: 186.34k R:  5.57k PreP: 18.09 RmnP: 68.71 IfCnt: 519187 FwIfCnt: 208381
I1212 19:45:49.825652 25514 traceroute.cc:147] R: 17 S: 179.29k R:  5.53k PreP: 18.09 RmnP: 68.68 IfCnt: 520334 FwIfCnt: 208385
I1212 19:45:54.825845 25514 traceroute.cc:147] R: 17 S: 189.34k R:  5.50k PreP: 18.09 RmnP: 68.65 IfCnt: 521302 FwIfCnt: 208393
I1212 19:45:59.826031 25514 traceroute.cc:147] R: 17 S: 176.79k R:  5.02k PreP: 18.09 RmnP: 68.62 IfCnt: 522184 FwIfCnt: 208395
I1212 19:46:04.826210 25514 traceroute.cc:147] R: 17 S: 186.10k R:  5.35k PreP: 18.09 RmnP: 68.59 IfCnt: 523144 FwIfCnt: 208404
I1212 19:46:09.826422 25514 traceroute.cc:147] R: 17 S: 176.90k R:  5.14k PreP: 18.09 RmnP: 68.56 IfCnt: 523990 FwIfCnt: 208405
I1212 19:46:14.826673 25514 traceroute.cc:147] R: 18 S: 189.68k R:  5.90k PreP: 18.09 RmnP: 68.51 IfCnt: 524896 FwIfCnt: 208408
I1212 19:46:19.827055 25514 traceroute.cc:147] R: 18 S: 204.72k R:  8.00k PreP: 18.09 RmnP: 68.44 IfCnt: 528417 FwIfCnt: 208411
I1212 19:46:24.827240 25514 traceroute.cc:147] R: 18 S: 204.05k R:  8.29k PreP: 18.09 RmnP: 68.36 IfCnt: 531398 FwIfCnt: 208417
I1212 19:46:29.827469 25514 traceroute.cc:147] R: 18 S: 198.87k R:  7.43k PreP: 18.09 RmnP: 68.29 IfCnt: 533629 FwIfCnt: 208423
I1212 19:46:34.827670 25514 traceroute.cc:147] R: 18 S: 199.72k R:  7.38k PreP: 18.09 RmnP: 68.22 IfCnt: 535796 FwIfCnt: 208432
I1212 19:46:39.827845 25514 traceroute.cc:147] R: 18 S: 201.99k R:  7.87k PreP: 18.09 RmnP: 68.15 IfCnt: 537927 FwIfCnt: 208438
I1212 19:46:44.828039 25514 traceroute.cc:147] R: 18 S: 189.08k R:  7.16k PreP: 18.09 RmnP: 68.08 IfCnt: 539842 FwIfCnt: 208442
I1212 19:46:49.828228 25514 traceroute.cc:147] R: 18 S: 197.89k R:  7.52k PreP: 18.09 RmnP: 68.01 IfCnt: 541717 FwIfCnt: 208447
I1212 19:46:54.828440 25514 traceroute.cc:147] R: 18 S: 189.09k R:  6.84k PreP: 18.09 RmnP: 67.94 IfCnt: 543322 FwIfCnt: 208450
I1212 19:46:59.828676 25514 traceroute.cc:147] R: 18 S: 196.55k R:  7.05k PreP: 18.09 RmnP: 67.87 IfCnt: 544874 FwIfCnt: 208453
I1212 19:47:04.828860 25514 traceroute.cc:147] R: 18 S: 183.44k R:  6.52k PreP: 18.09 RmnP: 67.81 IfCnt: 546308 FwIfCnt: 208455
I1212 19:47:09.829041 25514 traceroute.cc:147] R: 18 S: 178.08k R:  6.46k PreP: 18.09 RmnP: 67.74 IfCnt: 547656 FwIfCnt: 208456
I1212 19:47:14.829411 25514 traceroute.cc:147] R: 19 S: 180.32k R:  7.50k PreP: 18.09 RmnP: 67.66 IfCnt: 549801 FwIfCnt: 208459
I1212 19:47:19.829598 25514 traceroute.cc:147] R: 19 S: 167.15k R:  8.92k PreP: 18.09 RmnP: 67.56 IfCnt: 552889 FwIfCnt: 208464
I1212 19:47:24.829777 25514 traceroute.cc:147] R: 19 S: 195.11k R: 10.61k PreP: 18.09 RmnP: 67.45 IfCnt: 556000 FwIfCnt: 208469
I1212 19:47:29.829977 25514 traceroute.cc:147] R: 19 S: 209.22k R: 10.86k PreP: 18.09 RmnP: 67.33 IfCnt: 559090 FwIfCnt: 208473
I1212 19:47:34.830170 25514 traceroute.cc:147] R: 19 S: 214.69k R: 10.82k PreP: 18.09 RmnP: 67.21 IfCnt: 561645 FwIfCnt: 208478
I1212 19:47:39.830348 25514 traceroute.cc:147] R: 19 S: 212.93k R: 11.19k PreP: 18.09 RmnP: 67.10 IfCnt: 564220 FwIfCnt: 208482
I1212 19:47:44.830549 25514 traceroute.cc:147] R: 19 S: 213.97k R: 10.96k PreP: 18.09 RmnP: 66.97 IfCnt: 566589 FwIfCnt: 208484
I1212 19:47:49.830739 25514 traceroute.cc:147] R: 19 S: 207.23k R: 10.55k PreP: 18.09 RmnP: 66.86 IfCnt: 569076 FwIfCnt: 208491
I1212 19:47:54.830930 25514 traceroute.cc:147] R: 19 S: 177.27k R:  8.49k PreP: 18.09 RmnP: 66.77 IfCnt: 570601 FwIfCnt: 208496
I1212 19:47:59.831152 25514 traceroute.cc:147] R: 19 S: 187.84k R:  9.47k PreP: 18.09 RmnP: 66.66 IfCnt: 572513 FwIfCnt: 208499
I1212 19:48:04.831342 25514 traceroute.cc:147] R: 19 S: 198.81k R:  9.89k PreP: 18.09 RmnP: 66.56 IfCnt: 574628 FwIfCnt: 208503
I1212 19:48:09.831527 25514 traceroute.cc:147] R: 20 S: 188.65k R:  9.86k PreP: 18.09 RmnP: 66.44 IfCnt: 576371 FwIfCnt: 208504
I1212 19:48:14.831750 25514 traceroute.cc:147] R: 20 S: 174.29k R: 10.86k PreP: 18.09 RmnP: 66.25 IfCnt: 580166 FwIfCnt: 208508
I1212 19:48:19.831935 25514 traceroute.cc:147] R: 20 S: 175.57k R: 11.94k PreP: 18.09 RmnP: 66.07 IfCnt: 583391 FwIfCnt: 208508
I1212 19:48:24.832127 25514 traceroute.cc:147] R: 20 S: 170.11k R: 10.37k PreP: 18.09 RmnP: 65.89 IfCnt: 585852 FwIfCnt: 208512
I1212 19:48:29.832309 25514 traceroute.cc:147] R: 20 S: 185.59k R: 11.04k PreP: 18.09 RmnP: 65.70 IfCnt: 588394 FwIfCnt: 208514
I1212 19:48:34.832494 25514 traceroute.cc:147] R: 20 S: 186.42k R: 11.32k PreP: 18.09 RmnP: 65.51 IfCnt: 590798 FwIfCnt: 208515
I1212 19:48:39.832717 25514 traceroute.cc:147] R: 20 S: 187.60k R: 11.36k PreP: 18.09 RmnP: 65.32 IfCnt: 593305 FwIfCnt: 208516
I1212 19:48:44.832933 25514 traceroute.cc:147] R: 20 S: 177.41k R: 10.78k PreP: 18.09 RmnP: 65.14 IfCnt: 595471 FwIfCnt: 208517
I1212 19:48:49.833132 25514 traceroute.cc:147] R: 20 S: 179.77k R: 10.41k PreP: 18.09 RmnP: 64.97 IfCnt: 597376 FwIfCnt: 208517
I1212 19:48:54.833310 25514 traceroute.cc:147] R: 20 S: 176.53k R:  9.98k PreP: 18.09 RmnP: 64.79 IfCnt: 599398 FwIfCnt: 208522
I1212 19:48:59.833501 25514 traceroute.cc:147] R: 20 S: 180.64k R: 10.79k PreP: 18.09 RmnP: 64.61 IfCnt: 601304 FwIfCnt: 208526
I1212 19:49:04.833715 25514 traceroute.cc:147] R: 20 S: 187.83k R: 11.14k PreP: 18.09 RmnP: 64.42 IfCnt: 603141 FwIfCnt: 208529
I1212 19:49:09.834066 25514 traceroute.cc:147] R: 21 S: 196.94k R: 12.28k PreP: 18.09 RmnP: 64.19 IfCnt: 605487 FwIfCnt: 208530
I1212 19:49:14.834245 25514 traceroute.cc:147] R: 21 S: 172.36k R: 12.28k PreP: 18.09 RmnP: 63.93 IfCnt: 610217 FwIfCnt: 208531
I1212 19:49:19.834535 25514 traceroute.cc:147] R: 21 S: 181.80k R: 13.40k PreP: 18.09 RmnP: 63.67 IfCnt: 614140 FwIfCnt: 208532
I1212 19:49:24.834722 25514 traceroute.cc:147] R: 21 S: 169.07k R: 11.81k PreP: 18.09 RmnP: 63.44 IfCnt: 617230 FwIfCnt: 208535
I1212 19:49:29.834926 25514 traceroute.cc:147] R: 21 S: 181.07k R: 12.43k PreP: 18.09 RmnP: 63.19 IfCnt: 620183 FwIfCnt: 208538
I1212 19:49:34.835112 25514 traceroute.cc:147] R: 21 S: 196.21k R: 14.14k PreP: 18.09 RmnP: 62.93 IfCnt: 623340 FwIfCnt: 208538
I1212 19:49:39.835323 25514 traceroute.cc:147] R: 21 S: 202.91k R: 14.01k PreP: 18.09 RmnP: 62.64 IfCnt: 626519 FwIfCnt: 208538
I1212 19:49:44.835497 25514 traceroute.cc:147] R: 21 S: 180.23k R: 12.34k PreP: 18.09 RmnP: 62.41 IfCnt: 628993 FwIfCnt: 208538
I1212 19:49:49.835680 25514 traceroute.cc:147] R: 21 S: 175.43k R: 11.73k PreP: 18.09 RmnP: 62.18 IfCnt: 631198 FwIfCnt: 208539
I1212 19:49:54.835906 25514 traceroute.cc:147] R: 21 S: 195.01k R: 12.90k PreP: 18.09 RmnP: 61.90 IfCnt: 633580 FwIfCnt: 208542
I1212 19:49:59.836112 25514 traceroute.cc:147] R: 21 S: 180.22k R: 11.55k PreP: 18.09 RmnP: 61.66 IfCnt: 635786 FwIfCnt: 208542
I1212 19:50:04.836287 25514 traceroute.cc:147] R: 22 S: 187.39k R: 12.82k PreP: 18.09 RmnP: 61.39 IfCnt: 638263 FwIfCnt: 208542
I1212 19:50:09.836447 25514 traceroute.cc:147] R: 22 S: 178.14k R: 13.75k PreP: 18.09 RmnP: 61.09 IfCnt: 643388 FwIfCnt: 208543
I1212 19:50:14.836637 25514 traceroute.cc:147] R: 22 S: 185.44k R: 14.90k PreP: 18.09 RmnP: 60.77 IfCnt: 647857 FwIfCnt: 208545
I1212 19:50:19.836827 25514 traceroute.cc:147] R: 22 S: 177.76k R: 13.84k PreP: 18.09 RmnP: 60.46 IfCnt: 651457 FwIfCnt: 208545
I1212 19:50:24.837033 25514 traceroute.cc:147] R: 22 S: 186.84k R: 14.31k PreP: 18.09 RmnP: 60.14 IfCnt: 654705 FwIfCnt: 208548
I1212 19:50:29.837230 25514 traceroute.cc:147] R: 22 S: 172.59k R: 13.86k PreP: 18.09 RmnP: 59.85 IfCnt: 657744 FwIfCnt: 208549
I1212 19:50:34.837417 25514 traceroute.cc:147] R: 22 S: 181.20k R: 14.05k PreP: 18.09 RmnP: 59.54 IfCnt: 660803 FwIfCnt: 208550
I1212 19:50:39.837610 25514 traceroute.cc:147] R: 22 S: 198.45k R: 14.98k PreP: 18.09 RmnP: 59.22 IfCnt: 663685 FwIfCnt: 208550
I1212 19:50:44.837805 25514 traceroute.cc:147] R: 22 S: 199.29k R: 14.36k PreP: 18.09 RmnP: 58.89 IfCnt: 666292 FwIfCnt: 208551
I1212 19:50:49.837993 25514 traceroute.cc:147] R: 22 S: 210.32k R: 15.39k PreP: 18.09 RmnP: 58.57 IfCnt: 669087 FwIfCnt: 208555
I1212 19:50:54.838188 25514 traceroute.cc:147] R: 22 S: 202.38k R: 15.31k PreP: 18.09 RmnP: 58.24 IfCnt: 671783 FwIfCnt: 208555
I1212 19:50:59.838363 25514 traceroute.cc:147] R: 23 S: 177.73k R: 15.73k PreP: 18.09 RmnP: 57.89 IfCnt: 676257 FwIfCnt: 208556
I1212 19:51:04.838538 25514 traceroute.cc:147] R: 23 S: 198.29k R: 19.22k PreP: 18.09 RmnP: 57.49 IfCnt: 681416 FwIfCnt: 208556
I1212 19:51:09.838726 25514 traceroute.cc:147] R: 23 S: 190.65k R: 17.87k PreP: 18.09 RmnP: 57.11 IfCnt: 685227 FwIfCnt: 208557
I1212 19:51:14.838907 25514 traceroute.cc:147] R: 23 S: 186.48k R: 17.28k PreP: 18.09 RmnP: 56.72 IfCnt: 688541 FwIfCnt: 208557
I1212 19:51:19.839099 25514 traceroute.cc:147] R: 23 S: 167.07k R: 15.91k PreP: 18.09 RmnP: 56.38 IfCnt: 691500 FwIfCnt: 208558
I1212 19:51:24.839277 25514 traceroute.cc:147] R: 23 S: 189.01k R: 18.05k PreP: 18.09 RmnP: 56.00 IfCnt: 694825 FwIfCnt: 208558
I1212 19:51:29.839480 25514 traceroute.cc:147] R: 23 S: 162.02k R: 14.61k PreP: 18.09 RmnP: 55.69 IfCnt: 697336 FwIfCnt: 208558
I1212 19:51:34.839673 25514 traceroute.cc:147] R: 23 S: 167.58k R: 14.47k PreP: 18.09 RmnP: 55.38 IfCnt: 699682 FwIfCnt: 208558
I1212 19:51:39.839872 25514 traceroute.cc:147] R: 23 S: 185.64k R: 16.28k PreP: 18.09 RmnP: 55.03 IfCnt: 702128 FwIfCnt: 208559
I1212 19:51:44.840066 25514 traceroute.cc:147] R: 23 S: 188.85k R: 16.89k PreP: 18.09 RmnP: 54.64 IfCnt: 704732 FwIfCnt: 208560
I1212 19:51:49.840251 25514 traceroute.cc:147] R: 24 S: 211.48k R: 21.91k PreP: 18.09 RmnP: 54.10 IfCnt: 709533 FwIfCnt: 208560
I1212 19:51:54.840479 25514 traceroute.cc:147] R: 24 S: 197.38k R: 22.25k PreP: 18.09 RmnP: 53.57 IfCnt: 713729 FwIfCnt: 208560
I1212 19:51:59.840668 25514 traceroute.cc:147] R: 24 S: 189.25k R: 20.57k PreP: 18.09 RmnP: 53.07 IfCnt: 716808 FwIfCnt: 208561
I1212 19:52:04.840891 25514 traceroute.cc:147] R: 24 S: 206.13k R: 22.41k PreP: 18.09 RmnP: 52.52 IfCnt: 719890 FwIfCnt: 208561
I1212 19:52:09.841092 25514 traceroute.cc:147] R: 24 S: 205.23k R: 22.99k PreP: 18.09 RmnP: 51.97 IfCnt: 722964 FwIfCnt: 208564
I1212 19:52:14.841307 25514 traceroute.cc:147] R: 24 S: 198.43k R: 21.55k PreP: 18.09 RmnP: 51.48 IfCnt: 725482 FwIfCnt: 208565
I1212 19:52:19.841548 25514 traceroute.cc:147] R: 24 S: 175.07k R: 17.81k PreP: 18.09 RmnP: 51.04 IfCnt: 727486 FwIfCnt: 208567
I1212 19:52:24.841734 25514 traceroute.cc:147] R: 24 S: 185.26k R: 19.26k PreP: 18.09 RmnP: 50.59 IfCnt: 729569 FwIfCnt: 208569
I1212 19:52:29.841980 25514 traceroute.cc:147] R: 25 S: 188.91k R: 20.74k PreP: 18.09 RmnP: 50.05 IfCnt: 731910 FwIfCnt: 208569
I1212 19:52:34.842186 25514 traceroute.cc:147] R: 25 S: 169.75k R: 23.65k PreP: 18.09 RmnP: 49.48 IfCnt: 735664 FwIfCnt: 208571
I1212 19:52:39.842366 25514 traceroute.cc:147] R: 25 S: 167.95k R: 24.13k PreP: 18.09 RmnP: 48.92 IfCnt: 738393 FwIfCnt: 208572
I1212 19:52:44.842746 25514 traceroute.cc:147] R: 25 S: 167.17k R: 23.78k PreP: 18.09 RmnP: 48.37 IfCnt: 740455 FwIfCnt: 208572
I1212 19:52:49.842936 25514 traceroute.cc:147] R: 25 S: 192.53k R: 27.20k PreP: 18.09 RmnP: 47.72 IfCnt: 742771 FwIfCnt: 208573
I1212 19:52:54.843137 25514 traceroute.cc:147] R: 25 S: 200.91k R: 28.40k PreP: 18.09 RmnP: 47.04 IfCnt: 745031 FwIfCnt: 208574
I1212 19:52:59.843360 25514 traceroute.cc:147] R: 25 S: 196.81k R: 25.04k PreP: 18.09 RmnP: 46.43 IfCnt: 746927 FwIfCnt: 208574
I1212 19:53:04.843554 25514 traceroute.cc:147] R: 25 S: 198.97k R: 25.78k PreP: 18.09 RmnP: 45.80 IfCnt: 748569 FwIfCnt: 208575
I1212 19:53:09.843729 25514 traceroute.cc:147] R: 26 S: 194.47k R: 25.68k PreP: 18.09 RmnP: 45.11 IfCnt: 750679 FwIfCnt: 208575
I1212 19:53:14.843899 25514 traceroute.cc:147] R: 26 S: 193.16k R: 27.12k PreP: 18.09 RmnP: 44.20 IfCnt: 753487 FwIfCnt: 208575
I1212 19:53:19.844106 25514 traceroute.cc:147] R: 26 S: 193.36k R: 27.19k PreP: 18.09 RmnP: 43.30 IfCnt: 755480 FwIfCnt: 208576
I1212 19:53:24.844343 25514 traceroute.cc:147] R: 26 S: 164.99k R: 23.12k PreP: 18.09 RmnP: 42.54 IfCnt: 756794 FwIfCnt: 208576
I1212 19:53:29.844550 25514 traceroute.cc:147] R: 26 S: 169.01k R: 24.29k PreP: 18.09 RmnP: 41.76 IfCnt: 758162 FwIfCnt: 208576
I1212 19:53:34.844764 25514 traceroute.cc:147] R: 26 S: 176.90k R: 24.66k PreP: 18.09 RmnP: 41.03 IfCnt: 759528 FwIfCnt: 208576
I1212 19:53:39.844955 25514 traceroute.cc:147] R: 26 S: 183.29k R: 23.98k PreP: 18.09 RmnP: 40.26 IfCnt: 760724 FwIfCnt: 208577
I1212 19:53:44.845145 25514 traceroute.cc:147] R: 26 S: 179.14k R: 24.70k PreP: 18.09 RmnP: 39.49 IfCnt: 762017 FwIfCnt: 208578
I1212 19:53:49.845335 25514 traceroute.cc:147] R: 27 S: 169.50k R: 24.85k PreP: 18.09 RmnP: 38.72 IfCnt: 763460 FwIfCnt: 208578
I1212 19:53:54.845561 25514 traceroute.cc:147] R: 27 S: 191.42k R: 25.88k PreP: 18.09 RmnP: 37.83 IfCnt: 765225 FwIfCnt: 208579
I1212 19:53:59.845752 25514 traceroute.cc:147] R: 27 S: 203.12k R: 26.48k PreP: 18.09 RmnP: 36.87 IfCnt: 766654 FwIfCnt: 208579
I1212 19:54:04.845991 25514 traceroute.cc:147] R: 27 S: 193.80k R: 26.84k PreP: 18.09 RmnP: 35.97 IfCnt: 767973 FwIfCnt: 208579
I1212 19:54:09.846194 25514 traceroute.cc:147] R: 27 S: 185.83k R: 22.61k PreP: 18.09 RmnP: 35.16 IfCnt: 768943 FwIfCnt: 208579
I1212 19:54:14.846377 25514 traceroute.cc:147] R: 27 S: 186.58k R: 23.57k PreP: 18.09 RmnP: 34.29 IfCnt: 769936 FwIfCnt: 208579
I1212 19:54:19.846565 25514 traceroute.cc:147] R: 28 S: 184.14k R: 23.48k PreP: 18.09 RmnP: 33.43 IfCnt: 771140 FwIfCnt: 208579
I1212 19:54:24.846745 25514 traceroute.cc:147] R: 28 S: 180.60k R: 24.72k PreP: 18.09 RmnP: 32.64 IfCnt: 772289 FwIfCnt: 208579
I1212 19:54:29.846961 25514 traceroute.cc:147] R: 28 S: 202.22k R: 26.70k PreP: 18.09 RmnP: 31.74 IfCnt: 773232 FwIfCnt: 208580
I1212 19:54:34.847153 25514 traceroute.cc:147] R: 28 S: 185.72k R: 26.18k PreP: 18.09 RmnP: 30.96 IfCnt: 774056 FwIfCnt: 208580
I1212 19:54:39.847334 25514 traceroute.cc:147] R: 28 S: 171.95k R: 22.08k PreP: 18.09 RmnP: 30.24 IfCnt: 774728 FwIfCnt: 208580
I1212 19:54:44.847548 25514 traceroute.cc:147] R: 29 S: 183.10k R: 24.77k PreP: 18.09 RmnP: 29.47 IfCnt: 775402 FwIfCnt: 208580
I1212 19:54:49.847728 25514 traceroute.cc:147] R: 29 S: 177.08k R: 13.64k PreP: 18.09 RmnP: 28.66 IfCnt: 776357 FwIfCnt: 208580
I1212 19:54:54.847961 25514 traceroute.cc:147] R: 29 S: 181.37k R: 11.30k PreP: 18.09 RmnP: 27.84 IfCnt: 777011 FwIfCnt: 208580
I1212 19:54:59.848140 25514 traceroute.cc:147] R: 29 S: 181.44k R: 12.28k PreP: 18.09 RmnP: 27.02 IfCnt: 777644 FwIfCnt: 208580
I1212 19:55:04.848330 25514 traceroute.cc:147] R: 29 S: 209.05k R: 11.84k PreP: 18.09 RmnP: 26.08 IfCnt: 778299 FwIfCnt: 208580
I1212 19:55:09.848520 25514 traceroute.cc:147] R: 30 S: 211.92k R: 12.45k PreP: 18.09 RmnP: 25.50 IfCnt: 778906 FwIfCnt: 208580
I1212 19:55:14.848742 25514 traceroute.cc:147] R: 30 S: 206.76k R:  9.70k PreP: 18.09 RmnP: 25.09 IfCnt: 779109 FwIfCnt: 208581
I1212 19:55:19.848937 25514 traceroute.cc:147] R: 30 S: 194.88k R: 10.20k PreP: 18.09 RmnP: 24.71 IfCnt: 779283 FwIfCnt: 208581
I1212 19:55:24.849123 25514 traceroute.cc:147] R: 30 S: 197.23k R:  8.68k PreP: 18.09 RmnP: 24.35 IfCnt: 779417 FwIfCnt: 208581
I1212 19:55:29.849304 25514 traceroute.cc:147] R: 31 S: 205.42k R:  9.34k PreP: 18.09 RmnP: 24.01 IfCnt: 779530 FwIfCnt: 208581
I1212 19:55:34.849489 25514 traceroute.cc:147] R: 31 S: 186.72k R:  5.08k PreP: 18.09 RmnP: 23.72 IfCnt: 779552 FwIfCnt: 208581
I1212 19:55:39.849690 25514 traceroute.cc:147] R: 31 S: 183.58k R:  5.28k PreP: 18.09 RmnP: 23.44 IfCnt: 779563 FwIfCnt: 208581
I1212 19:55:44.849933 25514 traceroute.cc:147] R: 31 S: 179.54k R:  5.22k PreP: 18.09 RmnP: 23.19 IfCnt: 779578 FwIfCnt: 208581
I1212 19:55:49.850131 25514 traceroute.cc:147] R: 32 S: 177.72k R:  4.92k PreP: 18.09 RmnP: 22.97 IfCnt: 779585 FwIfCnt: 208581
I1212 19:55:54.850320 25514 traceroute.cc:147] R: 32 S: 178.49k R:  0.93k PreP: 18.09 RmnP: 22.83 IfCnt: 779594 FwIfCnt: 208581
I1212 19:55:59.850549 25514 traceroute.cc:147] R: 32 S: 191.02k R:  0.93k PreP: 18.09 RmnP: 22.66 IfCnt: 779595 FwIfCnt: 208581
I1212 19:56:04.850729 25514 traceroute.cc:147] R: 32 S: 201.96k R:  1.01k PreP: 18.09 RmnP: 22.48 IfCnt: 779596 FwIfCnt: 208581
I1212 19:56:08.155755 25513 traceroute.cc:535] Scan finished.
I1212 19:56:08.155984 25513 traceroute.cc:542] Main probing finished (Took 1740 seconds).
I1212 19:56:09.156158 25513 traceroute.cc:631] Average Sending Rate:         187.18 Kpps
I1212 19:56:09.156229 25513 traceroute.cc:633] Average Receving Rate:        9.81 Kpps
I1212 19:56:09.156239 25513 traceroute.cc:635] Sent packets:                 342231468
I1212 19:56:09.156249 25513 traceroute.cc:637] Received packets:             17927464
I1212 19:56:09.156256 25513 traceroute.cc:639] Dropped responses:            197354
I1212 19:56:09.156265 25513 traceroute.cc:641] Checksum Mistatches:          16994
I1212 19:56:09.156272 25513 traceroute.cc:643] Distance Abnormalities:       180360
I1212 19:56:09.156280 25513 traceroute.cc:645] Sent probes:                  327769521
I1212 19:56:09.156288 25513 traceroute.cc:646] Sent preprobes:               14461947
I1212 19:56:09.156296 25513 traceroute.cc:648] Interfaces Forward-probing:   208581
I1212 19:56:09.156303 25513 traceroute.cc:650] Interfaces Backward-probing:  779600
I1212 19:56:09.348883 25513 traceroute.cc:655] Discovered Interfaces:        835343
I1212 19:56:09.348950 25513 main.cc:336] The program ends.
