I1212 21:38:50.110445 27525 traceroute.cc:90] Internal recording disabled.
I1212 21:38:50.110487 27525 traceroute.cc:267] The target network is from 0.0.0.0 to 255.255.255.255.
I1212 21:38:54.990906 27525 blacklist.cc:24] Blacklist disabled.
I1212 21:38:55.050423 27525 blacklist.cc:53] 2315269 reserved addresses have been removed.
I1212 21:38:55.050472 27525 hitlist.cc:23] Load hitlist from file: list_0_8.txt
I1212 21:38:58.919059 27525 hitlist.cc:34] 15510524 load addresses from hitlist.
I1212 21:39:03.061177 27526 traceroute.cc:161] Temporary no metrics.
I1212 21:39:03.061271 27525 traceroute.cc:394] Start preprobing.
I1212 21:39:13.061456 27526 traceroute.cc:147] R: 0 S: 163.57k R:  8.40k PreP:   inf RmnP: 86.20 IfCnt: 0 FwIfCnt: 0
I1212 21:39:18.061671 27526 traceroute.cc:147] R: 0 S: 159.28k R:  8.25k PreP:   inf RmnP: 86.20 IfCnt: 0 FwIfCnt: 0
I1212 21:39:23.061892 27526 traceroute.cc:147] R: 0 S: 174.50k R:  8.85k PreP:   inf RmnP: 86.20 IfCnt: 0 FwIfCnt: 0
I1212 21:39:28.062073 27526 traceroute.cc:147] R: 0 S: 153.02k R:  8.01k PreP:   inf RmnP: 86.20 IfCnt: 0 FwIfCnt: 0
I1212 21:39:33.062247 27526 traceroute.cc:147] R: 0 S: 166.31k R:  8.74k PreP:   inf RmnP: 86.20 IfCnt: 0 FwIfCnt: 0
I1212 21:39:38.062435 27526 traceroute.cc:147] R: 0 S: 186.70k R: 10.05k PreP:   inf RmnP: 86.20 IfCnt: 0 FwIfCnt: 0
I1212 21:39:43.062620 27526 traceroute.cc:147] R: 0 S: 167.76k R:  9.13k PreP:   inf RmnP: 86.20 IfCnt: 0 FwIfCnt: 0
I1212 21:39:48.062819 27526 traceroute.cc:147] R: 0 S: 192.08k R: 10.49k PreP:   inf RmnP: 86.20 IfCnt: 0 FwIfCnt: 0
I1212 21:39:53.063097 27526 traceroute.cc:147] R: 0 S: 207.33k R: 10.58k PreP:   inf RmnP: 86.20 IfCnt: 0 FwIfCnt: 0
I1212 21:39:58.063297 27526 traceroute.cc:147] R: 0 S: 228.72k R: 11.76k PreP:   inf RmnP: 86.20 IfCnt: 0 FwIfCnt: 0
I1212 21:40:03.063513 27526 traceroute.cc:147] R: 0 S: 182.91k R:  9.86k PreP:   inf RmnP: 86.20 IfCnt: 0 FwIfCnt: 0
I1212 21:40:08.063704 27526 traceroute.cc:147] R: 0 S: 195.11k R: 10.55k PreP:   inf RmnP: 86.20 IfCnt: 0 FwIfCnt: 0
I1212 21:40:13.063903 27526 traceroute.cc:147] R: 0 S: 193.51k R: 10.62k PreP:   inf RmnP: 86.20 IfCnt: 0 FwIfCnt: 0
I1212 21:40:18.064106 27526 traceroute.cc:147] R: 0 S: 191.18k R: 10.30k PreP:   inf RmnP: 86.20 IfCnt: 0 FwIfCnt: 0
I1212 21:40:22.508579 27525 traceroute.cc:411] Preprobing finished (Took 79 seconds).
I1212 21:40:23.064333 27526 traceroute.cc:147] R: 0 S: 139.34k R:  7.60k PreP:   inf RmnP: 86.20 IfCnt: 0 FwIfCnt: 0
I1212 21:40:24.550464 27525 traceroute.cc:422] Preprobed: 2615538.
I1212 21:40:24.968673 27525 traceroute.cc:470] Start main probing.
I1212 21:40:28.064533 27526 traceroute.cc:147] R: 1 S: 3689348814739100.50k R: 3689348814741765.00k PreP: 18.09 RmnP: 86.20 IfCnt: 14392 FwIfCnt: 0
I1212 21:40:33.064759 27526 traceroute.cc:147] R: 1 S: 165.87k R: 14.13k PreP: 18.09 RmnP: 86.20 IfCnt: 37228 FwIfCnt: 1
I1212 21:40:38.064937 27526 traceroute.cc:147] R: 1 S: 180.50k R: 15.48k PreP: 18.09 RmnP: 86.20 IfCnt: 57448 FwIfCnt: 3
I1212 21:40:43.065121 27526 traceroute.cc:147] R: 1 S: 201.07k R: 17.50k PreP: 18.09 RmnP: 86.20 IfCnt: 77377 FwIfCnt: 7
I1212 21:40:48.065316 27526 traceroute.cc:147] R: 1 S: 198.79k R: 17.48k PreP: 18.09 RmnP: 86.20 IfCnt: 95191 FwIfCnt: 8
I1212 21:40:53.065522 27526 traceroute.cc:147] R: 1 S: 182.79k R: 16.27k PreP: 18.09 RmnP: 86.20 IfCnt: 110138 FwIfCnt: 9
I1212 21:40:58.065721 27526 traceroute.cc:147] R: 1 S: 197.54k R: 17.65k PreP: 18.09 RmnP: 86.20 IfCnt: 125425 FwIfCnt: 12
I1212 21:41:03.065938 27526 traceroute.cc:147] R: 1 S: 211.26k R: 19.41k PreP: 18.09 RmnP: 86.20 IfCnt: 140765 FwIfCnt: 14
I1212 21:41:08.066133 27526 traceroute.cc:147] R: 1 S: 207.09k R: 18.80k PreP: 18.09 RmnP: 86.20 IfCnt: 154731 FwIfCnt: 17
I1212 21:41:13.066326 27526 traceroute.cc:147] R: 1 S: 199.17k R: 17.51k PreP: 18.09 RmnP: 86.20 IfCnt: 166753 FwIfCnt: 20
I1212 21:41:18.066550 27526 traceroute.cc:147] R: 1 S: 217.49k R: 19.13k PreP: 18.09 RmnP: 86.20 IfCnt: 178992 FwIfCnt: 22
I1212 21:41:23.066733 27526 traceroute.cc:147] R: 1 S: 204.94k R: 18.52k PreP: 18.09 RmnP: 86.20 IfCnt: 190119 FwIfCnt: 22
I1212 21:41:28.066944 27526 traceroute.cc:147] R: 1 S: 192.10k R: 17.70k PreP: 18.09 RmnP: 86.20 IfCnt: 200402 FwIfCnt: 25
I1212 21:41:33.067157 27526 traceroute.cc:147] R: 1 S: 202.35k R: 18.33k PreP: 18.09 RmnP: 86.20 IfCnt: 210828 FwIfCnt: 29
I1212 21:41:38.067340 27526 traceroute.cc:147] R: 2 S: 189.02k R: 17.48k PreP: 18.09 RmnP: 86.20 IfCnt: 220166 FwIfCnt: 31
I1212 21:41:43.067538 27526 traceroute.cc:147] R: 2 S: 209.22k R: 23.71k PreP: 18.09 RmnP: 86.20 IfCnt: 240064 FwIfCnt: 11849
I1212 21:41:48.067735 27526 traceroute.cc:147] R: 2 S: 174.26k R: 21.06k PreP: 18.09 RmnP: 86.19 IfCnt: 257095 FwIfCnt: 23012
I1212 21:41:53.067973 27526 traceroute.cc:147] R: 2 S: 175.00k R: 20.86k PreP: 18.09 RmnP: 86.19 IfCnt: 271996 FwIfCnt: 32839
I1212 21:41:58.068158 27526 traceroute.cc:147] R: 2 S: 184.27k R: 22.16k PreP: 18.09 RmnP: 86.19 IfCnt: 286416 FwIfCnt: 42383
I1212 21:42:03.068343 27526 traceroute.cc:147] R: 2 S: 213.55k R: 24.72k PreP: 18.09 RmnP: 86.18 IfCnt: 301589 FwIfCnt: 52316
I1212 21:42:08.068559 27526 traceroute.cc:147] R: 2 S: 205.24k R: 24.22k PreP: 18.09 RmnP: 86.18 IfCnt: 315128 FwIfCnt: 61409
I1212 21:42:13.068744 27526 traceroute.cc:147] R: 2 S: 200.05k R: 23.48k PreP: 18.09 RmnP: 86.18 IfCnt: 327300 FwIfCnt: 69730
I1212 21:42:18.068928 27526 traceroute.cc:147] R: 2 S: 207.99k R: 26.09k PreP: 18.09 RmnP: 86.18 IfCnt: 339970 FwIfCnt: 78400
I1212 21:42:23.069109 27526 traceroute.cc:147] R: 2 S: 191.84k R: 22.23k PreP: 18.09 RmnP: 86.17 IfCnt: 350147 FwIfCnt: 85330
I1212 21:42:28.069319 27526 traceroute.cc:147] R: 2 S: 204.67k R: 23.19k PreP: 18.09 RmnP: 86.17 IfCnt: 360387 FwIfCnt: 92781
I1212 21:42:33.069494 27526 traceroute.cc:147] R: 2 S: 184.25k R: 20.55k PreP: 18.09 RmnP: 86.17 IfCnt: 369209 FwIfCnt: 99097
I1212 21:42:38.069710 27526 traceroute.cc:147] R: 2 S: 182.08k R: 21.25k PreP: 18.09 RmnP: 86.17 IfCnt: 377800 FwIfCnt: 105214
I1212 21:42:43.069906 27526 traceroute.cc:147] R: 2 S: 199.35k R: 23.21k PreP: 18.09 RmnP: 86.16 IfCnt: 387340 FwIfCnt: 111815
I1212 21:42:48.070145 27526 traceroute.cc:147] R: 2 S: 176.71k R: 20.38k PreP: 18.09 RmnP: 86.16 IfCnt: 395570 FwIfCnt: 117678
I1212 21:42:53.070329 27526 traceroute.cc:147] R: 2 S: 196.20k R: 22.83k PreP: 18.09 RmnP: 86.16 IfCnt: 404405 FwIfCnt: 123726
I1212 21:42:58.070662 27526 traceroute.cc:147] R: 3 S: 183.40k R: 20.83k PreP: 18.09 RmnP: 86.12 IfCnt: 413566 FwIfCnt: 129691
I1212 21:43:03.070840 27526 traceroute.cc:147] R: 3 S: 192.00k R: 21.54k PreP: 18.09 RmnP: 86.07 IfCnt: 422717 FwIfCnt: 135969
I1212 21:43:08.071000 27526 traceroute.cc:147] R: 3 S: 188.17k R: 20.72k PreP: 18.09 RmnP: 86.02 IfCnt: 430239 FwIfCnt: 141528
I1212 21:43:13.071189 27526 traceroute.cc:147] R: 3 S: 211.46k R: 23.13k PreP: 18.09 RmnP: 85.96 IfCnt: 438132 FwIfCnt: 147432
I1212 21:43:18.071369 27526 traceroute.cc:147] R: 3 S: 211.04k R: 22.76k PreP: 18.09 RmnP: 85.90 IfCnt: 445190 FwIfCnt: 153124
I1212 21:43:23.071565 27526 traceroute.cc:147] R: 3 S: 193.17k R: 21.42k PreP: 18.09 RmnP: 85.84 IfCnt: 451715 FwIfCnt: 158097
I1212 21:43:28.071768 27526 traceroute.cc:147] R: 3 S: 209.54k R: 22.52k PreP: 18.09 RmnP: 85.77 IfCnt: 457904 FwIfCnt: 163290
I1212 21:43:33.071965 27526 traceroute.cc:147] R: 3 S: 206.88k R: 24.22k PreP: 18.09 RmnP: 85.70 IfCnt: 464307 FwIfCnt: 168461
I1212 21:43:38.072180 27526 traceroute.cc:147] R: 3 S: 181.75k R: 19.40k PreP: 18.09 RmnP: 85.65 IfCnt: 469135 FwIfCnt: 172496
I1212 21:43:43.072373 27526 traceroute.cc:147] R: 3 S: 193.92k R: 20.46k PreP: 18.09 RmnP: 85.59 IfCnt: 474157 FwIfCnt: 176796
I1212 21:43:48.072571 27526 traceroute.cc:147] R: 3 S: 166.53k R: 17.23k PreP: 18.09 RmnP: 85.54 IfCnt: 478210 FwIfCnt: 180347
I1212 21:43:53.072757 27526 traceroute.cc:147] R: 3 S: 192.52k R: 20.84k PreP: 18.09 RmnP: 85.47 IfCnt: 482782 FwIfCnt: 184402
I1212 21:43:58.072924 27526 traceroute.cc:147] R: 3 S: 171.92k R: 18.75k PreP: 18.09 RmnP: 85.42 IfCnt: 487072 FwIfCnt: 188149
I1212 21:44:03.073119 27526 traceroute.cc:147] R: 3 S: 168.88k R: 17.75k PreP: 18.09 RmnP: 85.36 IfCnt: 491047 FwIfCnt: 191874
I1212 21:44:08.073323 27526 traceroute.cc:147] R: 3 S: 163.74k R: 17.67k PreP: 18.09 RmnP: 85.31 IfCnt: 495058 FwIfCnt: 195365
I1212 21:44:13.073550 27526 traceroute.cc:147] R: 4 S: 175.26k R: 18.09k PreP: 18.09 RmnP: 85.25 IfCnt: 499190 FwIfCnt: 198566
I1212 21:44:18.073743 27526 traceroute.cc:147] R: 4 S: 176.84k R: 16.66k PreP: 18.09 RmnP: 85.19 IfCnt: 504761 FwIfCnt: 200915
I1212 21:44:23.073926 27526 traceroute.cc:147] R: 4 S: 203.19k R: 18.37k PreP: 18.09 RmnP: 85.13 IfCnt: 509997 FwIfCnt: 203215
I1212 21:44:28.074100 27526 traceroute.cc:147] R: 4 S: 178.13k R: 16.53k PreP: 18.09 RmnP: 85.07 IfCnt: 514190 FwIfCnt: 205203
I1212 21:44:33.074297 27526 traceroute.cc:147] R: 4 S: 178.19k R: 16.37k PreP: 18.09 RmnP: 85.02 IfCnt: 518123 FwIfCnt: 207161
I1212 21:44:38.074494 27526 traceroute.cc:147] R: 4 S: 190.54k R: 17.37k PreP: 18.09 RmnP: 84.96 IfCnt: 522182 FwIfCnt: 209213
I1212 21:44:43.074792 27526 traceroute.cc:147] R: 4 S: 205.02k R: 18.68k PreP: 18.09 RmnP: 84.89 IfCnt: 526278 FwIfCnt: 211216
I1212 21:44:48.074963 27526 traceroute.cc:147] R: 4 S: 185.61k R: 17.56k PreP: 18.09 RmnP: 84.83 IfCnt: 529917 FwIfCnt: 213087
I1212 21:44:53.075181 27526 traceroute.cc:147] R: 4 S: 186.86k R: 18.16k PreP: 18.09 RmnP: 84.77 IfCnt: 533887 FwIfCnt: 215028
I1212 21:44:58.075364 27526 traceroute.cc:147] R: 4 S: 175.38k R: 15.70k PreP: 18.09 RmnP: 84.72 IfCnt: 536824 FwIfCnt: 216633
I1212 21:45:03.075662 27526 traceroute.cc:147] R: 4 S: 179.84k R: 16.29k PreP: 18.09 RmnP: 84.66 IfCnt: 539794 FwIfCnt: 218356
I1212 21:45:08.075829 27526 traceroute.cc:147] R: 4 S: 183.02k R: 16.05k PreP: 18.09 RmnP: 84.61 IfCnt: 542663 FwIfCnt: 220009
I1212 21:45:13.076151 27526 traceroute.cc:147] R: 4 S: 194.03k R: 18.02k PreP: 18.09 RmnP: 84.54 IfCnt: 545787 FwIfCnt: 221860
I1212 21:45:18.076345 27526 traceroute.cc:147] R: 4 S: 198.12k R: 18.20k PreP: 18.09 RmnP: 84.48 IfCnt: 549069 FwIfCnt: 223609
I1212 21:45:23.076541 27526 traceroute.cc:147] R: 4 S: 210.06k R: 19.06k PreP: 18.09 RmnP: 84.42 IfCnt: 552288 FwIfCnt: 225468
I1212 21:45:28.076725 27526 traceroute.cc:147] R: 5 S: 207.54k R: 18.87k PreP: 18.09 RmnP: 83.83 IfCnt: 555795 FwIfCnt: 227203
I1212 21:45:33.076913 27526 traceroute.cc:147] R: 5 S: 210.21k R: 20.42k PreP: 18.09 RmnP: 82.65 IfCnt: 561989 FwIfCnt: 228640
I1212 21:45:38.077127 27526 traceroute.cc:147] R: 5 S: 212.97k R: 20.70k PreP: 18.09 RmnP: 81.42 IfCnt: 567203 FwIfCnt: 230050
I1212 21:45:43.077303 27526 traceroute.cc:147] R: 5 S: 192.43k R: 18.68k PreP: 18.09 RmnP: 80.30 IfCnt: 571502 FwIfCnt: 231278
I1212 21:45:48.077528 27526 traceroute.cc:147] R: 5 S: 188.96k R: 18.47k PreP: 18.09 RmnP: 79.19 IfCnt: 575567 FwIfCnt: 232417
I1212 21:45:53.077725 27526 traceroute.cc:147] R: 5 S: 211.50k R: 20.73k PreP: 18.09 RmnP: 77.91 IfCnt: 580221 FwIfCnt: 233818
I1212 21:45:58.077931 27526 traceroute.cc:147] R: 5 S: 186.17k R: 19.29k PreP: 18.09 RmnP: 76.73 IfCnt: 583987 FwIfCnt: 234956
I1212 21:46:03.078130 27526 traceroute.cc:147] R: 5 S: 194.53k R: 18.58k PreP: 18.09 RmnP: 75.59 IfCnt: 587459 FwIfCnt: 235980
I1212 21:46:08.078332 27526 traceroute.cc:147] R: 5 S: 181.25k R: 17.49k PreP: 18.09 RmnP: 74.54 IfCnt: 590742 FwIfCnt: 236953
I1212 21:46:13.078536 27526 traceroute.cc:147] R: 5 S: 154.34k R: 14.85k PreP: 18.09 RmnP: 73.58 IfCnt: 593278 FwIfCnt: 237773
I1212 21:46:18.078749 27526 traceroute.cc:147] R: 5 S: 193.49k R: 19.22k PreP: 18.09 RmnP: 72.42 IfCnt: 596616 FwIfCnt: 238824
I1212 21:46:23.078963 27526 traceroute.cc:147] R: 5 S: 178.18k R: 17.59k PreP: 18.09 RmnP: 71.37 IfCnt: 599993 FwIfCnt: 239773
I1212 21:46:28.079144 27526 traceroute.cc:147] R: 6 S: 219.01k R: 21.10k PreP: 18.09 RmnP: 70.27 IfCnt: 603338 FwIfCnt: 240875
I1212 21:46:33.079326 27526 traceroute.cc:147] R: 6 S: 220.35k R: 21.63k PreP: 18.09 RmnP: 69.73 IfCnt: 609960 FwIfCnt: 241716
I1212 21:46:38.079536 27526 traceroute.cc:147] R: 6 S: 224.61k R: 21.87k PreP: 18.09 RmnP: 69.17 IfCnt: 615397 FwIfCnt: 242497
I1212 21:46:43.079787 27526 traceroute.cc:147] R: 6 S: 206.53k R: 20.00k PreP: 18.09 RmnP: 68.66 IfCnt: 619868 FwIfCnt: 243262
I1212 21:46:48.079972 27526 traceroute.cc:147] R: 6 S: 214.41k R: 22.21k PreP: 18.09 RmnP: 68.12 IfCnt: 624607 FwIfCnt: 243983
I1212 21:46:53.080168 27526 traceroute.cc:147] R: 6 S: 201.93k R: 20.33k PreP: 18.09 RmnP: 67.58 IfCnt: 628518 FwIfCnt: 244690
I1212 21:46:58.080360 27526 traceroute.cc:147] R: 6 S: 188.16k R: 19.08k PreP: 18.09 RmnP: 67.11 IfCnt: 631833 FwIfCnt: 245324
I1212 21:47:03.080577 27526 traceroute.cc:147] R: 6 S: 190.71k R: 18.80k PreP: 18.09 RmnP: 66.63 IfCnt: 635085 FwIfCnt: 245910
I1212 21:47:08.080770 27526 traceroute.cc:147] R: 6 S: 202.96k R: 19.71k PreP: 18.09 RmnP: 66.10 IfCnt: 638351 FwIfCnt: 246553
I1212 21:47:13.080956 27526 traceroute.cc:147] R: 6 S: 198.16k R: 20.37k PreP: 18.09 RmnP: 65.59 IfCnt: 641635 FwIfCnt: 247198
I1212 21:47:18.081146 27526 traceroute.cc:147] R: 6 S: 180.43k R: 17.89k PreP: 18.09 RmnP: 65.12 IfCnt: 644654 FwIfCnt: 247786
I1212 21:47:23.081363 27526 traceroute.cc:147] R: 7 S: 181.05k R: 17.96k PreP: 18.09 RmnP: 64.67 IfCnt: 647677 FwIfCnt: 248326
I1212 21:47:28.081568 27526 traceroute.cc:147] R: 7 S: 184.84k R: 20.06k PreP: 18.09 RmnP: 64.19 IfCnt: 653326 FwIfCnt: 248694
I1212 21:47:33.081746 27526 traceroute.cc:147] R: 7 S: 209.90k R: 22.89k PreP: 18.09 RmnP: 63.64 IfCnt: 658296 FwIfCnt: 249100
I1212 21:47:38.081948 27526 traceroute.cc:147] R: 7 S: 206.87k R: 22.53k PreP: 18.09 RmnP: 63.08 IfCnt: 662679 FwIfCnt: 249554
I1212 21:47:43.082116 27526 traceroute.cc:147] R: 7 S: 203.00k R: 23.33k PreP: 18.09 RmnP: 62.52 IfCnt: 666969 FwIfCnt: 249946
I1212 21:47:48.082314 27526 traceroute.cc:147] R: 7 S: 193.53k R: 22.36k PreP: 18.09 RmnP: 61.97 IfCnt: 670542 FwIfCnt: 250343
I1212 21:47:53.082510 27526 traceroute.cc:147] R: 7 S: 205.98k R: 23.19k PreP: 18.09 RmnP: 61.42 IfCnt: 674008 FwIfCnt: 250767
I1212 21:47:58.082715 27526 traceroute.cc:147] R: 7 S: 204.40k R: 22.81k PreP: 18.09 RmnP: 60.87 IfCnt: 677182 FwIfCnt: 251127
I1212 21:48:03.082932 27526 traceroute.cc:147] R: 7 S: 177.65k R: 20.40k PreP: 18.09 RmnP: 60.37 IfCnt: 679976 FwIfCnt: 251466
I1212 21:48:08.083175 27526 traceroute.cc:147] R: 7 S: 180.61k R: 20.71k PreP: 18.09 RmnP: 59.88 IfCnt: 682760 FwIfCnt: 251762
I1212 21:48:13.083456 27526 traceroute.cc:147] R: 8 S: 180.75k R: 20.75k PreP: 18.09 RmnP: 59.37 IfCnt: 685520 FwIfCnt: 252094
I1212 21:48:18.083657 27526 traceroute.cc:147] R: 8 S: 185.65k R: 21.03k PreP: 18.09 RmnP: 58.83 IfCnt: 690125 FwIfCnt: 252380
I1212 21:48:23.083835 27526 traceroute.cc:147] R: 8 S: 180.74k R: 20.45k PreP: 18.09 RmnP: 58.28 IfCnt: 693602 FwIfCnt: 252626
I1212 21:48:28.084033 27526 traceroute.cc:147] R: 8 S: 168.18k R: 19.06k PreP: 18.09 RmnP: 57.77 IfCnt: 696449 FwIfCnt: 252874
I1212 21:48:33.084213 27526 traceroute.cc:147] R: 8 S: 182.07k R: 22.01k PreP: 18.09 RmnP: 57.20 IfCnt: 699457 FwIfCnt: 253138
I1212 21:48:38.084390 27526 traceroute.cc:147] R: 8 S: 202.80k R: 24.15k PreP: 18.09 RmnP: 56.54 IfCnt: 702486 FwIfCnt: 253418
I1212 21:48:43.084580 27526 traceroute.cc:147] R: 8 S: 188.89k R: 22.88k PreP: 18.09 RmnP: 55.94 IfCnt: 705184 FwIfCnt: 253697
I1212 21:48:48.084759 27526 traceroute.cc:147] R: 8 S: 191.31k R: 22.70k PreP: 18.09 RmnP: 55.34 IfCnt: 707660 FwIfCnt: 253920
I1212 21:48:53.084980 27526 traceroute.cc:147] R: 8 S: 202.31k R: 24.23k PreP: 18.09 RmnP: 54.68 IfCnt: 710339 FwIfCnt: 254155
I1212 21:48:58.085187 27526 traceroute.cc:147] R: 8 S: 183.81k R: 22.77k PreP: 18.09 RmnP: 54.08 IfCnt: 712726 FwIfCnt: 254371
I1212 21:49:03.085377 27526 traceroute.cc:147] R: 9 S: 198.17k R: 25.32k PreP: 18.09 RmnP: 53.45 IfCnt: 715894 FwIfCnt: 254604
I1212 21:49:08.085628 27526 traceroute.cc:147] R: 9 S: 185.27k R: 28.60k PreP: 18.09 RmnP: 52.84 IfCnt: 719290 FwIfCnt: 254765
I1212 21:49:13.085841 27526 traceroute.cc:147] R: 9 S: 211.24k R: 32.78k PreP: 18.09 RmnP: 52.13 IfCnt: 722430 FwIfCnt: 254966
I1212 21:49:18.086058 27526 traceroute.cc:147] R: 9 S: 193.98k R: 31.20k PreP: 18.09 RmnP: 51.44 IfCnt: 724971 FwIfCnt: 255132
I1212 21:49:23.086249 27526 traceroute.cc:147] R: 9 S: 185.47k R: 29.72k PreP: 18.09 RmnP: 50.77 IfCnt: 727112 FwIfCnt: 255305
I1212 21:49:28.086467 27526 traceroute.cc:147] R: 9 S: 169.39k R: 27.34k PreP: 18.09 RmnP: 50.18 IfCnt: 728956 FwIfCnt: 255451
I1212 21:49:33.086648 27526 traceroute.cc:147] R: 9 S: 165.15k R: 27.18k PreP: 18.09 RmnP: 49.60 IfCnt: 730631 FwIfCnt: 255580
I1212 21:49:38.086833 27526 traceroute.cc:147] R: 9 S: 166.53k R: 27.16k PreP: 18.09 RmnP: 49.00 IfCnt: 732245 FwIfCnt: 255718
I1212 21:49:43.087011 27526 traceroute.cc:147] R: 9 S: 209.02k R: 33.96k PreP: 18.09 RmnP: 48.25 IfCnt: 734343 FwIfCnt: 255875
I1212 21:49:48.087172 27526 traceroute.cc:147] R: 10 S: 208.44k R: 30.41k PreP: 18.09 RmnP: 47.26 IfCnt: 736941 FwIfCnt: 256041
I1212 21:49:53.087370 27526 traceroute.cc:147] R: 10 S: 190.00k R: 28.52k PreP: 18.09 RmnP: 46.36 IfCnt: 738958 FwIfCnt: 256172
I1212 21:49:58.087544 27526 traceroute.cc:147] R: 10 S: 203.43k R: 31.44k PreP: 18.09 RmnP: 45.35 IfCnt: 740852 FwIfCnt: 256338
I1212 21:50:03.087730 27526 traceroute.cc:147] R: 10 S: 204.98k R: 31.91k PreP: 18.09 RmnP: 44.31 IfCnt: 742525 FwIfCnt: 256478
I1212 21:50:08.087921 27526 traceroute.cc:147] R: 10 S: 196.54k R: 30.33k PreP: 18.09 RmnP: 43.30 IfCnt: 743888 FwIfCnt: 256589
I1212 21:50:13.088112 27526 traceroute.cc:147] R: 10 S: 202.41k R: 31.37k PreP: 18.09 RmnP: 42.27 IfCnt: 745426 FwIfCnt: 256696
I1212 21:50:18.088292 27526 traceroute.cc:147] R: 11 S: 202.83k R: 32.20k PreP: 18.09 RmnP: 41.29 IfCnt: 746884 FwIfCnt: 256823
I1212 21:50:23.088477 27526 traceroute.cc:147] R: 11 S: 188.93k R: 25.33k PreP: 18.09 RmnP: 40.44 IfCnt: 748751 FwIfCnt: 256947
I1212 21:50:28.088685 27526 traceroute.cc:147] R: 11 S: 156.18k R: 20.99k PreP: 18.09 RmnP: 39.71 IfCnt: 750089 FwIfCnt: 257017
I1212 21:50:33.088888 27526 traceroute.cc:147] R: 11 S: 184.19k R: 26.33k PreP: 18.09 RmnP: 38.80 IfCnt: 751424 FwIfCnt: 257111
I1212 21:50:38.089071 27526 traceroute.cc:147] R: 11 S: 165.27k R: 25.60k PreP: 18.09 RmnP: 38.00 IfCnt: 752601 FwIfCnt: 257200
I1212 21:50:43.089288 27526 traceroute.cc:147] R: 11 S: 170.85k R: 25.93k PreP: 18.09 RmnP: 37.19 IfCnt: 753598 FwIfCnt: 257269
I1212 21:50:48.089478 27526 traceroute.cc:147] R: 11 S: 193.96k R: 29.11k PreP: 18.09 RmnP: 36.22 IfCnt: 754686 FwIfCnt: 257343
I1212 21:50:53.089686 27526 traceroute.cc:147] R: 12 S: 209.01k R: 31.93k PreP: 18.09 RmnP: 35.32 IfCnt: 755771 FwIfCnt: 257426
I1212 21:50:58.089870 27526 traceroute.cc:147] R: 12 S: 204.26k R: 30.21k PreP: 18.09 RmnP: 34.53 IfCnt: 757114 FwIfCnt: 257511
I1212 21:51:03.090106 27526 traceroute.cc:147] R: 12 S: 201.65k R: 31.92k PreP: 18.09 RmnP: 33.63 IfCnt: 758112 FwIfCnt: 257589
I1212 21:51:08.090282 27526 traceroute.cc:147] R: 12 S: 207.54k R: 32.41k PreP: 18.09 RmnP: 32.67 IfCnt: 759079 FwIfCnt: 257664
I1212 21:51:13.090477 27526 traceroute.cc:147] R: 12 S: 186.57k R: 28.09k PreP: 18.09 RmnP: 31.83 IfCnt: 759820 FwIfCnt: 257719
I1212 21:51:18.090709 27526 traceroute.cc:147] R: 13 S: 181.70k R: 29.29k PreP: 18.09 RmnP: 31.00 IfCnt: 760552 FwIfCnt: 257776
I1212 21:51:23.091051 27526 traceroute.cc:147] R: 13 S: 170.59k R: 18.39k PreP: 18.09 RmnP: 30.22 IfCnt: 761345 FwIfCnt: 257829
I1212 21:51:28.091228 27526 traceroute.cc:147] R: 13 S: 163.22k R: 14.39k PreP: 18.09 RmnP: 29.41 IfCnt: 762017 FwIfCnt: 257877
I1212 21:51:33.091387 27526 traceroute.cc:147] R: 13 S: 183.29k R: 16.25k PreP: 18.09 RmnP: 28.53 IfCnt: 762703 FwIfCnt: 257930
I1212 21:51:38.091564 27526 traceroute.cc:147] R: 13 S: 192.60k R: 16.44k PreP: 18.09 RmnP: 27.63 IfCnt: 763272 FwIfCnt: 257983
I1212 21:51:43.091742 27526 traceroute.cc:147] R: 14 S: 190.45k R: 17.62k PreP: 18.09 RmnP: 26.75 IfCnt: 763879 FwIfCnt: 258029
I1212 21:51:48.091935 27526 traceroute.cc:147] R: 14 S: 176.95k R: 12.50k PreP: 18.09 RmnP: 26.40 IfCnt: 764196 FwIfCnt: 258065
I1212 21:51:53.092113 27526 traceroute.cc:147] R: 14 S: 202.12k R: 13.24k PreP: 18.09 RmnP: 25.96 IfCnt: 764417 FwIfCnt: 258114
I1212 21:51:58.092350 27526 traceroute.cc:147] R: 14 S: 216.73k R: 15.27k PreP: 18.09 RmnP: 25.52 IfCnt: 764598 FwIfCnt: 258161
I1212 21:52:03.092526 27526 traceroute.cc:147] R: 14 S: 217.28k R: 15.40k PreP: 18.09 RmnP: 25.05 IfCnt: 764758 FwIfCnt: 258213
I1212 21:52:08.092859 27526 traceroute.cc:147] R: 15 S: 221.37k R: 14.10k PreP: 18.09 RmnP: 24.72 IfCnt: 764837 FwIfCnt: 258240
I1212 21:52:13.093109 27526 traceroute.cc:147] R: 15 S: 212.66k R: 12.07k PreP: 18.09 RmnP: 24.37 IfCnt: 764869 FwIfCnt: 258265
I1212 21:52:18.093302 27526 traceroute.cc:147] R: 15 S: 195.66k R: 10.51k PreP: 18.09 RmnP: 24.07 IfCnt: 764895 FwIfCnt: 258293
I1212 21:52:23.093488 27526 traceroute.cc:147] R: 16 S: 205.81k R: 11.52k PreP: 18.09 RmnP: 23.74 IfCnt: 764926 FwIfCnt: 258322
I1212 21:52:28.093680 27526 traceroute.cc:147] R: 16 S: 208.30k R:  6.43k PreP: 18.09 RmnP: 23.52 IfCnt: 764952 FwIfCnt: 258348
I1212 21:52:33.093896 27526 traceroute.cc:147] R: 16 S: 185.28k R:  4.97k PreP: 18.09 RmnP: 23.34 IfCnt: 764979 FwIfCnt: 258375
I1212 21:52:38.094079 27526 traceroute.cc:147] R: 16 S: 186.10k R:  4.89k PreP: 18.09 RmnP: 23.18 IfCnt: 764998 FwIfCnt: 258406
I1212 21:52:43.094275 27526 traceroute.cc:147] R: 17 S: 204.53k R:  5.69k PreP: 18.09 RmnP: 12.30 IfCnt: 765014 FwIfCnt: 258430
I1212 21:52:48.094450 27526 traceroute.cc:147] R: 23 S: 90.15k R: 40.48k PreP: 18.09 RmnP:  0.11 IfCnt: 765120 FwIfCnt: 258569
I1212 21:52:53.094791 27526 traceroute.cc:147] R: 28 S:  8.16k R:  7.84k PreP: 18.09 RmnP:  0.01 IfCnt: 765152 FwIfCnt: 258588
I1212 21:52:58.095026 27526 traceroute.cc:147] R: 33 S:  0.40k R:  0.45k PreP: 18.09 RmnP:  0.00 IfCnt: 765154 FwIfCnt: 258591
I1212 21:53:00.011885 27525 traceroute.cc:535] Scan finished.
I1212 21:53:00.012369 27525 traceroute.cc:542] Main probing finished (Took 755 seconds).
I1212 21:53:01.012531 27525 traceroute.cc:631] Average Sending Rate:         187.78 Kpps
I1212 21:53:01.012573 27525 traceroute.cc:633] Average Receving Rate:        19.55 Kpps
I1212 21:53:01.012583 27525 traceroute.cc:635] Sent packets:                 157161912
I1212 21:53:01.012591 27525 traceroute.cc:637] Received packets:             16366436
I1212 21:53:01.012600 27525 traceroute.cc:639] Dropped responses:            100428
I1212 21:53:01.012611 27525 traceroute.cc:641] Checksum Mistatches:          6695
I1212 21:53:01.012627 27525 traceroute.cc:643] Distance Abnormalities:       93733
I1212 21:53:01.012642 27525 traceroute.cc:645] Sent probes:                  142699965
I1212 21:53:01.012658 27525 traceroute.cc:646] Sent preprobes:               14461947
I1212 21:53:01.012674 27525 traceroute.cc:648] Interfaces Forward-probing:   258594
I1212 21:53:01.012691 27525 traceroute.cc:650] Interfaces Backward-probing:  765154
I1212 21:53:01.264937 27525 traceroute.cc:655] Discovered Interfaces:        835476
I1212 21:53:01.265004 27525 main.cc:336] The program ends.
