I1212 21:53:01.319557 27787 traceroute.cc:90] Internal recording disabled.
I1212 21:53:01.319612 27787 traceroute.cc:267] The target network is from 0.0.0.0 to 255.255.255.255.
I1212 21:53:06.131368 27787 blacklist.cc:24] Blacklist disabled.
I1212 21:53:06.189877 27787 blacklist.cc:53] 2315269 reserved addresses have been removed.
I1212 21:53:06.189918 27787 hitlist.cc:23] Load hitlist from file: list_0_8.txt
I1212 21:53:10.099706 27787 hitlist.cc:34] 15510524 load addresses from hitlist.
I1212 21:53:14.182888 27788 traceroute.cc:161] Temporary no metrics.
I1212 21:53:14.182978 27787 traceroute.cc:394] Start preprobing.
I1212 21:53:24.183140 27788 traceroute.cc:147] R: 0 S: 194.63k R: 10.09k PreP:   inf RmnP: 86.20 IfCnt: 0 FwIfCnt: 0
I1212 21:53:29.183331 27788 traceroute.cc:147] R: 0 S: 194.33k R: 10.02k PreP:   inf RmnP: 86.20 IfCnt: 0 FwIfCnt: 0
I1212 21:53:34.183511 27788 traceroute.cc:147] R: 0 S: 198.87k R: 10.70k PreP:   inf RmnP: 86.20 IfCnt: 0 FwIfCnt: 0
I1212 21:53:39.183692 27788 traceroute.cc:147] R: 0 S: 174.08k R:  9.54k PreP:   inf RmnP: 86.20 IfCnt: 0 FwIfCnt: 0
I1212 21:53:44.183874 27788 traceroute.cc:147] R: 0 S: 173.03k R:  9.49k PreP:   inf RmnP: 86.20 IfCnt: 0 FwIfCnt: 0
I1212 21:53:49.184073 27788 traceroute.cc:147] R: 0 S: 168.81k R:  9.18k PreP:   inf RmnP: 86.20 IfCnt: 0 FwIfCnt: 0
I1212 21:53:54.184271 27788 traceroute.cc:147] R: 0 S: 162.75k R:  8.56k PreP:   inf RmnP: 86.20 IfCnt: 0 FwIfCnt: 0
I1212 21:53:59.184482 27788 traceroute.cc:147] R: 0 S: 180.27k R:  9.35k PreP:   inf RmnP: 86.20 IfCnt: 0 FwIfCnt: 0
I1212 21:54:04.184682 27788 traceroute.cc:147] R: 0 S: 193.94k R:  9.97k PreP:   inf RmnP: 86.20 IfCnt: 0 FwIfCnt: 0
I1212 21:54:09.184864 27788 traceroute.cc:147] R: 0 S: 203.35k R: 11.10k PreP:   inf RmnP: 86.20 IfCnt: 0 FwIfCnt: 0
I1212 21:54:14.185107 27788 traceroute.cc:147] R: 0 S: 214.99k R: 11.57k PreP:   inf RmnP: 86.20 IfCnt: 0 FwIfCnt: 0
I1212 21:54:19.185328 27788 traceroute.cc:147] R: 0 S: 221.74k R: 11.87k PreP:   inf RmnP: 86.20 IfCnt: 0 FwIfCnt: 0
I1212 21:54:24.185509 27788 traceroute.cc:147] R: 0 S: 207.23k R: 10.82k PreP:   inf RmnP: 86.20 IfCnt: 0 FwIfCnt: 0
I1212 21:54:29.185698 27788 traceroute.cc:147] R: 0 S: 206.27k R: 10.59k PreP:   inf RmnP: 86.20 IfCnt: 0 FwIfCnt: 0
I1212 21:54:30.319569 27787 traceroute.cc:411] Preprobing finished (Took 76 seconds).
I1212 21:54:32.378669 27787 traceroute.cc:422] Preprobed: 2618559.
I1212 21:54:32.742835 27787 traceroute.cc:470] Start main probing.
I1212 21:54:34.185885 27788 traceroute.cc:147] R: 1 S: 3689348814739036.00k R: 3689348814741759.00k PreP: 18.11 RmnP: 86.20 IfCnt: 2502 FwIfCnt: 0
I1212 21:54:39.186090 27788 traceroute.cc:147] R: 1 S: 196.33k R: 16.76k PreP: 18.11 RmnP: 86.20 IfCnt: 32838 FwIfCnt: 2
I1212 21:54:44.186313 27788 traceroute.cc:147] R: 1 S: 186.08k R: 16.40k PreP: 18.11 RmnP: 86.20 IfCnt: 54902 FwIfCnt: 5
I1212 21:54:49.186512 27788 traceroute.cc:147] R: 1 S: 197.02k R: 17.07k PreP: 18.11 RmnP: 86.20 IfCnt: 74797 FwIfCnt: 6
I1212 21:54:54.186686 27788 traceroute.cc:147] R: 1 S: 198.97k R: 17.82k PreP: 18.11 RmnP: 86.20 IfCnt: 92729 FwIfCnt: 8
I1212 21:54:59.186857 27788 traceroute.cc:147] R: 1 S: 177.97k R: 15.83k PreP: 18.11 RmnP: 86.20 IfCnt: 107353 FwIfCnt: 9
I1212 21:55:04.187048 27788 traceroute.cc:147] R: 1 S: 185.08k R: 17.18k PreP: 18.11 RmnP: 86.20 IfCnt: 122251 FwIfCnt: 12
I1212 21:55:09.187258 27788 traceroute.cc:147] R: 1 S: 183.89k R: 16.56k PreP: 18.11 RmnP: 86.20 IfCnt: 135395 FwIfCnt: 13
I1212 21:55:14.187476 27788 traceroute.cc:147] R: 1 S: 200.18k R: 17.47k PreP: 18.11 RmnP: 86.20 IfCnt: 148377 FwIfCnt: 16
I1212 21:55:19.187759 27788 traceroute.cc:147] R: 1 S: 225.18k R: 19.51k PreP: 18.11 RmnP: 86.20 IfCnt: 161779 FwIfCnt: 19
I1212 21:55:24.187942 27788 traceroute.cc:147] R: 1 S: 199.49k R: 18.24k PreP: 18.11 RmnP: 86.20 IfCnt: 173515 FwIfCnt: 19
I1212 21:55:29.188124 27788 traceroute.cc:147] R: 1 S: 199.12k R: 18.17k PreP: 18.11 RmnP: 86.20 IfCnt: 184957 FwIfCnt: 20
I1212 21:55:34.188309 27788 traceroute.cc:147] R: 1 S: 207.59k R: 18.84k PreP: 18.11 RmnP: 86.20 IfCnt: 196235 FwIfCnt: 20
I1212 21:55:39.190308 27788 traceroute.cc:147] R: 1 S: 196.10k R: 18.11k PreP: 18.11 RmnP: 86.20 IfCnt: 206537 FwIfCnt: 23
I1212 21:55:44.190495 27788 traceroute.cc:147] R: 1 S: 166.56k R: 14.49k PreP: 18.11 RmnP: 86.20 IfCnt: 214224 FwIfCnt: 26
I1212 21:55:49.190670 27788 traceroute.cc:147] R: 2 S: 186.11k R: 17.28k PreP: 18.11 RmnP: 86.20 IfCnt: 224938 FwIfCnt: 2655
I1212 21:55:54.190852 27788 traceroute.cc:147] R: 2 S: 174.80k R: 22.11k PreP: 18.11 RmnP: 86.19 IfCnt: 244595 FwIfCnt: 16177
I1212 21:55:59.191027 27788 traceroute.cc:147] R: 2 S: 171.27k R: 20.56k PreP: 18.11 RmnP: 86.19 IfCnt: 260260 FwIfCnt: 26467
I1212 21:56:04.191202 27788 traceroute.cc:147] R: 2 S: 168.34k R: 20.63k PreP: 18.11 RmnP: 86.19 IfCnt: 274507 FwIfCnt: 36071
I1212 21:56:09.191385 27788 traceroute.cc:147] R: 2 S: 158.17k R: 19.07k PreP: 18.11 RmnP: 86.19 IfCnt: 286670 FwIfCnt: 44088
I1212 21:56:14.191574 27788 traceroute.cc:147] R: 2 S: 191.85k R: 22.65k PreP: 18.11 RmnP: 86.18 IfCnt: 300096 FwIfCnt: 53049
I1212 21:56:19.191763 27788 traceroute.cc:147] R: 2 S: 211.98k R: 25.61k PreP: 18.11 RmnP: 86.18 IfCnt: 314257 FwIfCnt: 62588
I1212 21:56:24.191956 27788 traceroute.cc:147] R: 2 S: 197.43k R: 24.60k PreP: 18.11 RmnP: 86.18 IfCnt: 326849 FwIfCnt: 70896
I1212 21:56:29.192126 27788 traceroute.cc:147] R: 2 S: 203.15k R: 23.43k PreP: 18.11 RmnP: 86.18 IfCnt: 338048 FwIfCnt: 78694
I1212 21:56:34.192330 27788 traceroute.cc:147] R: 2 S: 179.64k R: 20.41k PreP: 18.11 RmnP: 86.17 IfCnt: 347445 FwIfCnt: 85470
I1212 21:56:39.192505 27788 traceroute.cc:147] R: 2 S: 186.03k R: 21.10k PreP: 18.11 RmnP: 86.17 IfCnt: 356637 FwIfCnt: 92113
I1212 21:56:44.192703 27788 traceroute.cc:147] R: 2 S: 186.12k R: 22.03k PreP: 18.11 RmnP: 86.17 IfCnt: 366223 FwIfCnt: 98868
I1212 21:56:49.192911 27788 traceroute.cc:147] R: 2 S: 168.76k R: 19.99k PreP: 18.11 RmnP: 86.17 IfCnt: 374809 FwIfCnt: 104821
I1212 21:56:54.193111 27788 traceroute.cc:147] R: 2 S: 175.05k R: 20.12k PreP: 18.11 RmnP: 86.16 IfCnt: 383291 FwIfCnt: 110869
I1212 21:56:59.193295 27788 traceroute.cc:147] R: 2 S: 159.78k R: 19.00k PreP: 18.11 RmnP: 86.16 IfCnt: 390811 FwIfCnt: 116058
I1212 21:57:04.193454 27788 traceroute.cc:147] R: 2 S: 168.64k R: 18.93k PreP: 18.11 RmnP: 86.16 IfCnt: 397788 FwIfCnt: 121066
I1212 21:57:09.193658 27788 traceroute.cc:147] R: 3 S: 162.49k R: 17.91k PreP: 18.11 RmnP: 86.15 IfCnt: 404241 FwIfCnt: 125550
I1212 21:57:14.193856 27788 traceroute.cc:147] R: 3 S: 167.60k R: 19.22k PreP: 18.11 RmnP: 86.11 IfCnt: 413193 FwIfCnt: 131275
I1212 21:57:19.194036 27788 traceroute.cc:147] R: 3 S: 178.86k R: 20.82k PreP: 18.11 RmnP: 86.07 IfCnt: 421700 FwIfCnt: 137333
I1212 21:57:24.194203 27788 traceroute.cc:147] R: 3 S: 199.71k R: 22.64k PreP: 18.11 RmnP: 86.01 IfCnt: 429957 FwIfCnt: 143431
I1212 21:57:29.194411 27788 traceroute.cc:147] R: 3 S: 207.75k R: 23.36k PreP: 18.11 RmnP: 85.95 IfCnt: 437739 FwIfCnt: 149373
I1212 21:57:34.194613 27788 traceroute.cc:147] R: 3 S: 200.13k R: 22.39k PreP: 18.11 RmnP: 85.89 IfCnt: 444466 FwIfCnt: 154858
I1212 21:57:39.194802 27788 traceroute.cc:147] R: 3 S: 188.29k R: 21.19k PreP: 18.11 RmnP: 85.83 IfCnt: 450453 FwIfCnt: 159913
I1212 21:57:44.195009 27788 traceroute.cc:147] R: 3 S: 208.16k R: 24.20k PreP: 18.11 RmnP: 85.76 IfCnt: 457037 FwIfCnt: 165232
I1212 21:57:49.195204 27788 traceroute.cc:147] R: 3 S: 199.15k R: 21.48k PreP: 18.11 RmnP: 85.70 IfCnt: 462602 FwIfCnt: 169957
I1212 21:57:54.195394 27788 traceroute.cc:147] R: 3 S: 182.32k R: 19.75k PreP: 18.11 RmnP: 85.65 IfCnt: 467614 FwIfCnt: 174251
I1212 21:57:59.195587 27788 traceroute.cc:147] R: 3 S: 187.67k R: 20.18k PreP: 18.11 RmnP: 85.59 IfCnt: 472429 FwIfCnt: 178426
I1212 21:58:04.195778 27788 traceroute.cc:147] R: 3 S: 168.73k R: 19.18k PreP: 18.11 RmnP: 85.54 IfCnt: 476807 FwIfCnt: 182262
I1212 21:58:09.195986 27788 traceroute.cc:147] R: 3 S: 176.38k R: 18.97k PreP: 18.11 RmnP: 85.48 IfCnt: 481440 FwIfCnt: 186386
I1212 21:58:14.196166 27788 traceroute.cc:147] R: 3 S: 167.28k R: 17.84k PreP: 18.11 RmnP: 85.43 IfCnt: 485574 FwIfCnt: 190275
I1212 21:58:19.196341 27788 traceroute.cc:147] R: 3 S: 185.19k R: 19.97k PreP: 18.11 RmnP: 85.37 IfCnt: 489946 FwIfCnt: 194268
I1212 21:58:24.196553 27788 traceroute.cc:147] R: 3 S: 171.68k R: 17.77k PreP: 18.11 RmnP: 85.32 IfCnt: 493723 FwIfCnt: 197601
I1212 21:58:29.196741 27788 traceroute.cc:147] R: 4 S: 179.28k R: 18.07k PreP: 18.11 RmnP: 85.26 IfCnt: 498002 FwIfCnt: 200887
I1212 21:58:34.196933 27788 traceroute.cc:147] R: 4 S: 214.68k R: 21.24k PreP: 18.11 RmnP: 85.19 IfCnt: 504647 FwIfCnt: 203751
I1212 21:58:39.197113 27788 traceroute.cc:147] R: 4 S: 202.34k R: 19.00k PreP: 18.11 RmnP: 85.13 IfCnt: 509690 FwIfCnt: 206201
I1212 21:58:44.197307 27788 traceroute.cc:147] R: 4 S: 202.28k R: 18.84k PreP: 18.11 RmnP: 85.06 IfCnt: 514368 FwIfCnt: 208497
I1212 21:58:49.197482 27788 traceroute.cc:147] R: 4 S: 191.13k R: 18.25k PreP: 18.11 RmnP: 85.01 IfCnt: 518609 FwIfCnt: 210628
I1212 21:58:54.197702 27788 traceroute.cc:147] R: 4 S: 187.81k R: 17.67k PreP: 18.11 RmnP: 84.94 IfCnt: 522469 FwIfCnt: 212651
I1212 21:58:59.197909 27788 traceroute.cc:147] R: 4 S: 177.93k R: 17.82k PreP: 18.11 RmnP: 84.89 IfCnt: 526142 FwIfCnt: 214586
I1212 21:59:04.198089 27788 traceroute.cc:147] R: 4 S: 210.94k R: 19.61k PreP: 18.11 RmnP: 84.82 IfCnt: 529910 FwIfCnt: 216686
I1212 21:59:09.198288 27788 traceroute.cc:147] R: 4 S: 176.06k R: 16.23k PreP: 18.11 RmnP: 84.77 IfCnt: 532882 FwIfCnt: 218412
I1212 21:59:14.198477 27788 traceroute.cc:147] R: 4 S: 191.13k R: 17.29k PreP: 18.11 RmnP: 84.71 IfCnt: 535977 FwIfCnt: 220208
I1212 21:59:19.198657 27788 traceroute.cc:147] R: 4 S: 182.24k R: 17.40k PreP: 18.11 RmnP: 84.65 IfCnt: 539009 FwIfCnt: 222040
I1212 21:59:24.198840 27788 traceroute.cc:147] R: 4 S: 175.93k R: 16.68k PreP: 18.11 RmnP: 84.59 IfCnt: 542085 FwIfCnt: 223752
I1212 21:59:29.199031 27788 traceroute.cc:147] R: 4 S: 183.21k R: 16.94k PreP: 18.11 RmnP: 84.54 IfCnt: 545052 FwIfCnt: 225492
I1212 21:59:34.199220 27788 traceroute.cc:147] R: 4 S: 212.19k R: 19.56k PreP: 18.11 RmnP: 84.47 IfCnt: 548292 FwIfCnt: 227582
I1212 21:59:39.199426 27788 traceroute.cc:147] R: 4 S: 188.43k R: 16.70k PreP: 18.11 RmnP: 84.41 IfCnt: 551253 FwIfCnt: 229257
I1212 21:59:44.199617 27788 traceroute.cc:147] R: 5 S: 215.84k R: 18.66k PreP: 18.11 RmnP: 84.36 IfCnt: 555783 FwIfCnt: 231001
I1212 21:59:49.199795 27788 traceroute.cc:147] R: 5 S: 202.12k R: 17.76k PreP: 18.11 RmnP: 84.30 IfCnt: 560537 FwIfCnt: 232688
I1212 21:59:54.199988 27788 traceroute.cc:147] R: 5 S: 206.76k R: 17.99k PreP: 18.11 RmnP: 84.25 IfCnt: 564722 FwIfCnt: 234349
I1212 21:59:59.200170 27788 traceroute.cc:147] R: 5 S: 200.02k R: 17.78k PreP: 18.11 RmnP: 84.20 IfCnt: 568863 FwIfCnt: 235768
I1212 22:00:04.200361 27788 traceroute.cc:147] R: 5 S: 197.65k R: 17.43k PreP: 18.11 RmnP: 84.15 IfCnt: 572575 FwIfCnt: 237126
I1212 22:00:09.200542 27788 traceroute.cc:147] R: 5 S: 186.81k R: 16.62k PreP: 18.11 RmnP: 84.09 IfCnt: 575980 FwIfCnt: 238434
I1212 22:00:14.200721 27788 traceroute.cc:147] R: 5 S: 173.32k R: 15.81k PreP: 18.11 RmnP: 84.05 IfCnt: 578866 FwIfCnt: 239637
I1212 22:00:19.200892 27788 traceroute.cc:147] R: 5 S: 178.47k R: 15.42k PreP: 18.11 RmnP: 84.00 IfCnt: 581527 FwIfCnt: 240792
I1212 22:00:24.201092 27788 traceroute.cc:147] R: 5 S: 176.29k R: 15.16k PreP: 18.11 RmnP: 83.96 IfCnt: 584087 FwIfCnt: 241837
I1212 22:00:29.201294 27788 traceroute.cc:147] R: 5 S: 187.10k R: 15.98k PreP: 18.11 RmnP: 83.91 IfCnt: 586811 FwIfCnt: 242924
I1212 22:00:34.201653 27788 traceroute.cc:147] R: 5 S: 166.72k R: 14.75k PreP: 18.11 RmnP: 83.86 IfCnt: 589093 FwIfCnt: 243989
I1212 22:00:39.201833 27788 traceroute.cc:147] R: 5 S: 224.56k R: 19.65k PreP: 18.11 RmnP: 83.80 IfCnt: 592326 FwIfCnt: 245404
I1212 22:00:44.202020 27788 traceroute.cc:147] R: 5 S: 204.58k R: 17.98k PreP: 18.11 RmnP: 83.75 IfCnt: 594966 FwIfCnt: 246623
I1212 22:00:49.202185 27788 traceroute.cc:147] R: 5 S: 200.10k R: 17.02k PreP: 18.11 RmnP: 83.70 IfCnt: 597395 FwIfCnt: 247764
I1212 22:00:54.202374 27788 traceroute.cc:147] R: 6 S: 195.91k R: 16.63k PreP: 18.11 RmnP: 83.31 IfCnt: 599805 FwIfCnt: 248783
I1212 22:00:59.202553 27788 traceroute.cc:147] R: 6 S: 188.80k R: 18.44k PreP: 18.11 RmnP: 81.79 IfCnt: 605363 FwIfCnt: 249627
I1212 22:01:04.202752 27788 traceroute.cc:147] R: 6 S: 189.81k R: 18.13k PreP: 18.11 RmnP: 80.24 IfCnt: 609816 FwIfCnt: 250442
I1212 22:01:09.202952 27788 traceroute.cc:147] R: 6 S: 201.02k R: 20.27k PreP: 18.11 RmnP: 78.59 IfCnt: 614591 FwIfCnt: 251351
I1212 22:01:14.203258 27788 traceroute.cc:147] R: 6 S: 192.82k R: 19.32k PreP: 18.11 RmnP: 76.98 IfCnt: 618613 FwIfCnt: 252215
I1212 22:01:19.203447 27788 traceroute.cc:147] R: 6 S: 181.44k R: 18.60k PreP: 18.11 RmnP: 75.37 IfCnt: 622108 FwIfCnt: 252940
I1212 22:01:24.203621 27788 traceroute.cc:147] R: 6 S: 184.32k R: 18.13k PreP: 18.11 RmnP: 73.85 IfCnt: 625285 FwIfCnt: 253636
I1212 22:01:29.203820 27788 traceroute.cc:147] R: 6 S: 187.86k R: 18.22k PreP: 18.11 RmnP: 72.33 IfCnt: 628325 FwIfCnt: 254356
I1212 22:01:34.204012 27788 traceroute.cc:147] R: 6 S: 185.36k R: 18.10k PreP: 18.11 RmnP: 70.74 IfCnt: 631198 FwIfCnt: 254991
I1212 22:01:39.204241 27788 traceroute.cc:147] R: 6 S: 173.66k R: 17.63k PreP: 18.11 RmnP: 69.31 IfCnt: 634101 FwIfCnt: 255807
I1212 22:01:44.204440 27788 traceroute.cc:147] R: 6 S: 192.25k R: 18.91k PreP: 18.11 RmnP: 67.67 IfCnt: 637365 FwIfCnt: 256501
I1212 22:01:49.204624 27788 traceroute.cc:147] R: 6 S: 209.57k R: 20.19k PreP: 18.11 RmnP: 66.01 IfCnt: 640343 FwIfCnt: 257252
I1212 22:01:54.204833 27788 traceroute.cc:147] R: 7 S: 195.63k R: 18.87k PreP: 18.11 RmnP: 65.14 IfCnt: 644303 FwIfCnt: 257886
I1212 22:01:59.205013 27788 traceroute.cc:147] R: 7 S: 192.40k R: 20.61k PreP: 18.11 RmnP: 64.63 IfCnt: 649541 FwIfCnt: 258360
I1212 22:02:04.205201 27788 traceroute.cc:147] R: 7 S: 185.81k R: 19.93k PreP: 18.11 RmnP: 64.11 IfCnt: 653772 FwIfCnt: 258880
I1212 22:02:09.205395 27788 traceroute.cc:147] R: 7 S: 173.63k R: 19.61k PreP: 18.11 RmnP: 63.64 IfCnt: 657914 FwIfCnt: 259290
I1212 22:02:14.205566 27788 traceroute.cc:147] R: 7 S: 199.45k R: 22.06k PreP: 18.11 RmnP: 63.07 IfCnt: 661791 FwIfCnt: 259766
I1212 22:02:19.205777 27788 traceroute.cc:147] R: 7 S: 184.13k R: 20.64k PreP: 18.11 RmnP: 62.56 IfCnt: 665045 FwIfCnt: 260186
I1212 22:02:24.205946 27788 traceroute.cc:147] R: 7 S: 197.33k R: 21.53k PreP: 18.11 RmnP: 62.02 IfCnt: 668232 FwIfCnt: 260670
I1212 22:02:29.206126 27788 traceroute.cc:147] R: 7 S: 174.01k R: 19.06k PreP: 18.11 RmnP: 61.53 IfCnt: 670915 FwIfCnt: 261036
I1212 22:02:34.206310 27788 traceroute.cc:147] R: 7 S: 198.03k R: 22.09k PreP: 18.11 RmnP: 60.98 IfCnt: 674174 FwIfCnt: 261505
I1212 22:02:39.206483 27788 traceroute.cc:147] R: 7 S: 182.57k R: 20.67k PreP: 18.11 RmnP: 60.48 IfCnt: 677101 FwIfCnt: 261937
I1212 22:02:44.206650 27788 traceroute.cc:147] R: 7 S: 175.43k R: 18.25k PreP: 18.11 RmnP: 60.01 IfCnt: 679514 FwIfCnt: 262326
I1212 22:02:49.206845 27788 traceroute.cc:147] R: 8 S: 209.68k R: 22.91k PreP: 18.11 RmnP: 59.38 IfCnt: 684086 FwIfCnt: 262701
I1212 22:02:54.207028 27788 traceroute.cc:147] R: 8 S: 217.65k R: 25.74k PreP: 18.11 RmnP: 58.73 IfCnt: 688560 FwIfCnt: 263058
I1212 22:02:59.207242 27788 traceroute.cc:147] R: 8 S: 220.03k R: 27.50k PreP: 18.11 RmnP: 58.03 IfCnt: 692789 FwIfCnt: 263384
I1212 22:03:04.207427 27788 traceroute.cc:147] R: 8 S: 209.49k R: 26.18k PreP: 18.11 RmnP: 57.34 IfCnt: 696122 FwIfCnt: 263685
I1212 22:03:09.207593 27788 traceroute.cc:147] R: 8 S: 211.71k R: 26.27k PreP: 18.11 RmnP: 56.67 IfCnt: 699049 FwIfCnt: 263978
I1212 22:03:14.207787 27788 traceroute.cc:147] R: 8 S: 205.26k R: 25.38k PreP: 18.11 RmnP: 56.02 IfCnt: 701772 FwIfCnt: 264291
I1212 22:03:19.207965 27788 traceroute.cc:147] R: 8 S: 204.56k R: 26.11k PreP: 18.11 RmnP: 55.36 IfCnt: 704496 FwIfCnt: 264581
I1212 22:03:24.208135 27788 traceroute.cc:147] R: 8 S: 197.13k R: 25.37k PreP: 18.11 RmnP: 54.74 IfCnt: 706929 FwIfCnt: 264858
I1212 22:03:29.208334 27788 traceroute.cc:147] R: 9 S: 183.35k R: 21.43k PreP: 18.11 RmnP: 54.19 IfCnt: 709039 FwIfCnt: 265091
I1212 22:03:34.208515 27788 traceroute.cc:147] R: 9 S: 193.12k R: 28.20k PreP: 18.11 RmnP: 53.51 IfCnt: 712851 FwIfCnt: 265288
I1212 22:03:39.208704 27788 traceroute.cc:147] R: 9 S: 187.48k R: 28.31k PreP: 18.11 RmnP: 52.82 IfCnt: 715874 FwIfCnt: 265505
I1212 22:03:44.208911 27788 traceroute.cc:147] R: 9 S: 156.26k R: 25.40k PreP: 18.11 RmnP: 52.22 IfCnt: 718035 FwIfCnt: 265670
I1212 22:03:49.209096 27788 traceroute.cc:147] R: 9 S: 167.77k R: 26.35k PreP: 18.11 RmnP: 51.56 IfCnt: 720129 FwIfCnt: 265834
I1212 22:03:54.209298 27788 traceroute.cc:147] R: 9 S: 205.70k R: 32.22k PreP: 18.11 RmnP: 50.78 IfCnt: 722467 FwIfCnt: 266002
I1212 22:03:59.209475 27788 traceroute.cc:147] R: 9 S: 214.34k R: 33.22k PreP: 18.11 RmnP: 49.96 IfCnt: 724754 FwIfCnt: 266225
I1212 22:04:04.211483 27788 traceroute.cc:147] R: 9 S: 203.79k R: 32.55k PreP: 18.11 RmnP: 49.15 IfCnt: 726869 FwIfCnt: 266433
I1212 22:04:09.211690 27788 traceroute.cc:147] R: 9 S: 193.04k R: 29.92k PreP: 18.11 RmnP: 48.44 IfCnt: 728720 FwIfCnt: 266600
I1212 22:04:14.211889 27788 traceroute.cc:147] R: 10 S: 203.23k R: 29.54k PreP: 18.11 RmnP: 47.52 IfCnt: 730990 FwIfCnt: 266767
I1212 22:04:19.212095 27788 traceroute.cc:147] R: 10 S: 190.73k R: 29.61k PreP: 18.11 RmnP: 46.61 IfCnt: 733295 FwIfCnt: 266937
I1212 22:04:24.212304 27788 traceroute.cc:147] R: 10 S: 212.09k R: 33.61k PreP: 18.11 RmnP: 45.54 IfCnt: 735442 FwIfCnt: 267111
I1212 22:04:29.212487 27788 traceroute.cc:147] R: 10 S: 190.76k R: 30.39k PreP: 18.11 RmnP: 44.59 IfCnt: 737048 FwIfCnt: 267253
I1212 22:04:34.212677 27788 traceroute.cc:147] R: 10 S: 166.75k R: 26.45k PreP: 18.11 RmnP: 43.77 IfCnt: 738250 FwIfCnt: 267390
I1212 22:04:39.213004 27788 traceroute.cc:147] R: 10 S: 184.65k R: 29.04k PreP: 18.11 RmnP: 42.84 IfCnt: 739592 FwIfCnt: 267549
I1212 22:04:44.213196 27788 traceroute.cc:147] R: 10 S: 185.22k R: 30.00k PreP: 18.11 RmnP: 41.94 IfCnt: 740960 FwIfCnt: 267677
I1212 22:04:49.213387 27788 traceroute.cc:147] R: 11 S: 180.85k R: 26.37k PreP: 18.11 RmnP: 41.11 IfCnt: 742176 FwIfCnt: 267793
I1212 22:04:54.213596 27788 traceroute.cc:147] R: 11 S: 179.27k R: 24.65k PreP: 18.11 RmnP: 40.25 IfCnt: 744006 FwIfCnt: 267894
I1212 22:04:59.213802 27788 traceroute.cc:147] R: 11 S: 182.24k R: 25.64k PreP: 18.11 RmnP: 39.33 IfCnt: 745497 FwIfCnt: 268011
I1212 22:05:04.213989 27788 traceroute.cc:147] R: 11 S: 202.05k R: 28.49k PreP: 18.11 RmnP: 38.30 IfCnt: 746864 FwIfCnt: 268109
I1212 22:05:09.214167 27788 traceroute.cc:147] R: 11 S: 197.95k R: 27.04k PreP: 18.11 RmnP: 37.31 IfCnt: 748041 FwIfCnt: 268212
I1212 22:05:14.214370 27788 traceroute.cc:147] R: 11 S: 186.21k R: 26.80k PreP: 18.11 RmnP: 36.36 IfCnt: 749189 FwIfCnt: 268332
I1212 22:05:19.214540 27788 traceroute.cc:147] R: 12 S: 210.39k R: 29.19k PreP: 18.11 RmnP: 35.41 IfCnt: 750314 FwIfCnt: 268430
I1212 22:05:24.214712 27788 traceroute.cc:147] R: 12 S: 195.10k R: 27.28k PreP: 18.11 RmnP: 34.61 IfCnt: 751661 FwIfCnt: 268530
I1212 22:05:29.214910 27788 traceroute.cc:147] R: 12 S: 175.25k R: 27.46k PreP: 18.11 RmnP: 33.88 IfCnt: 752703 FwIfCnt: 268596
I1212 22:05:34.215113 27788 traceroute.cc:147] R: 12 S: 197.26k R: 30.31k PreP: 18.11 RmnP: 33.07 IfCnt: 753679 FwIfCnt: 268679
I1212 22:05:39.215303 27788 traceroute.cc:147] R: 12 S: 173.61k R: 25.40k PreP: 18.11 RmnP: 32.36 IfCnt: 754422 FwIfCnt: 268762
I1212 22:05:44.215528 27788 traceroute.cc:147] R: 12 S: 183.83k R: 28.56k PreP: 18.11 RmnP: 31.59 IfCnt: 755231 FwIfCnt: 268849
I1212 22:05:49.215714 27788 traceroute.cc:147] R: 13 S: 191.60k R: 27.66k PreP: 18.11 RmnP: 30.81 IfCnt: 755987 FwIfCnt: 268914
I1212 22:05:54.215893 27788 traceroute.cc:147] R: 13 S: 171.53k R: 13.41k PreP: 18.11 RmnP: 29.99 IfCnt: 756890 FwIfCnt: 268972
I1212 22:05:59.216112 27788 traceroute.cc:147] R: 13 S: 188.93k R: 15.67k PreP: 18.11 RmnP: 29.10 IfCnt: 757645 FwIfCnt: 269032
I1212 22:06:04.216303 27788 traceroute.cc:147] R: 13 S: 189.01k R: 15.22k PreP: 18.11 RmnP: 28.25 IfCnt: 758279 FwIfCnt: 269091
I1212 22:06:09.216603 27788 traceroute.cc:147] R: 13 S: 197.80k R: 17.17k PreP: 18.11 RmnP: 27.31 IfCnt: 758953 FwIfCnt: 269137
I1212 22:06:14.216795 27788 traceroute.cc:147] R: 14 S: 193.21k R: 14.81k PreP: 18.11 RmnP: 26.80 IfCnt: 759440 FwIfCnt: 269190
I1212 22:06:19.217097 27788 traceroute.cc:147] R: 14 S: 212.47k R: 16.21k PreP: 18.11 RmnP: 26.39 IfCnt: 759702 FwIfCnt: 269253
I1212 22:06:24.217331 27788 traceroute.cc:147] R: 14 S: 211.79k R: 16.30k PreP: 18.11 RmnP: 26.00 IfCnt: 759906 FwIfCnt: 269317
I1212 22:06:29.217516 27788 traceroute.cc:147] R: 14 S: 190.77k R: 15.04k PreP: 18.11 RmnP: 25.62 IfCnt: 760043 FwIfCnt: 269373
I1212 22:06:34.217730 27788 traceroute.cc:147] R: 15 S: 191.14k R: 14.28k PreP: 18.11 RmnP: 25.29 IfCnt: 760168 FwIfCnt: 269432
I1212 22:06:39.217955 27788 traceroute.cc:147] R: 15 S: 182.95k R: 12.18k PreP: 18.11 RmnP: 24.94 IfCnt: 760203 FwIfCnt: 269461
I1212 22:06:44.218117 27788 traceroute.cc:147] R: 15 S: 180.02k R: 12.33k PreP: 18.11 RmnP: 24.61 IfCnt: 760235 FwIfCnt: 269490
I1212 22:06:49.218313 27788 traceroute.cc:147] R: 15 S: 180.66k R: 11.32k PreP: 18.11 RmnP: 24.27 IfCnt: 760255 FwIfCnt: 269517
I1212 22:06:54.218524 27788 traceroute.cc:147] R: 15 S: 178.75k R: 12.26k PreP: 18.11 RmnP: 23.95 IfCnt: 760286 FwIfCnt: 269554
I1212 22:06:59.218711 27788 traceroute.cc:147] R: 16 S: 181.54k R:  7.58k PreP: 18.11 RmnP: 23.71 IfCnt: 760309 FwIfCnt: 269584
I1212 22:07:04.218900 27788 traceroute.cc:147] R: 16 S: 179.12k R:  5.06k PreP: 18.11 RmnP: 23.47 IfCnt: 760332 FwIfCnt: 269617
I1212 22:07:09.219108 27788 traceroute.cc:147] R: 16 S: 182.02k R:  5.06k PreP: 18.11 RmnP: 23.25 IfCnt: 760354 FwIfCnt: 269642
I1212 22:07:14.219305 27788 traceroute.cc:147] R: 16 S: 221.02k R:  6.53k PreP: 18.11 RmnP: 22.97 IfCnt: 760372 FwIfCnt: 269682
I1212 22:07:19.219498 27788 traceroute.cc:147] R: 21 S: 142.44k R: 38.96k PreP: 18.11 RmnP:  0.19 IfCnt: 760434 FwIfCnt: 269861
I1212 22:07:24.219684 27788 traceroute.cc:147] R: 26 S: 15.18k R: 12.13k PreP: 18.11 RmnP:  0.04 IfCnt: 760496 FwIfCnt: 269894
I1212 22:07:29.219913 27788 traceroute.cc:147] R: 31 S:  1.57k R:  1.27k PreP: 18.11 RmnP:  0.00 IfCnt: 760503 FwIfCnt: 269908
I1212 22:07:32.372751 27787 traceroute.cc:535] Scan finished.
I1212 22:07:32.373383 27787 traceroute.cc:542] Main probing finished (Took 779 seconds).
I1212 22:07:33.373548 27787 traceroute.cc:631] Average Sending Rate:         186.25 Kpps
I1212 22:07:33.373600 27787 traceroute.cc:633] Average Receving Rate:        19.25 Kpps
I1212 22:07:33.373611 27787 traceroute.cc:635] Sent packets:                 159834217
I1212 22:07:33.373620 27787 traceroute.cc:637] Received packets:             16523897
I1212 22:07:33.373628 27787 traceroute.cc:639] Dropped responses:            99932
I1212 22:07:33.373636 27787 traceroute.cc:641] Checksum Mistatches:          7283
I1212 22:07:33.373644 27787 traceroute.cc:643] Distance Abnormalities:       92649
I1212 22:07:33.373651 27787 traceroute.cc:645] Sent probes:                  145372270
I1212 22:07:33.373659 27787 traceroute.cc:646] Sent preprobes:               14461947
I1212 22:07:33.373667 27787 traceroute.cc:648] Interfaces Forward-probing:   269910
I1212 22:07:33.373675 27787 traceroute.cc:650] Interfaces Backward-probing:  760503
I1212 22:07:33.599941 27787 traceroute.cc:655] Discovered Interfaces:        834742
I1212 22:07:33.600005 27787 main.cc:336] The program ends.
