I1212 21:10:27.491982 27111 traceroute.cc:90] Internal recording disabled.
I1212 21:10:27.492027 27111 traceroute.cc:267] The target network is from 0.0.0.0 to 255.255.255.255.
I1212 21:10:32.307979 27111 blacklist.cc:24] Blacklist disabled.
I1212 21:10:32.368201 27111 blacklist.cc:53] 2315269 reserved addresses have been removed.
I1212 21:10:32.368248 27111 hitlist.cc:23] Load hitlist from file: list_0_8.txt
I1212 21:10:36.550957 27111 hitlist.cc:34] 15510524 load addresses from hitlist.
I1212 21:10:41.021741 27112 traceroute.cc:161] Temporary no metrics.
I1212 21:10:41.021857 27111 traceroute.cc:394] Start preprobing.
I1212 21:10:51.022065 27112 traceroute.cc:147] R: 0 S: 210.54k R: 10.50k PreP:   inf RmnP: 86.20 IfCnt: 0 FwIfCnt: 0
I1212 21:10:56.022284 27112 traceroute.cc:147] R: 0 S: 186.72k R:  9.64k PreP:   inf RmnP: 86.20 IfCnt: 0 FwIfCnt: 0
I1212 21:11:01.022475 27112 traceroute.cc:147] R: 0 S: 179.31k R:  9.08k PreP:   inf RmnP: 86.20 IfCnt: 0 FwIfCnt: 0
I1212 21:11:06.022874 27112 traceroute.cc:147] R: 0 S: 189.93k R:  9.83k PreP:   inf RmnP: 86.20 IfCnt: 0 FwIfCnt: 0
I1212 21:11:11.023077 27112 traceroute.cc:147] R: 0 S: 184.56k R:  9.88k PreP:   inf RmnP: 86.20 IfCnt: 0 FwIfCnt: 0
I1212 21:11:16.023275 27112 traceroute.cc:147] R: 0 S: 174.29k R:  9.45k PreP:   inf RmnP: 86.20 IfCnt: 0 FwIfCnt: 0
I1212 21:11:21.023466 27112 traceroute.cc:147] R: 0 S: 162.48k R:  8.85k PreP:   inf RmnP: 86.20 IfCnt: 0 FwIfCnt: 0
I1212 21:11:26.023653 27112 traceroute.cc:147] R: 0 S: 164.21k R:  9.00k PreP:   inf RmnP: 86.20 IfCnt: 0 FwIfCnt: 0
I1212 21:11:31.023831 27112 traceroute.cc:147] R: 0 S: 196.01k R:  9.93k PreP:   inf RmnP: 86.20 IfCnt: 0 FwIfCnt: 0
I1212 21:11:36.024052 27112 traceroute.cc:147] R: 0 S: 195.11k R: 10.06k PreP:   inf RmnP: 86.20 IfCnt: 0 FwIfCnt: 0
I1212 21:11:41.024245 27112 traceroute.cc:147] R: 0 S: 202.40k R: 10.38k PreP:   inf RmnP: 86.20 IfCnt: 0 FwIfCnt: 0
I1212 21:11:46.024446 27112 traceroute.cc:147] R: 0 S: 196.04k R: 10.70k PreP:   inf RmnP: 86.20 IfCnt: 0 FwIfCnt: 0
I1212 21:11:51.024626 27112 traceroute.cc:147] R: 0 S: 194.99k R: 10.52k PreP:   inf RmnP: 86.20 IfCnt: 0 FwIfCnt: 0
I1212 21:11:56.024813 27112 traceroute.cc:147] R: 0 S: 160.43k R:  8.79k PreP:   inf RmnP: 86.20 IfCnt: 0 FwIfCnt: 0
I1212 21:11:59.666539 27111 traceroute.cc:411] Preprobing finished (Took 78 seconds).
I1212 21:12:01.025005 27112 traceroute.cc:147] R: 0 S: 100.71k R:  5.85k PreP:   inf RmnP: 86.20 IfCnt: 0 FwIfCnt: 0
I1212 21:12:01.768093 27111 traceroute.cc:422] Preprobed: 2608259.
I1212 21:12:02.131439 27111 traceroute.cc:470] Start main probing.
I1212 21:12:06.025252 27112 traceroute.cc:147] R: 1 S: 3689348814739122.50k R: 3689348814741767.00k PreP: 18.04 RmnP: 86.20 IfCnt: 17743 FwIfCnt: 1
I1212 21:12:11.025435 27112 traceroute.cc:147] R: 1 S: 184.94k R: 15.79k PreP: 18.04 RmnP: 86.20 IfCnt: 42194 FwIfCnt: 3
I1212 21:12:16.025683 27112 traceroute.cc:147] R: 1 S: 173.09k R: 14.56k PreP: 18.04 RmnP: 86.20 IfCnt: 60883 FwIfCnt: 5
I1212 21:12:21.025933 27112 traceroute.cc:147] R: 1 S: 171.50k R: 15.10k PreP: 18.04 RmnP: 86.20 IfCnt: 78173 FwIfCnt: 8
I1212 21:12:26.026120 27112 traceroute.cc:147] R: 1 S: 178.29k R: 15.74k PreP: 18.04 RmnP: 86.20 IfCnt: 94095 FwIfCnt: 11
I1212 21:12:31.026324 27112 traceroute.cc:147] R: 1 S: 162.06k R: 14.26k PreP: 18.04 RmnP: 86.20 IfCnt: 107303 FwIfCnt: 11
I1212 21:12:36.026515 27112 traceroute.cc:147] R: 1 S: 164.21k R: 14.64k PreP: 18.04 RmnP: 86.20 IfCnt: 119882 FwIfCnt: 11
I1212 21:12:41.026728 27112 traceroute.cc:147] R: 1 S: 197.80k R: 17.66k PreP: 18.04 RmnP: 86.20 IfCnt: 134116 FwIfCnt: 14
I1212 21:12:46.026962 27112 traceroute.cc:147] R: 1 S: 204.71k R: 18.83k PreP: 18.04 RmnP: 86.20 IfCnt: 148260 FwIfCnt: 15
I1212 21:12:51.027158 27112 traceroute.cc:147] R: 1 S: 200.68k R: 18.70k PreP: 18.04 RmnP: 86.20 IfCnt: 161354 FwIfCnt: 17
I1212 21:12:56.027374 27112 traceroute.cc:147] R: 1 S: 200.99k R: 17.55k PreP: 18.04 RmnP: 86.20 IfCnt: 172869 FwIfCnt: 19
I1212 21:13:01.027607 27112 traceroute.cc:147] R: 1 S: 189.38k R: 16.82k PreP: 18.04 RmnP: 86.20 IfCnt: 183432 FwIfCnt: 24
I1212 21:13:06.027849 27112 traceroute.cc:147] R: 1 S: 181.23k R: 15.84k PreP: 18.04 RmnP: 86.20 IfCnt: 192877 FwIfCnt: 25
I1212 21:13:11.028070 27112 traceroute.cc:147] R: 1 S: 180.73k R: 16.80k PreP: 18.04 RmnP: 86.20 IfCnt: 202593 FwIfCnt: 28
I1212 21:13:16.028244 27112 traceroute.cc:147] R: 1 S: 185.09k R: 16.64k PreP: 18.04 RmnP: 86.20 IfCnt: 211976 FwIfCnt: 29
I1212 21:13:21.028434 27112 traceroute.cc:147] R: 2 S: 183.10k R: 16.48k PreP: 18.04 RmnP: 86.20 IfCnt: 221010 FwIfCnt: 31
I1212 21:13:26.028623 27112 traceroute.cc:147] R: 2 S: 182.03k R: 22.33k PreP: 18.04 RmnP: 86.20 IfCnt: 240706 FwIfCnt: 12157
I1212 21:13:31.028964 27112 traceroute.cc:147] R: 2 S: 173.52k R: 20.97k PreP: 18.04 RmnP: 86.19 IfCnt: 257525 FwIfCnt: 23315
I1212 21:13:36.029160 27112 traceroute.cc:147] R: 2 S: 160.25k R: 18.64k PreP: 18.04 RmnP: 86.19 IfCnt: 270877 FwIfCnt: 32183
I1212 21:13:41.029448 27112 traceroute.cc:147] R: 2 S: 206.99k R: 24.21k PreP: 18.04 RmnP: 86.19 IfCnt: 286701 FwIfCnt: 43363
I1212 21:13:46.029659 27112 traceroute.cc:147] R: 2 S: 195.31k R: 23.13k PreP: 18.04 RmnP: 86.18 IfCnt: 300586 FwIfCnt: 53091
I1212 21:13:51.029848 27112 traceroute.cc:147] R: 2 S: 202.53k R: 23.64k PreP: 18.04 RmnP: 86.18 IfCnt: 313915 FwIfCnt: 61981
I1212 21:13:56.030025 27112 traceroute.cc:147] R: 2 S: 192.98k R: 22.58k PreP: 18.04 RmnP: 86.18 IfCnt: 325948 FwIfCnt: 69991
I1212 21:14:01.030239 27112 traceroute.cc:147] R: 2 S: 201.19k R: 23.61k PreP: 18.04 RmnP: 86.18 IfCnt: 337628 FwIfCnt: 78013
I1212 21:14:06.030454 27112 traceroute.cc:147] R: 2 S: 188.50k R: 23.14k PreP: 18.04 RmnP: 86.17 IfCnt: 348325 FwIfCnt: 85569
I1212 21:14:11.030635 27112 traceroute.cc:147] R: 2 S: 190.17k R: 21.67k PreP: 18.04 RmnP: 86.17 IfCnt: 358036 FwIfCnt: 92157
I1212 21:14:16.030827 27112 traceroute.cc:147] R: 2 S: 166.21k R: 19.03k PreP: 18.04 RmnP: 86.17 IfCnt: 366231 FwIfCnt: 97726
I1212 21:14:21.031030 27112 traceroute.cc:147] R: 2 S: 184.88k R: 20.44k PreP: 18.04 RmnP: 86.17 IfCnt: 374762 FwIfCnt: 103536
I1212 21:14:26.031225 27112 traceroute.cc:147] R: 2 S: 173.08k R: 19.66k PreP: 18.04 RmnP: 86.16 IfCnt: 382496 FwIfCnt: 108848
I1212 21:14:31.031450 27112 traceroute.cc:147] R: 2 S: 185.40k R: 21.71k PreP: 18.04 RmnP: 86.16 IfCnt: 391107 FwIfCnt: 114889
I1212 21:14:36.031635 27112 traceroute.cc:147] R: 2 S: 166.55k R: 18.90k PreP: 18.04 RmnP: 86.16 IfCnt: 398327 FwIfCnt: 120031
I1212 21:14:41.031822 27112 traceroute.cc:147] R: 3 S: 176.19k R: 20.10k PreP: 18.04 RmnP: 86.05 IfCnt: 405858 FwIfCnt: 125416
I1212 21:14:46.032032 27112 traceroute.cc:147] R: 3 S: 179.71k R: 21.20k PreP: 18.04 RmnP: 85.72 IfCnt: 416586 FwIfCnt: 130011
I1212 21:14:51.032243 27112 traceroute.cc:147] R: 3 S: 185.78k R: 20.38k PreP: 18.04 RmnP: 85.36 IfCnt: 425419 FwIfCnt: 133979
I1212 21:14:56.032444 27112 traceroute.cc:147] R: 3 S: 173.38k R: 18.84k PreP: 18.04 RmnP: 85.01 IfCnt: 432419 FwIfCnt: 137717
I1212 21:15:01.032608 27112 traceroute.cc:147] R: 3 S: 184.91k R: 19.84k PreP: 18.04 RmnP: 84.62 IfCnt: 439462 FwIfCnt: 141676
I1212 21:15:06.032785 27112 traceroute.cc:147] R: 3 S: 196.30k R: 21.14k PreP: 18.04 RmnP: 84.19 IfCnt: 446543 FwIfCnt: 145789
I1212 21:15:11.032984 27112 traceroute.cc:147] R: 3 S: 184.53k R: 20.14k PreP: 18.04 RmnP: 83.79 IfCnt: 453384 FwIfCnt: 149543
I1212 21:15:16.033221 27112 traceroute.cc:147] R: 3 S: 191.33k R: 20.37k PreP: 18.04 RmnP: 83.35 IfCnt: 459796 FwIfCnt: 153345
I1212 21:15:21.033416 27112 traceroute.cc:147] R: 3 S: 177.33k R: 20.02k PreP: 18.04 RmnP: 82.91 IfCnt: 465457 FwIfCnt: 156668
I1212 21:15:26.033682 27112 traceroute.cc:147] R: 3 S: 177.83k R: 19.71k PreP: 18.04 RmnP: 82.50 IfCnt: 470852 FwIfCnt: 159852
I1212 21:15:31.033939 27112 traceroute.cc:147] R: 3 S: 156.78k R: 16.46k PreP: 18.04 RmnP: 82.14 IfCnt: 475061 FwIfCnt: 162554
I1212 21:15:36.034163 27112 traceroute.cc:147] R: 3 S: 173.74k R: 18.15k PreP: 18.04 RmnP: 81.74 IfCnt: 479955 FwIfCnt: 165414
I1212 21:15:41.034382 27112 traceroute.cc:147] R: 3 S: 168.58k R: 17.45k PreP: 18.04 RmnP: 81.34 IfCnt: 484198 FwIfCnt: 168065
I1212 21:15:46.034567 27112 traceroute.cc:147] R: 3 S: 175.48k R: 19.07k PreP: 18.04 RmnP: 80.92 IfCnt: 488704 FwIfCnt: 170902
I1212 21:15:51.036460 27112 traceroute.cc:147] R: 3 S: 205.50k R: 21.50k PreP: 18.04 RmnP: 80.44 IfCnt: 493959 FwIfCnt: 174324
I1212 21:15:56.036653 27112 traceroute.cc:147] R: 4 S: 201.93k R: 21.77k PreP: 18.04 RmnP: 79.94 IfCnt: 499210 FwIfCnt: 177515
I1212 21:16:01.036847 27112 traceroute.cc:147] R: 4 S: 193.07k R: 19.31k PreP: 18.04 RmnP: 79.47 IfCnt: 506013 FwIfCnt: 178797
I1212 21:16:06.037050 27112 traceroute.cc:147] R: 4 S: 193.14k R: 18.32k PreP: 18.04 RmnP: 78.99 IfCnt: 511465 FwIfCnt: 179974
I1212 21:16:11.037226 27112 traceroute.cc:147] R: 4 S: 197.45k R: 19.51k PreP: 18.04 RmnP: 78.50 IfCnt: 516455 FwIfCnt: 181288
I1212 21:16:16.037420 27112 traceroute.cc:147] R: 4 S: 200.40k R: 19.43k PreP: 18.04 RmnP: 78.03 IfCnt: 521263 FwIfCnt: 182528
I1212 21:16:21.037611 27112 traceroute.cc:147] R: 4 S: 194.63k R: 19.15k PreP: 18.04 RmnP: 77.56 IfCnt: 525660 FwIfCnt: 183730
I1212 21:16:26.037797 27112 traceroute.cc:147] R: 4 S: 194.19k R: 19.00k PreP: 18.04 RmnP: 77.09 IfCnt: 529936 FwIfCnt: 184905
I1212 21:16:31.037987 27112 traceroute.cc:147] R: 4 S: 190.92k R: 19.22k PreP: 18.04 RmnP: 76.58 IfCnt: 533920 FwIfCnt: 186083
I1212 21:16:36.038223 27112 traceroute.cc:147] R: 4 S: 176.01k R: 17.06k PreP: 18.04 RmnP: 76.16 IfCnt: 537332 FwIfCnt: 187058
I1212 21:16:41.038399 27112 traceroute.cc:147] R: 4 S: 180.47k R: 16.83k PreP: 18.04 RmnP: 75.73 IfCnt: 540618 FwIfCnt: 188049
I1212 21:16:46.038576 27112 traceroute.cc:147] R: 4 S: 170.97k R: 15.60k PreP: 18.04 RmnP: 75.31 IfCnt: 543574 FwIfCnt: 188894
I1212 21:16:51.038792 27112 traceroute.cc:147] R: 4 S: 179.95k R: 17.43k PreP: 18.04 RmnP: 74.86 IfCnt: 546930 FwIfCnt: 189858
I1212 21:16:56.038966 27112 traceroute.cc:147] R: 4 S: 171.19k R: 16.47k PreP: 18.04 RmnP: 74.45 IfCnt: 550093 FwIfCnt: 190713
I1212 21:17:01.039147 27112 traceroute.cc:147] R: 5 S: 218.29k R: 20.84k PreP: 18.04 RmnP: 73.90 IfCnt: 554010 FwIfCnt: 191871
I1212 21:17:06.039325 27112 traceroute.cc:147] R: 5 S: 193.72k R: 18.71k PreP: 18.04 RmnP: 73.45 IfCnt: 560214 FwIfCnt: 192507
I1212 21:17:11.039516 27112 traceroute.cc:147] R: 5 S: 187.76k R: 17.01k PreP: 18.04 RmnP: 72.99 IfCnt: 564886 FwIfCnt: 193098
I1212 21:17:16.039719 27112 traceroute.cc:147] R: 5 S: 196.04k R: 18.17k PreP: 18.04 RmnP: 72.52 IfCnt: 569579 FwIfCnt: 193709
I1212 21:17:21.040004 27112 traceroute.cc:147] R: 5 S: 194.76k R: 17.92k PreP: 18.04 RmnP: 72.05 IfCnt: 573620 FwIfCnt: 194344
I1212 21:17:26.040222 27112 traceroute.cc:147] R: 5 S: 183.65k R: 17.40k PreP: 18.04 RmnP: 71.61 IfCnt: 577656 FwIfCnt: 194842
I1212 21:17:31.040410 27112 traceroute.cc:147] R: 5 S: 159.16k R: 15.04k PreP: 18.04 RmnP: 71.22 IfCnt: 580866 FwIfCnt: 195345
I1212 21:17:36.040603 27112 traceroute.cc:147] R: 5 S: 169.79k R: 16.68k PreP: 18.04 RmnP: 70.79 IfCnt: 584328 FwIfCnt: 195847
I1212 21:17:41.040778 27112 traceroute.cc:147] R: 5 S: 177.88k R: 16.72k PreP: 18.04 RmnP: 70.39 IfCnt: 587475 FwIfCnt: 196312
I1212 21:17:46.040962 27112 traceroute.cc:147] R: 5 S: 175.75k R: 16.28k PreP: 18.04 RmnP: 69.98 IfCnt: 590461 FwIfCnt: 196761
I1212 21:17:51.041160 27112 traceroute.cc:147] R: 5 S: 171.77k R: 15.63k PreP: 18.04 RmnP: 69.58 IfCnt: 593101 FwIfCnt: 197190
I1212 21:17:56.041345 27112 traceroute.cc:147] R: 5 S: 158.80k R: 15.31k PreP: 18.04 RmnP: 69.19 IfCnt: 595724 FwIfCnt: 197645
I1212 21:18:01.041529 27112 traceroute.cc:147] R: 5 S: 179.28k R: 16.48k PreP: 18.04 RmnP: 68.77 IfCnt: 598878 FwIfCnt: 198144
I1212 21:18:06.041736 27112 traceroute.cc:147] R: 6 S: 217.54k R: 20.48k PreP: 18.04 RmnP: 68.25 IfCnt: 603810 FwIfCnt: 198711
I1212 21:18:11.041980 27112 traceroute.cc:147] R: 6 S: 195.13k R: 18.17k PreP: 18.04 RmnP: 67.80 IfCnt: 609270 FwIfCnt: 199005
I1212 21:18:16.042158 27112 traceroute.cc:147] R: 6 S: 202.56k R: 18.89k PreP: 18.04 RmnP: 67.33 IfCnt: 614148 FwIfCnt: 199339
I1212 21:18:21.042363 27112 traceroute.cc:147] R: 6 S: 186.90k R: 17.43k PreP: 18.04 RmnP: 66.89 IfCnt: 618091 FwIfCnt: 199663
I1212 21:18:26.042562 27112 traceroute.cc:147] R: 6 S: 201.90k R: 19.25k PreP: 18.04 RmnP: 66.41 IfCnt: 622295 FwIfCnt: 199987
I1212 21:18:31.042759 27112 traceroute.cc:147] R: 6 S: 195.70k R: 19.51k PreP: 18.04 RmnP: 65.94 IfCnt: 626260 FwIfCnt: 200302
I1212 21:18:36.042991 27112 traceroute.cc:147] R: 6 S: 167.78k R: 16.56k PreP: 18.04 RmnP: 65.52 IfCnt: 629377 FwIfCnt: 200584
I1212 21:18:41.043349 27112 traceroute.cc:147] R: 6 S: 201.09k R: 19.22k PreP: 18.04 RmnP: 65.04 IfCnt: 632698 FwIfCnt: 200854
I1212 21:18:46.043545 27112 traceroute.cc:147] R: 6 S: 191.97k R: 18.15k PreP: 18.04 RmnP: 64.58 IfCnt: 635635 FwIfCnt: 201106
I1212 21:18:51.043751 27112 traceroute.cc:147] R: 6 S: 186.89k R: 18.19k PreP: 18.04 RmnP: 64.13 IfCnt: 638698 FwIfCnt: 201367
I1212 21:18:56.043933 27112 traceroute.cc:147] R: 6 S: 183.72k R: 17.95k PreP: 18.04 RmnP: 63.71 IfCnt: 641714 FwIfCnt: 201614
I1212 21:19:01.044122 27112 traceroute.cc:147] R: 7 S: 184.84k R: 18.29k PreP: 18.04 RmnP: 63.27 IfCnt: 645369 FwIfCnt: 201897
I1212 21:19:06.044317 27112 traceroute.cc:147] R: 7 S: 195.04k R: 19.74k PreP: 18.04 RmnP: 62.80 IfCnt: 651149 FwIfCnt: 202078
I1212 21:19:11.044509 27112 traceroute.cc:147] R: 7 S: 205.38k R: 20.79k PreP: 18.04 RmnP: 62.31 IfCnt: 656165 FwIfCnt: 202276
I1212 21:19:16.044713 27112 traceroute.cc:147] R: 7 S: 195.94k R: 19.55k PreP: 18.04 RmnP: 61.83 IfCnt: 660232 FwIfCnt: 202468
I1212 21:19:21.044906 27112 traceroute.cc:147] R: 7 S: 197.86k R: 20.95k PreP: 18.04 RmnP: 61.32 IfCnt: 664721 FwIfCnt: 202644
I1212 21:19:26.045122 27112 traceroute.cc:147] R: 7 S: 212.69k R: 22.30k PreP: 18.04 RmnP: 60.78 IfCnt: 668760 FwIfCnt: 202854
I1212 21:19:31.045306 27112 traceroute.cc:147] R: 7 S: 188.90k R: 20.15k PreP: 18.04 RmnP: 60.30 IfCnt: 672024 FwIfCnt: 203053
I1212 21:19:36.045509 27112 traceroute.cc:147] R: 7 S: 168.97k R: 17.46k PreP: 18.04 RmnP: 59.88 IfCnt: 674729 FwIfCnt: 203201
I1212 21:19:41.045809 27112 traceroute.cc:147] R: 7 S: 199.37k R: 20.58k PreP: 18.04 RmnP: 59.37 IfCnt: 677689 FwIfCnt: 203352
I1212 21:19:46.045996 27112 traceroute.cc:147] R: 7 S: 193.80k R: 20.40k PreP: 18.04 RmnP: 58.88 IfCnt: 680727 FwIfCnt: 203514
I1212 21:19:51.046196 27112 traceroute.cc:147] R: 8 S: 187.57k R: 19.92k PreP: 18.04 RmnP: 58.39 IfCnt: 683538 FwIfCnt: 203683
I1212 21:19:56.046376 27112 traceroute.cc:147] R: 8 S: 187.81k R: 21.64k PreP: 18.04 RmnP: 57.89 IfCnt: 688571 FwIfCnt: 203796
I1212 21:20:01.046571 27112 traceroute.cc:147] R: 8 S: 161.35k R: 18.00k PreP: 18.04 RmnP: 57.45 IfCnt: 691600 FwIfCnt: 203896
I1212 21:20:06.046746 27112 traceroute.cc:147] R: 8 S: 158.87k R: 17.73k PreP: 18.04 RmnP: 57.02 IfCnt: 694290 FwIfCnt: 203987
I1212 21:20:11.046939 27112 traceroute.cc:147] R: 8 S: 189.16k R: 21.82k PreP: 18.04 RmnP: 56.47 IfCnt: 697413 FwIfCnt: 204102
I1212 21:20:16.047118 27112 traceroute.cc:147] R: 8 S: 213.22k R: 25.06k PreP: 18.04 RmnP: 55.86 IfCnt: 700669 FwIfCnt: 204229
I1212 21:20:21.047305 27112 traceroute.cc:147] R: 8 S: 212.28k R: 25.33k PreP: 18.04 RmnP: 55.26 IfCnt: 703550 FwIfCnt: 204354
I1212 21:20:26.047504 27112 traceroute.cc:147] R: 8 S: 198.84k R: 23.36k PreP: 18.04 RmnP: 54.70 IfCnt: 706062 FwIfCnt: 204463
I1212 21:20:31.047694 27112 traceroute.cc:147] R: 8 S: 207.00k R: 24.54k PreP: 18.04 RmnP: 54.09 IfCnt: 708640 FwIfCnt: 204562
I1212 21:20:36.047924 27112 traceroute.cc:147] R: 9 S: 196.68k R: 24.15k PreP: 18.04 RmnP: 53.52 IfCnt: 711200 FwIfCnt: 204673
I1212 21:20:41.048143 27112 traceroute.cc:147] R: 9 S: 192.12k R: 27.00k PreP: 18.04 RmnP: 52.90 IfCnt: 715217 FwIfCnt: 204756
I1212 21:20:46.048364 27112 traceroute.cc:147] R: 9 S: 181.77k R: 26.55k PreP: 18.04 RmnP: 52.32 IfCnt: 718140 FwIfCnt: 204812
I1212 21:20:51.048553 27112 traceroute.cc:147] R: 9 S: 172.66k R: 25.76k PreP: 18.04 RmnP: 51.76 IfCnt: 720612 FwIfCnt: 204875
I1212 21:20:56.048765 27112 traceroute.cc:147] R: 9 S: 184.92k R: 27.61k PreP: 18.04 RmnP: 51.12 IfCnt: 723031 FwIfCnt: 204943
I1212 21:21:01.048940 27112 traceroute.cc:147] R: 9 S: 174.96k R: 26.78k PreP: 18.04 RmnP: 50.51 IfCnt: 725103 FwIfCnt: 205023
I1212 21:21:06.049165 27112 traceroute.cc:147] R: 9 S: 179.52k R: 27.34k PreP: 18.04 RmnP: 49.90 IfCnt: 727038 FwIfCnt: 205083
I1212 21:21:11.049408 27112 traceroute.cc:147] R: 9 S: 186.25k R: 28.59k PreP: 18.04 RmnP: 49.26 IfCnt: 728879 FwIfCnt: 205135
I1212 21:21:16.049587 27112 traceroute.cc:147] R: 9 S: 174.94k R: 26.90k PreP: 18.04 RmnP: 48.63 IfCnt: 730623 FwIfCnt: 205193
I1212 21:21:21.049791 27112 traceroute.cc:147] R: 10 S: 206.36k R: 31.99k PreP: 18.04 RmnP: 47.82 IfCnt: 732752 FwIfCnt: 205265
I1212 21:21:26.049968 27112 traceroute.cc:147] R: 10 S: 200.38k R: 31.24k PreP: 18.04 RmnP: 46.92 IfCnt: 735488 FwIfCnt: 205320
I1212 21:21:31.050144 27112 traceroute.cc:147] R: 10 S: 201.32k R: 31.45k PreP: 18.04 RmnP: 45.98 IfCnt: 737314 FwIfCnt: 205365
I1212 21:21:36.050323 27112 traceroute.cc:147] R: 10 S: 206.71k R: 33.62k PreP: 18.04 RmnP: 45.00 IfCnt: 739224 FwIfCnt: 205415
I1212 21:21:41.050482 27112 traceroute.cc:147] R: 10 S: 216.54k R: 35.63k PreP: 18.04 RmnP: 43.95 IfCnt: 740944 FwIfCnt: 205474
I1212 21:21:46.050660 27112 traceroute.cc:147] R: 10 S: 184.83k R: 30.53k PreP: 18.04 RmnP: 43.06 IfCnt: 742365 FwIfCnt: 205516
I1212 21:21:51.050854 27112 traceroute.cc:147] R: 10 S: 190.76k R: 30.90k PreP: 18.04 RmnP: 42.12 IfCnt: 743707 FwIfCnt: 205563
I1212 21:21:56.051029 27112 traceroute.cc:147] R: 11 S: 200.90k R: 33.55k PreP: 18.04 RmnP: 41.13 IfCnt: 745135 FwIfCnt: 205600
I1212 21:22:01.051218 27112 traceroute.cc:147] R: 11 S: 196.32k R: 25.32k PreP: 18.04 RmnP: 40.16 IfCnt: 747079 FwIfCnt: 205630
I1212 21:22:06.051411 27112 traceroute.cc:147] R: 11 S: 168.41k R: 22.03k PreP: 18.04 RmnP: 39.29 IfCnt: 748349 FwIfCnt: 205668
I1212 21:22:11.051625 27112 traceroute.cc:147] R: 11 S: 172.29k R: 24.08k PreP: 18.04 RmnP: 38.37 IfCnt: 749652 FwIfCnt: 205700
I1212 21:22:16.051818 27112 traceroute.cc:147] R: 11 S: 168.29k R: 23.55k PreP: 18.04 RmnP: 37.47 IfCnt: 750763 FwIfCnt: 205734
I1212 21:22:21.052019 27112 traceroute.cc:147] R: 11 S: 171.54k R: 23.58k PreP: 18.04 RmnP: 36.57 IfCnt: 751787 FwIfCnt: 205769
I1212 21:22:26.052213 27112 traceroute.cc:147] R: 11 S: 222.91k R: 30.30k PreP: 18.04 RmnP: 35.37 IfCnt: 753065 FwIfCnt: 205800
I1212 21:22:31.052428 27112 traceroute.cc:147] R: 12 S: 194.28k R: 29.54k PreP: 18.04 RmnP: 34.61 IfCnt: 754423 FwIfCnt: 205820
I1212 21:22:36.052613 27112 traceroute.cc:147] R: 12 S: 206.34k R: 31.01k PreP: 18.04 RmnP: 33.76 IfCnt: 755581 FwIfCnt: 205841
I1212 21:22:41.052795 27112 traceroute.cc:147] R: 12 S: 193.86k R: 31.42k PreP: 18.04 RmnP: 32.92 IfCnt: 756599 FwIfCnt: 205865
I1212 21:22:46.053000 27112 traceroute.cc:147] R: 12 S: 201.23k R: 31.90k PreP: 18.04 RmnP: 32.07 IfCnt: 757482 FwIfCnt: 205890
I1212 21:22:51.053227 27112 traceroute.cc:147] R: 12 S: 191.80k R: 29.56k PreP: 18.04 RmnP: 31.26 IfCnt: 758203 FwIfCnt: 205906
I1212 21:22:56.053437 27112 traceroute.cc:147] R: 13 S: 190.27k R: 28.41k PreP: 18.04 RmnP: 30.35 IfCnt: 759028 FwIfCnt: 205933
I1212 21:23:01.053634 27112 traceroute.cc:147] R: 13 S: 202.73k R: 15.18k PreP: 18.04 RmnP: 29.34 IfCnt: 759896 FwIfCnt: 205946
I1212 21:23:06.053849 27112 traceroute.cc:147] R: 13 S: 199.38k R: 16.81k PreP: 18.04 RmnP: 28.32 IfCnt: 760670 FwIfCnt: 205969
I1212 21:23:11.054076 27112 traceroute.cc:147] R: 13 S: 165.23k R: 13.93k PreP: 18.04 RmnP: 27.52 IfCnt: 761214 FwIfCnt: 205985
I1212 21:23:16.054256 27112 traceroute.cc:147] R: 13 S: 166.18k R: 13.75k PreP: 18.04 RmnP: 26.65 IfCnt: 761692 FwIfCnt: 205995
I1212 21:23:21.054448 27112 traceroute.cc:147] R: 14 S: 183.04k R: 14.38k PreP: 18.04 RmnP: 26.17 IfCnt: 762159 FwIfCnt: 206014
I1212 21:23:26.054757 27112 traceroute.cc:147] R: 14 S: 178.67k R:  9.56k PreP: 18.04 RmnP: 25.79 IfCnt: 762363 FwIfCnt: 206029
I1212 21:23:31.054961 27112 traceroute.cc:147] R: 14 S: 216.96k R: 13.77k PreP: 18.04 RmnP: 25.29 IfCnt: 762570 FwIfCnt: 206040
I1212 21:23:36.056859 27112 traceroute.cc:147] R: 14 S: 213.66k R: 13.61k PreP: 18.04 RmnP: 24.82 IfCnt: 762750 FwIfCnt: 206056
I1212 21:23:41.058493 27112 traceroute.cc:147] R: 15 S: 217.30k R: 15.13k PreP: 18.04 RmnP: 24.45 IfCnt: 762898 FwIfCnt: 206069
I1212 21:23:46.058728 27112 traceroute.cc:147] R: 15 S: 202.31k R: 10.37k PreP: 18.04 RmnP: 24.15 IfCnt: 762923 FwIfCnt: 206082
I1212 21:23:51.058948 27112 traceroute.cc:147] R: 15 S: 204.91k R: 10.96k PreP: 18.04 RmnP: 23.83 IfCnt: 762952 FwIfCnt: 206094
I1212 21:23:56.059142 27112 traceroute.cc:147] R: 15 S: 190.87k R:  9.54k PreP: 18.04 RmnP: 23.52 IfCnt: 762986 FwIfCnt: 206103
I1212 21:24:01.059556 27112 traceroute.cc:147] R: 16 S: 214.72k R:  8.13k PreP: 18.04 RmnP: 23.22 IfCnt: 763012 FwIfCnt: 206115
I1212 21:24:06.059758 27112 traceroute.cc:147] R: 16 S: 203.56k R:  4.53k PreP: 18.04 RmnP: 22.97 IfCnt: 763037 FwIfCnt: 206128
I1212 21:24:11.059947 27112 traceroute.cc:147] R: 16 S: 180.75k R:  4.18k PreP: 18.04 RmnP: 22.77 IfCnt: 763045 FwIfCnt: 206134
I1212 21:24:16.060128 27112 traceroute.cc:147] R: 16 S: 188.39k R:  4.27k PreP: 18.04 RmnP: 22.56 IfCnt: 763060 FwIfCnt: 206137
I1212 21:24:21.060323 27112 traceroute.cc:147] R: 22 S: 110.35k R: 16.18k PreP: 18.04 RmnP:  0.03 IfCnt: 763197 FwIfCnt: 206176
I1212 21:24:26.060510 27112 traceroute.cc:147] R: 27 S:  1.98k R:  1.14k PreP: 18.04 RmnP:  0.00 IfCnt: 763245 FwIfCnt: 206178
I1212 21:24:31.060696 27112 traceroute.cc:147] R: 32 S:  0.27k R:  0.14k PreP: 18.04 RmnP:  0.00 IfCnt: 763250 FwIfCnt: 206178
I1212 21:24:33.932497 27111 traceroute.cc:535] Scan finished.
I1212 21:24:33.932796 27111 traceroute.cc:542] Main probing finished (Took 751 seconds).
I1212 21:24:34.932996 27111 traceroute.cc:631] Average Sending Rate:         183.71 Kpps
I1212 21:24:34.933065 27111 traceroute.cc:633] Average Receving Rate:        18.68 Kpps
I1212 21:24:34.933075 27111 traceroute.cc:635] Sent packets:                 153016007
I1212 21:24:34.933084 27111 traceroute.cc:637] Received packets:             15559868
I1212 21:24:34.933092 27111 traceroute.cc:639] Dropped responses:            106178
I1212 21:24:34.933100 27111 traceroute.cc:641] Checksum Mistatches:          5942
I1212 21:24:34.933109 27111 traceroute.cc:643] Distance Abnormalities:       100236
I1212 21:24:34.933115 27111 traceroute.cc:645] Sent probes:                  138554060
I1212 21:24:34.933123 27111 traceroute.cc:646] Sent preprobes:               14461947
I1212 21:24:34.933131 27111 traceroute.cc:648] Interfaces Forward-probing:   206178
I1212 21:24:34.933138 27111 traceroute.cc:650] Interfaces Backward-probing:  763250
I1212 21:24:35.154284 27111 traceroute.cc:655] Discovered Interfaces:        814361
I1212 21:24:35.154353 27111 main.cc:336] The program ends.
