I1212 21:24:35.208346 27297 traceroute.cc:90] Internal recording disabled.
I1212 21:24:35.208400 27297 traceroute.cc:267] The target network is from 0.0.0.0 to 255.255.255.255.
I1212 21:24:40.019563 27297 blacklist.cc:24] Blacklist disabled.
I1212 21:24:40.078534 27297 blacklist.cc:53] 2315269 reserved addresses have been removed.
I1212 21:24:40.078593 27297 hitlist.cc:23] Load hitlist from file: list_0_8.txt
I1212 21:24:43.969961 27297 hitlist.cc:34] 15510524 load addresses from hitlist.
I1212 21:24:48.123075 27298 traceroute.cc:161] Temporary no metrics.
I1212 21:24:48.123397 27297 traceroute.cc:394] Start preprobing.
I1212 21:24:58.123414 27298 traceroute.cc:147] R: 0 S: 204.23k R: 11.07k PreP:   inf RmnP: 86.20 IfCnt: 0 FwIfCnt: 0
I1212 21:25:03.123605 27298 traceroute.cc:147] R: 0 S: 202.21k R: 10.93k PreP:   inf RmnP: 86.20 IfCnt: 0 FwIfCnt: 0
I1212 21:25:08.123792 27298 traceroute.cc:147] R: 0 S: 183.54k R: 10.22k PreP:   inf RmnP: 86.20 IfCnt: 0 FwIfCnt: 0
I1212 21:25:13.124004 27298 traceroute.cc:147] R: 0 S: 175.29k R:  9.16k PreP:   inf RmnP: 86.20 IfCnt: 0 FwIfCnt: 0
I1212 21:25:18.124274 27298 traceroute.cc:147] R: 0 S: 190.70k R:  9.82k PreP:   inf RmnP: 86.20 IfCnt: 0 FwIfCnt: 0
I1212 21:25:23.124459 27298 traceroute.cc:147] R: 0 S: 168.86k R:  8.82k PreP:   inf RmnP: 86.20 IfCnt: 0 FwIfCnt: 0
I1212 21:25:28.124650 27298 traceroute.cc:147] R: 0 S: 170.75k R:  9.12k PreP:   inf RmnP: 86.20 IfCnt: 0 FwIfCnt: 0
I1212 21:25:33.124853 27298 traceroute.cc:147] R: 0 S: 178.01k R:  9.67k PreP:   inf RmnP: 86.20 IfCnt: 0 FwIfCnt: 0
I1212 21:25:38.125034 27298 traceroute.cc:147] R: 0 S: 181.55k R:  9.62k PreP:   inf RmnP: 86.20 IfCnt: 0 FwIfCnt: 0
I1212 21:25:43.125260 27298 traceroute.cc:147] R: 0 S: 206.36k R: 11.21k PreP:   inf RmnP: 86.20 IfCnt: 0 FwIfCnt: 0
I1212 21:25:48.125417 27298 traceroute.cc:147] R: 0 S: 187.17k R:  9.49k PreP:   inf RmnP: 86.20 IfCnt: 0 FwIfCnt: 0
I1212 21:25:53.125608 27298 traceroute.cc:147] R: 0 S: 197.20k R:  9.86k PreP:   inf RmnP: 86.20 IfCnt: 0 FwIfCnt: 0
I1212 21:25:58.125820 27298 traceroute.cc:147] R: 0 S: 204.99k R: 10.44k PreP:   inf RmnP: 86.20 IfCnt: 0 FwIfCnt: 0
I1212 21:26:03.126006 27298 traceroute.cc:147] R: 0 S: 223.99k R: 11.35k PreP:   inf RmnP: 86.20 IfCnt: 0 FwIfCnt: 0
I1212 21:26:04.862730 27297 traceroute.cc:411] Preprobing finished (Took 76 seconds).
I1212 21:26:06.848608 27297 traceroute.cc:422] Preprobed: 2615936.
I1212 21:26:07.210734 27297 traceroute.cc:470] Start main probing.
I1212 21:26:08.126220 27298 traceroute.cc:147] R: 1 S: 3689348814739021.00k R: 3689348814741759.00k PreP: 18.09 RmnP: 86.20 IfCnt: 0 FwIfCnt: 0
I1212 21:26:18.126494 27298 traceroute.cc:147] R: 1 S: 188.59k R: 16.68k PreP: 18.09 RmnP: 86.20 IfCnt: 53051 FwIfCnt: 3
I1212 21:26:23.126694 27298 traceroute.cc:147] R: 1 S: 184.41k R: 16.42k PreP: 18.09 RmnP: 86.20 IfCnt: 72295 FwIfCnt: 7
I1212 21:26:28.126895 27298 traceroute.cc:147] R: 1 S: 167.49k R: 15.97k PreP: 18.09 RmnP: 86.20 IfCnt: 89307 FwIfCnt: 7
I1212 21:26:33.127099 27298 traceroute.cc:147] R: 1 S: 165.86k R: 15.12k PreP: 18.09 RmnP: 86.20 IfCnt: 103650 FwIfCnt: 8
I1212 21:26:38.127287 27298 traceroute.cc:147] R: 1 S: 158.76k R: 13.80k PreP: 18.09 RmnP: 86.20 IfCnt: 115542 FwIfCnt: 10
I1212 21:26:43.127478 27298 traceroute.cc:147] R: 1 S: 166.18k R: 14.46k PreP: 18.09 RmnP: 86.20 IfCnt: 127397 FwIfCnt: 10
I1212 21:26:48.127693 27298 traceroute.cc:147] R: 1 S: 192.89k R: 16.55k PreP: 18.09 RmnP: 86.20 IfCnt: 140098 FwIfCnt: 12
I1212 21:26:53.127879 27298 traceroute.cc:147] R: 1 S: 205.02k R: 18.90k PreP: 18.09 RmnP: 86.20 IfCnt: 153707 FwIfCnt: 12
I1212 21:26:58.128047 27298 traceroute.cc:147] R: 1 S: 206.66k R: 18.68k PreP: 18.09 RmnP: 86.20 IfCnt: 166599 FwIfCnt: 15
I1212 21:27:03.128211 27298 traceroute.cc:147] R: 1 S: 181.53k R: 16.49k PreP: 18.09 RmnP: 86.20 IfCnt: 177470 FwIfCnt: 16
I1212 21:27:08.128384 27298 traceroute.cc:147] R: 1 S: 210.06k R: 18.61k PreP: 18.09 RmnP: 86.20 IfCnt: 189245 FwIfCnt: 19
I1212 21:27:13.128602 27298 traceroute.cc:147] R: 1 S: 188.72k R: 16.32k PreP: 18.09 RmnP: 86.20 IfCnt: 198708 FwIfCnt: 19
I1212 21:27:18.128945 27298 traceroute.cc:147] R: 1 S: 199.59k R: 16.95k PreP: 18.09 RmnP: 86.20 IfCnt: 208217 FwIfCnt: 22
I1212 21:27:23.129130 27298 traceroute.cc:147] R: 1 S: 180.57k R: 15.97k PreP: 18.09 RmnP: 86.20 IfCnt: 216622 FwIfCnt: 28
I1212 21:27:28.129312 27298 traceroute.cc:147] R: 2 S: 180.06k R: 19.45k PreP: 18.09 RmnP: 86.20 IfCnt: 231651 FwIfCnt: 6917
I1212 21:27:33.129504 27298 traceroute.cc:147] R: 2 S: 171.08k R: 21.72k PreP: 18.09 RmnP: 86.20 IfCnt: 250384 FwIfCnt: 19247
I1212 21:27:38.129689 27298 traceroute.cc:147] R: 2 S: 143.50k R: 17.63k PreP: 18.09 RmnP: 86.19 IfCnt: 263611 FwIfCnt: 27943
I1212 21:27:43.129895 27298 traceroute.cc:147] R: 2 S: 176.23k R: 21.13k PreP: 18.09 RmnP: 86.19 IfCnt: 278263 FwIfCnt: 37685
I1212 21:27:48.130092 27298 traceroute.cc:147] R: 2 S: 181.74k R: 23.10k PreP: 18.09 RmnP: 86.19 IfCnt: 292713 FwIfCnt: 47227
I1212 21:27:53.130280 27298 traceroute.cc:147] R: 2 S: 204.15k R: 24.50k PreP: 18.09 RmnP: 86.19 IfCnt: 306678 FwIfCnt: 56562
I1212 21:27:58.130491 27298 traceroute.cc:147] R: 2 S: 205.25k R: 23.80k PreP: 18.09 RmnP: 86.18 IfCnt: 319333 FwIfCnt: 65192
I1212 21:28:03.130662 27298 traceroute.cc:147] R: 2 S: 206.58k R: 23.38k PreP: 18.09 RmnP: 86.18 IfCnt: 331234 FwIfCnt: 73228
I1212 21:28:08.130859 27298 traceroute.cc:147] R: 2 S: 198.12k R: 23.39k PreP: 18.09 RmnP: 86.18 IfCnt: 342497 FwIfCnt: 80732
I1212 21:28:13.131040 27298 traceroute.cc:147] R: 2 S: 177.19k R: 20.94k PreP: 18.09 RmnP: 86.18 IfCnt: 352479 FwIfCnt: 87589
I1212 21:28:18.131232 27298 traceroute.cc:147] R: 2 S: 177.62k R: 20.61k PreP: 18.09 RmnP: 86.17 IfCnt: 362355 FwIfCnt: 94040
I1212 21:28:23.131469 27298 traceroute.cc:147] R: 2 S: 186.63k R: 22.13k PreP: 18.09 RmnP: 86.17 IfCnt: 372140 FwIfCnt: 100576
I1212 21:28:28.131662 27298 traceroute.cc:147] R: 2 S: 189.53k R: 20.81k PreP: 18.09 RmnP: 86.17 IfCnt: 380641 FwIfCnt: 106267
I1212 21:28:33.131857 27298 traceroute.cc:147] R: 2 S: 165.23k R: 18.34k PreP: 18.09 RmnP: 86.16 IfCnt: 387817 FwIfCnt: 111135
I1212 21:28:38.132025 27298 traceroute.cc:147] R: 2 S: 173.18k R: 18.80k PreP: 18.09 RmnP: 86.16 IfCnt: 395126 FwIfCnt: 115934
I1212 21:28:43.132221 27298 traceroute.cc:147] R: 2 S: 155.63k R: 17.26k PreP: 18.09 RmnP: 86.16 IfCnt: 401679 FwIfCnt: 120206
I1212 21:28:48.132392 27298 traceroute.cc:147] R: 3 S: 155.43k R: 17.42k PreP: 18.09 RmnP: 86.14 IfCnt: 408202 FwIfCnt: 124729
I1212 21:28:53.132563 27298 traceroute.cc:147] R: 3 S: 148.56k R: 17.50k PreP: 18.09 RmnP: 86.10 IfCnt: 417184 FwIfCnt: 130278
I1212 21:28:58.132774 27298 traceroute.cc:147] R: 3 S: 185.90k R: 21.29k PreP: 18.09 RmnP: 86.05 IfCnt: 426149 FwIfCnt: 136256
I1212 21:29:03.132962 27298 traceroute.cc:147] R: 3 S: 158.84k R: 17.68k PreP: 18.09 RmnP: 86.01 IfCnt: 432608 FwIfCnt: 141105
I1212 21:29:08.133147 27298 traceroute.cc:147] R: 3 S: 202.63k R: 23.32k PreP: 18.09 RmnP: 85.94 IfCnt: 440371 FwIfCnt: 146921
I1212 21:29:13.133327 27298 traceroute.cc:147] R: 3 S: 203.34k R: 22.89k PreP: 18.09 RmnP: 85.88 IfCnt: 447392 FwIfCnt: 152372
I1212 21:29:18.133564 27298 traceroute.cc:147] R: 3 S: 200.79k R: 21.42k PreP: 18.09 RmnP: 85.82 IfCnt: 453543 FwIfCnt: 157371
I1212 21:29:23.133723 27298 traceroute.cc:147] R: 3 S: 204.98k R: 21.57k PreP: 18.09 RmnP: 85.76 IfCnt: 459422 FwIfCnt: 162268
I1212 21:29:28.134017 27298 traceroute.cc:147] R: 3 S: 198.60k R: 21.42k PreP: 18.09 RmnP: 85.69 IfCnt: 465176 FwIfCnt: 166798
I1212 21:29:33.134213 27298 traceroute.cc:147] R: 3 S: 199.40k R: 21.71k PreP: 18.09 RmnP: 85.63 IfCnt: 470730 FwIfCnt: 171545
I1212 21:29:38.134402 27298 traceroute.cc:147] R: 3 S: 180.85k R: 19.32k PreP: 18.09 RmnP: 85.57 IfCnt: 475697 FwIfCnt: 175769
I1212 21:29:43.134588 27298 traceroute.cc:147] R: 3 S: 192.43k R: 21.26k PreP: 18.09 RmnP: 85.51 IfCnt: 480828 FwIfCnt: 180179
I1212 21:29:48.134788 27298 traceroute.cc:147] R: 3 S: 156.63k R: 15.94k PreP: 18.09 RmnP: 85.46 IfCnt: 484480 FwIfCnt: 183295
I1212 21:29:53.134974 27298 traceroute.cc:147] R: 3 S: 139.20k R: 14.16k PreP: 18.09 RmnP: 85.42 IfCnt: 487600 FwIfCnt: 186014
I1212 21:29:58.135154 27298 traceroute.cc:147] R: 3 S: 149.08k R: 14.94k PreP: 18.09 RmnP: 85.37 IfCnt: 490804 FwIfCnt: 188820
I1212 21:30:03.135358 27298 traceroute.cc:147] R: 3 S: 191.06k R: 19.65k PreP: 18.09 RmnP: 85.31 IfCnt: 494968 FwIfCnt: 192479
I1212 21:30:08.135529 27298 traceroute.cc:147] R: 4 S: 206.42k R: 21.34k PreP: 18.09 RmnP: 84.88 IfCnt: 499966 FwIfCnt: 196221
I1212 21:30:13.135715 27298 traceroute.cc:147] R: 4 S: 203.70k R: 21.11k PreP: 18.09 RmnP: 84.11 IfCnt: 507106 FwIfCnt: 198414
I1212 21:30:18.135895 27298 traceroute.cc:147] R: 4 S: 198.96k R: 19.73k PreP: 18.09 RmnP: 83.35 IfCnt: 512850 FwIfCnt: 200443
I1212 21:30:23.136075 27298 traceroute.cc:147] R: 4 S: 209.51k R: 22.08k PreP: 18.09 RmnP: 82.44 IfCnt: 518480 FwIfCnt: 202719
I1212 21:30:28.136284 27298 traceroute.cc:147] R: 4 S: 200.90k R: 20.06k PreP: 18.09 RmnP: 81.66 IfCnt: 523355 FwIfCnt: 204694
I1212 21:30:33.136457 27298 traceroute.cc:147] R: 4 S: 181.71k R: 17.78k PreP: 18.09 RmnP: 80.95 IfCnt: 527287 FwIfCnt: 206300
I1212 21:30:38.136652 27298 traceroute.cc:147] R: 4 S: 182.99k R: 17.48k PreP: 18.09 RmnP: 80.23 IfCnt: 530969 FwIfCnt: 207796
I1212 21:30:43.136853 27298 traceroute.cc:147] R: 4 S: 192.55k R: 19.45k PreP: 18.09 RmnP: 79.44 IfCnt: 534850 FwIfCnt: 209408
I1212 21:30:48.137051 27298 traceroute.cc:147] R: 4 S: 170.97k R: 17.09k PreP: 18.09 RmnP: 78.76 IfCnt: 538384 FwIfCnt: 210913
I1212 21:30:53.137287 27298 traceroute.cc:147] R: 4 S: 186.67k R: 18.39k PreP: 18.09 RmnP: 77.99 IfCnt: 542100 FwIfCnt: 212436
I1212 21:30:58.137477 27298 traceroute.cc:147] R: 4 S: 183.94k R: 17.80k PreP: 18.09 RmnP: 77.28 IfCnt: 545395 FwIfCnt: 213909
I1212 21:31:03.137655 27298 traceroute.cc:147] R: 4 S: 182.42k R: 17.07k PreP: 18.09 RmnP: 76.57 IfCnt: 548285 FwIfCnt: 215233
I1212 21:31:08.137918 27298 traceroute.cc:147] R: 4 S: 203.34k R: 19.52k PreP: 18.09 RmnP: 75.76 IfCnt: 551671 FwIfCnt: 216749
I1212 21:31:13.138105 27298 traceroute.cc:147] R: 5 S: 193.79k R: 18.67k PreP: 18.09 RmnP: 75.10 IfCnt: 554794 FwIfCnt: 218147
I1212 21:31:18.138274 27298 traceroute.cc:147] R: 5 S: 173.87k R: 17.43k PreP: 18.09 RmnP: 74.67 IfCnt: 560591 FwIfCnt: 219192
I1212 21:31:23.138470 27298 traceroute.cc:147] R: 5 S: 200.35k R: 20.31k PreP: 18.09 RmnP: 74.18 IfCnt: 566130 FwIfCnt: 220179
I1212 21:31:28.138646 27298 traceroute.cc:147] R: 5 S: 166.78k R: 17.21k PreP: 18.09 RmnP: 73.74 IfCnt: 570152 FwIfCnt: 221083
I1212 21:31:33.138857 27298 traceroute.cc:147] R: 5 S: 181.18k R: 18.42k PreP: 18.09 RmnP: 73.29 IfCnt: 574065 FwIfCnt: 221970
I1212 21:31:38.139047 27298 traceroute.cc:147] R: 5 S: 197.34k R: 18.95k PreP: 18.09 RmnP: 72.81 IfCnt: 577974 FwIfCnt: 222956
I1212 21:31:43.139248 27298 traceroute.cc:147] R: 5 S: 202.26k R: 18.91k PreP: 18.09 RmnP: 72.31 IfCnt: 581706 FwIfCnt: 223891
I1212 21:31:48.139415 27298 traceroute.cc:147] R: 5 S: 190.41k R: 18.69k PreP: 18.09 RmnP: 71.83 IfCnt: 585391 FwIfCnt: 224778
I1212 21:31:53.139603 27298 traceroute.cc:147] R: 5 S: 146.68k R: 14.56k PreP: 18.09 RmnP: 71.47 IfCnt: 588247 FwIfCnt: 225523
I1212 21:31:58.139789 27298 traceroute.cc:147] R: 5 S: 162.25k R: 15.64k PreP: 18.09 RmnP: 71.06 IfCnt: 591263 FwIfCnt: 226279
I1212 21:32:03.139961 27298 traceroute.cc:147] R: 5 S: 176.08k R: 16.89k PreP: 18.09 RmnP: 70.65 IfCnt: 594254 FwIfCnt: 227026
I1212 21:32:08.140136 27298 traceroute.cc:147] R: 5 S: 174.74k R: 16.05k PreP: 18.09 RmnP: 70.24 IfCnt: 596951 FwIfCnt: 227702
I1212 21:32:13.140343 27298 traceroute.cc:147] R: 5 S: 208.22k R: 19.47k PreP: 18.09 RmnP: 69.73 IfCnt: 600059 FwIfCnt: 228657
I1212 21:32:18.140530 27298 traceroute.cc:147] R: 6 S: 217.90k R: 20.66k PreP: 18.09 RmnP: 69.18 IfCnt: 604645 FwIfCnt: 229490
I1212 21:32:23.140717 27298 traceroute.cc:147] R: 6 S: 215.29k R: 22.52k PreP: 18.09 RmnP: 68.63 IfCnt: 611268 FwIfCnt: 230145
I1212 21:32:28.140890 27298 traceroute.cc:147] R: 6 S: 202.61k R: 20.39k PreP: 18.09 RmnP: 68.10 IfCnt: 616212 FwIfCnt: 230695
I1212 21:32:33.141079 27298 traceroute.cc:147] R: 6 S: 207.25k R: 21.30k PreP: 18.09 RmnP: 67.57 IfCnt: 620668 FwIfCnt: 231292
I1212 21:32:38.141250 27298 traceroute.cc:147] R: 6 S: 187.59k R: 18.77k PreP: 18.09 RmnP: 67.12 IfCnt: 624330 FwIfCnt: 231761
I1212 21:32:43.141445 27298 traceroute.cc:147] R: 6 S: 200.28k R: 19.72k PreP: 18.09 RmnP: 66.62 IfCnt: 627924 FwIfCnt: 232228
I1212 21:32:48.141644 27298 traceroute.cc:147] R: 6 S: 198.79k R: 20.62k PreP: 18.09 RmnP: 66.12 IfCnt: 631656 FwIfCnt: 232716
I1212 21:32:53.141835 27298 traceroute.cc:147] R: 6 S: 187.89k R: 18.82k PreP: 18.09 RmnP: 65.65 IfCnt: 634956 FwIfCnt: 233221
I1212 21:32:58.142042 27298 traceroute.cc:147] R: 6 S: 178.58k R: 17.32k PreP: 18.09 RmnP: 65.22 IfCnt: 637864 FwIfCnt: 233661
I1212 21:33:03.142226 27298 traceroute.cc:147] R: 6 S: 178.24k R: 16.37k PreP: 18.09 RmnP: 64.79 IfCnt: 640362 FwIfCnt: 234038
I1212 21:33:08.142405 27298 traceroute.cc:147] R: 6 S: 178.01k R: 16.71k PreP: 18.09 RmnP: 64.36 IfCnt: 643011 FwIfCnt: 234475
I1212 21:33:13.142581 27298 traceroute.cc:147] R: 7 S: 167.38k R: 15.72k PreP: 18.09 RmnP: 63.94 IfCnt: 645564 FwIfCnt: 234906
I1212 21:33:18.142762 27298 traceroute.cc:147] R: 7 S: 193.01k R: 21.31k PreP: 18.09 RmnP: 63.42 IfCnt: 652245 FwIfCnt: 235281
I1212 21:33:23.142961 27298 traceroute.cc:147] R: 7 S: 218.24k R: 24.13k PreP: 18.09 RmnP: 62.84 IfCnt: 657712 FwIfCnt: 235656
I1212 21:33:28.143151 27298 traceroute.cc:147] R: 7 S: 208.29k R: 23.05k PreP: 18.09 RmnP: 62.28 IfCnt: 662119 FwIfCnt: 235982
I1212 21:33:33.143349 27298 traceroute.cc:147] R: 7 S: 204.85k R: 22.34k PreP: 18.09 RmnP: 61.74 IfCnt: 665900 FwIfCnt: 236272
I1212 21:33:38.143537 27298 traceroute.cc:147] R: 7 S: 208.55k R: 22.92k PreP: 18.09 RmnP: 61.17 IfCnt: 669544 FwIfCnt: 236561
I1212 21:33:43.143718 27298 traceroute.cc:147] R: 7 S: 193.99k R: 22.13k PreP: 18.09 RmnP: 60.65 IfCnt: 673113 FwIfCnt: 236882
I1212 21:33:48.143908 27298 traceroute.cc:147] R: 7 S: 188.98k R: 21.31k PreP: 18.09 RmnP: 60.17 IfCnt: 676228 FwIfCnt: 237147
I1212 21:33:53.144126 27298 traceroute.cc:147] R: 7 S: 195.78k R: 20.34k PreP: 18.09 RmnP: 59.70 IfCnt: 679124 FwIfCnt: 237400
I1212 21:33:58.144325 27298 traceroute.cc:147] R: 7 S: 211.38k R: 22.25k PreP: 18.09 RmnP: 59.17 IfCnt: 682023 FwIfCnt: 237676
I1212 21:34:03.144523 27298 traceroute.cc:147] R: 8 S: 184.11k R: 20.00k PreP: 18.09 RmnP: 58.68 IfCnt: 685596 FwIfCnt: 237937
I1212 21:34:08.144735 27298 traceroute.cc:147] R: 8 S: 184.39k R: 23.04k PreP: 18.09 RmnP: 58.14 IfCnt: 690368 FwIfCnt: 238154
I1212 21:34:13.144929 27298 traceroute.cc:147] R: 8 S: 185.54k R: 22.99k PreP: 18.09 RmnP: 57.58 IfCnt: 693920 FwIfCnt: 238365
I1212 21:34:18.145119 27298 traceroute.cc:147] R: 8 S: 145.27k R: 18.40k PreP: 18.09 RmnP: 57.16 IfCnt: 696392 FwIfCnt: 238516
I1212 21:34:23.145364 27298 traceroute.cc:147] R: 8 S: 185.34k R: 22.37k PreP: 18.09 RmnP: 56.61 IfCnt: 699263 FwIfCnt: 238690
I1212 21:34:28.145560 27298 traceroute.cc:147] R: 8 S: 197.14k R: 23.54k PreP: 18.09 RmnP: 56.01 IfCnt: 702006 FwIfCnt: 238869
I1212 21:34:33.145745 27298 traceroute.cc:147] R: 8 S: 197.43k R: 24.47k PreP: 18.09 RmnP: 55.41 IfCnt: 704828 FwIfCnt: 239088
I1212 21:34:38.145978 27298 traceroute.cc:147] R: 8 S: 196.18k R: 23.92k PreP: 18.09 RmnP: 54.83 IfCnt: 707522 FwIfCnt: 239294
I1212 21:34:43.146163 27298 traceroute.cc:147] R: 8 S: 214.41k R: 23.71k PreP: 18.09 RmnP: 54.23 IfCnt: 710024 FwIfCnt: 239469
I1212 21:34:48.146476 27298 traceroute.cc:147] R: 8 S: 174.59k R: 19.91k PreP: 18.09 RmnP: 53.73 IfCnt: 711993 FwIfCnt: 239645
I1212 21:34:53.146636 27298 traceroute.cc:147] R: 9 S: 192.13k R: 26.68k PreP: 18.09 RmnP: 53.06 IfCnt: 715959 FwIfCnt: 239797
I1212 21:34:58.146814 27298 traceroute.cc:147] R: 9 S: 179.52k R: 29.02k PreP: 18.09 RmnP: 52.42 IfCnt: 719171 FwIfCnt: 239928
I1212 21:35:03.146987 27298 traceroute.cc:147] R: 9 S: 178.47k R: 28.63k PreP: 18.09 RmnP: 51.76 IfCnt: 721647 FwIfCnt: 240057
I1212 21:35:08.147192 27298 traceroute.cc:147] R: 9 S: 186.96k R: 29.72k PreP: 18.09 RmnP: 51.11 IfCnt: 723963 FwIfCnt: 240184
I1212 21:35:13.149024 27298 traceroute.cc:147] R: 9 S: 178.22k R: 28.11k PreP: 18.09 RmnP: 50.49 IfCnt: 725990 FwIfCnt: 240283
I1212 21:35:18.149241 27298 traceroute.cc:147] R: 9 S: 190.81k R: 30.85k PreP: 18.09 RmnP: 49.81 IfCnt: 728082 FwIfCnt: 240426
I1212 21:35:23.149425 27298 traceroute.cc:147] R: 9 S: 159.08k R: 25.90k PreP: 18.09 RmnP: 49.28 IfCnt: 729756 FwIfCnt: 240541
I1212 21:35:28.149658 27298 traceroute.cc:147] R: 9 S: 188.22k R: 27.91k PreP: 18.09 RmnP: 48.68 IfCnt: 731576 FwIfCnt: 240637
I1212 21:35:33.149842 27298 traceroute.cc:147] R: 10 S: 209.49k R: 32.39k PreP: 18.09 RmnP: 47.93 IfCnt: 733422 FwIfCnt: 240749
I1212 21:35:38.150038 27298 traceroute.cc:147] R: 10 S: 209.41k R: 33.74k PreP: 18.09 RmnP: 46.89 IfCnt: 736325 FwIfCnt: 240870
I1212 21:35:43.150225 27298 traceroute.cc:147] R: 10 S: 183.82k R: 30.45k PreP: 18.09 RmnP: 45.99 IfCnt: 738221 FwIfCnt: 240975
I1212 21:35:48.150396 27298 traceroute.cc:147] R: 10 S: 188.66k R: 30.82k PreP: 18.09 RmnP: 45.06 IfCnt: 739807 FwIfCnt: 241070
I1212 21:35:53.150619 27298 traceroute.cc:147] R: 10 S: 211.09k R: 33.86k PreP: 18.09 RmnP: 44.03 IfCnt: 741513 FwIfCnt: 241177
I1212 21:35:58.150837 27298 traceroute.cc:147] R: 10 S: 202.98k R: 33.63k PreP: 18.09 RmnP: 43.02 IfCnt: 743083 FwIfCnt: 241284
I1212 21:36:03.151038 27298 traceroute.cc:147] R: 10 S: 192.65k R: 28.73k PreP: 18.09 RmnP: 42.12 IfCnt: 744438 FwIfCnt: 241363
I1212 21:36:08.151211 27298 traceroute.cc:147] R: 11 S: 184.68k R: 27.99k PreP: 18.09 RmnP: 41.24 IfCnt: 745551 FwIfCnt: 241452
I1212 21:36:13.151427 27298 traceroute.cc:147] R: 11 S: 188.80k R: 28.07k PreP: 18.09 RmnP: 40.27 IfCnt: 747582 FwIfCnt: 241537
I1212 21:36:18.151605 27298 traceroute.cc:147] R: 11 S: 172.00k R: 25.04k PreP: 18.09 RmnP: 39.37 IfCnt: 748988 FwIfCnt: 241615
I1212 21:36:23.151778 27298 traceroute.cc:147] R: 11 S: 176.73k R: 25.70k PreP: 18.09 RmnP: 38.47 IfCnt: 750173 FwIfCnt: 241663
I1212 21:36:28.152052 27298 traceroute.cc:147] R: 11 S: 181.51k R: 26.12k PreP: 18.09 RmnP: 37.52 IfCnt: 751326 FwIfCnt: 241720
I1212 21:36:33.152257 27298 traceroute.cc:147] R: 11 S: 172.56k R: 26.43k PreP: 18.09 RmnP: 36.67 IfCnt: 752433 FwIfCnt: 241778
I1212 21:36:38.152611 27298 traceroute.cc:147] R: 11 S: 197.60k R: 25.51k PreP: 18.09 RmnP: 35.74 IfCnt: 753485 FwIfCnt: 241820
I1212 21:36:43.152804 27298 traceroute.cc:147] R: 12 S: 191.45k R: 27.78k PreP: 18.09 RmnP: 34.89 IfCnt: 754752 FwIfCnt: 241874
I1212 21:36:48.152985 27298 traceroute.cc:147] R: 12 S: 203.28k R: 31.82k PreP: 18.09 RmnP: 34.01 IfCnt: 756165 FwIfCnt: 241936
I1212 21:36:53.153193 27298 traceroute.cc:147] R: 12 S: 194.74k R: 29.31k PreP: 18.09 RmnP: 33.18 IfCnt: 757157 FwIfCnt: 241999
I1212 21:36:58.153400 27298 traceroute.cc:147] R: 12 S: 204.08k R: 30.75k PreP: 18.09 RmnP: 32.25 IfCnt: 758094 FwIfCnt: 242066
I1212 21:37:03.153586 27298 traceroute.cc:147] R: 12 S: 203.51k R: 30.60k PreP: 18.09 RmnP: 31.48 IfCnt: 759017 FwIfCnt: 242123
I1212 21:37:08.153806 27298 traceroute.cc:147] R: 13 S: 205.25k R: 28.73k PreP: 18.09 RmnP: 30.56 IfCnt: 759859 FwIfCnt: 242185
I1212 21:37:13.154017 27298 traceroute.cc:147] R: 13 S: 194.51k R: 17.29k PreP: 18.09 RmnP: 29.62 IfCnt: 760925 FwIfCnt: 242243
I1212 21:37:18.154214 27298 traceroute.cc:147] R: 13 S: 188.55k R: 16.14k PreP: 18.09 RmnP: 28.77 IfCnt: 761669 FwIfCnt: 242280
I1212 21:37:23.154403 27298 traceroute.cc:147] R: 13 S: 196.56k R: 17.70k PreP: 18.09 RmnP: 27.83 IfCnt: 762370 FwIfCnt: 242327
I1212 21:37:28.154577 27298 traceroute.cc:147] R: 13 S: 175.54k R: 14.50k PreP: 18.09 RmnP: 27.09 IfCnt: 762936 FwIfCnt: 242355
I1212 21:37:33.154767 27298 traceroute.cc:147] R: 14 S: 188.72k R: 14.56k PreP: 18.09 RmnP: 26.55 IfCnt: 763450 FwIfCnt: 242392
I1212 21:37:38.154947 27298 traceroute.cc:147] R: 14 S: 177.43k R: 12.41k PreP: 18.09 RmnP: 26.19 IfCnt: 763668 FwIfCnt: 242422
I1212 21:37:43.155133 27298 traceroute.cc:147] R: 14 S: 223.76k R: 16.27k PreP: 18.09 RmnP: 25.72 IfCnt: 763891 FwIfCnt: 242474
I1212 21:37:48.155299 27298 traceroute.cc:147] R: 14 S: 224.43k R: 16.44k PreP: 18.09 RmnP: 25.28 IfCnt: 764048 FwIfCnt: 242513
I1212 21:37:53.155493 27298 traceroute.cc:147] R: 15 S: 189.97k R: 13.88k PreP: 18.09 RmnP: 24.95 IfCnt: 764164 FwIfCnt: 242554
I1212 21:37:58.155674 27298 traceroute.cc:147] R: 15 S: 208.91k R: 13.51k PreP: 18.09 RmnP: 24.59 IfCnt: 764204 FwIfCnt: 242580
I1212 21:38:03.155881 27298 traceroute.cc:147] R: 15 S: 200.04k R: 11.75k PreP: 18.09 RmnP: 24.23 IfCnt: 764224 FwIfCnt: 242595
I1212 21:38:08.156065 27298 traceroute.cc:147] R: 15 S: 197.58k R: 12.72k PreP: 18.09 RmnP: 23.91 IfCnt: 764265 FwIfCnt: 242620
I1212 21:38:13.156277 27298 traceroute.cc:147] R: 16 S: 166.13k R:  9.77k PreP: 18.09 RmnP: 23.63 IfCnt: 764285 FwIfCnt: 242641
I1212 21:38:18.156457 27298 traceroute.cc:147] R: 16 S: 188.86k R:  5.29k PreP: 18.09 RmnP: 23.41 IfCnt: 764303 FwIfCnt: 242664
I1212 21:38:23.156644 27298 traceroute.cc:147] R: 16 S: 190.77k R:  5.04k PreP: 18.09 RmnP: 23.20 IfCnt: 764320 FwIfCnt: 242690
I1212 21:38:28.156833 27298 traceroute.cc:147] R: 16 S: 191.24k R:  5.82k PreP: 18.09 RmnP: 22.96 IfCnt: 764336 FwIfCnt: 242706
I1212 21:38:33.157043 27298 traceroute.cc:147] R: 19 S: 214.52k R: 16.57k PreP: 18.09 RmnP:  0.22 IfCnt: 764367 FwIfCnt: 242757
I1212 21:38:38.157248 27298 traceroute.cc:147] R: 24 S: 28.02k R: 28.47k PreP: 18.09 RmnP:  0.06 IfCnt: 764484 FwIfCnt: 242825
I1212 21:38:43.157447 27298 traceroute.cc:147] R: 29 S:  3.27k R:  2.90k PreP: 18.09 RmnP:  0.01 IfCnt: 764497 FwIfCnt: 242827
I1212 21:38:48.157665 27298 traceroute.cc:147] R: 34 S:  0.16k R:  0.09k PreP: 18.09 RmnP:  0.00 IfCnt: 764497 FwIfCnt: 242830
I1212 21:38:48.836899 27297 traceroute.cc:535] Scan finished.
I1212 21:38:48.837515 27297 traceroute.cc:542] Main probing finished (Took 761 seconds).
I1212 21:38:49.837684 27297 traceroute.cc:631] Average Sending Rate:         184.40 Kpps
I1212 21:38:49.837721 27297 traceroute.cc:633] Average Receving Rate:        19.29 Kpps
I1212 21:38:49.837731 27297 traceroute.cc:635] Sent packets:                 155024289
I1212 21:38:49.837739 27297 traceroute.cc:637] Received packets:             16221442
I1212 21:38:49.837749 27297 traceroute.cc:639] Dropped responses:            104033
I1212 21:38:49.837756 27297 traceroute.cc:641] Checksum Mistatches:          6548
I1212 21:38:49.837785 27297 traceroute.cc:643] Distance Abnormalities:       97485
I1212 21:38:49.837793 27297 traceroute.cc:645] Sent probes:                  140562342
I1212 21:38:49.837801 27297 traceroute.cc:646] Sent preprobes:               14461947
I1212 21:38:49.837808 27297 traceroute.cc:648] Interfaces Forward-probing:   242830
I1212 21:38:49.837816 27297 traceroute.cc:650] Interfaces Backward-probing:  764497
I1212 21:38:50.056725 27297 traceroute.cc:655] Discovered Interfaces:        828382
I1212 21:38:50.056792 27297 main.cc:336] The program ends.
