[2020-12-12T22:16:32Z INFO  flashroute_rs] Opt { preprobing_ttl: 32, proximity_span: 5, split_ttl: 16, max_ttl: 32, gap: 5, probing_rate: 400000, two: false, router_only: false, interface: NetworkInterface { name: "ens4", description: "", index: 2, mac: Some(42:01:0a:80:00:02), ips: [V4(Ipv4Network { addr: 10.128.0.2, prefix: 32 }), V6(Ipv6Network { addr: fe80::4001:aff:fe80:2, prefix: 64 })], flags: 69699 }, dst_port: 33434, payload_message: "How are you?", dot: false, plot: true, output_dot: "fr.dot", output_viz: "fr.png", layout: "neato", spline: true, seed: 114514, salt: 0, dry_run: false, dump_targets: None, debug: false, grain: 8, targets: List("list_0_8.txt"), global_only: false, allow_private: false, local_addr: 10.128.0.2 }
[2020-12-12T22:16:32Z INFO  flashroute_rs::tracerouter] Using interface `ens4` (10.128.0.2)
[2020-12-12T22:16:32Z INFO  flashroute_rs::tracerouter] Initializing targets...
[2020-12-12T22:16:36Z INFO  flashroute_rs::tracerouter] Imported 15510524 targets from file
[2020-12-12T22:16:36Z INFO  flashroute_rs::network] [Pre] sending task started
[2020-12-12T22:16:36Z INFO  flashroute_rs::network] [Pre] receiving task started
[2020-12-12T22:16:59Z WARN  flashroute_rs::network] error occurred while parsing: parse error at stage 4
[2020-12-12T22:17:04Z WARN  flashroute_rs::network] error occurred while parsing: parse error at stage 4
[2020-12-12T22:17:24Z INFO  flashroute_rs::tracerouter] [Pre] Waiting for 3 secs...
[2020-12-12T22:17:27Z INFO  flashroute_rs::network] [Pre] sending task stopped
[2020-12-12T22:17:27Z INFO  flashroute_rs::network] [Pre] receiving task stopped
[2020-12-12T22:17:28Z INFO  flashroute_rs::tracerouter] Preprobed: 2611325
[2020-12-12T22:17:28Z INFO  flashroute_rs::network] [Main] sending task started
[2020-12-12T22:17:28Z INFO  flashroute_rs::network] [Main] receiving task started
[2020-12-12T22:18:00Z WARN  flashroute_rs::network] error occurred while parsing: parse error at stage 4
[2020-12-12T22:18:18Z INFO  flashroute_rs::tracerouter] round   1: total 15510524, complete        0, remain 15510524;  sent 15111875, recv  1189747
[2020-12-12T22:18:34Z WARN  flashroute_rs::network] error occurred while parsing: parse error at stage 4
[2020-12-12T22:19:11Z INFO  flashroute_rs::tracerouter] round   2: total 15510524, complete     7389, remain 15503135;  sent 30809644, recv  2706992
[2020-12-12T22:19:17Z WARN  flashroute_rs::network] error occurred while parsing: parse error at stage 3
[2020-12-12T22:19:30Z WARN  flashroute_rs::network] error occurred while parsing: parse error at stage 4
[2020-12-12T22:19:41Z WARN  flashroute_rs::network] error occurred while parsing: parse error at stage 4
[2020-12-12T22:20:03Z WARN  flashroute_rs::network] error occurred while parsing: parse error at stage 4
[2020-12-12T22:20:04Z INFO  flashroute_rs::tracerouter] round   3: total 15503135, complete   264354, remain 15238781;  sent 46217920, recv  4036312
[2020-12-12T22:20:33Z WARN  flashroute_rs::network] error occurred while parsing: parse error at stage 4
[2020-12-12T22:20:41Z WARN  flashroute_rs::network] error occurred while parsing: parse error at stage 3
[2020-12-12T22:20:55Z INFO  flashroute_rs::tracerouter] round   4: total 15238781, complete   143895, remain 15094886;  sent 61416616, recv  5148679
[2020-12-12T22:20:59Z WARN  flashroute_rs::network] error occurred while parsing: parse error at stage 4
[2020-12-12T22:21:22Z WARN  flashroute_rs::network] error occurred while parsing: parse error at stage 4
[2020-12-12T22:21:33Z WARN  flashroute_rs::network] error occurred while parsing: parse error at stage 4
[2020-12-12T22:21:47Z INFO  flashroute_rs::tracerouter] round   5: total 15094886, complete   102238, remain 14992648;  sent 76485715, recv  6179735
[2020-12-12T22:22:12Z WARN  flashroute_rs::network] error occurred while parsing: parse error at stage 4
[2020-12-12T22:22:29Z WARN  flashroute_rs::network] error occurred while parsing: parse error at stage 4
[2020-12-12T22:22:35Z WARN  flashroute_rs::network] error occurred while parsing: parse error at stage 4
[2020-12-12T22:22:36Z WARN  flashroute_rs::network] error occurred while parsing: parse error at stage 4
[2020-12-12T22:22:37Z WARN  flashroute_rs::network] error occurred while parsing: parse error at stage 4
[2020-12-12T22:22:38Z WARN  flashroute_rs::network] error occurred while parsing: parse error at stage 4
[2020-12-12T22:22:39Z INFO  flashroute_rs::tracerouter] round   6: total 14992648, complete    62964, remain 14929684;  sent 91479605, recv  7200341
[2020-12-12T22:23:03Z WARN  flashroute_rs::network] error occurred while parsing: parse error at stage 4
[2020-12-12T22:23:20Z INFO  flashroute_rs::tracerouter] round   7: total 14929684, complete  3728069, remain 11201615;  sent 102681760, recv  8219119
[2020-12-12T22:23:58Z INFO  flashroute_rs::tracerouter] round   8: total 11201615, complete   984276, remain 10217339;  sent 112899872, recv  9253970
[2020-12-12T22:23:59Z WARN  flashroute_rs::network] error occurred while parsing: parse error at stage 4
[2020-12-12T22:24:32Z WARN  flashroute_rs::network] error occurred while parsing: parse error at stage 4
[2020-12-12T22:24:35Z INFO  flashroute_rs::tracerouter] round   9: total 10217339, complete  1004040, remain  9213299;  sent 122114606, recv 10466466
[2020-12-12T22:25:07Z INFO  flashroute_rs::tracerouter] round  10: total  9213299, complete  1157209, remain  8056090;  sent 130170533, recv 11512468
[2020-12-12T22:25:26Z WARN  flashroute_rs::network] error occurred while parsing: parse error at stage 4
[2020-12-12T22:25:27Z WARN  flashroute_rs::network] error occurred while parsing: parse error at stage 4
[2020-12-12T22:25:27Z WARN  flashroute_rs::network] error occurred while parsing: parse error at stage 4
[2020-12-12T22:25:27Z WARN  flashroute_rs::network] error occurred while parsing: parse error at stage 4
[2020-12-12T22:25:28Z WARN  flashroute_rs::network] error occurred while parsing: parse error at stage 4
[2020-12-12T22:25:28Z WARN  flashroute_rs::network] error occurred while parsing: parse error at stage 4
[2020-12-12T22:25:28Z WARN  flashroute_rs::network] error occurred while parsing: parse error at stage 4
[2020-12-12T22:25:28Z WARN  flashroute_rs::network] error occurred while parsing: parse error at stage 4
[2020-12-12T22:25:29Z WARN  flashroute_rs::network] error occurred while parsing: parse error at stage 4
[2020-12-12T22:25:29Z WARN  flashroute_rs::network] error occurred while parsing: parse error at stage 4
[2020-12-12T22:25:29Z WARN  flashroute_rs::network] error occurred while parsing: parse error at stage 4
[2020-12-12T22:25:29Z WARN  flashroute_rs::network] error occurred while parsing: parse error at stage 4
[2020-12-12T22:25:29Z WARN  flashroute_rs::network] error occurred while parsing: parse error at stage 4
[2020-12-12T22:25:29Z WARN  flashroute_rs::network] error occurred while parsing: parse error at stage 4
[2020-12-12T22:25:30Z WARN  flashroute_rs::network] error occurred while parsing: parse error at stage 4
[2020-12-12T22:25:30Z WARN  flashroute_rs::network] error occurred while parsing: parse error at stage 4
[2020-12-12T22:25:30Z WARN  flashroute_rs::network] error occurred while parsing: parse error at stage 4
[2020-12-12T22:25:37Z INFO  flashroute_rs::tracerouter] round  11: total  8056090, complete   999336, remain  7056754;  sent 137227305, recv 12336097
[2020-12-12T22:26:02Z WARN  flashroute_rs::network] error occurred while parsing: parse error at stage 4
[2020-12-12T22:26:05Z INFO  flashroute_rs::tracerouter] round  12: total  7056754, complete   731475, remain  6325279;  sent 143552549, recv 13128086
[2020-12-12T22:26:30Z INFO  flashroute_rs::tracerouter] round  13: total  6325279, complete   724960, remain  5600319;  sent 149152674, recv 13580624
[2020-12-12T22:26:55Z INFO  flashroute_rs::tracerouter] round  14: total  5600319, complete   334028, remain  5266291;  sent 154418976, recv 13896511
[2020-12-12T22:26:58Z WARN  flashroute_rs::network] error occurred while parsing: parse error at stage 4
[2020-12-12T22:27:18Z INFO  flashroute_rs::tracerouter] round  15: total  5266291, complete   233474, remain  5032817;  sent 159451813, recv 14164231
[2020-12-12T22:27:32Z WARN  flashroute_rs::network] error occurred while parsing: parse error at stage 4
[2020-12-12T22:27:40Z INFO  flashroute_rs::tracerouter] round  16: total  5032817, complete   165780, remain  4867037;  sent 164318764, recv 14288154
[2020-12-12T22:27:41Z INFO  flashroute_rs::tracerouter] round  17: total  4867037, complete  4741806, remain   125231;  sent 164527980, recv 14293069
[2020-12-12T22:27:42Z INFO  flashroute_rs::tracerouter] round  18: total   125231, complete    67212, remain    58019;  sent 164756842, recv 14301066
[2020-12-12T22:27:43Z INFO  flashroute_rs::tracerouter] round  19: total    58019, complete    16774, remain    41245;  sent 164942934, recv 14458925
[2020-12-12T22:27:44Z INFO  flashroute_rs::tracerouter] round  20: total    41245, complete     9401, remain    31844;  sent 164974778, recv 14481215
[2020-12-12T22:27:45Z INFO  flashroute_rs::tracerouter] round  21: total    31844, complete     6022, remain    25822;  sent 165000600, recv 14501630
[2020-12-12T22:27:46Z INFO  flashroute_rs::tracerouter] round  22: total    25822, complete     5439, remain    20383;  sent 165020983, recv 14516027
[2020-12-12T22:27:47Z INFO  flashroute_rs::tracerouter] round  23: total    20383, complete     5827, remain    14556;  sent 165035539, recv 14527853
[2020-12-12T22:27:48Z INFO  flashroute_rs::tracerouter] round  24: total    14556, complete     4681, remain     9875;  sent 165045414, recv 14535300
[2020-12-12T22:27:49Z INFO  flashroute_rs::tracerouter] round  25: total     9875, complete     3580, remain     6295;  sent 165051709, recv 14540666
[2020-12-12T22:27:50Z INFO  flashroute_rs::tracerouter] round  26: total     6295, complete     2418, remain     3877;  sent 165055586, recv 14543722
[2020-12-12T22:27:51Z INFO  flashroute_rs::tracerouter] round  27: total     3877, complete     1562, remain     2315;  sent 165057901, recv 14545612
[2020-12-12T22:27:52Z INFO  flashroute_rs::tracerouter] round  28: total     2315, complete     1097, remain     1218;  sent 165059119, recv 14546522
[2020-12-12T22:27:53Z INFO  flashroute_rs::tracerouter] round  29: total     1218, complete      687, remain      531;  sent 165059650, recv 14546923
[2020-12-12T22:27:54Z INFO  flashroute_rs::tracerouter] round  30: total      531, complete      275, remain      256;  sent 165059906, recv 14547105
[2020-12-12T22:27:55Z INFO  flashroute_rs::tracerouter] round  31: total      256, complete       99, remain      157;  sent 165060063, recv 14547200
[2020-12-12T22:27:56Z INFO  flashroute_rs::tracerouter] round  32: total      157, complete       59, remain       98;  sent 165060161, recv 14547259
[2020-12-12T22:27:56Z INFO  flashroute_rs::tracerouter] round  33: total       98, complete       96, remain        2;  sent 165060163, recv 14547259
[2020-12-12T22:27:56Z INFO  flashroute_rs::tracerouter] round  34: total        2, complete        2, remain        0;  sent 165060163, recv 14547259
[2020-12-12T22:27:56Z INFO  flashroute_rs::tracerouter] [Main] Waiting for 5 secs...
[2020-12-12T22:28:01Z INFO  flashroute_rs::tracerouter] Generating statistics and topology...
[2020-12-12T22:28:01Z INFO  flashroute_rs::network] [Main] sending task stopped
[2020-12-12T22:28:01Z INFO  flashroute_rs::network] [Main] receiving task stopped
[2020-12-12T22:28:14Z INFO  flashroute_rs::tracerouter] [Summary] Pre: sent 15510524, recv 634130;  Main: sent 165060163, recv 14547391
[2020-12-12T22:28:14Z INFO  flashroute_rs::tracerouter] [Summary] Elapsed: 697 secs
[2020-12-12T22:28:14Z INFO  flashroute_rs::tracerouter] [Summary] Interfaces: forward 252222, backward 1257616, total 1323238
[2020-12-12T22:28:14Z INFO  flashroute_rs::utils] [Summary] Total probed hosts: 1323254
