I1213 06:38:09.883760 35146 traceroute.cc:90] Internal recording disabled.
I1213 06:38:09.883819 35146 traceroute.cc:267] The target network is from 0.0.0.0 to 255.255.255.255.
I1213 06:38:14.648950 35146 blacklist.cc:24] Blacklist disabled.
I1213 06:38:14.708703 35146 blacklist.cc:53] 2315269 reserved addresses have been removed.
I1213 06:38:14.708746 35146 hitlist.cc:23] Load hitlist from file: list_0_8.txt
I1213 06:38:18.637831 35146 hitlist.cc:34] 15510524 load addresses from hitlist.
I1213 06:38:22.843062 35147 traceroute.cc:161] Temporary no metrics.
I1213 06:38:22.843199 35146 traceroute.cc:394] Start preprobing.
I1213 06:38:32.843333 35147 traceroute.cc:147] R: 0 S: 100.00k R:  5.43k PreP:   inf RmnP: 86.20 IfCnt: 0 FwIfCnt: 0
I1213 06:38:37.843528 35147 traceroute.cc:147] R: 0 S: 100.00k R:  5.35k PreP:   inf RmnP: 86.20 IfCnt: 0 FwIfCnt: 0
I1213 06:38:42.843703 35147 traceroute.cc:147] R: 0 S: 100.01k R:  5.14k PreP:   inf RmnP: 86.20 IfCnt: 0 FwIfCnt: 0
I1213 06:38:47.843896 35147 traceroute.cc:147] R: 0 S: 100.00k R:  5.26k PreP:   inf RmnP: 86.20 IfCnt: 0 FwIfCnt: 0
I1213 06:38:52.844105 35147 traceroute.cc:147] R: 0 S: 100.00k R:  5.32k PreP:   inf RmnP: 86.20 IfCnt: 0 FwIfCnt: 0
I1213 06:38:57.844278 35147 traceroute.cc:147] R: 0 S: 100.02k R:  5.02k PreP:   inf RmnP: 86.20 IfCnt: 0 FwIfCnt: 0
I1213 06:39:02.844460 35147 traceroute.cc:147] R: 0 S: 100.00k R:  4.96k PreP:   inf RmnP: 86.20 IfCnt: 0 FwIfCnt: 0
I1213 06:39:07.844642 35147 traceroute.cc:147] R: 0 S: 100.01k R:  4.83k PreP:   inf RmnP: 86.20 IfCnt: 0 FwIfCnt: 0
I1213 06:39:12.844885 35147 traceroute.cc:147] R: 0 S: 100.00k R:  4.86k PreP:   inf RmnP: 86.20 IfCnt: 0 FwIfCnt: 0
I1213 06:39:17.845096 35147 traceroute.cc:147] R: 0 S: 100.00k R:  4.86k PreP:   inf RmnP: 86.20 IfCnt: 0 FwIfCnt: 0
I1213 06:39:22.845304 35147 traceroute.cc:147] R: 0 S: 100.01k R:  5.01k PreP:   inf RmnP: 86.20 IfCnt: 0 FwIfCnt: 0
I1213 06:39:27.845518 35147 traceroute.cc:147] R: 0 S: 100.01k R:  4.93k PreP:   inf RmnP: 86.20 IfCnt: 0 FwIfCnt: 0
I1213 06:39:32.845710 35147 traceroute.cc:147] R: 0 S: 100.01k R:  5.07k PreP:   inf RmnP: 86.20 IfCnt: 0 FwIfCnt: 0
I1213 06:39:37.845937 35147 traceroute.cc:147] R: 0 S: 100.03k R:  4.96k PreP:   inf RmnP: 86.20 IfCnt: 0 FwIfCnt: 0
I1213 06:39:42.846140 35147 traceroute.cc:147] R: 0 S: 99.98k R:  5.08k PreP:   inf RmnP: 86.20 IfCnt: 0 FwIfCnt: 0
I1213 06:39:47.846388 35147 traceroute.cc:147] R: 0 S: 100.02k R:  5.26k PreP:   inf RmnP: 86.20 IfCnt: 0 FwIfCnt: 0
I1213 06:39:52.846590 35147 traceroute.cc:147] R: 0 S: 100.01k R:  5.35k PreP:   inf RmnP: 86.20 IfCnt: 0 FwIfCnt: 0
I1213 06:39:57.846791 35147 traceroute.cc:147] R: 0 S: 100.01k R:  5.25k PreP:   inf RmnP: 86.20 IfCnt: 0 FwIfCnt: 0
I1213 06:40:02.846972 35147 traceroute.cc:147] R: 0 S: 99.98k R:  5.25k PreP:   inf RmnP: 86.20 IfCnt: 0 FwIfCnt: 0
I1213 06:40:07.847172 35147 traceroute.cc:147] R: 0 S: 100.02k R:  5.20k PreP:   inf RmnP: 86.20 IfCnt: 0 FwIfCnt: 0
I1213 06:40:12.847435 35147 traceroute.cc:147] R: 0 S: 100.05k R:  5.27k PreP:   inf RmnP: 86.20 IfCnt: 0 FwIfCnt: 0
I1213 06:40:17.847645 35147 traceroute.cc:147] R: 0 S: 99.92k R:  5.10k PreP:   inf RmnP: 86.20 IfCnt: 0 FwIfCnt: 0
I1213 06:40:22.847860 35147 traceroute.cc:147] R: 0 S: 98.51k R:  4.85k PreP:   inf RmnP: 86.20 IfCnt: 0 FwIfCnt: 0
I1213 06:40:27.848069 35147 traceroute.cc:147] R: 0 S: 100.09k R:  4.96k PreP:   inf RmnP: 86.20 IfCnt: 0 FwIfCnt: 0
I1213 06:40:32.848292 35147 traceroute.cc:147] R: 0 S: 99.99k R:  4.98k PreP:   inf RmnP: 86.20 IfCnt: 0 FwIfCnt: 0
I1213 06:40:37.848482 35147 traceroute.cc:147] R: 0 S: 99.97k R:  4.96k PreP:   inf RmnP: 86.20 IfCnt: 0 FwIfCnt: 0
I1213 06:40:42.848666 35147 traceroute.cc:147] R: 0 S: 100.03k R:  4.97k PreP:   inf RmnP: 86.20 IfCnt: 0 FwIfCnt: 0
I1213 06:40:47.848970 35147 traceroute.cc:147] R: 0 S: 93.69k R:  4.85k PreP:   inf RmnP: 86.20 IfCnt: 0 FwIfCnt: 0
I1213 06:40:49.222860 35146 traceroute.cc:411] Preprobing finished (Took 146 seconds).
I1213 06:40:51.284205 35146 traceroute.cc:422] Preprobed: 2563546.
I1213 06:40:51.687621 35146 traceroute.cc:470] Start main probing.
I1213 06:40:52.849167 35147 traceroute.cc:147] R: 1 S: 3689348814739024.50k R: 3689348814741763.50k PreP: 17.73 RmnP: 86.20 IfCnt: 242 FwIfCnt: 0
I1213 06:40:57.849330 35147 traceroute.cc:147] R: 1 S: 100.22k R:  6.86k PreP: 17.73 RmnP: 86.20 IfCnt: 14070 FwIfCnt: 0
I1213 06:41:02.849535 35147 traceroute.cc:147] R: 1 S: 99.87k R:  7.19k PreP: 17.73 RmnP: 86.20 IfCnt: 25685 FwIfCnt: 0
I1213 06:41:07.849701 35147 traceroute.cc:147] R: 1 S: 99.38k R:  7.04k PreP: 17.73 RmnP: 86.20 IfCnt: 36092 FwIfCnt: 0
I1213 06:41:12.849912 35147 traceroute.cc:147] R: 1 S: 99.83k R:  6.93k PreP: 17.73 RmnP: 86.20 IfCnt: 45664 FwIfCnt: 1
I1213 06:41:17.850098 35147 traceroute.cc:147] R: 1 S: 99.65k R:  6.96k PreP: 17.73 RmnP: 86.20 IfCnt: 54489 FwIfCnt: 1
I1213 06:41:22.850275 35147 traceroute.cc:147] R: 1 S: 100.91k R:  7.09k PreP: 17.73 RmnP: 86.20 IfCnt: 62829 FwIfCnt: 3
I1213 06:41:27.850477 35147 traceroute.cc:147] R: 1 S: 98.91k R:  6.71k PreP: 17.73 RmnP: 86.20 IfCnt: 70158 FwIfCnt: 3
I1213 06:41:32.850648 35147 traceroute.cc:147] R: 1 S: 100.24k R:  6.61k PreP: 17.73 RmnP: 86.20 IfCnt: 77120 FwIfCnt: 4
I1213 06:41:37.851020 35147 traceroute.cc:147] R: 1 S: 100.72k R:  6.60k PreP: 17.73 RmnP: 86.20 IfCnt: 83742 FwIfCnt: 6
I1213 06:41:42.851199 35147 traceroute.cc:147] R: 1 S: 100.70k R:  6.49k PreP: 17.73 RmnP: 86.20 IfCnt: 89928 FwIfCnt: 6
I1213 06:41:47.851408 35147 traceroute.cc:147] R: 1 S: 99.70k R:  6.56k PreP: 17.73 RmnP: 86.20 IfCnt: 96092 FwIfCnt: 6
I1213 06:41:52.851591 35147 traceroute.cc:147] R: 1 S: 101.31k R:  6.77k PreP: 17.73 RmnP: 86.20 IfCnt: 102188 FwIfCnt: 6
I1213 06:41:57.851783 35147 traceroute.cc:147] R: 1 S: 99.78k R:  6.50k PreP: 17.73 RmnP: 86.20 IfCnt: 107748 FwIfCnt: 7
I1213 06:42:02.851943 35147 traceroute.cc:147] R: 1 S: 99.39k R:  6.74k PreP: 17.73 RmnP: 86.20 IfCnt: 113416 FwIfCnt: 7
I1213 06:42:07.852120 35147 traceroute.cc:147] R: 1 S: 98.25k R:  6.71k PreP: 17.73 RmnP: 86.20 IfCnt: 118847 FwIfCnt: 7
I1213 06:42:12.852319 35147 traceroute.cc:147] R: 1 S: 103.30k R:  6.76k PreP: 17.73 RmnP: 86.20 IfCnt: 124139 FwIfCnt: 7
I1213 06:42:17.852519 35147 traceroute.cc:147] R: 1 S: 97.45k R:  6.99k PreP: 17.73 RmnP: 86.20 IfCnt: 129457 FwIfCnt: 7
I1213 06:42:22.852725 35147 traceroute.cc:147] R: 1 S: 100.06k R:  7.04k PreP: 17.73 RmnP: 86.20 IfCnt: 134530 FwIfCnt: 9
I1213 06:42:27.852895 35147 traceroute.cc:147] R: 1 S: 99.88k R:  6.99k PreP: 17.73 RmnP: 86.20 IfCnt: 139572 FwIfCnt: 10
I1213 06:42:32.853102 35147 traceroute.cc:147] R: 1 S: 99.64k R:  7.04k PreP: 17.73 RmnP: 86.20 IfCnt: 144535 FwIfCnt: 10
I1213 06:42:37.853284 35147 traceroute.cc:147] R: 1 S: 100.27k R:  7.09k PreP: 17.73 RmnP: 86.20 IfCnt: 149480 FwIfCnt: 12
I1213 06:42:42.853547 35147 traceroute.cc:147] R: 1 S: 100.48k R:  7.21k PreP: 17.73 RmnP: 86.20 IfCnt: 154523 FwIfCnt: 14
I1213 06:42:47.853777 35147 traceroute.cc:147] R: 1 S: 100.19k R:  6.94k PreP: 17.73 RmnP: 86.20 IfCnt: 159018 FwIfCnt: 15
I1213 06:42:52.853973 35147 traceroute.cc:147] R: 1 S: 99.84k R:  6.70k PreP: 17.73 RmnP: 86.20 IfCnt: 163238 FwIfCnt: 15
I1213 06:42:57.854146 35147 traceroute.cc:147] R: 1 S: 100.06k R:  6.76k PreP: 17.73 RmnP: 86.20 IfCnt: 167462 FwIfCnt: 15
I1213 06:43:02.854313 35147 traceroute.cc:147] R: 1 S: 100.16k R:  6.80k PreP: 17.73 RmnP: 86.20 IfCnt: 171639 FwIfCnt: 17
I1213 06:43:07.854478 35147 traceroute.cc:147] R: 1 S: 98.95k R:  6.56k PreP: 17.73 RmnP: 86.20 IfCnt: 175627 FwIfCnt: 17
I1213 06:43:12.854665 35147 traceroute.cc:147] R: 1 S: 101.85k R:  6.63k PreP: 17.73 RmnP: 86.20 IfCnt: 179468 FwIfCnt: 19
I1213 06:43:17.854854 35147 traceroute.cc:147] R: 2 S: 98.43k R:  7.21k PreP: 17.73 RmnP: 86.20 IfCnt: 184167 FwIfCnt: 563
I1213 06:43:22.855039 35147 traceroute.cc:147] R: 2 S: 101.50k R:  9.90k PreP: 17.73 RmnP: 86.19 IfCnt: 194810 FwIfCnt: 6234
I1213 06:43:27.855230 35147 traceroute.cc:147] R: 2 S: 99.09k R:  9.38k PreP: 17.73 RmnP: 86.19 IfCnt: 203814 FwIfCnt: 11041
I1213 06:43:32.855439 35147 traceroute.cc:147] R: 2 S: 99.81k R:  9.26k PreP: 17.73 RmnP: 86.18 IfCnt: 212190 FwIfCnt: 15657
I1213 06:43:37.855618 35147 traceroute.cc:147] R: 2 S: 99.14k R:  8.90k PreP: 17.73 RmnP: 86.17 IfCnt: 219964 FwIfCnt: 20011
I1213 06:43:42.855829 35147 traceroute.cc:147] R: 2 S: 100.54k R:  8.96k PreP: 17.73 RmnP: 86.16 IfCnt: 227345 FwIfCnt: 23957
I1213 06:43:47.856151 35147 traceroute.cc:147] R: 2 S: 100.72k R:  9.03k PreP: 17.73 RmnP: 86.15 IfCnt: 234295 FwIfCnt: 27821
I1213 06:43:52.856550 35147 traceroute.cc:147] R: 2 S: 99.74k R:  8.50k PreP: 17.73 RmnP: 86.14 IfCnt: 240433 FwIfCnt: 31268
I1213 06:43:57.856765 35147 traceroute.cc:147] R: 2 S: 99.71k R:  8.41k PreP: 17.73 RmnP: 86.13 IfCnt: 246383 FwIfCnt: 34935
I1213 06:44:02.856982 35147 traceroute.cc:147] R: 2 S: 99.92k R:  8.23k PreP: 17.73 RmnP: 86.13 IfCnt: 252139 FwIfCnt: 38048
I1213 06:44:07.857157 35147 traceroute.cc:147] R: 2 S: 100.19k R:  8.16k PreP: 17.73 RmnP: 86.12 IfCnt: 257449 FwIfCnt: 41024
I1213 06:44:12.857359 35147 traceroute.cc:147] R: 2 S: 100.47k R:  8.15k PreP: 17.73 RmnP: 86.11 IfCnt: 262724 FwIfCnt: 43957
I1213 06:44:17.857640 35147 traceroute.cc:147] R: 2 S: 100.08k R:  8.35k PreP: 17.73 RmnP: 86.10 IfCnt: 268007 FwIfCnt: 46961
I1213 06:44:22.857834 35147 traceroute.cc:147] R: 2 S: 99.41k R:  8.07k PreP: 17.73 RmnP: 86.09 IfCnt: 272945 FwIfCnt: 49682
I1213 06:44:27.858006 35147 traceroute.cc:147] R: 2 S: 99.72k R:  8.27k PreP: 17.73 RmnP: 86.08 IfCnt: 277889 FwIfCnt: 52471
I1213 06:44:32.858186 35147 traceroute.cc:147] R: 2 S: 100.18k R:  8.33k PreP: 17.73 RmnP: 86.07 IfCnt: 282723 FwIfCnt: 55219
I1213 06:44:37.858376 35147 traceroute.cc:147] R: 2 S: 99.66k R:  8.30k PreP: 17.73 RmnP: 86.06 IfCnt: 287314 FwIfCnt: 57820
I1213 06:44:42.858603 35147 traceroute.cc:147] R: 2 S: 99.93k R:  8.54k PreP: 17.73 RmnP: 86.05 IfCnt: 292084 FwIfCnt: 60428
I1213 06:44:47.858800 35147 traceroute.cc:147] R: 2 S: 101.05k R:  8.69k PreP: 17.73 RmnP: 86.04 IfCnt: 296647 FwIfCnt: 63002
I1213 06:44:52.859165 35147 traceroute.cc:147] R: 2 S: 102.78k R:  8.67k PreP: 17.73 RmnP: 86.03 IfCnt: 301225 FwIfCnt: 65500
I1213 06:44:57.859350 35147 traceroute.cc:147] R: 2 S: 96.99k R:  8.27k PreP: 17.73 RmnP: 86.01 IfCnt: 305457 FwIfCnt: 67919
I1213 06:45:02.859539 35147 traceroute.cc:147] R: 2 S: 101.89k R:  8.65k PreP: 17.73 RmnP: 86.00 IfCnt: 309736 FwIfCnt: 70428
I1213 06:45:07.859738 35147 traceroute.cc:147] R: 2 S: 99.48k R:  8.70k PreP: 17.73 RmnP: 85.99 IfCnt: 313999 FwIfCnt: 72895
I1213 06:45:12.859930 35147 traceroute.cc:147] R: 2 S: 101.20k R:  8.49k PreP: 17.73 RmnP: 85.98 IfCnt: 318173 FwIfCnt: 75209
I1213 06:45:17.860121 35147 traceroute.cc:147] R: 2 S: 97.97k R:  8.01k PreP: 17.73 RmnP: 85.97 IfCnt: 322014 FwIfCnt: 77418
I1213 06:45:22.860309 35147 traceroute.cc:147] R: 2 S: 100.10k R:  8.04k PreP: 17.73 RmnP: 85.96 IfCnt: 325846 FwIfCnt: 79572
I1213 06:45:27.860508 35147 traceroute.cc:147] R: 2 S: 98.93k R:  7.99k PreP: 17.73 RmnP: 85.95 IfCnt: 329567 FwIfCnt: 81698
I1213 06:45:32.860710 35147 traceroute.cc:147] R: 2 S: 99.75k R:  7.90k PreP: 17.73 RmnP: 85.94 IfCnt: 333204 FwIfCnt: 83730
I1213 06:45:37.860925 35147 traceroute.cc:147] R: 2 S: 100.58k R:  7.87k PreP: 17.73 RmnP: 85.93 IfCnt: 336705 FwIfCnt: 85753
I1213 06:45:42.861120 35147 traceroute.cc:147] R: 3 S: 100.42k R:  8.20k PreP: 17.73 RmnP: 85.91 IfCnt: 340349 FwIfCnt: 87765
I1213 06:45:47.861315 35147 traceroute.cc:147] R: 3 S: 98.67k R:  8.29k PreP: 17.73 RmnP: 85.88 IfCnt: 344565 FwIfCnt: 90240
I1213 06:45:52.861580 35147 traceroute.cc:147] R: 3 S: 101.77k R:  8.23k PreP: 17.73 RmnP: 85.86 IfCnt: 348408 FwIfCnt: 92901
I1213 06:45:57.861806 35147 traceroute.cc:147] R: 3 S: 99.46k R:  7.66k PreP: 17.73 RmnP: 85.83 IfCnt: 351753 FwIfCnt: 95346
I1213 06:46:02.862023 35147 traceroute.cc:147] R: 3 S: 99.78k R:  7.53k PreP: 17.73 RmnP: 85.80 IfCnt: 354942 FwIfCnt: 97772
I1213 06:46:07.862215 35147 traceroute.cc:147] R: 3 S: 100.06k R:  7.54k PreP: 17.73 RmnP: 85.77 IfCnt: 357936 FwIfCnt: 99991
I1213 06:46:12.862407 35147 traceroute.cc:147] R: 3 S: 101.78k R:  7.56k PreP: 17.73 RmnP: 85.74 IfCnt: 360672 FwIfCnt: 102220
I1213 06:46:17.862615 35147 traceroute.cc:147] R: 3 S: 97.61k R:  7.10k PreP: 17.73 RmnP: 85.71 IfCnt: 363158 FwIfCnt: 104185
I1213 06:46:22.862818 35147 traceroute.cc:147] R: 3 S: 100.52k R:  7.00k PreP: 17.73 RmnP: 85.69 IfCnt: 365493 FwIfCnt: 106199
I1213 06:46:27.862998 35147 traceroute.cc:147] R: 3 S: 100.23k R:  6.89k PreP: 17.73 RmnP: 85.66 IfCnt: 367752 FwIfCnt: 108200
I1213 06:46:32.863159 35147 traceroute.cc:147] R: 3 S: 99.43k R:  6.93k PreP: 17.73 RmnP: 85.63 IfCnt: 370029 FwIfCnt: 110021
I1213 06:46:37.863361 35147 traceroute.cc:147] R: 3 S: 101.59k R:  6.76k PreP: 17.73 RmnP: 85.60 IfCnt: 372267 FwIfCnt: 111834
I1213 06:46:42.863548 35147 traceroute.cc:147] R: 3 S: 98.37k R:  6.94k PreP: 17.73 RmnP: 85.57 IfCnt: 374452 FwIfCnt: 113814
I1213 06:46:47.863760 35147 traceroute.cc:147] R: 3 S: 99.79k R:  6.77k PreP: 17.73 RmnP: 85.54 IfCnt: 376428 FwIfCnt: 115594
I1213 06:46:52.863981 35147 traceroute.cc:147] R: 3 S: 99.96k R:  6.92k PreP: 17.73 RmnP: 85.51 IfCnt: 378480 FwIfCnt: 117323
I1213 06:46:57.864197 35147 traceroute.cc:147] R: 3 S: 100.52k R:  6.95k PreP: 17.73 RmnP: 85.49 IfCnt: 380510 FwIfCnt: 119104
I1213 06:47:02.864368 35147 traceroute.cc:147] R: 3 S: 100.92k R:  6.95k PreP: 17.73 RmnP: 85.45 IfCnt: 382452 FwIfCnt: 120773
I1213 06:47:07.864567 35147 traceroute.cc:147] R: 3 S: 99.82k R:  7.11k PreP: 17.73 RmnP: 85.42 IfCnt: 384450 FwIfCnt: 122438
I1213 06:47:12.864753 35147 traceroute.cc:147] R: 3 S: 99.68k R:  7.11k PreP: 17.73 RmnP: 85.39 IfCnt: 386399 FwIfCnt: 124110
I1213 06:47:17.864949 35147 traceroute.cc:147] R: 3 S: 99.65k R:  7.02k PreP: 17.73 RmnP: 85.36 IfCnt: 388373 FwIfCnt: 125724
I1213 06:47:22.865132 35147 traceroute.cc:147] R: 3 S: 100.40k R:  6.92k PreP: 17.73 RmnP: 85.33 IfCnt: 390227 FwIfCnt: 127351
I1213 06:47:27.865352 35147 traceroute.cc:147] R: 3 S: 99.09k R:  7.14k PreP: 17.73 RmnP: 85.30 IfCnt: 392033 FwIfCnt: 128983
I1213 06:47:32.865532 35147 traceroute.cc:147] R: 3 S: 102.39k R:  7.31k PreP: 17.73 RmnP: 85.26 IfCnt: 393908 FwIfCnt: 130696
I1213 06:47:37.865751 35147 traceroute.cc:147] R: 3 S: 97.54k R:  6.96k PreP: 17.73 RmnP: 85.23 IfCnt: 395650 FwIfCnt: 132282
I1213 06:47:42.865975 35147 traceroute.cc:147] R: 3 S: 100.17k R:  6.73k PreP: 17.73 RmnP: 85.20 IfCnt: 397292 FwIfCnt: 133803
I1213 06:47:47.866200 35147 traceroute.cc:147] R: 3 S: 100.94k R:  6.73k PreP: 17.73 RmnP: 85.17 IfCnt: 398940 FwIfCnt: 135282
I1213 06:47:52.866436 35147 traceroute.cc:147] R: 3 S: 98.48k R:  6.74k PreP: 17.73 RmnP: 85.14 IfCnt: 400630 FwIfCnt: 136782
I1213 06:47:57.866629 35147 traceroute.cc:147] R: 3 S: 100.20k R:  6.62k PreP: 17.73 RmnP: 85.11 IfCnt: 402146 FwIfCnt: 138218
I1213 06:48:02.866829 35147 traceroute.cc:147] R: 3 S: 99.89k R:  6.52k PreP: 17.73 RmnP: 85.08 IfCnt: 403747 FwIfCnt: 139589
I1213 06:48:07.867023 35147 traceroute.cc:147] R: 4 S: 99.82k R:  6.76k PreP: 17.73 RmnP: 85.05 IfCnt: 405359 FwIfCnt: 140955
I1213 06:48:12.867230 35147 traceroute.cc:147] R: 4 S: 102.20k R:  6.11k PreP: 17.73 RmnP: 85.01 IfCnt: 407067 FwIfCnt: 142119
I1213 06:48:17.867461 35147 traceroute.cc:147] R: 4 S: 99.18k R:  5.91k PreP: 17.73 RmnP: 84.98 IfCnt: 408599 FwIfCnt: 143269
I1213 06:48:22.867686 35147 traceroute.cc:147] R: 4 S: 102.82k R:  5.79k PreP: 17.73 RmnP: 84.95 IfCnt: 410047 FwIfCnt: 144332
I1213 06:48:27.867887 35147 traceroute.cc:147] R: 4 S: 97.28k R:  5.56k PreP: 17.73 RmnP: 84.92 IfCnt: 411347 FwIfCnt: 145428
I1213 06:48:32.868106 35147 traceroute.cc:147] R: 4 S: 100.82k R:  5.74k PreP: 17.73 RmnP: 84.89 IfCnt: 412665 FwIfCnt: 146490
I1213 06:48:37.868291 35147 traceroute.cc:147] R: 4 S: 98.47k R:  5.74k PreP: 17.73 RmnP: 84.86 IfCnt: 413908 FwIfCnt: 147598
I1213 06:48:42.868486 35147 traceroute.cc:147] R: 4 S: 101.43k R:  5.34k PreP: 17.73 RmnP: 84.84 IfCnt: 415027 FwIfCnt: 148658
I1213 06:48:47.868665 35147 traceroute.cc:147] R: 4 S: 99.79k R:  5.32k PreP: 17.73 RmnP: 84.81 IfCnt: 416097 FwIfCnt: 149665
I1213 06:48:52.868854 35147 traceroute.cc:147] R: 4 S: 99.29k R:  5.21k PreP: 17.73 RmnP: 84.78 IfCnt: 417092 FwIfCnt: 150636
I1213 06:48:57.869068 35147 traceroute.cc:147] R: 4 S: 99.02k R:  5.15k PreP: 17.73 RmnP: 84.76 IfCnt: 418083 FwIfCnt: 151528
I1213 06:49:02.869258 35147 traceroute.cc:147] R: 4 S: 99.84k R:  5.28k PreP: 17.73 RmnP: 84.73 IfCnt: 419105 FwIfCnt: 152468
I1213 06:49:07.869563 35147 traceroute.cc:147] R: 4 S: 100.65k R:  5.28k PreP: 17.73 RmnP: 84.71 IfCnt: 420086 FwIfCnt: 153330
I1213 06:49:12.869738 35147 traceroute.cc:147] R: 4 S: 99.96k R:  5.13k PreP: 17.73 RmnP: 84.68 IfCnt: 421001 FwIfCnt: 154177
I1213 06:49:17.869974 35147 traceroute.cc:147] R: 4 S: 100.42k R:  5.34k PreP: 17.73 RmnP: 84.65 IfCnt: 421967 FwIfCnt: 155113
I1213 06:49:22.870167 35147 traceroute.cc:147] R: 4 S: 100.68k R:  5.31k PreP: 17.73 RmnP: 84.63 IfCnt: 423104 FwIfCnt: 155979
I1213 06:49:27.870368 35147 traceroute.cc:147] R: 4 S: 101.41k R:  5.34k PreP: 17.73 RmnP: 84.60 IfCnt: 423998 FwIfCnt: 156813
I1213 06:49:32.870563 35147 traceroute.cc:147] R: 4 S: 97.81k R:  5.44k PreP: 17.73 RmnP: 84.57 IfCnt: 424914 FwIfCnt: 157623
I1213 06:49:37.870772 35147 traceroute.cc:147] R: 4 S: 99.96k R:  5.61k PreP: 17.73 RmnP: 84.55 IfCnt: 425858 FwIfCnt: 158490
I1213 06:49:42.870980 35147 traceroute.cc:147] R: 4 S: 103.08k R:  5.39k PreP: 17.73 RmnP: 84.52 IfCnt: 426739 FwIfCnt: 159324
I1213 06:49:47.871148 35147 traceroute.cc:147] R: 4 S: 97.87k R:  5.33k PreP: 17.73 RmnP: 84.49 IfCnt: 427610 FwIfCnt: 160158
I1213 06:49:52.871356 35147 traceroute.cc:147] R: 4 S: 98.59k R:  5.61k PreP: 17.73 RmnP: 84.47 IfCnt: 428516 FwIfCnt: 161083
I1213 06:49:57.871567 35147 traceroute.cc:147] R: 4 S: 100.31k R:  5.67k PreP: 17.73 RmnP: 84.44 IfCnt: 429389 FwIfCnt: 161969
I1213 06:50:02.871755 35147 traceroute.cc:147] R: 4 S: 100.03k R:  5.22k PreP: 17.73 RmnP: 84.42 IfCnt: 430184 FwIfCnt: 162724
I1213 06:50:07.871922 35147 traceroute.cc:147] R: 4 S: 100.37k R:  5.16k PreP: 17.73 RmnP: 84.39 IfCnt: 431002 FwIfCnt: 163458
I1213 06:50:12.872083 35147 traceroute.cc:147] R: 4 S: 99.67k R:  5.13k PreP: 17.73 RmnP: 84.37 IfCnt: 431774 FwIfCnt: 164232
I1213 06:50:17.872264 35147 traceroute.cc:147] R: 4 S: 99.91k R:  5.16k PreP: 17.73 RmnP: 84.34 IfCnt: 432537 FwIfCnt: 164941
I1213 06:50:22.873988 35147 traceroute.cc:147] R: 4 S: 100.49k R:  5.13k PreP: 17.73 RmnP: 84.32 IfCnt: 433313 FwIfCnt: 165694
I1213 06:50:27.876641 35147 traceroute.cc:147] R: 4 S: 101.12k R:  5.11k PreP: 17.73 RmnP: 84.29 IfCnt: 434042 FwIfCnt: 166397
I1213 06:50:32.876848 35147 traceroute.cc:147] R: 5 S: 101.04k R:  4.85k PreP: 17.73 RmnP: 84.26 IfCnt: 434831 FwIfCnt: 167119
I1213 06:50:37.877044 35147 traceroute.cc:147] R: 5 S: 98.74k R:  4.62k PreP: 17.73 RmnP: 84.24 IfCnt: 435641 FwIfCnt: 167864
I1213 06:50:42.877230 35147 traceroute.cc:147] R: 5 S: 99.70k R:  4.56k PreP: 17.73 RmnP: 84.22 IfCnt: 436393 FwIfCnt: 168540
I1213 06:50:47.877418 35147 traceroute.cc:147] R: 5 S: 99.91k R:  4.38k PreP: 17.73 RmnP: 84.19 IfCnt: 437103 FwIfCnt: 169226
I1213 06:50:52.877648 35147 traceroute.cc:147] R: 5 S: 100.57k R:  4.43k PreP: 17.73 RmnP: 84.17 IfCnt: 437742 FwIfCnt: 169917
I1213 06:50:57.877825 35147 traceroute.cc:147] R: 5 S: 101.99k R:  4.36k PreP: 17.73 RmnP: 84.15 IfCnt: 438357 FwIfCnt: 170553
I1213 06:51:02.877995 35147 traceroute.cc:147] R: 5 S: 99.68k R:  4.22k PreP: 17.73 RmnP: 84.12 IfCnt: 438936 FwIfCnt: 171160
I1213 06:51:07.878168 35147 traceroute.cc:147] R: 5 S: 97.53k R:  4.03k PreP: 17.73 RmnP: 84.10 IfCnt: 439519 FwIfCnt: 171749
I1213 06:51:12.878347 35147 traceroute.cc:147] R: 5 S: 100.33k R:  4.00k PreP: 17.73 RmnP: 84.08 IfCnt: 440087 FwIfCnt: 172315
I1213 06:51:17.878538 35147 traceroute.cc:147] R: 5 S: 99.88k R:  3.94k PreP: 17.73 RmnP: 84.06 IfCnt: 440587 FwIfCnt: 172883
I1213 06:51:22.878890 35147 traceroute.cc:147] R: 5 S: 99.69k R:  3.95k PreP: 17.73 RmnP: 84.04 IfCnt: 441090 FwIfCnt: 173407
I1213 06:51:27.879076 35147 traceroute.cc:147] R: 5 S: 100.46k R:  4.11k PreP: 17.73 RmnP: 84.02 IfCnt: 441644 FwIfCnt: 173971
I1213 06:51:32.879287 35147 traceroute.cc:147] R: 5 S: 99.67k R:  3.94k PreP: 17.73 RmnP: 84.00 IfCnt: 442102 FwIfCnt: 174511
I1213 06:51:37.879483 35147 traceroute.cc:147] R: 5 S: 100.33k R:  4.13k PreP: 17.73 RmnP: 83.98 IfCnt: 442634 FwIfCnt: 175068
I1213 06:51:42.879705 35147 traceroute.cc:147] R: 5 S: 103.05k R:  4.11k PreP: 17.73 RmnP: 83.95 IfCnt: 443133 FwIfCnt: 175624
I1213 06:51:47.879921 35147 traceroute.cc:147] R: 5 S: 96.64k R:  4.04k PreP: 17.73 RmnP: 83.93 IfCnt: 443586 FwIfCnt: 176134
I1213 06:51:52.880113 35147 traceroute.cc:147] R: 5 S: 101.09k R:  4.38k PreP: 17.73 RmnP: 83.91 IfCnt: 444098 FwIfCnt: 176670
I1213 06:51:57.880307 35147 traceroute.cc:147] R: 5 S: 98.50k R:  4.44k PreP: 17.73 RmnP: 83.89 IfCnt: 444600 FwIfCnt: 177204
I1213 06:52:02.880507 35147 traceroute.cc:147] R: 5 S: 99.50k R:  4.14k PreP: 17.73 RmnP: 83.87 IfCnt: 445120 FwIfCnt: 177765
I1213 06:52:07.880709 35147 traceroute.cc:147] R: 5 S: 101.50k R:  4.21k PreP: 17.73 RmnP: 83.84 IfCnt: 445662 FwIfCnt: 178309
I1213 06:52:12.880893 35147 traceroute.cc:147] R: 5 S: 100.25k R:  4.20k PreP: 17.73 RmnP: 83.82 IfCnt: 446140 FwIfCnt: 178801
I1213 06:52:17.881076 35147 traceroute.cc:147] R: 5 S: 98.67k R:  4.35k PreP: 17.73 RmnP: 83.80 IfCnt: 446647 FwIfCnt: 179387
I1213 06:52:22.881283 35147 traceroute.cc:147] R: 5 S: 99.75k R:  4.11k PreP: 17.73 RmnP: 83.78 IfCnt: 447096 FwIfCnt: 179876
I1213 06:52:27.881464 35147 traceroute.cc:147] R: 5 S: 100.86k R:  4.04k PreP: 17.73 RmnP: 83.75 IfCnt: 447550 FwIfCnt: 180384
I1213 06:52:32.881753 35147 traceroute.cc:147] R: 5 S: 101.72k R:  4.06k PreP: 17.73 RmnP: 83.73 IfCnt: 448008 FwIfCnt: 180891
I1213 06:52:37.881954 35147 traceroute.cc:147] R: 5 S: 98.93k R:  4.09k PreP: 17.73 RmnP: 83.71 IfCnt: 448437 FwIfCnt: 181353
I1213 06:52:42.882164 35147 traceroute.cc:147] R: 5 S: 99.78k R:  3.97k PreP: 17.73 RmnP: 83.69 IfCnt: 448847 FwIfCnt: 181838
I1213 06:52:47.882375 35147 traceroute.cc:147] R: 5 S: 99.71k R:  4.03k PreP: 17.73 RmnP: 83.67 IfCnt: 449268 FwIfCnt: 182315
I1213 06:52:52.882555 35147 traceroute.cc:147] R: 6 S: 99.65k R:  3.90k PreP: 17.73 RmnP: 83.65 IfCnt: 449697 FwIfCnt: 182771
I1213 06:52:57.882751 35147 traceroute.cc:147] R: 6 S: 99.23k R:  3.73k PreP: 17.73 RmnP: 83.63 IfCnt: 450148 FwIfCnt: 183240
I1213 06:53:02.882931 35147 traceroute.cc:147] R: 6 S: 100.69k R:  3.67k PreP: 17.73 RmnP: 83.61 IfCnt: 450564 FwIfCnt: 183711
I1213 06:53:07.883111 35147 traceroute.cc:147] R: 6 S: 99.90k R:  3.58k PreP: 17.73 RmnP: 83.60 IfCnt: 450944 FwIfCnt: 184146
I1213 06:53:12.883270 35147 traceroute.cc:147] R: 6 S: 100.92k R:  3.63k PreP: 17.73 RmnP: 83.58 IfCnt: 451315 FwIfCnt: 184613
I1213 06:53:17.883477 35147 traceroute.cc:147] R: 6 S: 98.73k R:  3.55k PreP: 17.73 RmnP: 83.56 IfCnt: 451688 FwIfCnt: 185037
I1213 06:53:22.883656 35147 traceroute.cc:147] R: 6 S: 100.90k R:  3.60k PreP: 17.73 RmnP: 83.55 IfCnt: 452041 FwIfCnt: 185458
I1213 06:53:27.883860 35147 traceroute.cc:147] R: 6 S: 98.88k R:  3.35k PreP: 17.73 RmnP: 83.53 IfCnt: 452366 FwIfCnt: 185866
I1213 06:53:32.884068 35147 traceroute.cc:147] R: 6 S: 102.05k R:  3.35k PreP: 17.73 RmnP: 83.52 IfCnt: 452664 FwIfCnt: 186254
I1213 06:53:37.884256 35147 traceroute.cc:147] R: 6 S: 99.46k R:  3.34k PreP: 17.73 RmnP: 83.50 IfCnt: 452984 FwIfCnt: 186625
I1213 06:53:42.884438 35147 traceroute.cc:147] R: 6 S: 100.98k R:  3.32k PreP: 17.73 RmnP: 83.49 IfCnt: 453261 FwIfCnt: 186962
I1213 06:53:47.884634 35147 traceroute.cc:147] R: 6 S: 99.01k R:  3.45k PreP: 17.73 RmnP: 83.47 IfCnt: 453594 FwIfCnt: 187328
I1213 06:53:52.884822 35147 traceroute.cc:147] R: 6 S: 99.26k R:  3.38k PreP: 17.73 RmnP: 83.46 IfCnt: 453878 FwIfCnt: 187718
I1213 06:53:57.885040 35147 traceroute.cc:147] R: 6 S: 100.08k R:  3.40k PreP: 17.73 RmnP: 83.44 IfCnt: 454208 FwIfCnt: 188078
I1213 06:54:02.885257 35147 traceroute.cc:147] R: 6 S: 99.88k R:  3.49k PreP: 17.73 RmnP: 83.43 IfCnt: 454528 FwIfCnt: 188480
I1213 06:54:07.885617 35147 traceroute.cc:147] R: 6 S: 99.89k R:  3.42k PreP: 17.73 RmnP: 83.41 IfCnt: 454817 FwIfCnt: 188802
I1213 06:54:12.885808 35147 traceroute.cc:147] R: 6 S: 101.25k R:  3.73k PreP: 17.73 RmnP: 83.39 IfCnt: 455114 FwIfCnt: 189160
I1213 06:54:17.885995 35147 traceroute.cc:147] R: 6 S: 97.93k R:  3.72k PreP: 17.73 RmnP: 83.38 IfCnt: 455403 FwIfCnt: 189521
I1213 06:54:22.886196 35147 traceroute.cc:147] R: 6 S: 101.89k R:  3.63k PreP: 17.73 RmnP: 83.36 IfCnt: 455667 FwIfCnt: 189865
I1213 06:54:27.886375 35147 traceroute.cc:147] R: 6 S: 100.16k R:  3.54k PreP: 17.73 RmnP: 83.34 IfCnt: 455950 FwIfCnt: 190215
I1213 06:54:32.886612 35147 traceroute.cc:147] R: 6 S: 98.58k R:  3.61k PreP: 17.73 RmnP: 83.33 IfCnt: 456205 FwIfCnt: 190542
I1213 06:54:37.886838 35147 traceroute.cc:147] R: 6 S: 100.55k R:  3.64k PreP: 17.73 RmnP: 83.31 IfCnt: 456483 FwIfCnt: 190915
I1213 06:54:42.887037 35147 traceroute.cc:147] R: 6 S: 101.57k R:  3.52k PreP: 17.73 RmnP: 83.30 IfCnt: 456740 FwIfCnt: 191293
I1213 06:54:47.887253 35147 traceroute.cc:147] R: 6 S: 98.94k R:  3.38k PreP: 17.73 RmnP: 83.28 IfCnt: 456968 FwIfCnt: 191634
I1213 06:54:52.887461 35147 traceroute.cc:147] R: 6 S: 99.86k R:  3.41k PreP: 17.73 RmnP: 83.27 IfCnt: 457227 FwIfCnt: 191996
I1213 06:54:57.887635 35147 traceroute.cc:147] R: 6 S: 100.35k R:  3.43k PreP: 17.73 RmnP: 83.25 IfCnt: 457455 FwIfCnt: 192335
I1213 06:55:02.888008 35147 traceroute.cc:147] R: 6 S: 100.10k R:  3.32k PreP: 17.73 RmnP: 83.23 IfCnt: 457694 FwIfCnt: 192646
I1213 06:55:07.888192 35147 traceroute.cc:147] R: 6 S: 98.53k R:  3.31k PreP: 17.73 RmnP: 83.22 IfCnt: 457915 FwIfCnt: 192958
I1213 06:55:12.888396 35147 traceroute.cc:147] R: 7 S: 101.39k R:  3.27k PreP: 17.73 RmnP: 82.93 IfCnt: 458206 FwIfCnt: 193248
I1213 06:55:17.888587 35147 traceroute.cc:147] R: 7 S: 99.95k R:  3.21k PreP: 17.73 RmnP: 82.56 IfCnt: 458532 FwIfCnt: 193503
I1213 06:55:22.888762 35147 traceroute.cc:147] R: 7 S: 100.28k R:  3.10k PreP: 17.73 RmnP: 82.19 IfCnt: 458826 FwIfCnt: 193761
I1213 06:55:27.888988 35147 traceroute.cc:147] R: 7 S: 99.53k R:  3.05k PreP: 17.73 RmnP: 81.84 IfCnt: 459100 FwIfCnt: 194020
I1213 06:55:32.889173 35147 traceroute.cc:147] R: 7 S: 100.17k R:  3.11k PreP: 17.73 RmnP: 81.48 IfCnt: 459393 FwIfCnt: 194247
I1213 06:55:37.889364 35147 traceroute.cc:147] R: 7 S: 99.02k R:  3.12k PreP: 17.73 RmnP: 81.12 IfCnt: 459641 FwIfCnt: 194481
I1213 06:55:42.889557 35147 traceroute.cc:147] R: 7 S: 100.30k R:  2.91k PreP: 17.73 RmnP: 80.78 IfCnt: 459871 FwIfCnt: 194686
I1213 06:55:47.889744 35147 traceroute.cc:147] R: 7 S: 100.54k R:  2.87k PreP: 17.73 RmnP: 80.45 IfCnt: 460130 FwIfCnt: 194883
I1213 06:55:52.889955 35147 traceroute.cc:147] R: 7 S: 101.44k R:  2.91k PreP: 17.73 RmnP: 80.11 IfCnt: 460365 FwIfCnt: 195102
I1213 06:55:57.890133 35147 traceroute.cc:147] R: 7 S: 98.78k R:  2.81k PreP: 17.73 RmnP: 79.77 IfCnt: 460576 FwIfCnt: 195291
I1213 06:56:02.890327 35147 traceroute.cc:147] R: 7 S: 99.99k R:  3.03k PreP: 17.73 RmnP: 79.42 IfCnt: 460782 FwIfCnt: 195461
I1213 06:56:07.890509 35147 traceroute.cc:147] R: 7 S: 100.88k R:  2.85k PreP: 17.73 RmnP: 79.09 IfCnt: 461000 FwIfCnt: 195672
I1213 06:56:12.890687 35147 traceroute.cc:147] R: 7 S: 99.36k R:  2.99k PreP: 17.73 RmnP: 78.73 IfCnt: 461215 FwIfCnt: 195872
I1213 06:56:17.890893 35147 traceroute.cc:147] R: 7 S: 99.70k R:  2.92k PreP: 17.73 RmnP: 78.38 IfCnt: 461435 FwIfCnt: 196092
I1213 06:56:22.891065 35147 traceroute.cc:147] R: 7 S: 99.08k R:  3.08k PreP: 17.73 RmnP: 78.02 IfCnt: 461640 FwIfCnt: 196297
I1213 06:56:27.891250 35147 traceroute.cc:147] R: 7 S: 100.31k R:  3.20k PreP: 17.73 RmnP: 77.66 IfCnt: 461864 FwIfCnt: 196483
I1213 06:56:32.891499 35147 traceroute.cc:147] R: 7 S: 99.75k R:  3.08k PreP: 17.73 RmnP: 77.30 IfCnt: 462044 FwIfCnt: 196673
I1213 06:56:37.891685 35147 traceroute.cc:147] R: 7 S: 99.24k R:  3.06k PreP: 17.73 RmnP: 76.94 IfCnt: 462241 FwIfCnt: 196860
I1213 06:56:42.891867 35147 traceroute.cc:147] R: 7 S: 100.85k R:  3.09k PreP: 17.73 RmnP: 76.56 IfCnt: 462432 FwIfCnt: 197034
I1213 06:56:47.892066 35147 traceroute.cc:147] R: 7 S: 100.77k R:  3.09k PreP: 17.73 RmnP: 76.19 IfCnt: 462613 FwIfCnt: 197259
I1213 06:56:52.892262 35147 traceroute.cc:147] R: 7 S: 100.93k R:  2.95k PreP: 17.73 RmnP: 75.84 IfCnt: 462813 FwIfCnt: 197460
I1213 06:56:57.892457 35147 traceroute.cc:147] R: 7 S: 99.63k R:  2.88k PreP: 17.73 RmnP: 75.50 IfCnt: 462982 FwIfCnt: 197629
I1213 06:57:02.892663 35147 traceroute.cc:147] R: 7 S: 103.04k R:  2.94k PreP: 17.73 RmnP: 75.14 IfCnt: 463163 FwIfCnt: 197806
I1213 06:57:07.892870 35147 traceroute.cc:147] R: 7 S: 95.81k R:  2.78k PreP: 17.73 RmnP: 74.82 IfCnt: 463348 FwIfCnt: 197982
I1213 06:57:12.893079 35147 traceroute.cc:147] R: 7 S: 100.03k R:  2.89k PreP: 17.73 RmnP: 74.47 IfCnt: 463500 FwIfCnt: 198150
I1213 06:57:17.893265 35147 traceroute.cc:147] R: 8 S: 100.90k R:  2.99k PreP: 17.73 RmnP: 74.36 IfCnt: 463727 FwIfCnt: 198281
I1213 06:57:22.893450 35147 traceroute.cc:147] R: 8 S: 99.16k R:  2.91k PreP: 17.73 RmnP: 74.31 IfCnt: 463939 FwIfCnt: 198416
I1213 06:57:27.893643 35147 traceroute.cc:147] R: 8 S: 100.69k R:  2.96k PreP: 17.73 RmnP: 74.26 IfCnt: 464132 FwIfCnt: 198549
I1213 06:57:32.893906 35147 traceroute.cc:147] R: 8 S: 102.63k R:  2.81k PreP: 17.73 RmnP: 74.20 IfCnt: 464318 FwIfCnt: 198693
I1213 06:57:37.894090 35147 traceroute.cc:147] R: 8 S: 97.49k R:  2.97k PreP: 17.73 RmnP: 74.15 IfCnt: 464491 FwIfCnt: 198807
I1213 06:57:42.894261 35147 traceroute.cc:147] R: 8 S: 98.38k R:  2.79k PreP: 17.73 RmnP: 74.10 IfCnt: 464653 FwIfCnt: 198952
I1213 06:57:47.894500 35147 traceroute.cc:147] R: 8 S: 100.06k R:  2.76k PreP: 17.73 RmnP: 74.06 IfCnt: 464808 FwIfCnt: 199066
I1213 06:57:52.894698 35147 traceroute.cc:147] R: 8 S: 100.88k R:  2.67k PreP: 17.73 RmnP: 74.01 IfCnt: 464955 FwIfCnt: 199175
I1213 06:57:57.894901 35147 traceroute.cc:147] R: 8 S: 100.11k R:  2.72k PreP: 17.73 RmnP: 73.96 IfCnt: 465104 FwIfCnt: 199299
I1213 06:58:02.895092 35147 traceroute.cc:147] R: 8 S: 104.04k R:  2.71k PreP: 17.73 RmnP: 73.91 IfCnt: 465250 FwIfCnt: 199391
I1213 06:58:07.895283 35147 traceroute.cc:147] R: 8 S: 96.02k R:  2.78k PreP: 17.73 RmnP: 73.86 IfCnt: 465390 FwIfCnt: 199505
I1213 06:58:12.895493 35147 traceroute.cc:147] R: 8 S: 103.48k R:  2.69k PreP: 17.73 RmnP: 73.81 IfCnt: 465543 FwIfCnt: 199608
I1213 06:58:17.895772 35147 traceroute.cc:147] R: 8 S: 97.45k R:  2.80k PreP: 17.73 RmnP: 73.76 IfCnt: 465696 FwIfCnt: 199708
I1213 06:58:22.895980 35147 traceroute.cc:147] R: 8 S: 100.53k R:  2.76k PreP: 17.73 RmnP: 73.71 IfCnt: 465863 FwIfCnt: 199821
I1213 06:58:27.896153 35147 traceroute.cc:147] R: 8 S: 100.31k R:  2.96k PreP: 17.73 RmnP: 73.66 IfCnt: 465985 FwIfCnt: 199928
I1213 06:58:32.896486 35147 traceroute.cc:147] R: 8 S: 98.40k R:  2.99k PreP: 17.73 RmnP: 73.61 IfCnt: 466117 FwIfCnt: 200053
I1213 06:58:37.896677 35147 traceroute.cc:147] R: 8 S: 98.65k R:  2.89k PreP: 17.73 RmnP: 73.57 IfCnt: 466257 FwIfCnt: 200166
I1213 06:58:42.896870 35147 traceroute.cc:147] R: 8 S: 100.58k R:  2.84k PreP: 17.73 RmnP: 73.52 IfCnt: 466362 FwIfCnt: 200286
I1213 06:58:47.897063 35147 traceroute.cc:147] R: 8 S: 100.53k R:  2.95k PreP: 17.73 RmnP: 73.46 IfCnt: 466479 FwIfCnt: 200390
I1213 06:58:52.897270 35147 traceroute.cc:147] R: 8 S: 99.35k R:  2.99k PreP: 17.73 RmnP: 73.42 IfCnt: 466605 FwIfCnt: 200485
I1213 06:58:57.897490 35147 traceroute.cc:147] R: 8 S: 99.67k R:  2.80k PreP: 17.73 RmnP: 73.37 IfCnt: 466680 FwIfCnt: 200604
I1213 06:59:02.897672 35147 traceroute.cc:147] R: 8 S: 100.32k R:  2.68k PreP: 17.73 RmnP: 73.32 IfCnt: 466789 FwIfCnt: 200698
I1213 06:59:07.897878 35147 traceroute.cc:147] R: 8 S: 100.75k R:  2.86k PreP: 17.73 RmnP: 73.28 IfCnt: 466893 FwIfCnt: 200776
I1213 06:59:12.898066 35147 traceroute.cc:147] R: 8 S: 99.89k R:  2.63k PreP: 17.73 RmnP: 73.23 IfCnt: 466990 FwIfCnt: 200883
I1213 06:59:17.898257 35147 traceroute.cc:147] R: 9 S: 100.35k R:  2.86k PreP: 17.73 RmnP: 73.18 IfCnt: 467092 FwIfCnt: 200989
I1213 06:59:22.898461 35147 traceroute.cc:147] R: 9 S: 100.20k R:  2.56k PreP: 17.73 RmnP: 73.13 IfCnt: 467251 FwIfCnt: 201084
I1213 06:59:27.898645 35147 traceroute.cc:147] R: 9 S: 99.43k R:  2.61k PreP: 17.73 RmnP: 73.09 IfCnt: 467385 FwIfCnt: 201166
I1213 06:59:32.898842 35147 traceroute.cc:147] R: 9 S: 101.12k R:  2.56k PreP: 17.73 RmnP: 73.04 IfCnt: 467509 FwIfCnt: 201248
I1213 06:59:37.899032 35147 traceroute.cc:147] R: 9 S: 100.18k R:  2.58k PreP: 17.73 RmnP: 72.99 IfCnt: 467613 FwIfCnt: 201321
I1213 06:59:42.899227 35147 traceroute.cc:147] R: 9 S: 98.28k R:  2.52k PreP: 17.73 RmnP: 72.95 IfCnt: 467714 FwIfCnt: 201397
I1213 06:59:47.899430 35147 traceroute.cc:147] R: 9 S: 101.56k R:  2.47k PreP: 17.73 RmnP: 72.90 IfCnt: 467802 FwIfCnt: 201481
I1213 06:59:52.899617 35147 traceroute.cc:147] R: 9 S: 99.00k R:  2.38k PreP: 17.73 RmnP: 72.86 IfCnt: 467894 FwIfCnt: 201536
I1213 06:59:57.899823 35147 traceroute.cc:147] R: 9 S: 99.21k R:  2.33k PreP: 17.73 RmnP: 72.82 IfCnt: 467993 FwIfCnt: 201608
I1213 07:00:02.900002 35147 traceroute.cc:147] R: 9 S: 101.05k R:  2.34k PreP: 17.73 RmnP: 72.77 IfCnt: 468087 FwIfCnt: 201676
I1213 07:00:07.900199 35147 traceroute.cc:147] R: 9 S: 100.59k R:  2.42k PreP: 17.73 RmnP: 72.73 IfCnt: 468168 FwIfCnt: 201747
I1213 07:00:12.900373 35147 traceroute.cc:147] R: 9 S: 99.98k R:  2.37k PreP: 17.73 RmnP: 72.68 IfCnt: 468243 FwIfCnt: 201816
I1213 07:00:17.900586 35147 traceroute.cc:147] R: 9 S: 99.86k R:  2.43k PreP: 17.73 RmnP: 72.64 IfCnt: 468340 FwIfCnt: 201878
I1213 07:00:22.900763 35147 traceroute.cc:147] R: 9 S: 99.22k R:  2.38k PreP: 17.73 RmnP: 72.59 IfCnt: 468411 FwIfCnt: 201948
I1213 07:00:27.900954 35147 traceroute.cc:147] R: 9 S: 100.62k R:  2.53k PreP: 17.73 RmnP: 72.55 IfCnt: 468508 FwIfCnt: 202019
I1213 07:00:32.901139 35147 traceroute.cc:147] R: 9 S: 100.33k R:  2.69k PreP: 17.73 RmnP: 72.50 IfCnt: 468581 FwIfCnt: 202085
I1213 07:00:37.901330 35147 traceroute.cc:147] R: 9 S: 98.41k R:  2.52k PreP: 17.73 RmnP: 72.46 IfCnt: 468647 FwIfCnt: 202157
I1213 07:00:42.901505 35147 traceroute.cc:147] R: 9 S: 101.92k R:  2.55k PreP: 17.73 RmnP: 72.41 IfCnt: 468721 FwIfCnt: 202239
I1213 07:00:47.901691 35147 traceroute.cc:147] R: 9 S: 100.90k R:  2.55k PreP: 17.73 RmnP: 72.36 IfCnt: 468798 FwIfCnt: 202313
I1213 07:00:52.901901 35147 traceroute.cc:147] R: 9 S: 98.83k R:  2.53k PreP: 17.73 RmnP: 72.31 IfCnt: 468863 FwIfCnt: 202380
I1213 07:00:57.902096 35147 traceroute.cc:147] R: 9 S: 97.87k R:  2.55k PreP: 17.73 RmnP: 72.27 IfCnt: 468935 FwIfCnt: 202452
I1213 07:01:02.902272 35147 traceroute.cc:147] R: 9 S: 101.56k R:  2.43k PreP: 17.73 RmnP: 72.23 IfCnt: 469022 FwIfCnt: 202507
I1213 07:01:07.902462 35147 traceroute.cc:147] R: 9 S: 99.60k R:  2.41k PreP: 17.73 RmnP: 72.18 IfCnt: 469077 FwIfCnt: 202566
I1213 07:01:12.902645 35147 traceroute.cc:147] R: 9 S: 100.54k R:  2.42k PreP: 17.73 RmnP: 72.14 IfCnt: 469135 FwIfCnt: 202630
I1213 07:01:17.902817 35147 traceroute.cc:147] R: 10 S: 100.80k R:  2.43k PreP: 17.73 RmnP: 72.09 IfCnt: 469203 FwIfCnt: 202692
I1213 07:01:22.903024 35147 traceroute.cc:147] R: 10 S: 100.51k R:  2.41k PreP: 17.73 RmnP: 72.06 IfCnt: 469317 FwIfCnt: 202745
I1213 07:01:27.903231 35147 traceroute.cc:147] R: 10 S: 98.22k R:  2.45k PreP: 17.73 RmnP: 72.03 IfCnt: 469420 FwIfCnt: 202789
I1213 07:01:32.903414 35147 traceroute.cc:147] R: 10 S: 101.41k R:  2.34k PreP: 17.73 RmnP: 71.99 IfCnt: 469507 FwIfCnt: 202842
I1213 07:01:37.903590 35147 traceroute.cc:147] R: 10 S: 99.62k R:  2.36k PreP: 17.73 RmnP: 71.96 IfCnt: 469587 FwIfCnt: 202885
I1213 07:01:42.903795 35147 traceroute.cc:147] R: 10 S: 100.09k R:  2.31k PreP: 17.73 RmnP: 71.92 IfCnt: 469652 FwIfCnt: 202936
I1213 07:01:47.903980 35147 traceroute.cc:147] R: 10 S: 99.65k R:  2.43k PreP: 17.73 RmnP: 71.89 IfCnt: 469718 FwIfCnt: 202977
I1213 07:01:52.904147 35147 traceroute.cc:147] R: 10 S: 98.56k R:  2.21k PreP: 17.73 RmnP: 71.86 IfCnt: 469781 FwIfCnt: 203021
I1213 07:01:57.904320 35147 traceroute.cc:147] R: 10 S: 102.09k R:  2.34k PreP: 17.73 RmnP: 71.83 IfCnt: 469844 FwIfCnt: 203063
I1213 07:02:02.904497 35147 traceroute.cc:147] R: 10 S: 99.09k R:  2.21k PreP: 17.73 RmnP: 71.80 IfCnt: 469900 FwIfCnt: 203110
I1213 07:02:07.904673 35147 traceroute.cc:147] R: 10 S: 98.83k R:  2.26k PreP: 17.73 RmnP: 71.77 IfCnt: 469958 FwIfCnt: 203167
I1213 07:02:12.904860 35147 traceroute.cc:147] R: 10 S: 101.22k R:  2.37k PreP: 17.73 RmnP: 71.74 IfCnt: 470032 FwIfCnt: 203210
I1213 07:02:17.905050 35147 traceroute.cc:147] R: 10 S: 98.93k R:  2.31k PreP: 17.73 RmnP: 71.71 IfCnt: 470087 FwIfCnt: 203248
I1213 07:02:22.905282 35147 traceroute.cc:147] R: 10 S: 100.91k R:  2.29k PreP: 17.73 RmnP: 71.68 IfCnt: 470138 FwIfCnt: 203287
I1213 07:02:27.905480 35147 traceroute.cc:147] R: 10 S: 100.03k R:  2.44k PreP: 17.73 RmnP: 71.65 IfCnt: 470187 FwIfCnt: 203329
I1213 07:02:32.905673 35147 traceroute.cc:147] R: 10 S: 100.55k R:  2.54k PreP: 17.73 RmnP: 71.62 IfCnt: 470259 FwIfCnt: 203364
I1213 07:02:37.906057 35147 traceroute.cc:147] R: 10 S: 99.78k R:  2.47k PreP: 17.73 RmnP: 71.58 IfCnt: 470313 FwIfCnt: 203413
I1213 07:02:42.906368 35147 traceroute.cc:147] R: 10 S: 98.93k R:  2.36k PreP: 17.73 RmnP: 71.55 IfCnt: 470364 FwIfCnt: 203453
I1213 07:02:47.906544 35147 traceroute.cc:147] R: 10 S: 101.19k R:  2.46k PreP: 17.73 RmnP: 71.52 IfCnt: 470420 FwIfCnt: 203480
I1213 07:02:52.906728 35147 traceroute.cc:147] R: 10 S: 99.53k R:  2.39k PreP: 17.73 RmnP: 71.48 IfCnt: 470463 FwIfCnt: 203512
I1213 07:02:57.906915 35147 traceroute.cc:147] R: 10 S: 99.14k R:  2.39k PreP: 17.73 RmnP: 71.45 IfCnt: 470514 FwIfCnt: 203563
I1213 07:03:02.907099 35147 traceroute.cc:147] R: 10 S: 100.40k R:  2.24k PreP: 17.73 RmnP: 71.42 IfCnt: 470559 FwIfCnt: 203607
I1213 07:03:07.907313 35147 traceroute.cc:147] R: 10 S: 100.73k R:  2.33k PreP: 17.73 RmnP: 71.39 IfCnt: 470604 FwIfCnt: 203641
I1213 07:03:12.907497 35147 traceroute.cc:147] R: 10 S: 99.73k R:  2.22k PreP: 17.73 RmnP: 71.36 IfCnt: 470654 FwIfCnt: 203682
I1213 07:03:17.907681 35147 traceroute.cc:147] R: 11 S: 99.38k R:  2.27k PreP: 17.73 RmnP: 71.33 IfCnt: 470696 FwIfCnt: 203719
I1213 07:03:22.907879 35147 traceroute.cc:147] R: 11 S: 99.84k R:  2.38k PreP: 17.73 RmnP: 71.30 IfCnt: 470783 FwIfCnt: 203744
I1213 07:03:27.908087 35147 traceroute.cc:147] R: 11 S: 100.86k R:  2.53k PreP: 17.73 RmnP: 71.27 IfCnt: 470872 FwIfCnt: 203783
I1213 07:03:32.908275 35147 traceroute.cc:147] R: 11 S: 100.18k R:  2.34k PreP: 17.73 RmnP: 71.25 IfCnt: 470947 FwIfCnt: 203811
I1213 07:03:37.908483 35147 traceroute.cc:147] R: 11 S: 99.55k R:  2.44k PreP: 17.73 RmnP: 71.22 IfCnt: 471012 FwIfCnt: 203841
I1213 07:03:42.908696 35147 traceroute.cc:147] R: 11 S: 101.07k R:  2.36k PreP: 17.73 RmnP: 71.19 IfCnt: 471084 FwIfCnt: 203874
I1213 07:03:47.908877 35147 traceroute.cc:147] R: 11 S: 102.21k R:  2.43k PreP: 17.73 RmnP: 71.16 IfCnt: 471142 FwIfCnt: 203902
I1213 07:03:52.909073 35147 traceroute.cc:147] R: 11 S: 100.36k R:  2.26k PreP: 17.73 RmnP: 71.13 IfCnt: 471219 FwIfCnt: 203920
I1213 07:03:57.909279 35147 traceroute.cc:147] R: 11 S: 96.44k R:  2.27k PreP: 17.73 RmnP: 71.11 IfCnt: 471282 FwIfCnt: 203941
I1213 07:04:02.909484 35147 traceroute.cc:147] R: 11 S: 100.25k R:  2.25k PreP: 17.73 RmnP: 71.08 IfCnt: 471341 FwIfCnt: 203967
I1213 07:04:07.909664 35147 traceroute.cc:147] R: 11 S: 100.05k R:  2.28k PreP: 17.73 RmnP: 71.05 IfCnt: 471415 FwIfCnt: 203994
I1213 07:04:12.909868 35147 traceroute.cc:147] R: 11 S: 101.68k R:  2.40k PreP: 17.73 RmnP: 71.02 IfCnt: 471486 FwIfCnt: 204016
I1213 07:04:17.910058 35147 traceroute.cc:147] R: 11 S: 97.83k R:  2.29k PreP: 17.73 RmnP: 70.99 IfCnt: 471544 FwIfCnt: 204043
I1213 07:04:22.910312 35147 traceroute.cc:147] R: 11 S: 101.87k R:  2.32k PreP: 17.73 RmnP: 70.96 IfCnt: 471598 FwIfCnt: 204072
I1213 07:04:27.910508 35147 traceroute.cc:147] R: 11 S: 98.47k R:  2.40k PreP: 17.73 RmnP: 70.94 IfCnt: 471642 FwIfCnt: 204102
I1213 07:04:32.910722 35147 traceroute.cc:147] R: 11 S: 100.85k R:  2.57k PreP: 17.73 RmnP: 70.91 IfCnt: 471694 FwIfCnt: 204127
I1213 07:04:37.910919 35147 traceroute.cc:147] R: 11 S: 100.10k R:  2.34k PreP: 17.73 RmnP: 70.88 IfCnt: 471747 FwIfCnt: 204153
I1213 07:04:42.911096 35147 traceroute.cc:147] R: 11 S: 99.51k R:  2.39k PreP: 17.73 RmnP: 70.85 IfCnt: 471799 FwIfCnt: 204174
I1213 07:04:47.911325 35147 traceroute.cc:147] R: 11 S: 99.99k R:  2.36k PreP: 17.73 RmnP: 70.82 IfCnt: 471854 FwIfCnt: 204198
I1213 07:04:52.911512 35147 traceroute.cc:147] R: 11 S: 100.68k R:  2.53k PreP: 17.73 RmnP: 70.79 IfCnt: 471904 FwIfCnt: 204224
I1213 07:04:57.911782 35147 traceroute.cc:147] R: 11 S: 100.45k R:  2.35k PreP: 17.73 RmnP: 70.77 IfCnt: 471938 FwIfCnt: 204248
I1213 07:05:02.911994 35147 traceroute.cc:147] R: 11 S: 99.73k R:  2.44k PreP: 17.73 RmnP: 70.74 IfCnt: 471986 FwIfCnt: 204270
I1213 07:05:07.912169 35147 traceroute.cc:147] R: 11 S: 99.26k R:  2.26k PreP: 17.73 RmnP: 70.72 IfCnt: 472030 FwIfCnt: 204296
I1213 07:05:12.912382 35147 traceroute.cc:147] R: 11 S: 98.41k R:  2.34k PreP: 17.73 RmnP: 70.69 IfCnt: 472073 FwIfCnt: 204323
I1213 07:05:17.912591 35147 traceroute.cc:147] R: 12 S: 101.56k R:  2.23k PreP: 17.73 RmnP: 70.67 IfCnt: 472121 FwIfCnt: 204346
I1213 07:05:22.912797 35147 traceroute.cc:147] R: 12 S: 98.45k R:  2.01k PreP: 17.73 RmnP: 70.64 IfCnt: 472233 FwIfCnt: 204376
I1213 07:05:27.912986 35147 traceroute.cc:147] R: 12 S: 100.38k R:  1.99k PreP: 17.73 RmnP: 70.62 IfCnt: 472329 FwIfCnt: 204399
I1213 07:05:32.913213 35147 traceroute.cc:147] R: 12 S: 100.71k R:  1.95k PreP: 17.73 RmnP: 70.59 IfCnt: 472426 FwIfCnt: 204420
I1213 07:05:37.913401 35147 traceroute.cc:147] R: 12 S: 101.17k R:  1.96k PreP: 17.73 RmnP: 70.57 IfCnt: 472511 FwIfCnt: 204443
I1213 07:05:42.913595 35147 traceroute.cc:147] R: 12 S: 99.48k R:  1.96k PreP: 17.73 RmnP: 70.54 IfCnt: 472584 FwIfCnt: 204463
I1213 07:05:47.913806 35147 traceroute.cc:147] R: 12 S: 100.53k R:  1.86k PreP: 17.73 RmnP: 70.52 IfCnt: 472656 FwIfCnt: 204478
I1213 07:05:52.914053 35147 traceroute.cc:147] R: 12 S: 101.08k R:  1.84k PreP: 17.73 RmnP: 70.49 IfCnt: 472730 FwIfCnt: 204493
I1213 07:05:57.914239 35147 traceroute.cc:147] R: 12 S: 98.75k R:  1.87k PreP: 17.73 RmnP: 70.47 IfCnt: 472794 FwIfCnt: 204514
I1213 07:06:02.914440 35147 traceroute.cc:147] R: 12 S: 98.09k R:  1.80k PreP: 17.73 RmnP: 70.45 IfCnt: 472857 FwIfCnt: 204525
I1213 07:06:07.914647 35147 traceroute.cc:147] R: 12 S: 100.65k R:  1.91k PreP: 17.73 RmnP: 70.42 IfCnt: 472922 FwIfCnt: 204544
I1213 07:06:12.914953 35147 traceroute.cc:147] R: 12 S: 103.88k R:  1.84k PreP: 17.73 RmnP: 70.39 IfCnt: 472987 FwIfCnt: 204563
I1213 07:06:17.915132 35147 traceroute.cc:147] R: 12 S: 96.88k R:  1.91k PreP: 17.73 RmnP: 70.37 IfCnt: 473051 FwIfCnt: 204577
I1213 07:06:22.915349 35147 traceroute.cc:147] R: 12 S: 99.21k R:  1.92k PreP: 17.73 RmnP: 70.35 IfCnt: 473102 FwIfCnt: 204591
I1213 07:06:27.915537 35147 traceroute.cc:147] R: 12 S: 99.62k R:  2.10k PreP: 17.73 RmnP: 70.33 IfCnt: 473166 FwIfCnt: 204605
I1213 07:06:32.915737 35147 traceroute.cc:147] R: 12 S: 100.09k R:  2.13k PreP: 17.73 RmnP: 70.30 IfCnt: 473230 FwIfCnt: 204624
I1213 07:06:37.915921 35147 traceroute.cc:147] R: 12 S: 99.95k R:  1.98k PreP: 17.73 RmnP: 70.28 IfCnt: 473277 FwIfCnt: 204645
I1213 07:06:42.916249 35147 traceroute.cc:147] R: 12 S: 102.24k R:  2.02k PreP: 17.73 RmnP: 70.26 IfCnt: 473319 FwIfCnt: 204661
I1213 07:06:47.916476 35147 traceroute.cc:147] R: 12 S: 98.95k R:  2.04k PreP: 17.73 RmnP: 70.24 IfCnt: 473391 FwIfCnt: 204686
I1213 07:06:52.916664 35147 traceroute.cc:147] R: 12 S: 99.92k R:  1.94k PreP: 17.73 RmnP: 70.21 IfCnt: 473457 FwIfCnt: 204702
I1213 07:06:57.916826 35147 traceroute.cc:147] R: 12 S: 100.27k R:  1.95k PreP: 17.73 RmnP: 70.18 IfCnt: 473505 FwIfCnt: 204714
I1213 07:07:02.917030 35147 traceroute.cc:147] R: 12 S: 98.79k R:  1.94k PreP: 17.73 RmnP: 70.16 IfCnt: 473572 FwIfCnt: 204738
I1213 07:07:07.917234 35147 traceroute.cc:147] R: 12 S: 101.29k R:  1.88k PreP: 17.73 RmnP: 70.13 IfCnt: 473632 FwIfCnt: 204752
I1213 07:07:12.917429 35147 traceroute.cc:147] R: 12 S: 99.82k R:  1.88k PreP: 17.73 RmnP: 70.11 IfCnt: 473674 FwIfCnt: 204762
I1213 07:07:17.917620 35147 traceroute.cc:147] R: 13 S: 99.67k R:  2.08k PreP: 17.73 RmnP: 70.10 IfCnt: 473817 FwIfCnt: 204778
I1213 07:07:22.917799 35147 traceroute.cc:147] R: 13 S: 98.40k R:  2.11k PreP: 17.73 RmnP: 70.09 IfCnt: 473952 FwIfCnt: 204792
I1213 07:07:27.917982 35147 traceroute.cc:147] R: 13 S: 101.28k R:  2.11k PreP: 17.73 RmnP: 70.08 IfCnt: 474094 FwIfCnt: 204809
I1213 07:07:32.918164 35147 traceroute.cc:147] R: 13 S: 100.24k R:  2.04k PreP: 17.73 RmnP: 70.07 IfCnt: 474242 FwIfCnt: 204823
I1213 07:07:37.918341 35147 traceroute.cc:147] R: 13 S: 98.84k R:  2.08k PreP: 17.73 RmnP: 70.06 IfCnt: 474371 FwIfCnt: 204837
I1213 07:07:42.918547 35147 traceroute.cc:147] R: 13 S: 100.94k R:  2.04k PreP: 17.73 RmnP: 70.05 IfCnt: 474479 FwIfCnt: 204848
I1213 07:07:47.918759 35147 traceroute.cc:147] R: 13 S: 100.86k R:  2.01k PreP: 17.73 RmnP: 70.04 IfCnt: 474597 FwIfCnt: 204852
I1213 07:07:52.918949 35147 traceroute.cc:147] R: 13 S: 100.08k R:  1.99k PreP: 17.73 RmnP: 70.03 IfCnt: 474724 FwIfCnt: 204864
I1213 07:07:57.919173 35147 traceroute.cc:147] R: 13 S: 99.33k R:  1.94k PreP: 17.73 RmnP: 70.02 IfCnt: 474816 FwIfCnt: 204867
I1213 07:08:02.919363 35147 traceroute.cc:147] R: 13 S: 100.83k R:  1.99k PreP: 17.73 RmnP: 70.01 IfCnt: 474924 FwIfCnt: 204884
I1213 07:08:07.919539 35147 traceroute.cc:147] R: 13 S: 99.78k R:  1.99k PreP: 17.73 RmnP: 70.00 IfCnt: 475030 FwIfCnt: 204899
I1213 07:08:12.919726 35147 traceroute.cc:147] R: 13 S: 98.69k R:  1.98k PreP: 17.73 RmnP: 69.99 IfCnt: 475132 FwIfCnt: 204915
I1213 07:08:17.920106 35147 traceroute.cc:147] R: 13 S: 104.28k R:  2.03k PreP: 17.73 RmnP: 69.98 IfCnt: 475217 FwIfCnt: 204928
I1213 07:08:22.920303 35147 traceroute.cc:147] R: 13 S: 100.02k R:  2.12k PreP: 17.73 RmnP: 69.97 IfCnt: 475301 FwIfCnt: 204935
I1213 07:08:27.920490 35147 traceroute.cc:147] R: 13 S: 96.12k R:  2.22k PreP: 17.73 RmnP: 69.96 IfCnt: 475396 FwIfCnt: 204945
I1213 07:08:32.920688 35147 traceroute.cc:147] R: 13 S: 101.09k R:  2.11k PreP: 17.73 RmnP: 69.95 IfCnt: 475487 FwIfCnt: 204954
I1213 07:08:37.920930 35147 traceroute.cc:147] R: 13 S: 99.40k R:  2.11k PreP: 17.73 RmnP: 69.94 IfCnt: 475578 FwIfCnt: 204968
I1213 07:08:42.921123 35147 traceroute.cc:147] R: 13 S: 98.27k R:  2.09k PreP: 17.73 RmnP: 69.93 IfCnt: 475672 FwIfCnt: 204977
I1213 07:08:47.921314 35147 traceroute.cc:147] R: 13 S: 100.00k R:  2.13k PreP: 17.73 RmnP: 69.92 IfCnt: 475772 FwIfCnt: 204991
I1213 07:08:52.921509 35147 traceroute.cc:147] R: 13 S: 101.74k R:  2.04k PreP: 17.73 RmnP: 69.91 IfCnt: 475854 FwIfCnt: 205001
I1213 07:08:57.921694 35147 traceroute.cc:147] R: 13 S: 100.14k R:  2.09k PreP: 17.73 RmnP: 69.90 IfCnt: 475919 FwIfCnt: 205009
I1213 07:09:02.921906 35147 traceroute.cc:147] R: 13 S: 99.19k R:  2.00k PreP: 17.73 RmnP: 69.89 IfCnt: 476010 FwIfCnt: 205019
I1213 07:09:07.922102 35147 traceroute.cc:147] R: 13 S: 100.34k R:  2.00k PreP: 17.73 RmnP: 69.88 IfCnt: 476069 FwIfCnt: 205030
I1213 07:09:12.922324 35147 traceroute.cc:147] R: 14 S: 100.79k R:  2.01k PreP: 17.73 RmnP: 69.87 IfCnt: 476194 FwIfCnt: 205039
I1213 07:09:17.922518 35147 traceroute.cc:147] R: 14 S: 100.54k R:  2.11k PreP: 17.73 RmnP: 69.86 IfCnt: 476416 FwIfCnt: 205047
I1213 07:09:22.922839 35147 traceroute.cc:147] R: 14 S: 98.04k R:  2.01k PreP: 17.73 RmnP: 69.85 IfCnt: 476614 FwIfCnt: 205063
I1213 07:09:27.923024 35147 traceroute.cc:147] R: 14 S: 101.08k R:  2.02k PreP: 17.73 RmnP: 69.84 IfCnt: 476817 FwIfCnt: 205074
I1213 07:09:32.923364 35147 traceroute.cc:147] R: 14 S: 97.91k R:  1.99k PreP: 17.73 RmnP: 69.83 IfCnt: 476988 FwIfCnt: 205080
I1213 07:09:37.923570 35147 traceroute.cc:147] R: 14 S: 100.89k R:  2.04k PreP: 17.73 RmnP: 69.82 IfCnt: 477159 FwIfCnt: 205098
I1213 07:09:42.923769 35147 traceroute.cc:147] R: 14 S: 99.99k R:  1.92k PreP: 17.73 RmnP: 69.81 IfCnt: 477319 FwIfCnt: 205106
I1213 07:09:47.923943 35147 traceroute.cc:147] R: 14 S: 100.27k R:  1.92k PreP: 17.73 RmnP: 69.80 IfCnt: 477460 FwIfCnt: 205112
I1213 07:09:52.924140 35147 traceroute.cc:147] R: 14 S: 103.13k R:  1.94k PreP: 17.73 RmnP: 69.78 IfCnt: 477597 FwIfCnt: 205125
I1213 07:09:57.924320 35147 traceroute.cc:147] R: 14 S: 97.64k R:  1.88k PreP: 17.73 RmnP: 69.77 IfCnt: 477749 FwIfCnt: 205130
I1213 07:10:02.924508 35147 traceroute.cc:147] R: 14 S: 99.46k R:  1.96k PreP: 17.73 RmnP: 69.76 IfCnt: 477906 FwIfCnt: 205143
I1213 07:10:07.924695 35147 traceroute.cc:147] R: 14 S: 100.34k R:  1.91k PreP: 17.73 RmnP: 69.75 IfCnt: 478036 FwIfCnt: 205146
I1213 07:10:12.924937 35147 traceroute.cc:147] R: 14 S: 100.90k R:  2.00k PreP: 17.73 RmnP: 69.74 IfCnt: 478157 FwIfCnt: 205157
I1213 07:10:17.925135 35147 traceroute.cc:147] R: 14 S: 98.91k R:  2.00k PreP: 17.73 RmnP: 69.73 IfCnt: 478292 FwIfCnt: 205163
I1213 07:10:22.925319 35147 traceroute.cc:147] R: 14 S: 99.47k R:  2.13k PreP: 17.73 RmnP: 69.72 IfCnt: 478432 FwIfCnt: 205164
I1213 07:10:27.925520 35147 traceroute.cc:147] R: 14 S: 101.52k R:  2.15k PreP: 17.73 RmnP: 69.71 IfCnt: 478574 FwIfCnt: 205170
I1213 07:10:32.925699 35147 traceroute.cc:147] R: 14 S: 100.06k R:  2.02k PreP: 17.73 RmnP: 69.70 IfCnt: 478684 FwIfCnt: 205179
I1213 07:10:37.925952 35147 traceroute.cc:147] R: 14 S: 100.19k R:  2.09k PreP: 17.73 RmnP: 69.69 IfCnt: 478829 FwIfCnt: 205184
I1213 07:10:42.926122 35147 traceroute.cc:147] R: 14 S: 99.57k R:  2.10k PreP: 17.73 RmnP: 69.68 IfCnt: 478984 FwIfCnt: 205194
I1213 07:10:47.926308 35147 traceroute.cc:147] R: 14 S: 98.66k R:  1.99k PreP: 17.73 RmnP: 69.67 IfCnt: 479094 FwIfCnt: 205202
I1213 07:10:52.926496 35147 traceroute.cc:147] R: 14 S: 100.85k R:  1.98k PreP: 17.73 RmnP: 69.66 IfCnt: 479215 FwIfCnt: 205207
I1213 07:10:57.926682 35147 traceroute.cc:147] R: 14 S: 101.60k R:  1.99k PreP: 17.73 RmnP: 69.65 IfCnt: 479334 FwIfCnt: 205212
I1213 07:11:02.926892 35147 traceroute.cc:147] R: 14 S: 97.18k R:  1.89k PreP: 17.73 RmnP: 69.64 IfCnt: 479418 FwIfCnt: 205222
I1213 07:11:07.927084 35147 traceroute.cc:147] R: 15 S: 101.60k R:  1.92k PreP: 17.73 RmnP: 69.63 IfCnt: 479548 FwIfCnt: 205231
I1213 07:11:12.927279 35147 traceroute.cc:147] R: 15 S: 100.03k R:  2.18k PreP: 17.73 RmnP: 69.62 IfCnt: 479957 FwIfCnt: 205242
I1213 07:11:17.927467 35147 traceroute.cc:147] R: 15 S: 99.19k R:  2.26k PreP: 17.73 RmnP: 69.61 IfCnt: 480320 FwIfCnt: 205249
I1213 07:11:22.927656 35147 traceroute.cc:147] R: 15 S: 99.85k R:  2.18k PreP: 17.73 RmnP: 69.60 IfCnt: 480636 FwIfCnt: 205254
I1213 07:11:27.927860 35147 traceroute.cc:147] R: 15 S: 102.17k R:  2.18k PreP: 17.73 RmnP: 69.59 IfCnt: 480963 FwIfCnt: 205258
I1213 07:11:32.928050 35147 traceroute.cc:147] R: 15 S: 98.98k R:  2.13k PreP: 17.73 RmnP: 69.58 IfCnt: 481274 FwIfCnt: 205264
I1213 07:11:37.928238 35147 traceroute.cc:147] R: 15 S: 99.90k R:  2.08k PreP: 17.73 RmnP: 69.57 IfCnt: 481512 FwIfCnt: 205272
I1213 07:11:42.928424 35147 traceroute.cc:147] R: 15 S: 98.88k R:  2.04k PreP: 17.73 RmnP: 69.56 IfCnt: 481742 FwIfCnt: 205275
I1213 07:11:47.928615 35147 traceroute.cc:147] R: 15 S: 100.93k R:  2.03k PreP: 17.73 RmnP: 69.55 IfCnt: 481975 FwIfCnt: 205280
I1213 07:11:52.928814 35147 traceroute.cc:147] R: 15 S: 98.97k R:  1.98k PreP: 17.73 RmnP: 69.54 IfCnt: 482218 FwIfCnt: 205286
I1213 07:11:57.929003 35147 traceroute.cc:147] R: 15 S: 101.21k R:  2.15k PreP: 17.73 RmnP: 69.53 IfCnt: 482449 FwIfCnt: 205293
I1213 07:12:02.929181 35147 traceroute.cc:147] R: 15 S: 100.31k R:  2.01k PreP: 17.73 RmnP: 69.52 IfCnt: 482683 FwIfCnt: 205298
I1213 07:12:07.929371 35147 traceroute.cc:147] R: 15 S: 98.45k R:  2.09k PreP: 17.73 RmnP: 69.51 IfCnt: 482926 FwIfCnt: 205307
I1213 07:12:12.929570 35147 traceroute.cc:147] R: 15 S: 101.57k R:  2.10k PreP: 17.73 RmnP: 69.50 IfCnt: 483154 FwIfCnt: 205312
I1213 07:12:17.929750 35147 traceroute.cc:147] R: 15 S: 100.16k R:  2.24k PreP: 17.73 RmnP: 69.49 IfCnt: 483372 FwIfCnt: 205319
I1213 07:12:22.930027 35147 traceroute.cc:147] R: 15 S: 99.27k R:  2.32k PreP: 17.73 RmnP: 69.48 IfCnt: 483598 FwIfCnt: 205324
I1213 07:12:27.930375 35147 traceroute.cc:147] R: 15 S: 100.56k R:  2.15k PreP: 17.73 RmnP: 69.47 IfCnt: 483780 FwIfCnt: 205333
I1213 07:12:32.930554 35147 traceroute.cc:147] R: 15 S: 99.98k R:  2.18k PreP: 17.73 RmnP: 69.46 IfCnt: 483991 FwIfCnt: 205338
I1213 07:12:37.930740 35147 traceroute.cc:147] R: 15 S: 100.09k R:  2.28k PreP: 17.73 RmnP: 69.45 IfCnt: 484199 FwIfCnt: 205343
I1213 07:12:42.930928 35147 traceroute.cc:147] R: 15 S: 99.33k R:  2.18k PreP: 17.73 RmnP: 69.44 IfCnt: 484401 FwIfCnt: 205346
I1213 07:12:47.931123 35147 traceroute.cc:147] R: 15 S: 100.32k R:  2.11k PreP: 17.73 RmnP: 69.43 IfCnt: 484631 FwIfCnt: 205352
I1213 07:12:52.931331 35147 traceroute.cc:147] R: 15 S: 99.75k R:  2.12k PreP: 17.73 RmnP: 69.42 IfCnt: 484853 FwIfCnt: 205357
I1213 07:12:57.931538 35147 traceroute.cc:147] R: 15 S: 100.53k R:  2.07k PreP: 17.73 RmnP: 69.41 IfCnt: 485032 FwIfCnt: 205371
I1213 07:13:02.931725 35147 traceroute.cc:147] R: 15 S: 98.70k R:  2.05k PreP: 17.73 RmnP: 69.40 IfCnt: 485227 FwIfCnt: 205373
I1213 07:13:07.931901 35147 traceroute.cc:147] R: 16 S: 101.18k R:  2.28k PreP: 17.73 RmnP: 69.39 IfCnt: 485686 FwIfCnt: 205379
I1213 07:13:12.932122 35147 traceroute.cc:147] R: 16 S: 99.48k R:  2.40k PreP: 17.73 RmnP: 69.38 IfCnt: 486226 FwIfCnt: 205383
I1213 07:13:17.932338 35147 traceroute.cc:147] R: 16 S: 100.87k R:  2.34k PreP: 17.73 RmnP: 69.37 IfCnt: 486729 FwIfCnt: 205390
I1213 07:13:22.932555 35147 traceroute.cc:147] R: 16 S: 99.52k R:  2.31k PreP: 17.73 RmnP: 69.36 IfCnt: 487224 FwIfCnt: 205397
I1213 07:13:27.932740 35147 traceroute.cc:147] R: 16 S: 100.05k R:  2.31k PreP: 17.73 RmnP: 69.35 IfCnt: 487720 FwIfCnt: 205405
I1213 07:13:32.933041 35147 traceroute.cc:147] R: 16 S: 101.00k R:  2.34k PreP: 17.73 RmnP: 69.34 IfCnt: 488126 FwIfCnt: 205406
I1213 07:13:37.933328 35147 traceroute.cc:147] R: 16 S: 99.64k R:  2.15k PreP: 17.73 RmnP: 69.33 IfCnt: 488482 FwIfCnt: 205410
I1213 07:13:42.933547 35147 traceroute.cc:147] R: 16 S: 98.15k R:  2.16k PreP: 17.73 RmnP: 69.32 IfCnt: 488839 FwIfCnt: 205413
I1213 07:13:47.933734 35147 traceroute.cc:147] R: 16 S: 99.26k R:  2.11k PreP: 17.73 RmnP: 69.31 IfCnt: 489187 FwIfCnt: 205418
I1213 07:13:52.933954 35147 traceroute.cc:147] R: 16 S: 100.58k R:  2.23k PreP: 17.73 RmnP: 69.29 IfCnt: 489567 FwIfCnt: 205423
I1213 07:13:57.934142 35147 traceroute.cc:147] R: 16 S: 101.48k R:  2.19k PreP: 17.73 RmnP: 69.28 IfCnt: 489883 FwIfCnt: 205426
I1213 07:14:02.934336 35147 traceroute.cc:147] R: 16 S: 100.55k R:  2.22k PreP: 17.73 RmnP: 69.27 IfCnt: 490210 FwIfCnt: 205427
I1213 07:14:07.934536 35147 traceroute.cc:147] R: 16 S: 98.16k R:  2.18k PreP: 17.73 RmnP: 69.26 IfCnt: 490555 FwIfCnt: 205437
I1213 07:14:12.934756 35147 traceroute.cc:147] R: 16 S: 99.89k R:  2.35k PreP: 17.73 RmnP: 69.25 IfCnt: 490863 FwIfCnt: 205444
I1213 07:14:17.934931 35147 traceroute.cc:147] R: 16 S: 99.58k R:  2.49k PreP: 17.73 RmnP: 69.24 IfCnt: 491199 FwIfCnt: 205447
I1213 07:14:22.935123 35147 traceroute.cc:147] R: 16 S: 102.38k R:  2.33k PreP: 17.73 RmnP: 69.23 IfCnt: 491499 FwIfCnt: 205452
I1213 07:14:27.935333 35147 traceroute.cc:147] R: 16 S: 100.30k R:  2.35k PreP: 17.73 RmnP: 69.22 IfCnt: 491801 FwIfCnt: 205455
I1213 07:14:32.935523 35147 traceroute.cc:147] R: 16 S: 99.08k R:  2.44k PreP: 17.73 RmnP: 69.20 IfCnt: 492144 FwIfCnt: 205462
I1213 07:14:37.935694 35147 traceroute.cc:147] R: 16 S: 100.91k R:  2.37k PreP: 17.73 RmnP: 69.19 IfCnt: 492434 FwIfCnt: 205467
I1213 07:14:42.935884 35147 traceroute.cc:147] R: 16 S: 99.20k R:  2.23k PreP: 17.73 RmnP: 69.18 IfCnt: 492728 FwIfCnt: 205469
I1213 07:14:47.936091 35147 traceroute.cc:147] R: 16 S: 100.23k R:  2.28k PreP: 17.73 RmnP: 69.17 IfCnt: 493034 FwIfCnt: 205473
I1213 07:14:52.936290 35147 traceroute.cc:147] R: 16 S: 100.20k R:  2.24k PreP: 17.73 RmnP: 69.16 IfCnt: 493313 FwIfCnt: 205476
I1213 07:14:57.936476 35147 traceroute.cc:147] R: 16 S: 99.40k R:  2.20k PreP: 17.73 RmnP: 69.14 IfCnt: 493593 FwIfCnt: 205481
I1213 07:15:02.936657 35147 traceroute.cc:147] R: 17 S: 99.23k R:  2.52k PreP: 17.73 RmnP: 69.13 IfCnt: 494248 FwIfCnt: 205486
I1213 07:15:07.936877 35147 traceroute.cc:147] R: 17 S: 101.05k R:  3.01k PreP: 17.73 RmnP: 69.11 IfCnt: 495268 FwIfCnt: 205489
I1213 07:15:12.937078 35147 traceroute.cc:147] R: 17 S: 98.45k R:  2.88k PreP: 17.73 RmnP: 69.10 IfCnt: 496219 FwIfCnt: 205493
I1213 07:15:17.937300 35147 traceroute.cc:147] R: 17 S: 100.10k R:  2.89k PreP: 17.73 RmnP: 69.08 IfCnt: 497234 FwIfCnt: 205496
I1213 07:15:22.937491 35147 traceroute.cc:147] R: 17 S: 100.05k R:  2.95k PreP: 17.73 RmnP: 69.06 IfCnt: 498115 FwIfCnt: 205503
I1213 07:15:27.937678 35147 traceroute.cc:147] R: 17 S: 103.60k R:  3.03k PreP: 17.73 RmnP: 69.04 IfCnt: 499041 FwIfCnt: 205506
I1213 07:15:32.937901 35147 traceroute.cc:147] R: 17 S: 98.20k R:  2.71k PreP: 17.73 RmnP: 69.03 IfCnt: 499762 FwIfCnt: 205506
I1213 07:15:37.938079 35147 traceroute.cc:147] R: 17 S: 99.26k R:  2.79k PreP: 17.73 RmnP: 69.01 IfCnt: 500486 FwIfCnt: 205511
I1213 07:15:42.938287 35147 traceroute.cc:147] R: 17 S: 101.53k R:  2.66k PreP: 17.73 RmnP: 69.00 IfCnt: 501154 FwIfCnt: 205515
I1213 07:15:47.938515 35147 traceroute.cc:147] R: 17 S: 99.45k R:  2.75k PreP: 17.73 RmnP: 68.98 IfCnt: 501821 FwIfCnt: 205517
I1213 07:15:52.938724 35147 traceroute.cc:147] R: 17 S: 100.20k R:  2.79k PreP: 17.73 RmnP: 68.96 IfCnt: 502444 FwIfCnt: 205521
I1213 07:15:57.938916 35147 traceroute.cc:147] R: 17 S: 99.25k R:  2.80k PreP: 17.73 RmnP: 68.95 IfCnt: 503136 FwIfCnt: 205523
I1213 07:16:02.939107 35147 traceroute.cc:147] R: 17 S: 100.57k R:  2.74k PreP: 17.73 RmnP: 68.93 IfCnt: 503720 FwIfCnt: 205525
I1213 07:16:07.939302 35147 traceroute.cc:147] R: 17 S: 101.14k R:  2.85k PreP: 17.73 RmnP: 68.92 IfCnt: 504264 FwIfCnt: 205528
I1213 07:16:12.939498 35147 traceroute.cc:147] R: 17 S: 97.64k R:  2.99k PreP: 17.73 RmnP: 68.90 IfCnt: 504784 FwIfCnt: 205529
I1213 07:16:17.939734 35147 traceroute.cc:147] R: 17 S: 100.58k R:  2.92k PreP: 17.73 RmnP: 68.88 IfCnt: 505594 FwIfCnt: 205530
I1213 07:16:22.939924 35147 traceroute.cc:147] R: 17 S: 99.18k R:  2.90k PreP: 17.73 RmnP: 68.87 IfCnt: 506167 FwIfCnt: 205534
I1213 07:16:27.940129 35147 traceroute.cc:147] R: 17 S: 100.58k R:  3.06k PreP: 17.73 RmnP: 68.85 IfCnt: 506830 FwIfCnt: 205537
I1213 07:16:32.940333 35147 traceroute.cc:147] R: 17 S: 98.07k R:  2.97k PreP: 17.73 RmnP: 68.83 IfCnt: 507388 FwIfCnt: 205538
I1213 07:16:37.940531 35147 traceroute.cc:147] R: 17 S: 101.96k R:  2.84k PreP: 17.73 RmnP: 68.81 IfCnt: 507904 FwIfCnt: 205541
I1213 07:16:42.940721 35147 traceroute.cc:147] R: 17 S: 102.51k R:  2.85k PreP: 17.73 RmnP: 68.79 IfCnt: 508419 FwIfCnt: 205541
I1213 07:16:47.940901 35147 traceroute.cc:147] R: 17 S: 97.81k R:  2.78k PreP: 17.73 RmnP: 68.78 IfCnt: 508921 FwIfCnt: 205543
I1213 07:16:52.941092 35147 traceroute.cc:147] R: 17 S: 100.44k R:  2.72k PreP: 17.73 RmnP: 68.76 IfCnt: 509385 FwIfCnt: 205544
I1213 07:16:57.941282 35147 traceroute.cc:147] R: 18 S: 97.58k R:  3.10k PreP: 17.73 RmnP: 68.74 IfCnt: 510358 FwIfCnt: 205545
I1213 07:17:02.941498 35147 traceroute.cc:147] R: 18 S: 101.48k R:  3.82k PreP: 17.73 RmnP: 68.71 IfCnt: 512258 FwIfCnt: 205549
I1213 07:17:07.941687 35147 traceroute.cc:147] R: 18 S: 100.05k R:  3.58k PreP: 17.73 RmnP: 68.68 IfCnt: 513852 FwIfCnt: 205552
I1213 07:17:12.941951 35147 traceroute.cc:147] R: 18 S: 100.66k R:  3.60k PreP: 17.73 RmnP: 68.64 IfCnt: 515287 FwIfCnt: 205552
I1213 07:17:17.942167 35147 traceroute.cc:147] R: 18 S: 98.57k R:  3.63k PreP: 17.73 RmnP: 68.61 IfCnt: 516607 FwIfCnt: 205556
I1213 07:17:22.942471 35147 traceroute.cc:147] R: 18 S: 100.33k R:  3.83k PreP: 17.73 RmnP: 68.58 IfCnt: 517953 FwIfCnt: 205559
I1213 07:17:27.942721 35147 traceroute.cc:147] R: 18 S: 99.14k R:  3.41k PreP: 17.73 RmnP: 68.55 IfCnt: 519070 FwIfCnt: 205562
I1213 07:17:32.942946 35147 traceroute.cc:147] R: 18 S: 99.94k R:  3.52k PreP: 17.73 RmnP: 68.52 IfCnt: 520186 FwIfCnt: 205568
I1213 07:17:37.943195 35147 traceroute.cc:147] R: 18 S: 97.97k R:  3.28k PreP: 17.73 RmnP: 68.49 IfCnt: 521218 FwIfCnt: 205571
I1213 07:17:42.943374 35147 traceroute.cc:147] R: 18 S: 103.92k R:  3.59k PreP: 17.73 RmnP: 68.46 IfCnt: 522213 FwIfCnt: 205574
I1213 07:17:47.943563 35147 traceroute.cc:147] R: 18 S: 100.34k R:  3.53k PreP: 17.73 RmnP: 68.43 IfCnt: 523208 FwIfCnt: 205574
I1213 07:17:52.943773 35147 traceroute.cc:147] R: 18 S: 100.34k R:  3.56k PreP: 17.73 RmnP: 68.40 IfCnt: 524288 FwIfCnt: 205575
I1213 07:17:57.944012 35147 traceroute.cc:147] R: 18 S: 98.67k R:  3.43k PreP: 17.73 RmnP: 68.37 IfCnt: 525254 FwIfCnt: 205578
I1213 07:18:02.944209 35147 traceroute.cc:147] R: 18 S: 100.25k R:  3.55k PreP: 17.73 RmnP: 68.34 IfCnt: 526169 FwIfCnt: 205579
I1213 07:18:07.944401 35147 traceroute.cc:147] R: 18 S: 98.90k R:  3.65k PreP: 17.73 RmnP: 68.31 IfCnt: 527063 FwIfCnt: 205579
I1213 07:18:12.944584 35147 traceroute.cc:147] R: 18 S: 100.12k R:  3.58k PreP: 17.73 RmnP: 68.28 IfCnt: 527912 FwIfCnt: 205581
I1213 07:18:17.944774 35147 traceroute.cc:147] R: 18 S: 100.21k R:  3.66k PreP: 17.73 RmnP: 68.24 IfCnt: 528784 FwIfCnt: 205583
I1213 07:18:22.944967 35147 traceroute.cc:147] R: 18 S: 100.87k R:  3.89k PreP: 17.73 RmnP: 68.20 IfCnt: 529823 FwIfCnt: 205585
I1213 07:18:27.945168 35147 traceroute.cc:147] R: 18 S: 99.40k R:  3.68k PreP: 17.73 RmnP: 68.17 IfCnt: 530721 FwIfCnt: 205588
I1213 07:18:32.945361 35147 traceroute.cc:147] R: 18 S: 99.28k R:  3.51k PreP: 17.73 RmnP: 68.14 IfCnt: 531506 FwIfCnt: 205589
I1213 07:18:37.945585 35147 traceroute.cc:147] R: 18 S: 100.45k R:  3.49k PreP: 17.73 RmnP: 68.11 IfCnt: 532274 FwIfCnt: 205589
I1213 07:18:42.945797 35147 traceroute.cc:147] R: 18 S: 99.95k R:  3.55k PreP: 17.73 RmnP: 68.07 IfCnt: 533101 FwIfCnt: 205589
I1213 07:18:47.946174 35147 traceroute.cc:147] R: 18 S: 101.84k R:  3.58k PreP: 17.73 RmnP: 68.04 IfCnt: 533968 FwIfCnt: 205590
I1213 07:18:52.946358 35147 traceroute.cc:147] R: 19 S: 99.67k R:  4.44k PreP: 17.73 RmnP: 68.00 IfCnt: 535627 FwIfCnt: 205592
I1213 07:18:57.946560 35147 traceroute.cc:147] R: 19 S: 103.68k R:  5.47k PreP: 17.73 RmnP: 67.94 IfCnt: 537770 FwIfCnt: 205595
I1213 07:19:02.946758 35147 traceroute.cc:147] R: 19 S: 97.84k R:  5.03k PreP: 17.73 RmnP: 67.90 IfCnt: 539484 FwIfCnt: 205596
I1213 07:19:07.946938 35147 traceroute.cc:147] R: 19 S: 98.31k R:  5.06k PreP: 17.73 RmnP: 67.85 IfCnt: 541252 FwIfCnt: 205596
I1213 07:19:12.947127 35147 traceroute.cc:147] R: 19 S: 99.48k R:  5.01k PreP: 17.73 RmnP: 67.79 IfCnt: 542748 FwIfCnt: 205598
I1213 07:19:17.947333 35147 traceroute.cc:147] R: 19 S: 99.75k R:  5.13k PreP: 17.73 RmnP: 67.74 IfCnt: 544186 FwIfCnt: 205601
I1213 07:19:22.947526 35147 traceroute.cc:147] R: 19 S: 101.41k R:  4.92k PreP: 17.73 RmnP: 67.69 IfCnt: 545458 FwIfCnt: 205605
I1213 07:19:27.947736 35147 traceroute.cc:147] R: 19 S: 99.03k R:  4.71k PreP: 17.73 RmnP: 67.64 IfCnt: 546590 FwIfCnt: 205607
I1213 07:19:32.947947 35147 traceroute.cc:147] R: 19 S: 98.24k R:  4.71k PreP: 17.73 RmnP: 67.59 IfCnt: 547758 FwIfCnt: 205608
I1213 07:19:37.948153 35147 traceroute.cc:147] R: 19 S: 100.36k R:  5.12k PreP: 17.73 RmnP: 67.54 IfCnt: 548809 FwIfCnt: 205609
I1213 07:19:42.948352 35147 traceroute.cc:147] R: 19 S: 99.99k R:  4.83k PreP: 17.73 RmnP: 67.49 IfCnt: 549865 FwIfCnt: 205612
I1213 07:19:47.948552 35147 traceroute.cc:147] R: 19 S: 100.19k R:  5.08k PreP: 17.73 RmnP: 67.44 IfCnt: 551038 FwIfCnt: 205614
I1213 07:19:52.948740 35147 traceroute.cc:147] R: 19 S: 101.96k R:  5.00k PreP: 17.73 RmnP: 67.39 IfCnt: 552143 FwIfCnt: 205615
I1213 07:19:57.948940 35147 traceroute.cc:147] R: 19 S: 99.44k R:  5.12k PreP: 17.73 RmnP: 67.34 IfCnt: 553229 FwIfCnt: 205617
I1213 07:20:02.949139 35147 traceroute.cc:147] R: 19 S: 100.19k R:  5.12k PreP: 17.73 RmnP: 67.29 IfCnt: 554566 FwIfCnt: 205618
I1213 07:20:07.949331 35147 traceroute.cc:147] R: 19 S: 99.23k R:  4.94k PreP: 17.73 RmnP: 67.24 IfCnt: 555547 FwIfCnt: 205618
I1213 07:20:12.949550 35147 traceroute.cc:147] R: 19 S: 100.97k R:  5.36k PreP: 17.73 RmnP: 67.18 IfCnt: 556587 FwIfCnt: 205620
I1213 07:20:17.949743 35147 traceroute.cc:147] R: 19 S: 99.13k R:  5.52k PreP: 17.73 RmnP: 67.12 IfCnt: 558053 FwIfCnt: 205621
I1213 07:20:22.949956 35147 traceroute.cc:147] R: 19 S: 100.70k R:  4.96k PreP: 17.73 RmnP: 67.07 IfCnt: 559006 FwIfCnt: 205622
I1213 07:20:27.950150 35147 traceroute.cc:147] R: 19 S: 99.88k R:  4.96k PreP: 17.73 RmnP: 67.02 IfCnt: 559911 FwIfCnt: 205622
I1213 07:20:32.950356 35147 traceroute.cc:147] R: 19 S: 98.49k R:  4.86k PreP: 17.73 RmnP: 66.97 IfCnt: 560795 FwIfCnt: 205623
I1213 07:20:37.950610 35147 traceroute.cc:147] R: 19 S: 104.69k R:  4.87k PreP: 17.73 RmnP: 66.91 IfCnt: 561711 FwIfCnt: 205626
I1213 07:20:42.950863 35147 traceroute.cc:147] R: 20 S: 95.79k R:  4.78k PreP: 17.73 RmnP: 66.85 IfCnt: 562609 FwIfCnt: 205626
I1213 07:20:47.951045 35147 traceroute.cc:147] R: 20 S: 100.81k R:  6.43k PreP: 17.73 RmnP: 66.74 IfCnt: 565048 FwIfCnt: 205627
I1213 07:20:52.951253 35147 traceroute.cc:147] R: 20 S: 99.88k R:  6.15k PreP: 17.73 RmnP: 66.65 IfCnt: 567044 FwIfCnt: 205629
I1213 07:20:57.951457 35147 traceroute.cc:147] R: 20 S: 102.12k R:  6.13k PreP: 17.73 RmnP: 66.55 IfCnt: 568776 FwIfCnt: 205630
I1213 07:21:02.951647 35147 traceroute.cc:147] R: 20 S: 97.65k R:  6.01k PreP: 17.73 RmnP: 66.45 IfCnt: 570452 FwIfCnt: 205633
I1213 07:21:07.952009 35147 traceroute.cc:147] R: 20 S: 100.36k R:  6.19k PreP: 17.73 RmnP: 66.35 IfCnt: 571979 FwIfCnt: 205635
I1213 07:21:12.952342 35147 traceroute.cc:147] R: 20 S: 101.05k R:  5.75k PreP: 17.73 RmnP: 66.25 IfCnt: 573449 FwIfCnt: 205638
I1213 07:21:17.952581 35147 traceroute.cc:147] R: 20 S: 100.02k R:  5.71k PreP: 17.73 RmnP: 66.16 IfCnt: 574711 FwIfCnt: 205639
I1213 07:21:22.952771 35147 traceroute.cc:147] R: 20 S: 98.81k R:  5.64k PreP: 17.73 RmnP: 66.07 IfCnt: 575974 FwIfCnt: 205642
I1213 07:21:27.952970 35147 traceroute.cc:147] R: 20 S: 101.51k R:  6.05k PreP: 17.73 RmnP: 65.96 IfCnt: 577231 FwIfCnt: 205646
I1213 07:21:32.953173 35147 traceroute.cc:147] R: 20 S: 100.73k R:  5.65k PreP: 17.73 RmnP: 65.86 IfCnt: 578367 FwIfCnt: 205649
I1213 07:21:37.953372 35147 traceroute.cc:147] R: 20 S: 98.43k R:  5.83k PreP: 17.73 RmnP: 65.76 IfCnt: 579609 FwIfCnt: 205649
I1213 07:21:42.953613 35147 traceroute.cc:147] R: 20 S: 99.12k R:  5.77k PreP: 17.73 RmnP: 65.67 IfCnt: 580763 FwIfCnt: 205650
I1213 07:21:47.953801 35147 traceroute.cc:147] R: 20 S: 99.72k R:  6.01k PreP: 17.73 RmnP: 65.57 IfCnt: 581988 FwIfCnt: 205651
I1213 07:21:52.954058 35147 traceroute.cc:147] R: 20 S: 99.37k R:  6.00k PreP: 17.73 RmnP: 65.48 IfCnt: 583152 FwIfCnt: 205653
I1213 07:21:57.954262 35147 traceroute.cc:147] R: 20 S: 100.46k R:  5.94k PreP: 17.73 RmnP: 65.38 IfCnt: 584272 FwIfCnt: 205654
I1213 07:22:02.954443 35147 traceroute.cc:147] R: 20 S: 101.93k R:  6.45k PreP: 17.73 RmnP: 65.26 IfCnt: 585432 FwIfCnt: 205655
I1213 07:22:07.954635 35147 traceroute.cc:147] R: 20 S: 101.13k R:  6.44k PreP: 17.73 RmnP: 65.16 IfCnt: 586666 FwIfCnt: 205659
I1213 07:22:12.955005 35147 traceroute.cc:147] R: 20 S: 98.23k R:  5.86k PreP: 17.73 RmnP: 65.06 IfCnt: 587719 FwIfCnt: 205663
I1213 07:22:17.955178 35147 traceroute.cc:147] R: 20 S: 100.56k R:  5.94k PreP: 17.73 RmnP: 64.96 IfCnt: 588729 FwIfCnt: 205668
I1213 07:22:22.955350 35147 traceroute.cc:147] R: 20 S: 99.12k R:  5.86k PreP: 17.73 RmnP: 64.86 IfCnt: 589676 FwIfCnt: 205669
I1213 07:22:27.955559 35147 traceroute.cc:147] R: 20 S: 100.12k R:  5.77k PreP: 17.73 RmnP: 64.77 IfCnt: 590682 FwIfCnt: 205671
I1213 07:22:32.955758 35147 traceroute.cc:147] R: 21 S: 101.82k R:  6.50k PreP: 17.73 RmnP: 64.64 IfCnt: 592594 FwIfCnt: 205673
I1213 07:22:37.955955 35147 traceroute.cc:147] R: 21 S: 99.17k R:  7.74k PreP: 17.73 RmnP: 64.51 IfCnt: 595367 FwIfCnt: 205675
I1213 07:22:42.956162 35147 traceroute.cc:147] R: 21 S: 98.96k R:  7.38k PreP: 17.73 RmnP: 64.37 IfCnt: 597692 FwIfCnt: 205676
I1213 07:22:47.956364 35147 traceroute.cc:147] R: 21 S: 100.07k R:  7.38k PreP: 17.73 RmnP: 64.23 IfCnt: 599778 FwIfCnt: 205676
I1213 07:22:52.956559 35147 traceroute.cc:147] R: 21 S: 98.97k R:  7.47k PreP: 17.73 RmnP: 64.10 IfCnt: 601711 FwIfCnt: 205678
I1213 07:22:57.956796 35147 traceroute.cc:147] R: 21 S: 99.76k R:  7.20k PreP: 17.73 RmnP: 63.97 IfCnt: 603433 FwIfCnt: 205680
I1213 07:23:02.957005 35147 traceroute.cc:147] R: 21 S: 102.54k R:  7.15k PreP: 17.73 RmnP: 63.83 IfCnt: 604972 FwIfCnt: 205680
I1213 07:23:07.957237 35147 traceroute.cc:147] R: 21 S: 99.61k R:  6.80k PreP: 17.73 RmnP: 63.71 IfCnt: 606486 FwIfCnt: 205681
I1213 07:23:12.957556 35147 traceroute.cc:147] R: 21 S: 100.35k R:  7.02k PreP: 17.73 RmnP: 63.57 IfCnt: 607993 FwIfCnt: 205683
I1213 07:23:17.957751 35147 traceroute.cc:147] R: 21 S: 98.98k R:  7.17k PreP: 17.73 RmnP: 63.44 IfCnt: 609483 FwIfCnt: 205686
I1213 07:23:22.957983 35147 traceroute.cc:147] R: 21 S: 100.62k R:  7.07k PreP: 17.73 RmnP: 63.31 IfCnt: 610888 FwIfCnt: 205686
I1213 07:23:27.958181 35147 traceroute.cc:147] R: 21 S: 99.88k R:  7.06k PreP: 17.73 RmnP: 63.17 IfCnt: 612488 FwIfCnt: 205686
I1213 07:23:32.958395 35147 traceroute.cc:147] R: 21 S: 99.92k R:  7.27k PreP: 17.73 RmnP: 63.04 IfCnt: 614040 FwIfCnt: 205686
I1213 07:23:37.958602 35147 traceroute.cc:147] R: 21 S: 100.24k R:  7.30k PreP: 17.73 RmnP: 62.91 IfCnt: 615519 FwIfCnt: 205687
I1213 07:23:42.958853 35147 traceroute.cc:147] R: 21 S: 99.34k R:  6.99k PreP: 17.73 RmnP: 62.78 IfCnt: 616843 FwIfCnt: 205687
I1213 07:23:47.959100 35147 traceroute.cc:147] R: 21 S: 100.31k R:  7.63k PreP: 17.73 RmnP: 62.63 IfCnt: 618164 FwIfCnt: 205690
I1213 07:23:52.959340 35147 traceroute.cc:147] R: 21 S: 100.14k R:  7.80k PreP: 17.73 RmnP: 62.48 IfCnt: 619434 FwIfCnt: 205691
I1213 07:23:57.959581 35147 traceroute.cc:147] R: 21 S: 99.77k R:  7.29k PreP: 17.73 RmnP: 62.34 IfCnt: 620635 FwIfCnt: 205693
I1213 07:24:02.959779 35147 traceroute.cc:147] R: 21 S: 100.11k R:  7.32k PreP: 17.73 RmnP: 62.21 IfCnt: 621784 FwIfCnt: 205694
I1213 07:24:07.959985 35147 traceroute.cc:147] R: 21 S: 99.52k R:  7.18k PreP: 17.73 RmnP: 62.07 IfCnt: 622865 FwIfCnt: 205695
I1213 07:24:12.960214 35147 traceroute.cc:147] R: 21 S: 102.16k R:  7.19k PreP: 17.73 RmnP: 61.94 IfCnt: 624315 FwIfCnt: 205695
I1213 07:24:17.960427 35147 traceroute.cc:147] R: 22 S: 98.29k R:  8.32k PreP: 17.73 RmnP: 61.77 IfCnt: 626956 FwIfCnt: 205695
I1213 07:24:22.960630 35147 traceroute.cc:147] R: 22 S: 101.70k R:  8.73k PreP: 17.73 RmnP: 61.58 IfCnt: 629936 FwIfCnt: 205696
I1213 07:24:27.960846 35147 traceroute.cc:147] R: 22 S: 99.92k R:  8.41k PreP: 17.73 RmnP: 61.40 IfCnt: 632488 FwIfCnt: 205696
I1213 07:24:32.961082 35147 traceroute.cc:147] R: 22 S: 96.88k R:  8.15k PreP: 17.73 RmnP: 61.23 IfCnt: 634698 FwIfCnt: 205697
I1213 07:24:37.961326 35147 traceroute.cc:147] R: 22 S: 102.46k R:  8.58k PreP: 17.73 RmnP: 61.04 IfCnt: 636827 FwIfCnt: 205698
I1213 07:24:42.961514 35147 traceroute.cc:147] R: 22 S: 97.93k R:  7.95k PreP: 17.73 RmnP: 60.86 IfCnt: 638703 FwIfCnt: 205699
I1213 07:24:47.961719 35147 traceroute.cc:147] R: 22 S: 100.05k R:  7.75k PreP: 17.73 RmnP: 60.70 IfCnt: 640395 FwIfCnt: 205699
I1213 07:24:52.961920 35147 traceroute.cc:147] R: 22 S: 101.02k R:  7.85k PreP: 17.73 RmnP: 60.52 IfCnt: 642079 FwIfCnt: 205699
I1213 07:24:57.962093 35147 traceroute.cc:147] R: 22 S: 100.56k R:  7.95k PreP: 17.73 RmnP: 60.34 IfCnt: 643748 FwIfCnt: 205701
I1213 07:25:02.962352 35147 traceroute.cc:147] R: 22 S: 101.44k R:  7.96k PreP: 17.73 RmnP: 60.17 IfCnt: 645372 FwIfCnt: 205701
I1213 07:25:07.962548 35147 traceroute.cc:147] R: 22 S: 98.33k R:  7.73k PreP: 17.73 RmnP: 60.00 IfCnt: 646918 FwIfCnt: 205701
I1213 07:25:12.962790 35147 traceroute.cc:147] R: 22 S: 98.04k R:  8.28k PreP: 17.73 RmnP: 59.82 IfCnt: 648679 FwIfCnt: 205701
I1213 07:25:17.963017 35147 traceroute.cc:147] R: 22 S: 100.99k R:  8.41k PreP: 17.73 RmnP: 59.65 IfCnt: 650295 FwIfCnt: 205701
I1213 07:25:22.964789 35147 traceroute.cc:147] R: 22 S: 100.41k R:  7.85k PreP: 17.73 RmnP: 59.47 IfCnt: 651791 FwIfCnt: 205701
I1213 07:25:27.964995 35147 traceroute.cc:147] R: 22 S: 99.94k R:  8.25k PreP: 17.73 RmnP: 59.27 IfCnt: 653181 FwIfCnt: 205702
I1213 07:25:32.965183 35147 traceroute.cc:147] R: 22 S: 99.33k R:  8.44k PreP: 17.73 RmnP: 59.08 IfCnt: 654602 FwIfCnt: 205703
I1213 07:25:37.965368 35147 traceroute.cc:147] R: 22 S: 101.07k R:  8.30k PreP: 17.73 RmnP: 58.90 IfCnt: 656014 FwIfCnt: 205703
I1213 07:25:42.965562 35147 traceroute.cc:147] R: 22 S: 100.70k R:  8.47k PreP: 17.73 RmnP: 58.71 IfCnt: 657361 FwIfCnt: 205708
I1213 07:25:47.965808 35147 traceroute.cc:147] R: 22 S: 100.09k R:  8.14k PreP: 17.73 RmnP: 58.53 IfCnt: 658583 FwIfCnt: 205709
I1213 07:25:52.966042 35147 traceroute.cc:147] R: 23 S: 98.30k R:  8.22k PreP: 17.73 RmnP: 58.34 IfCnt: 659894 FwIfCnt: 205710
I1213 07:25:57.966250 35147 traceroute.cc:147] R: 23 S: 99.32k R: 10.59k PreP: 17.73 RmnP: 58.12 IfCnt: 663441 FwIfCnt: 205711
I1213 07:26:02.966480 35147 traceroute.cc:147] R: 23 S: 101.54k R: 10.27k PreP: 17.73 RmnP: 57.89 IfCnt: 666298 FwIfCnt: 205711
I1213 07:26:07.966670 35147 traceroute.cc:147] R: 23 S: 99.54k R: 10.19k PreP: 17.73 RmnP: 57.68 IfCnt: 668751 FwIfCnt: 205712
I1213 07:26:12.966883 35147 traceroute.cc:147] R: 23 S: 100.17k R:  9.92k PreP: 17.73 RmnP: 57.46 IfCnt: 670953 FwIfCnt: 205712
I1213 07:26:17.967111 35147 traceroute.cc:147] R: 23 S: 99.11k R:  9.30k PreP: 17.73 RmnP: 57.25 IfCnt: 672841 FwIfCnt: 205713
I1213 07:26:22.967295 35147 traceroute.cc:147] R: 23 S: 101.06k R:  9.23k PreP: 17.73 RmnP: 57.04 IfCnt: 674641 FwIfCnt: 205714
I1213 07:26:27.967505 35147 traceroute.cc:147] R: 23 S: 102.20k R:  9.34k PreP: 17.73 RmnP: 56.83 IfCnt: 676452 FwIfCnt: 205714
I1213 07:26:32.967737 35147 traceroute.cc:147] R: 23 S: 99.01k R:  9.47k PreP: 17.73 RmnP: 56.62 IfCnt: 678150 FwIfCnt: 205716
I1213 07:26:37.967943 35147 traceroute.cc:147] R: 23 S: 98.88k R:  9.07k PreP: 17.73 RmnP: 56.41 IfCnt: 679715 FwIfCnt: 205716
I1213 07:26:42.969491 35147 traceroute.cc:147] R: 23 S: 99.79k R:  9.18k PreP: 17.73 RmnP: 56.21 IfCnt: 681346 FwIfCnt: 205716
I1213 07:26:47.969687 35147 traceroute.cc:147] R: 23 S: 100.48k R:  9.96k PreP: 17.73 RmnP: 55.98 IfCnt: 683108 FwIfCnt: 205718
I1213 07:26:52.969914 35147 traceroute.cc:147] R: 23 S: 101.63k R:  9.88k PreP: 17.73 RmnP: 55.77 IfCnt: 684745 FwIfCnt: 205718
I1213 07:26:57.970137 35147 traceroute.cc:147] R: 23 S: 97.55k R:  9.73k PreP: 17.73 RmnP: 55.56 IfCnt: 686317 FwIfCnt: 205719
I1213 07:27:02.970343 35147 traceroute.cc:147] R: 23 S: 99.94k R: 10.02k PreP: 17.73 RmnP: 55.34 IfCnt: 687809 FwIfCnt: 205720
I1213 07:27:07.970541 35147 traceroute.cc:147] R: 23 S: 100.48k R:  9.86k PreP: 17.73 RmnP: 55.11 IfCnt: 689201 FwIfCnt: 205720
I1213 07:27:12.970732 35147 traceroute.cc:147] R: 23 S: 99.67k R:  9.54k PreP: 17.73 RmnP: 54.89 IfCnt: 690562 FwIfCnt: 205721
I1213 07:27:17.970947 35147 traceroute.cc:147] R: 23 S: 101.71k R:  9.89k PreP: 17.73 RmnP: 54.66 IfCnt: 691906 FwIfCnt: 205721
I1213 07:27:22.971156 35147 traceroute.cc:147] R: 23 S: 99.57k R:  9.35k PreP: 17.73 RmnP: 54.44 IfCnt: 693187 FwIfCnt: 205721
I1213 07:27:27.971403 35147 traceroute.cc:147] R: 24 S: 100.37k R: 11.08k PreP: 17.73 RmnP: 54.15 IfCnt: 695926 FwIfCnt: 205722
I1213 07:27:32.971616 35147 traceroute.cc:147] R: 24 S: 99.39k R: 11.45k PreP: 17.73 RmnP: 53.86 IfCnt: 698404 FwIfCnt: 205722
I1213 07:27:37.972007 35147 traceroute.cc:147] R: 24 S: 100.93k R: 11.46k PreP: 17.73 RmnP: 53.58 IfCnt: 700591 FwIfCnt: 205722
I1213 07:27:42.972209 35147 traceroute.cc:147] R: 24 S: 102.48k R: 11.49k PreP: 17.73 RmnP: 53.29 IfCnt: 702357 FwIfCnt: 205722
I1213 07:27:47.972417 35147 traceroute.cc:147] R: 24 S: 95.08k R:  9.99k PreP: 17.73 RmnP: 53.04 IfCnt: 703807 FwIfCnt: 205723
I1213 07:27:52.972615 35147 traceroute.cc:147] R: 24 S: 102.12k R:  9.92k PreP: 17.73 RmnP: 52.77 IfCnt: 705273 FwIfCnt: 205724
I1213 07:27:57.972820 35147 traceroute.cc:147] R: 24 S: 99.86k R: 10.18k PreP: 17.73 RmnP: 52.50 IfCnt: 706582 FwIfCnt: 205724
I1213 07:28:02.973024 35147 traceroute.cc:147] R: 24 S: 100.05k R: 10.09k PreP: 17.73 RmnP: 52.24 IfCnt: 707925 FwIfCnt: 205724
I1213 07:28:07.973238 35147 traceroute.cc:147] R: 24 S: 99.69k R: 10.33k PreP: 17.73 RmnP: 51.98 IfCnt: 709271 FwIfCnt: 205725
I1213 07:28:12.973433 35147 traceroute.cc:147] R: 24 S: 99.56k R: 10.60k PreP: 17.73 RmnP: 51.70 IfCnt: 710608 FwIfCnt: 205725
I1213 07:28:17.973649 35147 traceroute.cc:147] R: 24 S: 97.93k R: 11.22k PreP: 17.73 RmnP: 51.43 IfCnt: 712025 FwIfCnt: 205725
I1213 07:28:22.973853 35147 traceroute.cc:147] R: 24 S: 103.32k R: 10.95k PreP: 17.73 RmnP: 51.13 IfCnt: 713426 FwIfCnt: 205726
I1213 07:28:27.974064 35147 traceroute.cc:147] R: 24 S: 97.02k R: 10.93k PreP: 17.73 RmnP: 50.85 IfCnt: 714696 FwIfCnt: 205726
I1213 07:28:32.974398 35147 traceroute.cc:147] R: 24 S: 101.71k R: 11.14k PreP: 17.73 RmnP: 50.56 IfCnt: 715865 FwIfCnt: 205727
I1213 07:28:37.974807 35147 traceroute.cc:147] R: 24 S: 100.79k R: 10.88k PreP: 17.73 RmnP: 50.28 IfCnt: 717040 FwIfCnt: 205727
I1213 07:28:42.975054 35147 traceroute.cc:147] R: 24 S: 99.95k R: 10.90k PreP: 17.73 RmnP: 50.00 IfCnt: 718108 FwIfCnt: 205727
I1213 07:28:47.975284 35147 traceroute.cc:147] R: 25 S: 99.32k R: 10.86k PreP: 17.73 RmnP: 49.71 IfCnt: 719297 FwIfCnt: 205727
I1213 07:28:52.975492 35147 traceroute.cc:147] R: 25 S: 99.58k R: 15.67k PreP: 17.73 RmnP: 49.37 IfCnt: 722252 FwIfCnt: 205728
I1213 07:28:57.975759 35147 traceroute.cc:147] R: 25 S: 101.07k R: 15.53k PreP: 17.73 RmnP: 49.02 IfCnt: 724276 FwIfCnt: 205728
I1213 07:29:02.975973 35147 traceroute.cc:147] R: 25 S: 98.74k R: 14.82k PreP: 17.73 RmnP: 48.67 IfCnt: 725873 FwIfCnt: 205728
I1213 07:29:07.976181 35147 traceroute.cc:147] R: 25 S: 99.59k R: 13.97k PreP: 17.73 RmnP: 48.36 IfCnt: 727204 FwIfCnt: 205729
I1213 07:29:12.976382 35147 traceroute.cc:147] R: 25 S: 99.90k R: 13.54k PreP: 17.73 RmnP: 48.07 IfCnt: 728326 FwIfCnt: 205729
I1213 07:29:17.976594 35147 traceroute.cc:147] R: 25 S: 100.90k R: 14.60k PreP: 17.73 RmnP: 47.75 IfCnt: 729462 FwIfCnt: 205730
I1213 07:29:22.976867 35147 traceroute.cc:147] R: 25 S: 98.73k R: 13.99k PreP: 17.73 RmnP: 47.45 IfCnt: 730474 FwIfCnt: 205730
I1213 07:29:27.977073 35147 traceroute.cc:147] R: 25 S: 99.95k R: 14.21k PreP: 17.73 RmnP: 47.14 IfCnt: 731648 FwIfCnt: 205730
I1213 07:29:32.977277 35147 traceroute.cc:147] R: 25 S: 99.71k R: 14.80k PreP: 17.73 RmnP: 46.80 IfCnt: 732691 FwIfCnt: 205730
I1213 07:29:37.977468 35147 traceroute.cc:147] R: 25 S: 99.49k R: 14.75k PreP: 17.73 RmnP: 46.47 IfCnt: 733683 FwIfCnt: 205730
I1213 07:29:42.977679 35147 traceroute.cc:147] R: 25 S: 103.31k R: 15.16k PreP: 17.73 RmnP: 46.12 IfCnt: 734666 FwIfCnt: 205730
I1213 07:29:47.977918 35147 traceroute.cc:147] R: 25 S: 100.81k R: 14.90k PreP: 17.73 RmnP: 45.77 IfCnt: 735614 FwIfCnt: 205730
I1213 07:29:52.978123 35147 traceroute.cc:147] R: 25 S: 97.27k R: 14.47k PreP: 17.73 RmnP: 45.45 IfCnt: 736518 FwIfCnt: 205730
I1213 07:29:57.978327 35147 traceroute.cc:147] R: 25 S: 100.67k R: 14.84k PreP: 17.73 RmnP: 45.11 IfCnt: 737401 FwIfCnt: 205730
I1213 07:30:02.978700 35147 traceroute.cc:147] R: 26 S: 99.45k R: 14.37k PreP: 17.73 RmnP: 44.75 IfCnt: 738243 FwIfCnt: 205730
I1213 07:30:07.978868 35147 traceroute.cc:147] R: 26 S: 100.92k R: 14.71k PreP: 17.73 RmnP: 44.22 IfCnt: 740013 FwIfCnt: 205730
I1213 07:30:12.979075 35147 traceroute.cc:147] R: 26 S: 99.60k R: 14.53k PreP: 17.73 RmnP: 43.73 IfCnt: 741259 FwIfCnt: 205730
I1213 07:30:17.979290 35147 traceroute.cc:147] R: 26 S: 99.04k R: 14.75k PreP: 17.73 RmnP: 43.26 IfCnt: 742269 FwIfCnt: 205730
I1213 07:30:22.979568 35147 traceroute.cc:147] R: 26 S: 100.92k R: 12.73k PreP: 17.73 RmnP: 42.82 IfCnt: 743088 FwIfCnt: 205731
I1213 07:30:27.979766 35147 traceroute.cc:147] R: 26 S: 98.94k R: 12.60k PreP: 17.73 RmnP: 42.35 IfCnt: 743895 FwIfCnt: 205731
I1213 07:30:32.980005 35147 traceroute.cc:147] R: 26 S: 100.57k R: 13.97k PreP: 17.73 RmnP: 41.88 IfCnt: 744653 FwIfCnt: 205731
I1213 07:30:37.980213 35147 traceroute.cc:147] R: 26 S: 97.40k R: 14.41k PreP: 17.73 RmnP: 41.42 IfCnt: 745471 FwIfCnt: 205731
I1213 07:30:42.980430 35147 traceroute.cc:147] R: 26 S: 101.54k R: 15.82k PreP: 17.73 RmnP: 40.91 IfCnt: 746255 FwIfCnt: 205731
I1213 07:30:47.980654 35147 traceroute.cc:147] R: 26 S: 101.68k R: 15.74k PreP: 17.73 RmnP: 40.42 IfCnt: 746971 FwIfCnt: 205731
I1213 07:30:52.980859 35147 traceroute.cc:147] R: 26 S: 101.92k R: 15.85k PreP: 17.73 RmnP: 39.92 IfCnt: 747721 FwIfCnt: 205731
I1213 07:30:57.981047 35147 traceroute.cc:147] R: 26 S: 98.38k R: 15.21k PreP: 17.73 RmnP: 39.44 IfCnt: 748429 FwIfCnt: 205731
I1213 07:31:02.981257 35147 traceroute.cc:147] R: 26 S: 97.71k R: 14.93k PreP: 17.73 RmnP: 38.96 IfCnt: 749053 FwIfCnt: 205731
I1213 07:31:07.981526 35147 traceroute.cc:147] R: 27 S: 102.29k R: 15.24k PreP: 17.73 RmnP: 38.47 IfCnt: 749761 FwIfCnt: 205731
I1213 07:31:12.981730 35147 traceroute.cc:147] R: 27 S: 100.20k R: 13.92k PreP: 17.73 RmnP: 37.99 IfCnt: 750974 FwIfCnt: 205731
I1213 07:31:17.981948 35147 traceroute.cc:147] R: 27 S: 99.04k R: 13.86k PreP: 17.73 RmnP: 37.49 IfCnt: 751842 FwIfCnt: 205731
I1213 07:31:22.982149 35147 traceroute.cc:147] R: 27 S: 102.09k R: 12.96k PreP: 17.73 RmnP: 37.05 IfCnt: 752526 FwIfCnt: 205731
I1213 07:31:27.982362 35147 traceroute.cc:147] R: 27 S: 97.56k R: 11.45k PreP: 17.73 RmnP: 36.65 IfCnt: 753125 FwIfCnt: 205731
I1213 07:31:32.982553 35147 traceroute.cc:147] R: 27 S: 101.65k R: 12.79k PreP: 17.73 RmnP: 36.19 IfCnt: 753720 FwIfCnt: 205731
I1213 07:31:37.982779 35147 traceroute.cc:147] R: 27 S: 99.51k R: 11.20k PreP: 17.73 RmnP: 35.69 IfCnt: 754364 FwIfCnt: 205731
I1213 07:31:42.982978 35147 traceroute.cc:147] R: 27 S: 99.82k R: 11.81k PreP: 17.73 RmnP: 35.14 IfCnt: 754928 FwIfCnt: 205731
I1213 07:31:47.983165 35147 traceroute.cc:147] R: 27 S: 100.30k R: 12.27k PreP: 17.73 RmnP: 34.62 IfCnt: 755551 FwIfCnt: 205731
I1213 07:31:52.983357 35147 traceroute.cc:147] R: 27 S: 103.16k R: 12.31k PreP: 17.73 RmnP: 34.08 IfCnt: 756143 FwIfCnt: 205732
I1213 07:31:57.983547 35147 traceroute.cc:147] R: 27 S: 96.83k R: 11.54k PreP: 17.73 RmnP: 33.58 IfCnt: 756642 FwIfCnt: 205732
I1213 07:32:02.983769 35147 traceroute.cc:147] R: 28 S: 101.52k R: 11.70k PreP: 17.73 RmnP: 33.07 IfCnt: 757156 FwIfCnt: 205732
I1213 07:32:07.983937 35147 traceroute.cc:147] R: 28 S: 99.00k R: 13.82k PreP: 17.73 RmnP: 32.62 IfCnt: 757963 FwIfCnt: 205732
I1213 07:32:12.984191 35147 traceroute.cc:147] R: 28 S: 99.11k R: 14.20k PreP: 17.73 RmnP: 32.15 IfCnt: 758646 FwIfCnt: 205732
I1213 07:32:17.984457 35147 traceroute.cc:147] R: 28 S: 101.75k R: 13.77k PreP: 17.73 RmnP: 31.76 IfCnt: 759115 FwIfCnt: 205732
I1213 07:32:22.984637 35147 traceroute.cc:147] R: 28 S: 97.17k R: 12.50k PreP: 17.73 RmnP: 31.37 IfCnt: 759533 FwIfCnt: 205732
I1213 07:32:27.984820 35147 traceroute.cc:147] R: 28 S: 100.92k R: 13.50k PreP: 17.73 RmnP: 30.99 IfCnt: 759959 FwIfCnt: 205732
I1213 07:32:32.985038 35147 traceroute.cc:147] R: 28 S: 99.73k R: 14.14k PreP: 17.73 RmnP: 30.61 IfCnt: 760362 FwIfCnt: 205732
I1213 07:32:37.985266 35147 traceroute.cc:147] R: 28 S: 101.02k R: 14.48k PreP: 17.73 RmnP: 30.20 IfCnt: 760783 FwIfCnt: 205732
I1213 07:32:42.985460 35147 traceroute.cc:147] R: 28 S: 98.18k R: 13.76k PreP: 17.73 RmnP: 29.82 IfCnt: 761144 FwIfCnt: 205732
I1213 07:32:47.985674 35147 traceroute.cc:147] R: 28 S: 102.15k R: 13.74k PreP: 17.73 RmnP: 29.43 IfCnt: 761554 FwIfCnt: 205732
I1213 07:32:52.985965 35147 traceroute.cc:147] R: 29 S: 99.54k R: 12.48k PreP: 17.73 RmnP: 29.03 IfCnt: 761879 FwIfCnt: 205732
I1213 07:32:57.986181 35147 traceroute.cc:147] R: 29 S: 95.77k R:  6.52k PreP: 17.73 RmnP: 28.56 IfCnt: 762324 FwIfCnt: 205732
I1213 07:33:02.986421 35147 traceroute.cc:147] R: 29 S: 104.29k R:  6.57k PreP: 17.73 RmnP: 28.08 IfCnt: 762725 FwIfCnt: 205732
I1213 07:33:07.986596 35147 traceroute.cc:147] R: 29 S: 101.19k R:  5.55k PreP: 17.73 RmnP: 27.64 IfCnt: 763045 FwIfCnt: 205732
I1213 07:33:12.986783 35147 traceroute.cc:147] R: 29 S: 99.37k R:  5.92k PreP: 17.73 RmnP: 27.19 IfCnt: 763296 FwIfCnt: 205732
I1213 07:33:17.986979 35147 traceroute.cc:147] R: 29 S: 100.00k R:  6.61k PreP: 17.73 RmnP: 26.71 IfCnt: 763616 FwIfCnt: 205732
I1213 07:33:22.987269 35147 traceroute.cc:147] R: 29 S: 99.81k R:  6.52k PreP: 17.73 RmnP: 26.22 IfCnt: 763909 FwIfCnt: 205732
I1213 07:33:27.987480 35147 traceroute.cc:147] R: 29 S: 105.28k R:  6.33k PreP: 17.73 RmnP: 25.74 IfCnt: 764170 FwIfCnt: 205732
I1213 07:33:32.987668 35147 traceroute.cc:147] R: 29 S: 95.03k R:  5.63k PreP: 17.73 RmnP: 25.31 IfCnt: 764397 FwIfCnt: 205733
I1213 07:33:37.987881 35147 traceroute.cc:147] R: 30 S: 98.08k R:  5.46k PreP: 17.73 RmnP: 25.07 IfCnt: 764572 FwIfCnt: 205733
I1213 07:33:42.988063 35147 traceroute.cc:147] R: 30 S: 99.80k R:  5.64k PreP: 17.73 RmnP: 24.87 IfCnt: 764663 FwIfCnt: 205733
I1213 07:33:47.988268 35147 traceroute.cc:147] R: 30 S: 99.90k R:  4.69k PreP: 17.73 RmnP: 24.70 IfCnt: 764729 FwIfCnt: 205733
I1213 07:33:52.988510 35147 traceroute.cc:147] R: 30 S: 99.79k R:  4.59k PreP: 17.73 RmnP: 24.52 IfCnt: 764800 FwIfCnt: 205733
I1213 07:33:57.988720 35147 traceroute.cc:147] R: 30 S: 101.97k R:  5.32k PreP: 17.73 RmnP: 24.31 IfCnt: 764877 FwIfCnt: 205733
I1213 07:34:02.988911 35147 traceroute.cc:147] R: 30 S: 99.73k R:  5.37k PreP: 17.73 RmnP: 24.11 IfCnt: 764944 FwIfCnt: 205733
I1213 07:34:07.989118 35147 traceroute.cc:147] R: 30 S: 100.55k R:  5.15k PreP: 17.73 RmnP: 23.92 IfCnt: 765009 FwIfCnt: 205733
I1213 07:34:12.989333 35147 traceroute.cc:147] R: 30 S: 99.28k R:  4.88k PreP: 17.73 RmnP: 23.74 IfCnt: 765073 FwIfCnt: 205733
I1213 07:34:17.989542 35147 traceroute.cc:147] R: 31 S: 99.56k R:  4.45k PreP: 17.73 RmnP: 23.57 IfCnt: 765096 FwIfCnt: 205733
I1213 07:34:22.989733 35147 traceroute.cc:147] R: 31 S: 99.53k R:  3.39k PreP: 17.73 RmnP: 23.40 IfCnt: 765107 FwIfCnt: 205733
I1213 07:34:27.989962 35147 traceroute.cc:147] R: 31 S: 100.33k R:  3.15k PreP: 17.73 RmnP: 23.26 IfCnt: 765115 FwIfCnt: 205733
I1213 07:34:32.990175 35147 traceroute.cc:147] R: 31 S: 102.62k R:  3.20k PreP: 17.73 RmnP: 23.10 IfCnt: 765120 FwIfCnt: 205733
I1213 07:34:37.990383 35147 traceroute.cc:147] R: 31 S: 97.88k R:  3.77k PreP: 17.73 RmnP: 22.94 IfCnt: 765124 FwIfCnt: 205733
I1213 07:34:42.990602 35147 traceroute.cc:147] R: 31 S: 99.85k R:  3.59k PreP: 17.73 RmnP: 22.78 IfCnt: 765128 FwIfCnt: 205733
I1213 07:34:47.990828 35147 traceroute.cc:147] R: 31 S: 101.52k R:  3.44k PreP: 17.73 RmnP: 22.62 IfCnt: 765136 FwIfCnt: 205733
I1213 07:34:52.991031 35147 traceroute.cc:147] R: 32 S: 99.24k R:  2.82k PreP: 17.73 RmnP: 22.47 IfCnt: 765142 FwIfCnt: 205733
I1213 07:34:57.991221 35147 traceroute.cc:147] R: 32 S: 98.26k R:  0.72k PreP: 17.73 RmnP: 22.36 IfCnt: 765146 FwIfCnt: 205733
I1213 07:35:02.991523 35147 traceroute.cc:147] R: 32 S: 101.45k R:  0.95k PreP: 17.73 RmnP: 22.27 IfCnt: 765148 FwIfCnt: 205733
I1213 07:35:07.991775 35147 traceroute.cc:147] R: 32 S: 99.84k R:  0.86k PreP: 17.73 RmnP: 22.17 IfCnt: 765149 FwIfCnt: 205733
I1213 07:35:12.991950 35147 traceroute.cc:147] R: 32 S: 100.44k R:  0.79k PreP: 17.73 RmnP: 22.05 IfCnt: 765150 FwIfCnt: 205733
I1213 07:35:17.992177 35147 traceroute.cc:147] R: 32 S: 104.71k R:  0.73k PreP: 17.73 RmnP: 21.94 IfCnt: 765153 FwIfCnt: 205733
I1213 07:35:22.992400 35147 traceroute.cc:147] R: 32 S: 95.89k R:  0.68k PreP: 17.73 RmnP: 21.84 IfCnt: 765154 FwIfCnt: 205733
I1213 07:35:27.992604 35147 traceroute.cc:147] R: 33 S: 102.80k R:  0.70k PreP: 17.73 RmnP: 19.72 IfCnt: 765155 FwIfCnt: 205733
I1213 07:35:29.355891 35146 traceroute.cc:535] Scan finished.
I1213 07:35:29.356376 35146 traceroute.cc:542] Main probing finished (Took 3277 seconds).
I1213 07:35:30.356575 35146 traceroute.cc:631] Average Sending Rate:         99.84 Kpps
I1213 07:35:30.356647 35146 traceroute.cc:633] Average Receving Rate:        5.24 Kpps
I1213 07:35:30.356657 35146 traceroute.cc:635] Sent packets:                 342091698
I1213 07:35:30.356667 35146 traceroute.cc:637] Received packets:             17970813
I1213 07:35:30.356674 35146 traceroute.cc:639] Dropped responses:            169141
I1213 07:35:30.356683 35146 traceroute.cc:641] Checksum Mistatches:          17120
I1213 07:35:30.356690 35146 traceroute.cc:643] Distance Abnormalities:       152021
I1213 07:35:30.356698 35146 traceroute.cc:645] Sent probes:                  327629751
I1213 07:35:30.356706 35146 traceroute.cc:646] Sent preprobes:               14461947
I1213 07:35:30.356714 35146 traceroute.cc:648] Interfaces Forward-probing:   205733
I1213 07:35:30.356722 35146 traceroute.cc:650] Interfaces Backward-probing:  765155
I1213 07:35:30.608371 35146 traceroute.cc:655] Discovered Interfaces:        820475
I1213 07:35:30.608443 35146 main.cc:336] The program ends.
