I1213 06:10:31.957996 34727 traceroute.cc:90] Internal recording disabled.
I1213 06:10:31.958042 34727 traceroute.cc:267] The target network is from 0.0.0.0 to 255.255.255.255.
I1213 06:10:36.662899 34727 blacklist.cc:24] Blacklist disabled.
I1213 06:10:36.723004 34727 blacklist.cc:53] 2315269 reserved addresses have been removed.
I1213 06:10:36.723049 34727 hitlist.cc:23] Load hitlist from file: list_0_8.txt
I1213 06:10:40.662760 34727 hitlist.cc:34] 15510524 load addresses from hitlist.
I1213 06:10:44.812666 34728 traceroute.cc:161] Temporary no metrics.
I1213 06:10:44.813231 34727 traceroute.cc:394] Start preprobing.
I1213 06:10:54.812880 34728 traceroute.cc:147] R: 0 S: 100.00k R:  5.25k PreP:   inf RmnP: 86.20 IfCnt: 0 FwIfCnt: 0
I1213 06:10:59.813086 34728 traceroute.cc:147] R: 0 S: 100.01k R:  5.02k PreP:   inf RmnP: 86.20 IfCnt: 0 FwIfCnt: 0
I1213 06:11:04.813266 34728 traceroute.cc:147] R: 0 S: 100.00k R:  4.95k PreP:   inf RmnP: 86.20 IfCnt: 0 FwIfCnt: 0
I1213 06:11:09.813452 34728 traceroute.cc:147] R: 0 S: 100.01k R:  4.80k PreP:   inf RmnP: 86.20 IfCnt: 0 FwIfCnt: 0
I1213 06:11:14.813653 34728 traceroute.cc:147] R: 0 S: 100.02k R:  4.76k PreP:   inf RmnP: 86.20 IfCnt: 0 FwIfCnt: 0
I1213 06:11:19.813910 34728 traceroute.cc:147] R: 0 S: 99.99k R:  4.99k PreP:   inf RmnP: 86.20 IfCnt: 0 FwIfCnt: 0
I1213 06:11:24.814148 34728 traceroute.cc:147] R: 0 S: 100.00k R:  5.03k PreP:   inf RmnP: 86.20 IfCnt: 0 FwIfCnt: 0
I1213 06:11:29.814347 34728 traceroute.cc:147] R: 0 S: 100.05k R:  4.91k PreP:   inf RmnP: 86.20 IfCnt: 0 FwIfCnt: 0
I1213 06:11:34.814548 34728 traceroute.cc:147] R: 0 S: 100.01k R:  5.05k PreP:   inf RmnP: 86.20 IfCnt: 0 FwIfCnt: 0
I1213 06:11:39.814751 34728 traceroute.cc:147] R: 0 S: 99.97k R:  5.02k PreP:   inf RmnP: 86.20 IfCnt: 0 FwIfCnt: 0
I1213 06:11:44.814976 34728 traceroute.cc:147] R: 0 S: 100.01k R:  5.08k PreP:   inf RmnP: 86.20 IfCnt: 0 FwIfCnt: 0
I1213 06:11:49.815182 34728 traceroute.cc:147] R: 0 S: 100.01k R:  5.27k PreP:   inf RmnP: 86.20 IfCnt: 0 FwIfCnt: 0
I1213 06:11:54.815398 34728 traceroute.cc:147] R: 0 S: 100.01k R:  5.40k PreP:   inf RmnP: 86.20 IfCnt: 0 FwIfCnt: 0
I1213 06:11:59.815598 34728 traceroute.cc:147] R: 0 S: 99.99k R:  5.20k PreP:   inf RmnP: 86.20 IfCnt: 0 FwIfCnt: 0
I1213 06:12:04.815814 34728 traceroute.cc:147] R: 0 S: 100.00k R:  5.25k PreP:   inf RmnP: 86.20 IfCnt: 0 FwIfCnt: 0
I1213 06:12:09.816001 34728 traceroute.cc:147] R: 0 S: 100.03k R:  5.25k PreP:   inf RmnP: 86.20 IfCnt: 0 FwIfCnt: 0
I1213 06:12:14.816205 34728 traceroute.cc:147] R: 0 S: 100.01k R:  5.28k PreP:   inf RmnP: 86.20 IfCnt: 0 FwIfCnt: 0
I1213 06:12:19.816391 34728 traceroute.cc:147] R: 0 S: 99.90k R:  5.14k PreP:   inf RmnP: 86.20 IfCnt: 0 FwIfCnt: 0
I1213 06:12:24.816608 34728 traceroute.cc:147] R: 0 S: 100.12k R:  5.02k PreP:   inf RmnP: 86.20 IfCnt: 0 FwIfCnt: 0
I1213 06:12:29.816807 34728 traceroute.cc:147] R: 0 S: 99.98k R:  4.98k PreP:   inf RmnP: 86.20 IfCnt: 0 FwIfCnt: 0
I1213 06:12:34.817025 34728 traceroute.cc:147] R: 0 S: 100.01k R:  5.05k PreP:   inf RmnP: 86.20 IfCnt: 0 FwIfCnt: 0
I1213 06:12:39.817225 34728 traceroute.cc:147] R: 0 S: 100.02k R:  4.98k PreP:   inf RmnP: 86.20 IfCnt: 0 FwIfCnt: 0
I1213 06:12:44.817422 34728 traceroute.cc:147] R: 0 S: 100.00k R:  4.97k PreP:   inf RmnP: 86.20 IfCnt: 0 FwIfCnt: 0
I1213 06:12:49.817606 34728 traceroute.cc:147] R: 0 S: 100.04k R:  5.28k PreP:   inf RmnP: 86.20 IfCnt: 0 FwIfCnt: 0
I1213 06:12:54.817806 34728 traceroute.cc:147] R: 0 S: 100.00k R:  5.41k PreP:   inf RmnP: 86.20 IfCnt: 0 FwIfCnt: 0
I1213 06:12:59.818022 34728 traceroute.cc:147] R: 0 S: 99.97k R:  5.40k PreP:   inf RmnP: 86.20 IfCnt: 0 FwIfCnt: 0
I1213 06:13:04.818222 34728 traceroute.cc:147] R: 0 S: 99.99k R:  5.26k PreP:   inf RmnP: 86.20 IfCnt: 0 FwIfCnt: 0
I1213 06:13:09.818442 34728 traceroute.cc:147] R: 0 S: 92.25k R:  4.84k PreP:   inf RmnP: 86.20 IfCnt: 0 FwIfCnt: 0
I1213 06:13:11.155364 34727 traceroute.cc:411] Preprobing finished (Took 146 seconds).
I1213 06:13:13.221004 34727 traceroute.cc:422] Preprobed: 2568054.
I1213 06:13:13.614486 34727 traceroute.cc:470] Start main probing.
I1213 06:13:14.818620 34728 traceroute.cc:147] R: 1 S: 3689348814739026.00k R: 3689348814741763.00k PreP: 17.76 RmnP: 86.20 IfCnt: 805 FwIfCnt: 0
I1213 06:13:19.818794 34728 traceroute.cc:147] R: 1 S: 99.95k R:  8.48k PreP: 17.76 RmnP: 86.20 IfCnt: 18828 FwIfCnt: 4
I1213 06:13:24.818994 34728 traceroute.cc:147] R: 1 S: 100.77k R:  8.89k PreP: 17.76 RmnP: 86.20 IfCnt: 33327 FwIfCnt: 6
I1213 06:13:29.819172 34728 traceroute.cc:147] R: 1 S: 98.62k R:  8.30k PreP: 17.76 RmnP: 86.20 IfCnt: 44724 FwIfCnt: 6
I1213 06:13:34.819347 34728 traceroute.cc:147] R: 1 S: 102.46k R:  8.38k PreP: 17.76 RmnP: 86.20 IfCnt: 55478 FwIfCnt: 7
I1213 06:13:39.819526 34728 traceroute.cc:147] R: 1 S: 96.82k R:  8.25k PreP: 17.76 RmnP: 86.20 IfCnt: 65032 FwIfCnt: 10
I1213 06:13:44.819692 34728 traceroute.cc:147] R: 1 S: 102.25k R:  8.22k PreP: 17.76 RmnP: 86.20 IfCnt: 74061 FwIfCnt: 10
I1213 06:13:49.819878 34728 traceroute.cc:147] R: 1 S: 99.53k R:  8.36k PreP: 17.76 RmnP: 86.20 IfCnt: 82535 FwIfCnt: 10
I1213 06:13:54.820057 34728 traceroute.cc:147] R: 1 S: 97.87k R:  8.53k PreP: 17.76 RmnP: 86.20 IfCnt: 90923 FwIfCnt: 10
I1213 06:13:59.820255 34728 traceroute.cc:147] R: 1 S: 99.87k R:  8.32k PreP: 17.76 RmnP: 86.20 IfCnt: 98495 FwIfCnt: 11
I1213 06:14:04.820461 34728 traceroute.cc:147] R: 1 S: 100.05k R:  8.52k PreP: 17.76 RmnP: 86.20 IfCnt: 106097 FwIfCnt: 12
I1213 06:14:09.820660 34728 traceroute.cc:147] R: 1 S: 100.40k R:  8.44k PreP: 17.76 RmnP: 86.20 IfCnt: 113545 FwIfCnt: 13
I1213 06:14:14.820940 34728 traceroute.cc:147] R: 1 S: 100.01k R:  8.50k PreP: 17.76 RmnP: 86.20 IfCnt: 120424 FwIfCnt: 13
I1213 06:14:19.821107 34728 traceroute.cc:147] R: 1 S: 101.72k R:  8.72k PreP: 17.76 RmnP: 86.20 IfCnt: 127391 FwIfCnt: 13
I1213 06:14:24.821301 34728 traceroute.cc:147] R: 1 S: 98.86k R:  8.78k PreP: 17.76 RmnP: 86.20 IfCnt: 134099 FwIfCnt: 14
I1213 06:14:29.821504 34728 traceroute.cc:147] R: 1 S: 100.23k R:  8.65k PreP: 17.76 RmnP: 86.20 IfCnt: 140385 FwIfCnt: 14
I1213 06:14:34.821717 34728 traceroute.cc:147] R: 1 S: 101.71k R:  8.65k PreP: 17.76 RmnP: 86.20 IfCnt: 146806 FwIfCnt: 14
I1213 06:14:39.821928 34728 traceroute.cc:147] R: 1 S: 97.70k R:  8.98k PreP: 17.76 RmnP: 86.20 IfCnt: 153157 FwIfCnt: 15
I1213 06:14:44.822119 34728 traceroute.cc:147] R: 1 S: 101.27k R:  9.32k PreP: 17.76 RmnP: 86.20 IfCnt: 159541 FwIfCnt: 16
I1213 06:14:49.822356 34728 traceroute.cc:147] R: 1 S: 98.46k R:  8.68k PreP: 17.76 RmnP: 86.20 IfCnt: 165228 FwIfCnt: 17
I1213 06:14:54.822530 34728 traceroute.cc:147] R: 1 S: 99.79k R:  8.53k PreP: 17.76 RmnP: 86.20 IfCnt: 170688 FwIfCnt: 17
I1213 06:14:59.822716 34728 traceroute.cc:147] R: 1 S: 99.71k R:  8.43k PreP: 17.76 RmnP: 86.20 IfCnt: 175856 FwIfCnt: 19
I1213 06:15:04.822896 34728 traceroute.cc:147] R: 1 S: 102.40k R:  8.56k PreP: 17.76 RmnP: 86.20 IfCnt: 181000 FwIfCnt: 20
I1213 06:15:09.823096 34728 traceroute.cc:147] R: 1 S: 99.19k R:  8.36k PreP: 17.76 RmnP: 86.20 IfCnt: 185970 FwIfCnt: 23
I1213 06:15:14.823284 34728 traceroute.cc:147] R: 1 S: 99.67k R:  8.32k PreP: 17.76 RmnP: 86.20 IfCnt: 190769 FwIfCnt: 26
I1213 06:15:19.823485 34728 traceroute.cc:147] R: 1 S: 99.41k R:  8.81k PreP: 17.76 RmnP: 86.20 IfCnt: 195711 FwIfCnt: 27
I1213 06:15:24.823675 34728 traceroute.cc:147] R: 1 S: 100.95k R:  9.05k PreP: 17.76 RmnP: 86.20 IfCnt: 200740 FwIfCnt: 28
I1213 06:15:29.823855 34728 traceroute.cc:147] R: 1 S: 101.12k R:  8.87k PreP: 17.76 RmnP: 86.20 IfCnt: 205428 FwIfCnt: 30
I1213 06:15:34.824057 34728 traceroute.cc:147] R: 1 S: 98.99k R:  8.63k PreP: 17.76 RmnP: 86.20 IfCnt: 210128 FwIfCnt: 31
I1213 06:15:39.824230 34728 traceroute.cc:147] R: 2 S: 99.54k R:  9.16k PreP: 17.76 RmnP: 86.20 IfCnt: 216026 FwIfCnt: 1163
I1213 06:15:44.824438 34728 traceroute.cc:147] R: 2 S: 101.56k R: 12.85k PreP: 17.76 RmnP: 86.20 IfCnt: 228778 FwIfCnt: 9928
I1213 06:15:49.824635 34728 traceroute.cc:147] R: 2 S: 97.70k R: 12.42k PreP: 17.76 RmnP: 86.20 IfCnt: 239905 FwIfCnt: 16999
I1213 06:15:54.824796 34728 traceroute.cc:147] R: 2 S: 100.47k R: 11.69k PreP: 17.76 RmnP: 86.20 IfCnt: 249217 FwIfCnt: 22955
I1213 06:15:59.825023 34728 traceroute.cc:147] R: 2 S: 99.48k R: 11.42k PreP: 17.76 RmnP: 86.19 IfCnt: 257812 FwIfCnt: 28362
I1213 06:16:04.825243 34728 traceroute.cc:147] R: 2 S: 100.97k R: 11.16k PreP: 17.76 RmnP: 86.19 IfCnt: 265472 FwIfCnt: 33556
I1213 06:16:09.825577 34728 traceroute.cc:147] R: 2 S: 99.81k R: 10.89k PreP: 17.76 RmnP: 86.19 IfCnt: 272775 FwIfCnt: 38349
I1213 06:16:14.825791 34728 traceroute.cc:147] R: 2 S: 100.52k R: 11.13k PreP: 17.76 RmnP: 86.19 IfCnt: 279917 FwIfCnt: 42986
I1213 06:16:19.825976 34728 traceroute.cc:147] R: 2 S: 99.28k R: 11.18k PreP: 17.76 RmnP: 86.19 IfCnt: 286754 FwIfCnt: 47643
I1213 06:16:24.826174 34728 traceroute.cc:147] R: 2 S: 98.31k R: 10.80k PreP: 17.76 RmnP: 86.19 IfCnt: 293094 FwIfCnt: 51668
I1213 06:16:29.826331 34728 traceroute.cc:147] R: 2 S: 103.28k R: 11.18k PreP: 17.76 RmnP: 86.18 IfCnt: 299620 FwIfCnt: 55913
I1213 06:16:34.826601 34728 traceroute.cc:147] R: 2 S: 98.72k R: 10.92k PreP: 17.76 RmnP: 86.18 IfCnt: 305933 FwIfCnt: 59934
I1213 06:16:39.826779 34728 traceroute.cc:147] R: 2 S: 101.26k R: 10.98k PreP: 17.76 RmnP: 86.18 IfCnt: 311856 FwIfCnt: 63687
I1213 06:16:44.826984 34728 traceroute.cc:147] R: 2 S: 98.03k R: 11.15k PreP: 17.76 RmnP: 86.18 IfCnt: 317872 FwIfCnt: 67528
I1213 06:16:49.827155 34728 traceroute.cc:147] R: 2 S: 99.94k R: 11.24k PreP: 17.76 RmnP: 86.18 IfCnt: 323733 FwIfCnt: 71217
I1213 06:16:54.827333 34728 traceroute.cc:147] R: 2 S: 100.41k R: 11.21k PreP: 17.76 RmnP: 86.18 IfCnt: 329442 FwIfCnt: 74787
I1213 06:16:59.827555 34728 traceroute.cc:147] R: 2 S: 99.87k R: 11.01k PreP: 17.76 RmnP: 86.18 IfCnt: 334948 FwIfCnt: 78470
I1213 06:17:04.827741 34728 traceroute.cc:147] R: 2 S: 101.05k R: 11.41k PreP: 17.76 RmnP: 86.17 IfCnt: 340558 FwIfCnt: 82145
I1213 06:17:09.827931 34728 traceroute.cc:147] R: 2 S: 99.85k R: 11.64k PreP: 17.76 RmnP: 86.17 IfCnt: 345981 FwIfCnt: 85816
I1213 06:17:14.828109 34728 traceroute.cc:147] R: 2 S: 100.42k R: 11.29k PreP: 17.76 RmnP: 86.17 IfCnt: 351074 FwIfCnt: 89262
I1213 06:17:19.828301 34728 traceroute.cc:147] R: 2 S: 99.53k R: 10.69k PreP: 17.76 RmnP: 86.17 IfCnt: 355946 FwIfCnt: 92493
I1213 06:17:24.828498 34728 traceroute.cc:147] R: 2 S: 99.76k R: 10.72k PreP: 17.76 RmnP: 86.17 IfCnt: 360526 FwIfCnt: 95554
I1213 06:17:29.828682 34728 traceroute.cc:147] R: 2 S: 100.86k R: 10.83k PreP: 17.76 RmnP: 86.17 IfCnt: 365190 FwIfCnt: 98619
I1213 06:17:34.828896 34728 traceroute.cc:147] R: 2 S: 99.58k R: 10.65k PreP: 17.76 RmnP: 86.17 IfCnt: 369931 FwIfCnt: 101545
I1213 06:17:39.829110 34728 traceroute.cc:147] R: 2 S: 100.10k R: 10.46k PreP: 17.76 RmnP: 86.17 IfCnt: 374245 FwIfCnt: 104401
I1213 06:17:44.829344 34728 traceroute.cc:147] R: 2 S: 98.94k R: 10.85k PreP: 17.76 RmnP: 86.16 IfCnt: 378534 FwIfCnt: 107298
I1213 06:17:49.829547 34728 traceroute.cc:147] R: 2 S: 101.04k R: 11.27k PreP: 17.76 RmnP: 86.16 IfCnt: 382997 FwIfCnt: 110134
I1213 06:17:54.829738 34728 traceroute.cc:147] R: 2 S: 100.01k R: 11.14k PreP: 17.76 RmnP: 86.16 IfCnt: 387400 FwIfCnt: 113002
I1213 06:17:59.829959 34728 traceroute.cc:147] R: 2 S: 99.75k R: 10.88k PreP: 17.76 RmnP: 86.16 IfCnt: 391722 FwIfCnt: 115819
I1213 06:18:04.830147 34728 traceroute.cc:147] R: 2 S: 98.26k R: 10.72k PreP: 17.76 RmnP: 86.16 IfCnt: 396043 FwIfCnt: 118705
I1213 06:18:09.830353 34728 traceroute.cc:147] R: 3 S: 102.29k R: 11.70k PreP: 17.76 RmnP: 86.14 IfCnt: 402179 FwIfCnt: 122545
I1213 06:18:14.830541 34728 traceroute.cc:147] R: 3 S: 98.60k R: 11.40k PreP: 17.76 RmnP: 86.12 IfCnt: 407530 FwIfCnt: 125881
I1213 06:18:19.830736 34728 traceroute.cc:147] R: 3 S: 99.72k R: 11.13k PreP: 17.76 RmnP: 86.09 IfCnt: 412241 FwIfCnt: 128922
I1213 06:18:24.830931 34728 traceroute.cc:147] R: 3 S: 99.92k R: 10.53k PreP: 17.76 RmnP: 86.07 IfCnt: 416348 FwIfCnt: 131772
I1213 06:18:29.831238 34728 traceroute.cc:147] R: 3 S: 101.21k R: 10.35k PreP: 17.76 RmnP: 86.05 IfCnt: 420363 FwIfCnt: 134468
I1213 06:18:34.831440 34728 traceroute.cc:147] R: 3 S: 99.89k R: 10.24k PreP: 17.76 RmnP: 86.02 IfCnt: 423958 FwIfCnt: 137112
I1213 06:18:39.831622 34728 traceroute.cc:147] R: 3 S: 100.79k R: 10.35k PreP: 17.76 RmnP: 86.00 IfCnt: 427452 FwIfCnt: 139742
I1213 06:18:44.831804 34728 traceroute.cc:147] R: 3 S: 99.19k R: 10.50k PreP: 17.76 RmnP: 85.98 IfCnt: 431239 FwIfCnt: 142440
I1213 06:18:49.831959 34728 traceroute.cc:147] R: 3 S: 100.39k R: 10.39k PreP: 17.76 RmnP: 85.95 IfCnt: 434565 FwIfCnt: 144944
I1213 06:18:54.832134 34728 traceroute.cc:147] R: 3 S: 99.63k R: 10.29k PreP: 17.76 RmnP: 85.93 IfCnt: 437846 FwIfCnt: 147313
I1213 06:18:59.832332 34728 traceroute.cc:147] R: 3 S: 99.52k R: 10.46k PreP: 17.76 RmnP: 85.90 IfCnt: 440924 FwIfCnt: 149834
I1213 06:19:04.832521 34728 traceroute.cc:147] R: 3 S: 101.54k R: 10.30k PreP: 17.76 RmnP: 85.87 IfCnt: 443803 FwIfCnt: 152241
I1213 06:19:09.832715 34728 traceroute.cc:147] R: 3 S: 97.66k R: 10.20k PreP: 17.76 RmnP: 85.85 IfCnt: 446791 FwIfCnt: 154626
I1213 06:19:14.832908 34728 traceroute.cc:147] R: 3 S: 102.21k R: 10.53k PreP: 17.76 RmnP: 85.82 IfCnt: 449730 FwIfCnt: 156964
I1213 06:19:19.833109 34728 traceroute.cc:147] R: 3 S: 98.75k R: 10.40k PreP: 17.76 RmnP: 85.79 IfCnt: 452608 FwIfCnt: 159202
I1213 06:19:24.833287 34728 traceroute.cc:147] R: 3 S: 99.59k R: 10.26k PreP: 17.76 RmnP: 85.76 IfCnt: 455328 FwIfCnt: 161537
I1213 06:19:29.833554 34728 traceroute.cc:147] R: 3 S: 101.68k R: 10.66k PreP: 17.76 RmnP: 85.73 IfCnt: 458135 FwIfCnt: 163780
I1213 06:19:34.833758 34728 traceroute.cc:147] R: 3 S: 99.03k R: 11.02k PreP: 17.76 RmnP: 85.71 IfCnt: 460978 FwIfCnt: 166051
I1213 06:19:39.833950 34728 traceroute.cc:147] R: 3 S: 99.11k R: 10.62k PreP: 17.76 RmnP: 85.68 IfCnt: 463554 FwIfCnt: 168224
I1213 06:19:44.834159 34728 traceroute.cc:147] R: 3 S: 101.30k R: 10.28k PreP: 17.76 RmnP: 85.65 IfCnt: 465943 FwIfCnt: 170289
I1213 06:19:49.834345 34728 traceroute.cc:147] R: 3 S: 102.38k R: 10.20k PreP: 17.76 RmnP: 85.62 IfCnt: 468505 FwIfCnt: 172296
I1213 06:19:54.834537 34728 traceroute.cc:147] R: 3 S: 97.40k R: 10.09k PreP: 17.76 RmnP: 85.60 IfCnt: 470779 FwIfCnt: 174218
I1213 06:19:59.834720 34728 traceroute.cc:147] R: 3 S: 102.45k R: 10.25k PreP: 17.76 RmnP: 85.57 IfCnt: 473133 FwIfCnt: 176201
I1213 06:20:04.834949 34728 traceroute.cc:147] R: 3 S: 97.42k R:  9.72k PreP: 17.76 RmnP: 85.54 IfCnt: 475333 FwIfCnt: 178081
I1213 06:20:09.835136 34728 traceroute.cc:147] R: 3 S: 99.44k R: 10.00k PreP: 17.76 RmnP: 85.51 IfCnt: 477496 FwIfCnt: 179990
I1213 06:20:14.835319 34728 traceroute.cc:147] R: 3 S: 101.75k R: 10.60k PreP: 17.76 RmnP: 85.48 IfCnt: 479837 FwIfCnt: 181944
I1213 06:20:19.835500 34728 traceroute.cc:147] R: 3 S: 97.26k R: 10.32k PreP: 17.76 RmnP: 85.45 IfCnt: 482078 FwIfCnt: 183878
I1213 06:20:24.835705 34728 traceroute.cc:147] R: 3 S: 101.09k R: 10.11k PreP: 17.76 RmnP: 85.42 IfCnt: 484412 FwIfCnt: 185790
I1213 06:20:29.835888 34728 traceroute.cc:147] R: 3 S: 99.44k R: 10.02k PreP: 17.76 RmnP: 85.39 IfCnt: 486667 FwIfCnt: 187812
I1213 06:20:34.836076 34728 traceroute.cc:147] R: 4 S: 100.85k R: 10.27k PreP: 17.76 RmnP: 85.36 IfCnt: 490192 FwIfCnt: 189478
I1213 06:20:39.836246 34728 traceroute.cc:147] R: 4 S: 101.45k R:  9.93k PreP: 17.76 RmnP: 85.33 IfCnt: 493636 FwIfCnt: 190861
I1213 06:20:44.836454 34728 traceroute.cc:147] R: 4 S: 97.89k R:  9.66k PreP: 17.76 RmnP: 85.30 IfCnt: 496299 FwIfCnt: 192053
I1213 06:20:49.836681 34728 traceroute.cc:147] R: 4 S: 101.99k R:  9.41k PreP: 17.76 RmnP: 85.28 IfCnt: 498828 FwIfCnt: 193259
I1213 06:20:54.836881 34728 traceroute.cc:147] R: 4 S: 98.94k R:  9.14k PreP: 17.76 RmnP: 85.25 IfCnt: 501053 FwIfCnt: 194369
I1213 06:20:59.837062 34728 traceroute.cc:147] R: 4 S: 99.82k R:  9.10k PreP: 17.76 RmnP: 85.22 IfCnt: 503198 FwIfCnt: 195482
I1213 06:21:04.837262 34728 traceroute.cc:147] R: 4 S: 100.16k R:  9.22k PreP: 17.76 RmnP: 85.20 IfCnt: 505321 FwIfCnt: 196560
I1213 06:21:09.837458 34728 traceroute.cc:147] R: 4 S: 99.66k R:  9.43k PreP: 17.76 RmnP: 85.17 IfCnt: 507406 FwIfCnt: 197610
I1213 06:21:14.837657 34728 traceroute.cc:147] R: 4 S: 100.71k R:  9.05k PreP: 17.76 RmnP: 85.14 IfCnt: 509429 FwIfCnt: 198649
I1213 06:21:19.837805 34728 traceroute.cc:147] R: 4 S: 99.92k R:  9.25k PreP: 17.76 RmnP: 85.12 IfCnt: 511374 FwIfCnt: 199728
I1213 06:21:24.837986 34728 traceroute.cc:147] R: 4 S: 100.50k R:  9.20k PreP: 17.76 RmnP: 85.09 IfCnt: 513254 FwIfCnt: 200764
I1213 06:21:29.838179 34728 traceroute.cc:147] R: 4 S: 100.13k R:  9.09k PreP: 17.76 RmnP: 85.06 IfCnt: 515147 FwIfCnt: 201747
I1213 06:21:34.838359 34728 traceroute.cc:147] R: 4 S: 99.05k R:  9.43k PreP: 17.76 RmnP: 85.04 IfCnt: 517170 FwIfCnt: 202820
I1213 06:21:39.838557 34728 traceroute.cc:147] R: 4 S: 100.23k R:  9.46k PreP: 17.76 RmnP: 85.01 IfCnt: 519049 FwIfCnt: 203800
I1213 06:21:44.838748 34728 traceroute.cc:147] R: 4 S: 98.83k R:  9.21k PreP: 17.76 RmnP: 84.98 IfCnt: 520838 FwIfCnt: 204749
I1213 06:21:49.838953 34728 traceroute.cc:147] R: 4 S: 101.77k R:  9.53k PreP: 17.76 RmnP: 84.95 IfCnt: 522847 FwIfCnt: 205734
I1213 06:21:54.839136 34728 traceroute.cc:147] R: 4 S: 99.22k R:  9.86k PreP: 17.76 RmnP: 84.92 IfCnt: 524637 FwIfCnt: 206786
I1213 06:21:59.839337 34728 traceroute.cc:147] R: 4 S: 100.48k R: 10.10k PreP: 17.76 RmnP: 84.89 IfCnt: 526458 FwIfCnt: 207785
I1213 06:22:04.839524 34728 traceroute.cc:147] R: 4 S: 99.61k R:  9.43k PreP: 17.76 RmnP: 84.87 IfCnt: 528170 FwIfCnt: 208768
I1213 06:22:09.839728 34728 traceroute.cc:147] R: 4 S: 103.20k R:  9.18k PreP: 17.76 RmnP: 84.84 IfCnt: 529849 FwIfCnt: 209708
I1213 06:22:14.839928 34728 traceroute.cc:147] R: 4 S: 96.25k R:  9.03k PreP: 17.76 RmnP: 84.81 IfCnt: 531449 FwIfCnt: 210563
I1213 06:22:19.840117 34728 traceroute.cc:147] R: 4 S: 101.29k R:  9.14k PreP: 17.76 RmnP: 84.79 IfCnt: 533016 FwIfCnt: 211417
I1213 06:22:24.840318 34728 traceroute.cc:147] R: 4 S: 100.11k R:  9.04k PreP: 17.76 RmnP: 84.76 IfCnt: 534628 FwIfCnt: 212225
I1213 06:22:29.840515 34728 traceroute.cc:147] R: 4 S: 100.34k R:  9.08k PreP: 17.76 RmnP: 84.74 IfCnt: 536125 FwIfCnt: 213094
I1213 06:22:34.840736 34728 traceroute.cc:147] R: 4 S: 98.03k R:  9.42k PreP: 17.76 RmnP: 84.71 IfCnt: 537725 FwIfCnt: 213968
I1213 06:22:39.840927 34728 traceroute.cc:147] R: 4 S: 101.32k R:  9.72k PreP: 17.76 RmnP: 84.68 IfCnt: 539296 FwIfCnt: 214921
I1213 06:22:44.841126 34728 traceroute.cc:147] R: 4 S: 98.62k R:  9.49k PreP: 17.76 RmnP: 84.65 IfCnt: 540907 FwIfCnt: 215878
I1213 06:22:49.841315 34728 traceroute.cc:147] R: 4 S: 100.93k R:  9.30k PreP: 17.76 RmnP: 84.63 IfCnt: 542412 FwIfCnt: 216774
I1213 06:22:54.841542 34728 traceroute.cc:147] R: 5 S: 99.14k R:  9.37k PreP: 17.76 RmnP: 84.60 IfCnt: 544302 FwIfCnt: 217722
I1213 06:22:59.841747 34728 traceroute.cc:147] R: 5 S: 101.09k R:  9.66k PreP: 17.76 RmnP: 84.57 IfCnt: 547352 FwIfCnt: 218640
I1213 06:23:04.841964 34728 traceroute.cc:147] R: 5 S: 100.04k R:  9.48k PreP: 17.76 RmnP: 84.54 IfCnt: 549869 FwIfCnt: 219454
I1213 06:23:09.842169 34728 traceroute.cc:147] R: 5 S: 100.06k R:  8.90k PreP: 17.76 RmnP: 84.52 IfCnt: 552076 FwIfCnt: 220239
I1213 06:23:14.842336 34728 traceroute.cc:147] R: 5 S: 99.17k R:  9.00k PreP: 17.76 RmnP: 84.50 IfCnt: 554181 FwIfCnt: 220982
I1213 06:23:19.842519 34728 traceroute.cc:147] R: 5 S: 102.13k R:  8.83k PreP: 17.76 RmnP: 84.47 IfCnt: 556300 FwIfCnt: 221721
I1213 06:23:24.842691 34728 traceroute.cc:147] R: 5 S: 98.45k R:  8.65k PreP: 17.76 RmnP: 84.44 IfCnt: 558174 FwIfCnt: 222429
I1213 06:23:29.842881 34728 traceroute.cc:147] R: 5 S: 100.65k R:  8.99k PreP: 17.76 RmnP: 84.42 IfCnt: 560021 FwIfCnt: 223117
I1213 06:23:34.843096 34728 traceroute.cc:147] R: 5 S: 98.35k R:  8.90k PreP: 17.76 RmnP: 84.40 IfCnt: 561691 FwIfCnt: 223782
I1213 06:23:39.843276 34728 traceroute.cc:147] R: 5 S: 100.00k R:  8.70k PreP: 17.76 RmnP: 84.37 IfCnt: 563311 FwIfCnt: 224444
I1213 06:23:44.843466 34728 traceroute.cc:147] R: 5 S: 100.08k R:  9.10k PreP: 17.76 RmnP: 84.35 IfCnt: 565089 FwIfCnt: 225130
I1213 06:23:49.843653 34728 traceroute.cc:147] R: 5 S: 100.64k R:  8.91k PreP: 17.76 RmnP: 84.32 IfCnt: 566685 FwIfCnt: 225826
I1213 06:23:54.843919 34728 traceroute.cc:147] R: 5 S: 100.38k R:  9.25k PreP: 17.76 RmnP: 84.29 IfCnt: 568431 FwIfCnt: 226496
I1213 06:23:59.844141 34728 traceroute.cc:147] R: 5 S: 99.40k R:  9.18k PreP: 17.76 RmnP: 84.27 IfCnt: 570116 FwIfCnt: 227109
I1213 06:24:04.844310 34728 traceroute.cc:147] R: 5 S: 99.51k R:  9.12k PreP: 17.76 RmnP: 84.24 IfCnt: 571712 FwIfCnt: 227770
I1213 06:24:09.844588 34728 traceroute.cc:147] R: 5 S: 101.27k R:  8.85k PreP: 17.76 RmnP: 84.22 IfCnt: 573242 FwIfCnt: 228393
I1213 06:24:14.844800 34728 traceroute.cc:147] R: 5 S: 99.90k R:  9.03k PreP: 17.76 RmnP: 84.19 IfCnt: 574816 FwIfCnt: 229025
I1213 06:24:19.844997 34728 traceroute.cc:147] R: 5 S: 99.28k R:  9.26k PreP: 17.76 RmnP: 84.16 IfCnt: 576345 FwIfCnt: 229653
I1213 06:24:24.845172 34728 traceroute.cc:147] R: 5 S: 100.20k R:  9.27k PreP: 17.76 RmnP: 84.14 IfCnt: 577882 FwIfCnt: 230322
I1213 06:24:29.845361 34728 traceroute.cc:147] R: 5 S: 100.26k R:  8.82k PreP: 17.76 RmnP: 84.11 IfCnt: 579245 FwIfCnt: 230936
I1213 06:24:34.845536 34728 traceroute.cc:147] R: 5 S: 99.57k R:  8.90k PreP: 17.76 RmnP: 84.09 IfCnt: 580565 FwIfCnt: 231540
I1213 06:24:39.845719 34728 traceroute.cc:147] R: 5 S: 99.21k R:  8.85k PreP: 17.76 RmnP: 84.06 IfCnt: 581823 FwIfCnt: 232168
I1213 06:24:44.845983 34728 traceroute.cc:147] R: 5 S: 102.38k R:  9.09k PreP: 17.76 RmnP: 84.04 IfCnt: 583126 FwIfCnt: 232796
I1213 06:24:49.846171 34728 traceroute.cc:147] R: 5 S: 98.94k R:  8.73k PreP: 17.76 RmnP: 84.01 IfCnt: 584390 FwIfCnt: 233405
I1213 06:24:54.846364 34728 traceroute.cc:147] R: 5 S: 99.81k R:  9.00k PreP: 17.76 RmnP: 83.99 IfCnt: 585678 FwIfCnt: 234012
I1213 06:24:59.846557 34728 traceroute.cc:147] R: 5 S: 98.82k R:  9.27k PreP: 17.76 RmnP: 83.96 IfCnt: 586992 FwIfCnt: 234591
I1213 06:25:04.846741 34728 traceroute.cc:147] R: 5 S: 100.01k R:  9.21k PreP: 17.76 RmnP: 83.94 IfCnt: 588378 FwIfCnt: 235236
I1213 06:25:09.846927 34728 traceroute.cc:147] R: 5 S: 100.55k R:  9.10k PreP: 17.76 RmnP: 83.91 IfCnt: 589784 FwIfCnt: 235866
I1213 06:25:14.847193 34728 traceroute.cc:147] R: 6 S: 102.23k R:  9.13k PreP: 17.76 RmnP: 83.88 IfCnt: 591146 FwIfCnt: 236527
I1213 06:25:19.847369 34728 traceroute.cc:147] R: 6 S: 100.94k R:  9.14k PreP: 17.76 RmnP: 83.86 IfCnt: 593940 FwIfCnt: 237161
I1213 06:25:24.847580 34728 traceroute.cc:147] R: 6 S: 97.18k R:  8.91k PreP: 17.76 RmnP: 83.84 IfCnt: 596253 FwIfCnt: 237704
I1213 06:25:29.847784 34728 traceroute.cc:147] R: 6 S: 99.19k R:  8.69k PreP: 17.76 RmnP: 83.83 IfCnt: 598337 FwIfCnt: 238256
I1213 06:25:34.847971 34728 traceroute.cc:147] R: 6 S: 100.87k R:  8.45k PreP: 17.76 RmnP: 83.81 IfCnt: 600226 FwIfCnt: 238730
I1213 06:25:39.848148 34728 traceroute.cc:147] R: 6 S: 99.81k R:  8.24k PreP: 17.76 RmnP: 83.79 IfCnt: 601986 FwIfCnt: 239198
I1213 06:25:44.848351 34728 traceroute.cc:147] R: 6 S: 100.59k R:  8.20k PreP: 17.76 RmnP: 83.77 IfCnt: 603668 FwIfCnt: 239630
I1213 06:25:49.848556 34728 traceroute.cc:147] R: 6 S: 99.83k R:  8.37k PreP: 17.76 RmnP: 83.75 IfCnt: 605217 FwIfCnt: 240087
I1213 06:25:54.848759 34728 traceroute.cc:147] R: 6 S: 99.71k R:  8.47k PreP: 17.76 RmnP: 83.73 IfCnt: 606820 FwIfCnt: 240533
I1213 06:25:59.848979 34728 traceroute.cc:147] R: 6 S: 99.03k R:  8.26k PreP: 17.76 RmnP: 83.71 IfCnt: 608308 FwIfCnt: 240992
I1213 06:26:04.849148 34728 traceroute.cc:147] R: 6 S: 100.69k R:  8.31k PreP: 17.76 RmnP: 83.69 IfCnt: 609798 FwIfCnt: 241410
I1213 06:26:09.849380 34728 traceroute.cc:147] R: 6 S: 101.24k R:  8.29k PreP: 17.76 RmnP: 83.67 IfCnt: 611252 FwIfCnt: 241863
I1213 06:26:14.849570 34728 traceroute.cc:147] R: 6 S: 99.66k R:  8.54k PreP: 17.76 RmnP: 83.65 IfCnt: 612755 FwIfCnt: 242290
I1213 06:26:19.849809 34728 traceroute.cc:147] R: 6 S: 99.95k R:  8.81k PreP: 17.76 RmnP: 83.63 IfCnt: 614332 FwIfCnt: 242712
I1213 06:26:24.850036 34728 traceroute.cc:147] R: 6 S: 103.41k R:  9.07k PreP: 17.76 RmnP: 83.62 IfCnt: 615925 FwIfCnt: 243113
I1213 06:26:29.850224 34728 traceroute.cc:147] R: 6 S: 96.53k R:  8.40k PreP: 17.76 RmnP: 83.60 IfCnt: 617319 FwIfCnt: 243512
I1213 06:26:34.850404 34728 traceroute.cc:147] R: 6 S: 102.08k R:  8.60k PreP: 17.76 RmnP: 83.58 IfCnt: 618773 FwIfCnt: 243946
I1213 06:26:39.850591 34728 traceroute.cc:147] R: 6 S: 97.71k R:  8.81k PreP: 17.76 RmnP: 83.56 IfCnt: 620075 FwIfCnt: 244463
I1213 06:26:44.850780 34728 traceroute.cc:147] R: 6 S: 100.33k R:  8.92k PreP: 17.76 RmnP: 83.53 IfCnt: 621393 FwIfCnt: 244918
I1213 06:26:49.851018 34728 traceroute.cc:147] R: 6 S: 100.84k R:  8.61k PreP: 17.76 RmnP: 83.52 IfCnt: 622648 FwIfCnt: 245361
I1213 06:26:54.851227 34728 traceroute.cc:147] R: 6 S: 98.46k R:  8.47k PreP: 17.76 RmnP: 83.50 IfCnt: 623865 FwIfCnt: 245785
I1213 06:26:59.851506 34728 traceroute.cc:147] R: 6 S: 99.34k R:  8.47k PreP: 17.76 RmnP: 83.48 IfCnt: 625056 FwIfCnt: 246215
I1213 06:27:04.851725 34728 traceroute.cc:147] R: 6 S: 102.77k R:  8.66k PreP: 17.76 RmnP: 83.46 IfCnt: 626472 FwIfCnt: 246633
I1213 06:27:09.851904 34728 traceroute.cc:147] R: 6 S: 98.11k R:  8.37k PreP: 17.76 RmnP: 83.44 IfCnt: 627605 FwIfCnt: 247023
I1213 06:27:14.852095 34728 traceroute.cc:147] R: 6 S: 99.72k R:  8.36k PreP: 17.76 RmnP: 83.42 IfCnt: 628765 FwIfCnt: 247462
I1213 06:27:19.852283 34728 traceroute.cc:147] R: 6 S: 99.62k R:  8.81k PreP: 17.76 RmnP: 83.40 IfCnt: 629927 FwIfCnt: 247907
I1213 06:27:24.852499 34728 traceroute.cc:147] R: 6 S: 101.51k R:  8.94k PreP: 17.76 RmnP: 83.38 IfCnt: 631146 FwIfCnt: 248332
I1213 06:27:29.852705 34728 traceroute.cc:147] R: 6 S: 99.91k R:  8.64k PreP: 17.76 RmnP: 83.36 IfCnt: 632397 FwIfCnt: 248738
I1213 06:27:34.853224 34728 traceroute.cc:147] R: 6 S: 99.35k R:  8.60k PreP: 17.76 RmnP: 83.34 IfCnt: 633559 FwIfCnt: 249167
I1213 06:27:39.853407 34728 traceroute.cc:147] R: 7 S: 100.42k R: 10.91k PreP: 17.76 RmnP: 82.31 IfCnt: 636726 FwIfCnt: 249547
I1213 06:27:44.853592 34728 traceroute.cc:147] R: 7 S: 100.91k R: 11.91k PreP: 17.76 RmnP: 81.17 IfCnt: 639627 FwIfCnt: 249928
I1213 06:27:49.853802 34728 traceroute.cc:147] R: 7 S: 99.59k R: 10.90k PreP: 17.76 RmnP: 80.11 IfCnt: 642014 FwIfCnt: 250269
I1213 06:27:54.853982 34728 traceroute.cc:147] R: 7 S: 100.36k R: 10.69k PreP: 17.76 RmnP: 79.06 IfCnt: 644254 FwIfCnt: 250566
I1213 06:27:59.854166 34728 traceroute.cc:147] R: 7 S: 98.79k R: 10.67k PreP: 17.76 RmnP: 78.00 IfCnt: 646324 FwIfCnt: 250867
I1213 06:28:04.854384 34728 traceroute.cc:147] R: 7 S: 100.10k R: 11.17k PreP: 17.76 RmnP: 76.90 IfCnt: 648458 FwIfCnt: 251188
I1213 06:28:09.854602 34728 traceroute.cc:147] R: 7 S: 99.62k R: 10.58k PreP: 17.76 RmnP: 75.82 IfCnt: 650363 FwIfCnt: 251506
I1213 06:28:14.854812 34728 traceroute.cc:147] R: 7 S: 99.58k R: 11.15k PreP: 17.76 RmnP: 74.74 IfCnt: 652302 FwIfCnt: 251826
I1213 06:28:19.854995 34728 traceroute.cc:147] R: 7 S: 100.69k R: 11.09k PreP: 17.76 RmnP: 73.60 IfCnt: 654206 FwIfCnt: 252127
I1213 06:28:24.855178 34728 traceroute.cc:147] R: 7 S: 99.61k R: 11.54k PreP: 17.76 RmnP: 72.49 IfCnt: 656219 FwIfCnt: 252417
I1213 06:28:29.855396 34728 traceroute.cc:147] R: 7 S: 101.66k R: 11.35k PreP: 17.76 RmnP: 71.38 IfCnt: 658041 FwIfCnt: 252719
I1213 06:28:34.855590 34728 traceroute.cc:147] R: 7 S: 98.56k R: 11.41k PreP: 17.76 RmnP: 70.23 IfCnt: 659799 FwIfCnt: 253054
I1213 06:28:39.855792 34728 traceroute.cc:147] R: 7 S: 99.97k R: 11.64k PreP: 17.76 RmnP: 69.00 IfCnt: 661458 FwIfCnt: 253388
I1213 06:28:44.855980 34728 traceroute.cc:147] R: 7 S: 102.48k R: 11.36k PreP: 17.76 RmnP: 67.87 IfCnt: 663006 FwIfCnt: 253684
I1213 06:28:49.856169 34728 traceroute.cc:147] R: 7 S: 98.51k R: 11.12k PreP: 17.76 RmnP: 66.78 IfCnt: 664519 FwIfCnt: 253972
I1213 06:28:54.856369 34728 traceroute.cc:147] R: 7 S: 101.33k R: 11.37k PreP: 17.76 RmnP: 65.65 IfCnt: 666005 FwIfCnt: 254248
I1213 06:28:59.856556 34728 traceroute.cc:147] R: 7 S: 97.73k R: 10.83k PreP: 17.76 RmnP: 64.58 IfCnt: 667403 FwIfCnt: 254502
I1213 06:29:04.856734 34728 traceroute.cc:147] R: 7 S: 99.83k R: 11.07k PreP: 17.76 RmnP: 63.43 IfCnt: 668753 FwIfCnt: 254765
I1213 06:29:09.856926 34728 traceroute.cc:147] R: 7 S: 101.68k R: 11.64k PreP: 17.76 RmnP: 62.25 IfCnt: 670286 FwIfCnt: 255065
I1213 06:29:14.857115 34728 traceroute.cc:147] R: 7 S: 99.25k R: 11.38k PreP: 17.76 RmnP: 61.13 IfCnt: 671817 FwIfCnt: 255385
I1213 06:29:19.857295 34728 traceroute.cc:147] R: 8 S: 100.07k R: 11.89k PreP: 17.76 RmnP: 60.47 IfCnt: 674112 FwIfCnt: 255647
I1213 06:29:24.857535 34728 traceroute.cc:147] R: 8 S: 98.92k R: 12.50k PreP: 17.76 RmnP: 60.14 IfCnt: 676736 FwIfCnt: 255853
I1213 06:29:29.857729 34728 traceroute.cc:147] R: 8 S: 98.88k R: 11.32k PreP: 17.76 RmnP: 59.82 IfCnt: 678761 FwIfCnt: 256038
I1213 06:29:34.857951 34728 traceroute.cc:147] R: 8 S: 102.43k R: 11.30k PreP: 17.76 RmnP: 59.51 IfCnt: 680538 FwIfCnt: 256219
I1213 06:29:39.858137 34728 traceroute.cc:147] R: 8 S: 100.01k R: 11.10k PreP: 17.76 RmnP: 59.19 IfCnt: 682140 FwIfCnt: 256414
I1213 06:29:44.858323 34728 traceroute.cc:147] R: 8 S: 100.25k R: 11.43k PreP: 17.76 RmnP: 58.87 IfCnt: 683690 FwIfCnt: 256627
I1213 06:29:49.858510 34728 traceroute.cc:147] R: 8 S: 102.50k R: 11.14k PreP: 17.76 RmnP: 58.54 IfCnt: 685203 FwIfCnt: 256801
I1213 06:29:54.858681 34728 traceroute.cc:147] R: 8 S: 97.56k R: 11.23k PreP: 17.76 RmnP: 58.24 IfCnt: 686798 FwIfCnt: 256993
I1213 06:29:59.858863 34728 traceroute.cc:147] R: 8 S: 101.21k R: 12.07k PreP: 17.76 RmnP: 57.89 IfCnt: 688364 FwIfCnt: 257151
I1213 06:30:04.859046 34728 traceroute.cc:147] R: 8 S: 98.83k R: 11.82k PreP: 17.76 RmnP: 57.57 IfCnt: 689840 FwIfCnt: 257333
I1213 06:30:09.859236 34728 traceroute.cc:147] R: 8 S: 99.90k R: 11.64k PreP: 17.76 RmnP: 57.23 IfCnt: 691263 FwIfCnt: 257534
I1213 06:30:14.859432 34728 traceroute.cc:147] R: 8 S: 98.97k R: 11.86k PreP: 17.76 RmnP: 56.88 IfCnt: 692561 FwIfCnt: 257715
I1213 06:30:19.859637 34728 traceroute.cc:147] R: 8 S: 99.57k R: 11.59k PreP: 17.76 RmnP: 56.55 IfCnt: 693850 FwIfCnt: 257891
I1213 06:30:24.859838 34728 traceroute.cc:147] R: 8 S: 99.80k R: 11.42k PreP: 17.76 RmnP: 56.22 IfCnt: 695080 FwIfCnt: 258078
I1213 06:30:29.860018 34728 traceroute.cc:147] R: 8 S: 101.02k R: 11.54k PreP: 17.76 RmnP: 55.89 IfCnt: 696176 FwIfCnt: 258235
I1213 06:30:34.860205 34728 traceroute.cc:147] R: 8 S: 99.72k R: 11.45k PreP: 17.76 RmnP: 55.57 IfCnt: 697357 FwIfCnt: 258385
I1213 06:30:39.860399 34728 traceroute.cc:147] R: 8 S: 101.83k R: 12.06k PreP: 17.76 RmnP: 55.22 IfCnt: 698612 FwIfCnt: 258541
I1213 06:30:44.860627 34728 traceroute.cc:147] R: 8 S: 98.77k R: 12.08k PreP: 17.76 RmnP: 54.89 IfCnt: 699828 FwIfCnt: 258716
I1213 06:30:49.860805 34728 traceroute.cc:147] R: 9 S: 100.47k R: 12.27k PreP: 17.76 RmnP: 54.54 IfCnt: 701227 FwIfCnt: 258911
I1213 06:30:54.860980 34728 traceroute.cc:147] R: 9 S: 101.83k R: 17.47k PreP: 17.76 RmnP: 54.16 IfCnt: 704027 FwIfCnt: 259063
I1213 06:30:59.861188 34728 traceroute.cc:147] R: 9 S: 97.55k R: 15.60k PreP: 17.76 RmnP: 53.82 IfCnt: 705747 FwIfCnt: 259184
I1213 06:31:04.861367 34728 traceroute.cc:147] R: 9 S: 100.61k R: 15.51k PreP: 17.76 RmnP: 53.48 IfCnt: 707248 FwIfCnt: 259305
I1213 06:31:09.861564 34728 traceroute.cc:147] R: 9 S: 100.06k R: 16.26k PreP: 17.76 RmnP: 53.14 IfCnt: 708651 FwIfCnt: 259416
I1213 06:31:14.861754 34728 traceroute.cc:147] R: 9 S: 99.63k R: 16.27k PreP: 17.76 RmnP: 52.81 IfCnt: 709966 FwIfCnt: 259545
I1213 06:31:19.862020 34728 traceroute.cc:147] R: 9 S: 100.87k R: 15.96k PreP: 17.76 RmnP: 52.45 IfCnt: 711180 FwIfCnt: 259649
I1213 06:31:24.862216 34728 traceroute.cc:147] R: 9 S: 97.35k R: 16.07k PreP: 17.76 RmnP: 52.10 IfCnt: 712346 FwIfCnt: 259741
I1213 06:31:29.862479 34728 traceroute.cc:147] R: 9 S: 101.46k R: 17.41k PreP: 17.76 RmnP: 51.72 IfCnt: 713474 FwIfCnt: 259857
I1213 06:31:34.862705 34728 traceroute.cc:147] R: 9 S: 99.55k R: 16.67k PreP: 17.76 RmnP: 51.37 IfCnt: 714593 FwIfCnt: 259984
I1213 06:31:39.862879 34728 traceroute.cc:147] R: 9 S: 99.94k R: 16.76k PreP: 17.76 RmnP: 50.99 IfCnt: 715611 FwIfCnt: 260093
I1213 06:31:44.863086 34728 traceroute.cc:147] R: 9 S: 102.45k R: 17.03k PreP: 17.76 RmnP: 50.63 IfCnt: 716681 FwIfCnt: 260212
I1213 06:31:49.863291 34728 traceroute.cc:147] R: 9 S: 99.37k R: 16.82k PreP: 17.76 RmnP: 50.28 IfCnt: 717630 FwIfCnt: 260342
I1213 06:31:54.863476 34728 traceroute.cc:147] R: 9 S: 102.16k R: 17.05k PreP: 17.76 RmnP: 49.91 IfCnt: 718498 FwIfCnt: 260452
I1213 06:31:59.863703 34728 traceroute.cc:147] R: 9 S: 97.05k R: 16.52k PreP: 17.76 RmnP: 49.56 IfCnt: 719378 FwIfCnt: 260548
I1213 06:32:04.863898 34728 traceroute.cc:147] R: 9 S: 99.54k R: 17.07k PreP: 17.76 RmnP: 49.19 IfCnt: 720323 FwIfCnt: 260666
I1213 06:32:09.864070 34728 traceroute.cc:147] R: 9 S: 100.67k R: 17.35k PreP: 17.76 RmnP: 48.81 IfCnt: 721246 FwIfCnt: 260786
I1213 06:32:14.864277 34728 traceroute.cc:147] R: 10 S: 98.66k R: 17.37k PreP: 17.76 RmnP: 48.28 IfCnt: 722845 FwIfCnt: 260896
I1213 06:32:19.864490 34728 traceroute.cc:147] R: 10 S: 99.93k R: 16.40k PreP: 17.76 RmnP: 47.77 IfCnt: 724141 FwIfCnt: 260990
I1213 06:32:24.864673 34728 traceroute.cc:147] R: 10 S: 101.11k R: 15.85k PreP: 17.76 RmnP: 47.27 IfCnt: 725192 FwIfCnt: 261076
I1213 06:32:29.864877 34728 traceroute.cc:147] R: 10 S: 99.56k R: 16.41k PreP: 17.76 RmnP: 46.73 IfCnt: 726045 FwIfCnt: 261165
I1213 06:32:34.865087 34728 traceroute.cc:147] R: 10 S: 100.97k R: 16.94k PreP: 17.76 RmnP: 46.21 IfCnt: 726907 FwIfCnt: 261249
I1213 06:32:39.865270 34728 traceroute.cc:147] R: 10 S: 98.21k R: 16.79k PreP: 17.76 RmnP: 45.70 IfCnt: 727739 FwIfCnt: 261341
I1213 06:32:44.865450 34728 traceroute.cc:147] R: 10 S: 99.61k R: 17.85k PreP: 17.76 RmnP: 45.13 IfCnt: 728543 FwIfCnt: 261434
I1213 06:32:49.865675 34728 traceroute.cc:147] R: 10 S: 101.84k R: 17.80k PreP: 17.76 RmnP: 44.57 IfCnt: 729337 FwIfCnt: 261532
I1213 06:32:54.865906 34728 traceroute.cc:147] R: 10 S: 102.02k R: 18.25k PreP: 17.76 RmnP: 44.01 IfCnt: 730090 FwIfCnt: 261613
I1213 06:32:59.866107 34728 traceroute.cc:147] R: 10 S: 100.14k R: 17.80k PreP: 17.76 RmnP: 43.46 IfCnt: 730866 FwIfCnt: 261690
I1213 06:33:04.866292 34728 traceroute.cc:147] R: 10 S: 96.83k R: 17.25k PreP: 17.76 RmnP: 42.92 IfCnt: 731565 FwIfCnt: 261789
I1213 06:33:09.866503 34728 traceroute.cc:147] R: 10 S: 100.20k R: 16.99k PreP: 17.76 RmnP: 42.36 IfCnt: 732196 FwIfCnt: 261868
I1213 06:33:14.866668 34728 traceroute.cc:147] R: 10 S: 99.41k R: 17.88k PreP: 17.76 RmnP: 41.81 IfCnt: 732825 FwIfCnt: 261959
I1213 06:33:19.867022 34728 traceroute.cc:147] R: 11 S: 101.19k R: 17.79k PreP: 17.76 RmnP: 41.24 IfCnt: 733488 FwIfCnt: 262035
I1213 06:33:24.867239 34728 traceroute.cc:147] R: 11 S: 101.20k R: 15.57k PreP: 17.76 RmnP: 40.65 IfCnt: 734725 FwIfCnt: 262105
I1213 06:33:29.867439 34728 traceroute.cc:147] R: 11 S: 97.69k R: 12.48k PreP: 17.76 RmnP: 40.16 IfCnt: 735546 FwIfCnt: 262153
I1213 06:33:34.867640 34728 traceroute.cc:147] R: 11 S: 99.71k R: 12.10k PreP: 17.76 RmnP: 39.62 IfCnt: 736275 FwIfCnt: 262206
I1213 06:33:39.867833 34728 traceroute.cc:147] R: 11 S: 100.29k R: 13.16k PreP: 17.76 RmnP: 39.05 IfCnt: 736918 FwIfCnt: 262266
I1213 06:33:44.868046 34728 traceroute.cc:147] R: 11 S: 99.49k R: 13.42k PreP: 17.76 RmnP: 38.48 IfCnt: 737567 FwIfCnt: 262315
I1213 06:33:49.868250 34728 traceroute.cc:147] R: 11 S: 100.63k R: 13.96k PreP: 17.76 RmnP: 37.86 IfCnt: 738172 FwIfCnt: 262377
I1213 06:33:54.868458 34728 traceroute.cc:147] R: 11 S: 99.69k R: 13.82k PreP: 17.76 RmnP: 37.27 IfCnt: 738770 FwIfCnt: 262452
I1213 06:33:59.868654 34728 traceroute.cc:147] R: 11 S: 101.70k R: 14.12k PreP: 17.76 RmnP: 36.65 IfCnt: 739392 FwIfCnt: 262526
I1213 06:34:04.868862 34728 traceroute.cc:147] R: 11 S: 99.37k R: 13.67k PreP: 17.76 RmnP: 36.06 IfCnt: 739939 FwIfCnt: 262583
I1213 06:34:09.869024 34728 traceroute.cc:147] R: 11 S: 99.91k R: 13.35k PreP: 17.76 RmnP: 35.48 IfCnt: 740454 FwIfCnt: 262636
I1213 06:34:14.869216 34728 traceroute.cc:147] R: 11 S: 101.21k R: 14.42k PreP: 17.76 RmnP: 34.88 IfCnt: 740983 FwIfCnt: 262700
I1213 06:34:19.869410 34728 traceroute.cc:147] R: 12 S: 101.93k R: 15.03k PreP: 17.76 RmnP: 34.34 IfCnt: 741642 FwIfCnt: 262757
I1213 06:34:24.869626 34728 traceroute.cc:147] R: 12 S: 97.42k R: 15.45k PreP: 17.76 RmnP: 33.95 IfCnt: 742294 FwIfCnt: 262815
I1213 06:34:29.870177 34728 traceroute.cc:147] R: 12 S: 100.49k R: 14.16k PreP: 17.76 RmnP: 33.60 IfCnt: 742784 FwIfCnt: 262852
I1213 06:34:34.870344 34728 traceroute.cc:147] R: 12 S: 98.07k R: 15.05k PreP: 17.76 RmnP: 33.21 IfCnt: 743248 FwIfCnt: 262914
I1213 06:34:39.872586 34728 traceroute.cc:147] R: 12 S: 100.20k R: 15.54k PreP: 17.76 RmnP: 32.81 IfCnt: 743705 FwIfCnt: 262969
I1213 06:34:44.872778 34728 traceroute.cc:147] R: 12 S: 99.92k R: 15.77k PreP: 17.76 RmnP: 32.38 IfCnt: 744122 FwIfCnt: 263021
I1213 06:34:49.872972 34728 traceroute.cc:147] R: 12 S: 101.11k R: 15.82k PreP: 17.76 RmnP: 31.96 IfCnt: 744554 FwIfCnt: 263082
I1213 06:34:54.873188 34728 traceroute.cc:147] R: 12 S: 98.53k R: 15.26k PreP: 17.76 RmnP: 31.55 IfCnt: 744928 FwIfCnt: 263145
I1213 06:34:59.873392 34728 traceroute.cc:147] R: 12 S: 100.54k R: 14.89k PreP: 17.76 RmnP: 31.15 IfCnt: 745289 FwIfCnt: 263208
I1213 06:35:04.873636 34728 traceroute.cc:147] R: 12 S: 100.78k R: 15.27k PreP: 17.76 RmnP: 30.72 IfCnt: 745640 FwIfCnt: 263264
I1213 06:35:09.873840 34728 traceroute.cc:147] R: 13 S: 100.61k R: 15.95k PreP: 17.76 RmnP: 30.27 IfCnt: 746025 FwIfCnt: 263319
I1213 06:35:14.874037 34728 traceroute.cc:147] R: 13 S: 98.17k R:  8.33k PreP: 17.76 RmnP: 29.79 IfCnt: 746544 FwIfCnt: 263368
I1213 06:35:19.874217 34728 traceroute.cc:147] R: 13 S: 100.98k R:  7.03k PreP: 17.76 RmnP: 29.34 IfCnt: 746904 FwIfCnt: 263406
I1213 06:35:24.874418 34728 traceroute.cc:147] R: 13 S: 101.60k R:  7.58k PreP: 17.76 RmnP: 28.85 IfCnt: 747258 FwIfCnt: 263440
I1213 06:35:29.874630 34728 traceroute.cc:147] R: 13 S: 99.34k R:  8.06k PreP: 17.76 RmnP: 28.36 IfCnt: 747591 FwIfCnt: 263468
I1213 06:35:34.874819 34728 traceroute.cc:147] R: 13 S: 100.17k R:  8.19k PreP: 17.76 RmnP: 27.87 IfCnt: 747885 FwIfCnt: 263509
I1213 06:35:39.875016 34728 traceroute.cc:147] R: 13 S: 98.47k R:  7.97k PreP: 17.76 RmnP: 27.39 IfCnt: 748160 FwIfCnt: 263546
I1213 06:35:44.875196 34728 traceroute.cc:147] R: 13 S: 100.77k R:  7.88k PreP: 17.76 RmnP: 26.93 IfCnt: 748430 FwIfCnt: 263602
I1213 06:35:49.875376 34728 traceroute.cc:147] R: 13 S: 99.61k R:  8.17k PreP: 17.76 RmnP: 26.45 IfCnt: 748730 FwIfCnt: 263632
I1213 06:35:54.875556 34728 traceroute.cc:147] R: 14 S: 99.63k R:  8.76k PreP: 17.76 RmnP: 26.08 IfCnt: 748977 FwIfCnt: 263681
I1213 06:35:59.875759 34728 traceroute.cc:147] R: 14 S: 99.83k R:  7.16k PreP: 17.76 RmnP: 25.91 IfCnt: 749091 FwIfCnt: 263713
I1213 06:36:04.875957 34728 traceroute.cc:147] R: 14 S: 100.27k R:  6.28k PreP: 17.76 RmnP: 25.74 IfCnt: 749183 FwIfCnt: 263742
I1213 06:36:09.876157 34728 traceroute.cc:147] R: 14 S: 104.08k R:  6.90k PreP: 17.76 RmnP: 25.56 IfCnt: 749284 FwIfCnt: 263767
I1213 06:36:14.876363 34728 traceroute.cc:147] R: 14 S: 99.36k R:  6.86k PreP: 17.76 RmnP: 25.37 IfCnt: 749398 FwIfCnt: 263798
I1213 06:36:19.876535 34728 traceroute.cc:147] R: 14 S: 97.40k R:  7.08k PreP: 17.76 RmnP: 25.19 IfCnt: 749478 FwIfCnt: 263839
I1213 06:36:24.876725 34728 traceroute.cc:147] R: 14 S: 100.35k R:  7.17k PreP: 17.76 RmnP: 25.01 IfCnt: 749566 FwIfCnt: 263876
I1213 06:36:29.876909 34728 traceroute.cc:147] R: 14 S: 98.73k R:  7.18k PreP: 17.76 RmnP: 24.83 IfCnt: 749627 FwIfCnt: 263901
I1213 06:36:34.877084 34728 traceroute.cc:147] R: 15 S: 100.38k R:  7.76k PreP: 17.76 RmnP: 24.64 IfCnt: 749695 FwIfCnt: 263934
I1213 06:36:39.877450 34728 traceroute.cc:147] R: 15 S: 99.90k R:  7.81k PreP: 17.76 RmnP: 24.46 IfCnt: 749713 FwIfCnt: 263950
I1213 06:36:44.877645 34728 traceroute.cc:147] R: 15 S: 102.39k R:  5.88k PreP: 17.76 RmnP: 24.31 IfCnt: 749732 FwIfCnt: 263962
I1213 06:36:49.877846 34728 traceroute.cc:147] R: 15 S: 97.64k R:  5.98k PreP: 17.76 RmnP: 24.16 IfCnt: 749741 FwIfCnt: 263980
I1213 06:36:54.878026 34728 traceroute.cc:147] R: 15 S: 100.78k R:  6.36k PreP: 17.76 RmnP: 23.99 IfCnt: 749755 FwIfCnt: 263997
I1213 06:36:59.878212 34728 traceroute.cc:147] R: 15 S: 99.45k R:  6.39k PreP: 17.76 RmnP: 23.82 IfCnt: 749772 FwIfCnt: 264018
I1213 06:37:04.878410 34728 traceroute.cc:147] R: 15 S: 100.55k R:  5.95k PreP: 17.76 RmnP: 23.66 IfCnt: 749787 FwIfCnt: 264041
I1213 06:37:09.878605 34728 traceroute.cc:147] R: 15 S: 99.92k R:  5.71k PreP: 17.76 RmnP: 23.48 IfCnt: 749793 FwIfCnt: 264056
I1213 06:37:14.878784 34728 traceroute.cc:147] R: 16 S: 100.04k R:  5.87k PreP: 17.76 RmnP: 23.30 IfCnt: 749815 FwIfCnt: 264083
I1213 06:37:19.878963 34728 traceroute.cc:147] R: 16 S: 100.48k R:  2.84k PreP: 17.76 RmnP: 23.16 IfCnt: 749822 FwIfCnt: 264100
I1213 06:37:24.879142 34728 traceroute.cc:147] R: 16 S: 98.88k R:  2.85k PreP: 17.76 RmnP: 23.05 IfCnt: 749831 FwIfCnt: 264116
I1213 06:37:29.879348 34728 traceroute.cc:147] R: 16 S: 99.32k R:  3.09k PreP: 17.76 RmnP: 22.93 IfCnt: 749837 FwIfCnt: 264132
I1213 06:37:34.879549 34728 traceroute.cc:147] R: 16 S: 101.35k R:  3.26k PreP: 17.76 RmnP: 22.80 IfCnt: 749851 FwIfCnt: 264151
I1213 06:37:39.879737 34728 traceroute.cc:147] R: 16 S: 98.08k R:  3.23k PreP: 17.76 RmnP: 22.69 IfCnt: 749862 FwIfCnt: 264172
I1213 06:37:44.879937 34728 traceroute.cc:147] R: 16 S: 102.55k R:  3.07k PreP: 17.76 RmnP: 22.59 IfCnt: 749868 FwIfCnt: 264192
I1213 06:37:49.880115 34728 traceroute.cc:147] R: 16 S: 98.38k R:  3.24k PreP: 17.76 RmnP: 22.48 IfCnt: 749873 FwIfCnt: 264213
I1213 06:37:54.880327 34728 traceroute.cc:147] R: 21 S: 91.24k R: 37.11k PreP: 17.76 RmnP:  0.20 IfCnt: 749956 FwIfCnt: 264434
I1213 06:37:59.880537 34728 traceroute.cc:147] R: 26 S: 15.44k R: 12.46k PreP: 17.76 RmnP:  0.04 IfCnt: 750000 FwIfCnt: 264488
I1213 06:38:04.880728 34728 traceroute.cc:147] R: 31 S:  1.59k R:  1.28k PreP: 17.76 RmnP:  0.00 IfCnt: 750006 FwIfCnt: 264495
I1213 06:38:08.550954 34727 traceroute.cc:535] Scan finished.
I1213 06:38:08.551509 34727 traceroute.cc:542] Main probing finished (Took 1494 seconds).
I1213 06:38:09.551690 34727 traceroute.cc:631] Average Sending Rate:         98.89 Kpps
I1213 06:38:09.551757 34727 traceroute.cc:633] Average Receving Rate:        10.08 Kpps
I1213 06:38:09.551767 34727 traceroute.cc:635] Sent packets:                 162546005
I1213 06:38:09.551775 34727 traceroute.cc:637] Received packets:             16562418
I1213 06:38:09.551784 34727 traceroute.cc:639] Dropped responses:            103060
I1213 06:38:09.551791 34727 traceroute.cc:641] Checksum Mistatches:          7836
I1213 06:38:09.551800 34727 traceroute.cc:643] Distance Abnormalities:       95224
I1213 06:38:09.551807 34727 traceroute.cc:645] Sent probes:                  148084058
I1213 06:38:09.551815 34727 traceroute.cc:646] Sent preprobes:               14461947
I1213 06:38:09.551822 34727 traceroute.cc:648] Interfaces Forward-probing:   264498
I1213 06:38:09.551831 34727 traceroute.cc:650] Interfaces Backward-probing:  750006
I1213 06:38:09.826786 34727 traceroute.cc:655] Discovered Interfaces:        824923
I1213 06:38:09.826854 34727 main.cc:336] The program ends.
