[2020-12-13T05:07:30Z INFO  flashroute_rs] Opt { preprobing_ttl: 32, proximity_span: 5, split_ttl: 32, max_ttl: 32, gap: 5, probing_rate: 100000, two: false, router_only: true, interface: NetworkInterface { name: "ens4", description: "", index: 2, mac: Some(42:01:0a:80:00:02), ips: [V4(Ipv4Network { addr: 10.128.0.2, prefix: 32 }), V6(Ipv6Network { addr: fe80::4001:aff:fe80:2, prefix: 64 })], flags: 69699 }, dst_port: 33434, payload_message: "How are you?", dot: false, plot: true, output_dot: "fr.dot", output_viz: "fr.png", layout: "neato", spline: true, seed: 114514, salt: 0, dry_run: false, dump_targets: None, debug: false, grain: 8, targets: List("list_0_8.txt"), global_only: false, allow_private: false, local_addr: 10.128.0.2 }
[2020-12-13T05:07:30Z INFO  flashroute_rs::tracerouter] Using interface `ens4` (10.128.0.2)
[2020-12-13T05:07:30Z INFO  flashroute_rs::tracerouter] Initializing targets...
[2020-12-13T05:07:35Z INFO  flashroute_rs::tracerouter] Imported 15510524 targets from file
[2020-12-13T05:07:35Z INFO  flashroute_rs::network] [Pre] sending task started
[2020-12-13T05:07:35Z INFO  flashroute_rs::network] [Pre] receiving task started
[2020-12-13T05:07:57Z WARN  flashroute_rs::network] error occurred while parsing: parse error at stage 4
[2020-12-13T05:08:04Z WARN  flashroute_rs::network] error occurred while parsing: parse error at stage 4
[2020-12-13T05:08:08Z WARN  flashroute_rs::network] error occurred while parsing: parse error at stage 3
[2020-12-13T05:08:53Z WARN  flashroute_rs::network] error occurred while parsing: parse error at stage 4
[2020-12-13T05:09:27Z WARN  flashroute_rs::network] error occurred while parsing: parse error at stage 4
[2020-12-13T05:09:57Z WARN  flashroute_rs::network] error occurred while parsing: parse error at stage 4
[2020-12-13T05:09:58Z WARN  flashroute_rs::network] error occurred while parsing: parse error at stage 4
[2020-12-13T05:09:59Z WARN  flashroute_rs::network] error occurred while parsing: parse error at stage 4
[2020-12-13T05:10:00Z WARN  flashroute_rs::network] error occurred while parsing: parse error at stage 4
[2020-12-13T05:10:08Z INFO  flashroute_rs::tracerouter] [Pre] Waiting for 3 secs...
[2020-12-13T05:10:11Z INFO  flashroute_rs::network] [Pre] sending task stopped
[2020-12-13T05:10:11Z INFO  flashroute_rs::network] [Pre] receiving task stopped
[2020-12-13T05:10:11Z INFO  flashroute_rs::tracerouter] Preprobed: 2568216
[2020-12-13T05:10:11Z INFO  flashroute_rs::network] [Main] sending task started
[2020-12-13T05:10:11Z INFO  flashroute_rs::network] [Main] receiving task started
[2020-12-13T05:10:23Z WARN  flashroute_rs::network] error occurred while parsing: parse error at stage 4
[2020-12-13T05:10:45Z WARN  flashroute_rs::network] error occurred while parsing: parse error at stage 4
[2020-12-13T05:10:56Z WARN  flashroute_rs::network] error occurred while parsing: parse error at stage 4
[2020-12-13T05:11:52Z WARN  flashroute_rs::network] error occurred while parsing: parse error at stage 4
[2020-12-13T05:12:26Z WARN  flashroute_rs::network] error occurred while parsing: parse error at stage 4
[2020-12-13T05:12:45Z INFO  flashroute_rs::tracerouter] round   1: total 15510524, complete        5, remain 15510519;  sent 15412184, recv   888267
[2020-12-13T05:13:15Z WARN  flashroute_rs::network] error occurred while parsing: parse error at stage 4
[2020-12-13T05:13:22Z WARN  flashroute_rs::network] error occurred while parsing: parse error at stage 4
[2020-12-13T05:13:55Z WARN  flashroute_rs::network] error occurred while parsing: parse error at stage 4
[2020-12-13T05:14:34Z WARN  flashroute_rs::network] error occurred while parsing: parse error at stage 4
[2020-12-13T05:14:35Z WARN  flashroute_rs::network] error occurred while parsing: parse error at stage 4
[2020-12-13T05:14:36Z WARN  flashroute_rs::network] error occurred while parsing: parse error at stage 4
[2020-12-13T05:14:37Z WARN  flashroute_rs::network] error occurred while parsing: parse error at stage 4
[2020-12-13T05:14:51Z WARN  flashroute_rs::network] error occurred while parsing: parse error at stage 4
[2020-12-13T05:15:21Z INFO  flashroute_rs::tracerouter] round   2: total 15510519, complete    48976, remain 15461543;  sent 31013039, recv  1924118
[2020-12-13T05:15:25Z WARN  flashroute_rs::network] error occurred while parsing: parse error at stage 4
[2020-12-13T05:15:54Z WARN  flashroute_rs::network] error occurred while parsing: parse error at stage 4
[2020-12-13T05:16:21Z WARN  flashroute_rs::network] error occurred while parsing: parse error at stage 4
[2020-12-13T05:16:55Z WARN  flashroute_rs::network] error occurred while parsing: parse error at stage 4
[2020-12-13T05:17:40Z WARN  flashroute_rs::network] error occurred while parsing: parse error at stage 4
[2020-12-13T05:17:41Z WARN  flashroute_rs::network] error occurred while parsing: parse error at stage 4
[2020-12-13T05:17:42Z WARN  flashroute_rs::network] error occurred while parsing: parse error at stage 4
[2020-12-13T05:17:43Z WARN  flashroute_rs::network] error occurred while parsing: parse error at stage 4
[2020-12-13T05:17:51Z WARN  flashroute_rs::network] error occurred while parsing: parse error at stage 4
[2020-12-13T05:17:54Z INFO  flashroute_rs::tracerouter] round   3: total 15461543, complete   214090, remain 15247453;  sent 46394657, recv  2718157
[2020-12-13T05:18:23Z WARN  flashroute_rs::network] error occurred while parsing: parse error at stage 4
[2020-12-13T05:18:25Z WARN  flashroute_rs::network] error occurred while parsing: parse error at stage 4
[2020-12-13T05:19:21Z WARN  flashroute_rs::network] error occurred while parsing: parse error at stage 4
[2020-12-13T05:19:54Z WARN  flashroute_rs::network] error occurred while parsing: parse error at stage 4
[2020-12-13T05:20:26Z INFO  flashroute_rs::tracerouter] round   4: total 15247453, complete   158255, remain 15089198;  sent 61561120, recv  3253583
[2020-12-13T05:20:50Z WARN  flashroute_rs::network] error occurred while parsing: parse error at stage 4
[2020-12-13T05:20:54Z WARN  flashroute_rs::network] error occurred while parsing: parse error at stage 4
[2020-12-13T05:21:24Z WARN  flashroute_rs::network] error occurred while parsing: parse error at stage 4
[2020-12-13T05:22:20Z WARN  flashroute_rs::network] error occurred while parsing: parse error at stage 4
[2020-12-13T05:22:53Z WARN  flashroute_rs::network] error occurred while parsing: parse error at stage 4
[2020-12-13T05:22:56Z INFO  flashroute_rs::tracerouter] round   5: total 15089198, complete   104997, remain 14984201;  sent 76590678, recv  3623031
[2020-12-13T05:23:25Z WARN  flashroute_rs::network] error occurred while parsing: parse error at stage 4
[2020-12-13T05:23:49Z WARN  flashroute_rs::network] error occurred while parsing: parse error at stage 4
[2020-12-13T05:24:23Z WARN  flashroute_rs::network] error occurred while parsing: parse error at stage 4
[2020-12-13T05:25:19Z WARN  flashroute_rs::network] error occurred while parsing: parse error at stage 4
[2020-12-13T05:25:25Z INFO  flashroute_rs::tracerouter] round   6: total 14984201, complete    69846, remain 14914355;  sent 91532157, recv  3894702
[2020-12-13T05:25:53Z WARN  flashroute_rs::network] error occurred while parsing: parse error at stage 4
[2020-12-13T05:25:54Z WARN  flashroute_rs::network] error occurred while parsing: parse error at stage 4
[2020-12-13T05:26:49Z WARN  flashroute_rs::network] error occurred while parsing: parse error at stage 4
[2020-12-13T05:27:23Z WARN  flashroute_rs::network] error occurred while parsing: parse error at stage 4
[2020-12-13T05:27:41Z INFO  flashroute_rs::tracerouter] round   7: total 14914355, complete  1405664, remain 13508691;  sent 105046554, recv  4095183
[2020-12-13T05:28:14Z WARN  flashroute_rs::network] error occurred while parsing: parse error at stage 4
[2020-12-13T05:28:19Z WARN  flashroute_rs::network] error occurred while parsing: parse error at stage 4
[2020-12-13T05:28:52Z WARN  flashroute_rs::network] error occurred while parsing: parse error at stage 4
[2020-12-13T05:29:48Z WARN  flashroute_rs::network] error occurred while parsing: parse error at stage 4
[2020-12-13T05:29:53Z INFO  flashroute_rs::tracerouter] round   8: total 13508691, complete   196783, remain 13311908;  sent 118354293, recv  4279724
[2020-12-13T05:30:22Z WARN  flashroute_rs::network] error occurred while parsing: parse error at stage 4
[2020-12-13T05:30:25Z WARN  flashroute_rs::network] error occurred while parsing: parse error at stage 4
[2020-12-13T05:31:18Z WARN  flashroute_rs::network] error occurred while parsing: parse error at stage 4
[2020-12-13T05:31:51Z WARN  flashroute_rs::network] error occurred while parsing: parse error at stage 4
[2020-12-13T05:32:04Z INFO  flashroute_rs::tracerouter] round   9: total 13311908, complete   187221, remain 13124687;  sent 131479503, recv  4419857
[2020-12-13T05:32:34Z WARN  flashroute_rs::network] error occurred while parsing: parse error at stage 4
[2020-12-13T05:32:47Z WARN  flashroute_rs::network] error occurred while parsing: parse error at stage 4
[2020-12-13T05:33:21Z WARN  flashroute_rs::network] error occurred while parsing: parse error at stage 4
[2020-12-13T05:34:14Z INFO  flashroute_rs::tracerouter] round  10: total 13124687, complete   132909, remain 12991778;  sent 144471075, recv  4537989
[2020-12-13T05:34:17Z WARN  flashroute_rs::network] error occurred while parsing: parse error at stage 4
[2020-12-13T05:34:45Z WARN  flashroute_rs::network] error occurred while parsing: parse error at stage 4
[2020-12-13T05:34:51Z WARN  flashroute_rs::network] error occurred while parsing: parse error at stage 4
[2020-12-13T05:35:47Z WARN  flashroute_rs::network] error occurred while parsing: parse error at stage 4
[2020-12-13T05:36:20Z WARN  flashroute_rs::network] error occurred while parsing: parse error at stage 4
[2020-12-13T05:36:23Z INFO  flashroute_rs::tracerouter] round  11: total 12991778, complete   103646, remain 12888132;  sent 157362628, recv  4663039
[2020-12-13T05:36:55Z WARN  flashroute_rs::network] error occurred while parsing: parse error at stage 4
[2020-12-13T05:37:16Z WARN  flashroute_rs::network] error occurred while parsing: parse error at stage 4
[2020-12-13T05:37:50Z WARN  flashroute_rs::network] error occurred while parsing: parse error at stage 4
[2020-12-13T05:38:31Z INFO  flashroute_rs::tracerouter] round  12: total 12888132, complete    97477, remain 12790655;  sent 170149952, recv  4733015
[2020-12-13T05:38:46Z WARN  flashroute_rs::network] error occurred while parsing: parse error at stage 4
[2020-12-13T05:38:52Z WARN  flashroute_rs::network] error occurred while parsing: parse error at stage 4
[2020-12-13T05:39:20Z WARN  flashroute_rs::network] error occurred while parsing: parse error at stage 4
[2020-12-13T05:40:16Z WARN  flashroute_rs::network] error occurred while parsing: parse error at stage 4
[2020-12-13T05:40:38Z INFO  flashroute_rs::tracerouter] round  13: total 12790655, complete    38950, remain 12751705;  sent 182901670, recv  4818926
[2020-12-13T05:40:49Z WARN  flashroute_rs::network] error occurred while parsing: parse error at stage 4
[2020-12-13T05:41:03Z WARN  flashroute_rs::network] error occurred while parsing: parse error at stage 4
[2020-12-13T05:41:45Z WARN  flashroute_rs::network] error occurred while parsing: parse error at stage 4
[2020-12-13T05:42:19Z WARN  flashroute_rs::network] error occurred while parsing: parse error at stage 4
[2020-12-13T05:42:45Z INFO  flashroute_rs::tracerouter] round  14: total 12751705, complete    44737, remain 12706968;  sent 195608517, recv  4894419
[2020-12-13T05:43:15Z WARN  flashroute_rs::network] error occurred while parsing: parse error at stage 4
[2020-12-13T05:43:15Z WARN  flashroute_rs::network] error occurred while parsing: parse error at stage 4
[2020-12-13T05:43:49Z WARN  flashroute_rs::network] error occurred while parsing: parse error at stage 4
[2020-12-13T05:44:45Z WARN  flashroute_rs::network] error occurred while parsing: parse error at stage 4
[2020-12-13T05:44:52Z INFO  flashroute_rs::tracerouter] round  15: total 12706968, complete    36139, remain 12670829;  sent 208281809, recv  4987142
[2020-12-13T05:45:15Z WARN  flashroute_rs::network] error occurred while parsing: parse error at stage 4
[2020-12-13T05:45:18Z WARN  flashroute_rs::network] error occurred while parsing: parse error at stage 4
[2020-12-13T05:46:14Z WARN  flashroute_rs::network] error occurred while parsing: parse error at stage 4
[2020-12-13T05:46:48Z WARN  flashroute_rs::network] error occurred while parsing: parse error at stage 4
[2020-12-13T05:46:58Z INFO  flashroute_rs::tracerouter] round  16: total 12670829, complete    43428, remain 12627401;  sent 220908365, recv  5095267
[2020-12-13T05:47:28Z WARN  flashroute_rs::network] error occurred while parsing: parse error at stage 4
[2020-12-13T05:47:44Z WARN  flashroute_rs::network] error occurred while parsing: parse error at stage 4
[2020-12-13T05:48:18Z WARN  flashroute_rs::network] error occurred while parsing: parse error at stage 4
[2020-12-13T05:49:04Z INFO  flashroute_rs::tracerouter] round  17: total 12627401, complete    61477, remain 12565924;  sent 233472805, recv  5271353
[2020-12-13T05:49:14Z WARN  flashroute_rs::network] error occurred while parsing: parse error at stage 4
[2020-12-13T05:49:32Z WARN  flashroute_rs::network] error occurred while parsing: parse error at stage 3
[2020-12-13T05:49:44Z WARN  flashroute_rs::network] error occurred while parsing: parse error at stage 4
[2020-12-13T05:49:45Z WARN  flashroute_rs::network] error occurred while parsing: parse error at stage 4
[2020-12-13T05:49:45Z WARN  flashroute_rs::network] error occurred while parsing: parse error at stage 3
[2020-12-13T05:49:46Z WARN  flashroute_rs::network] error occurred while parsing: parse error at stage 4
[2020-12-13T05:49:47Z WARN  flashroute_rs::network] error occurred while parsing: parse error at stage 4
[2020-12-13T05:49:47Z WARN  flashroute_rs::network] error occurred while parsing: parse error at stage 4
[2020-12-13T05:50:34Z WARN  flashroute_rs::network] error occurred while parsing: parse error at stage 4
[2020-12-13T05:50:35Z WARN  flashroute_rs::network] error occurred while parsing: parse error at stage 4
[2020-12-13T05:50:36Z WARN  flashroute_rs::network] error occurred while parsing: parse error at stage 4
[2020-12-13T05:50:37Z WARN  flashroute_rs::network] error occurred while parsing: parse error at stage 4
[2020-12-13T05:50:43Z WARN  flashroute_rs::network] error occurred while parsing: parse error at stage 4
[2020-12-13T05:51:08Z INFO  flashroute_rs::tracerouter] round  18: total 12565924, complete   117901, remain 12448023;  sent 245920584, recv  5535713
[2020-12-13T05:51:17Z WARN  flashroute_rs::network] error occurred while parsing: parse error at stage 4
[2020-12-13T05:51:34Z WARN  flashroute_rs::network] error occurred while parsing: parse error at stage 4
[2020-12-13T05:51:35Z WARN  flashroute_rs::network] error occurred while parsing: parse error at stage 4
[2020-12-13T05:51:36Z WARN  flashroute_rs::network] error occurred while parsing: parse error at stage 4
[2020-12-13T05:51:37Z WARN  flashroute_rs::network] error occurred while parsing: parse error at stage 4
[2020-12-13T05:52:03Z WARN  flashroute_rs::network] error occurred while parsing: parse error at stage 4
[2020-12-13T05:52:04Z WARN  flashroute_rs::network] error occurred while parsing: parse error at stage 4
[2020-12-13T05:52:05Z WARN  flashroute_rs::network] error occurred while parsing: parse error at stage 4
[2020-12-13T05:52:06Z WARN  flashroute_rs::network] error occurred while parsing: parse error at stage 4
[2020-12-13T05:52:13Z WARN  flashroute_rs::network] error occurred while parsing: parse error at stage 4
[2020-12-13T05:52:46Z WARN  flashroute_rs::network] error occurred while parsing: parse error at stage 4
[2020-12-13T05:53:10Z INFO  flashroute_rs::tracerouter] round  19: total 12448023, complete   192420, remain 12255603;  sent 258176428, recv  5956224
[2020-12-13T05:53:42Z WARN  flashroute_rs::network] error occurred while parsing: parse error at stage 4
[2020-12-13T05:53:46Z WARN  flashroute_rs::network] error occurred while parsing: parse error at stage 3
[2020-12-13T05:54:16Z WARN  flashroute_rs::network] error occurred while parsing: parse error at stage 4
[2020-12-13T05:55:09Z INFO  flashroute_rs::tracerouter] round  20: total 12255603, complete   352108, remain 11903495;  sent 270079789, recv  6490308
[2020-12-13T05:55:12Z WARN  flashroute_rs::network] error occurred while parsing: parse error at stage 4
[2020-12-13T05:55:46Z WARN  flashroute_rs::network] error occurred while parsing: parse error at stage 4
[2020-12-13T05:56:42Z WARN  flashroute_rs::network] error occurred while parsing: parse error at stage 4
[2020-12-13T05:57:04Z INFO  flashroute_rs::tracerouter] round  21: total 11903495, complete   480284, remain 11423211;  sent 281503266, recv  7113605
[2020-12-13T05:57:15Z WARN  flashroute_rs::network] error occurred while parsing: parse error at stage 4
[2020-12-13T05:58:11Z WARN  flashroute_rs::network] error occurred while parsing: parse error at stage 4
[2020-12-13T05:58:45Z WARN  flashroute_rs::network] error occurred while parsing: parse error at stage 4
[2020-12-13T05:58:52Z INFO  flashroute_rs::tracerouter] round  22: total 11423211, complete   568239, remain 10854972;  sent 292360640, recv  7821407
[2020-12-13T05:59:41Z WARN  flashroute_rs::network] error occurred while parsing: parse error at stage 4
[2020-12-13T06:00:15Z WARN  flashroute_rs::network] error occurred while parsing: parse error at stage 4
[2020-12-13T06:00:34Z INFO  flashroute_rs::tracerouter] round  23: total 10854972, complete   655758, remain 10199214;  sent 302557232, recv  8631888
[2020-12-13T06:01:11Z WARN  flashroute_rs::network] error occurred while parsing: parse error at stage 4
[2020-12-13T06:01:44Z WARN  flashroute_rs::network] error occurred while parsing: parse error at stage 4
[2020-12-13T06:02:08Z INFO  flashroute_rs::tracerouter] round  24: total 10199214, complete   768644, remain  9430570;  sent 311987616, recv  9500371
[2020-12-13T06:02:24Z WARN  flashroute_rs::network] error occurred while parsing: parse error at stage 4
[2020-12-13T06:02:24Z WARN  flashroute_rs::network] error occurred while parsing: parse error at stage 4
[2020-12-13T06:02:40Z WARN  flashroute_rs::network] error occurred while parsing: parse error at stage 4
[2020-12-13T06:03:14Z WARN  flashroute_rs::network] error occurred while parsing: parse error at stage 4
[2020-12-13T06:03:34Z INFO  flashroute_rs::tracerouter] round  25: total  9430570, complete   836966, remain  8593604;  sent 320581162, recv 10581871
[2020-12-13T06:04:10Z WARN  flashroute_rs::network] error occurred while parsing: parse error at stage 4
[2020-12-13T06:04:44Z WARN  flashroute_rs::network] error occurred while parsing: parse error at stage 4
[2020-12-13T06:04:49Z INFO  flashroute_rs::tracerouter] round  26: total  8593604, complete  1062303, remain  7531301;  sent 328112189, recv 11492691
[2020-12-13T06:05:40Z WARN  flashroute_rs::network] error occurred while parsing: parse error at stage 4
[2020-12-13T06:05:55Z INFO  flashroute_rs::tracerouter] round  27: total  7531301, complete   896262, remain  6635039;  sent 334747433, recv 12207744
[2020-12-13T06:06:13Z WARN  flashroute_rs::network] error occurred while parsing: parse error at stage 4
[2020-12-13T06:06:55Z INFO  flashroute_rs::tracerouter] round  28: total  6635039, complete   701815, remain  5933224;  sent 340680362, recv 12891999
[2020-12-13T06:07:09Z WARN  flashroute_rs::network] error occurred while parsing: parse error at stage 4
[2020-12-13T06:07:43Z WARN  flashroute_rs::network] error occurred while parsing: parse error at stage 4
[2020-12-13T06:07:47Z INFO  flashroute_rs::tracerouter] round  29: total  5933224, complete   680225, remain  5252999;  sent 345933356, recv 13129087
[2020-12-13T06:08:38Z INFO  flashroute_rs::tracerouter] round  30: total  5252999, complete   226270, remain  5026729;  sent 350959971, recv 13335613
[2020-12-13T06:08:39Z WARN  flashroute_rs::network] error occurred while parsing: parse error at stage 4
[2020-12-13T06:09:13Z WARN  flashroute_rs::network] error occurred while parsing: parse error at stage 4
[2020-12-13T06:09:26Z INFO  flashroute_rs::tracerouter] round  31: total  5026729, complete   205699, remain  4821030;  sent 355781031, recv 13464427
[2020-12-13T06:10:09Z WARN  flashroute_rs::network] error occurred while parsing: parse error at stage 4
[2020-12-13T06:10:13Z INFO  flashroute_rs::tracerouter] round  32: total  4821030, complete   126328, remain  4694702;  sent 360475681, recv 13500683
[2020-12-13T06:10:13Z INFO  flashroute_rs::tracerouter] round  33: total  4694702, complete  4694701, remain        1;  sent 360505600, recv 13500936
[2020-12-13T06:10:13Z INFO  flashroute_rs::tracerouter] round  34: total        1, complete        1, remain        0;  sent 360505600, recv 13500936
[2020-12-13T06:10:13Z INFO  flashroute_rs::tracerouter] [Main] Waiting for 5 secs...
[2020-12-13T06:10:18Z INFO  flashroute_rs::tracerouter] Generating statistics and topology...
[2020-12-13T06:10:18Z INFO  flashroute_rs::network] [Main] sending task stopped
[2020-12-13T06:10:18Z INFO  flashroute_rs::network] [Main] receiving task stopped
[2020-12-13T06:10:31Z INFO  flashroute_rs::tracerouter] [Summary] Pre: sent 15510524, recv 617767;  Main: sent 360575274, recv 13501499
[2020-12-13T06:10:31Z INFO  flashroute_rs::tracerouter] [Summary] Elapsed: 3776 secs
[2020-12-13T06:10:31Z INFO  flashroute_rs::tracerouter] [Summary] Interfaces: forward 186873, backward 772048, total 818299
[2020-12-13T06:10:31Z INFO  flashroute_rs::utils] [Summary] Total probed hosts: 1293215
